#TimeIteration Time SubCycles NewtonSteps Drag CrossFlowLift Lift
0 0.000000e+00 0 0   4.180355e+00  1.062626e-01  3.814056e+01
1 2.500000e-04 1 1   4.239575e+00  1.045669e-01  3.905196e+01
2 7.500000e-04 1 2   4.029685e+00  1.080647e-01  3.547504e+01
3 1.250000e-03 1 1   4.103119e+00  1.046311e-01  3.502000e+01
4 1.750000e-03 1 1   4.101133e+00  1.043289e-01  3.487534e+01
5 2.250000e-03 1 1   4.128955e+00  1.042871e-01  3.516650e+01
6 2.750000e-03 1 1   4.154364e+00  1.043436e-01  3.533125e+01
7 3.250000e-03 1 1   4.169538e+00  1.045547e-01  3.527815e+01
8 3.750000e-03 1 1   4.177899e+00  1.048719e-01  3.508221e+01
9 4.250000e-03 1 1   4.182999e+00  1.052271e-01  3.482711e+01
10 4.750000e-03 1 1   4.186837e+00  1.055040e-01  3.455630e+01
11 5.250000e-03 1 1   4.190648e+00  1.056011e-01  3.428839e+01
12 5.750000e-03 1 1   4.195360e+00  1.054468e-01  3.403745e+01
13 6.250000e-03 1 1   4.201675e+00  1.050006e-01  3.381866e+01
14 6.750000e-03 1 1   4.209885e+00  1.042644e-01  3.364107e+01
15 7.250000e-03 1 1   4.219783e+00  1.033092e-01  3.350263e+01
16 7.750000e-03 1 1   4.230814e+00  1.022649e-01  3.339310e+01
17 8.250000e-03 1 1   4.242211e+00  1.012789e-01  3.329702e+01
18 8.750000e-03 1 1   4.253220e+00  1.004858e-01  3.319861e+01
19 9.250000e-03 1 1   4.263235e+00  1.000037e-01  3.308496e+01
20 9.750000e-03 1 1   4.271893e+00  9.988837e-02  3.294817e+01
21 1.025000e-02 1 1   4.279154e+00  1.001321e-01  3.278686e+01
22 1.075000e-02 1 1   4.285266e+00  1.006621e-01  3.260545e+01
23 1.125000e-02 1 1   4.290666e+00  1.013391e-01  3.241220e+01
24 1.175000e-02 1 1   4.295907e+00  1.020162e-01  3.221795e+01
25 1.225000e-02 1 1   4.301449e+00  1.025255e-01  3.203204e+01
26 1.275000e-02 1 1   4.307597e+00  1.027343e-01  3.186101e+01
27 1.325000e-02 1 1   4.314444e+00  1.025704e-01  3.170747e+01
28 1.375000e-02 1 1   4.321880e+00  1.020318e-01  3.157001e+01
29 1.425000e-02 1 1   4.329647e+00  1.011843e-01  3.144414e+01
30 1.475000e-02 1 1   4.337422e+00  1.001481e-01  3.132382e+01
31 1.525000e-02 1 1   4.344899e+00  9.907230e-02  3.120304e+01
32 1.575000e-02 1 1   4.351841e+00  9.810390e-02  3.107690e+01
33 1.625000e-02 1 1   4.358123e+00  9.736362e-02  3.094267e+01
34 1.675000e-02 1 1   4.363712e+00  9.692927e-02  3.079934e+01
35 1.725000e-02 1 1   4.368643e+00  9.680754e-02  3.064724e+01
36 1.775000e-02 1 1   4.373004e+00  9.695221e-02  3.048785e+01
37 1.825000e-02 1 1   4.376909e+00  9.727205e-02  3.032310e+01
38 1.875000e-02 1 1   4.380468e+00  9.764950e-02  3.015485e+01
39 1.925000e-02 1 1   4.383775e+00  9.796527e-02  2.998466e+01
40 1.975000e-02 1 1   4.386891e+00  9.812358e-02  2.981350e+01
41 2.025000e-02 1 1   4.389873e+00  9.807509e-02  2.964241e+01
42 2.075000e-02 1 1   4.392734e+00  9.781607e-02  2.947153e+01
43 2.125000e-02 1 1   4.395449e+00  9.738020e-02  2.930025e+01
44 2.175000e-02 1 1   4.397958e+00  9.683294e-02  2.912732e+01
45 2.225000e-02 1 1   4.400167e+00  9.625532e-02  2.895085e+01
46 2.275000e-02 1 1   4.401963e+00  9.572509e-02  2.876855e+01
47 2.325000e-02 1 1   4.403230e+00  9.529937e-02  2.857807e+01
48 2.375000e-02 1 1   4.403878e+00  9.500498e-02  2.837751e+01
49 2.425000e-02 1 1   4.403867e+00  9.483608e-02  2.816590e+01
50 2.475000e-02 1 1   4.403232e+00  9.475981e-02  2.794381e+01
51 2.525000e-02 1 1   4.402034e+00  9.472751e-02  2.771200e+01
52 2.575000e-02 1 1   4.400453e+00  9.468360e-02  2.747386e+01
53 2.625000e-02 1 1   4.398662e+00  9.458301e-02  2.723265e+01
54 2.675000e-02 1 1   4.396825e+00  9.440010e-02  2.699144e+01
55 2.725000e-02 1 1   4.395057e+00  9.413279e-02  2.675247e+01
56 2.775000e-02 1 1   4.393400e+00  9.379895e-02  2.651663e+01
57 2.825000e-02 1 1   4.391811e+00  9.343353e-02  2.628324e+01
58 2.875000e-02 1 1   4.390172e+00  9.307909e-02  2.605019e+01
59 2.925000e-02 1 1   4.388316e+00  9.277472e-02  2.581447e+01
60 2.975000e-02 1 1   4.386062e+00  9.254784e-02  2.557275e+01
61 3.025000e-02 1 1   4.383247e+00  9.240835e-02  2.532201e+01
62 3.075000e-02 1 1   4.379761e+00  9.234771e-02  2.506012e+01
63 3.125000e-02 1 1   4.375554e+00  9.234120e-02  2.478604e+01
64 3.175000e-02 1 1   4.370644e+00  9.235444e-02  2.449979e+01
65 3.225000e-02 1 1   4.365065e+00  9.235611e-02  2.420138e+01
66 3.275000e-02 1 1   4.358974e+00  9.230030e-02  2.389340e+01
67 3.325000e-02 1 1   4.352462e+00  9.216067e-02  2.357673e+01
68 3.375000e-02 1 1   4.345612e+00  9.192815e-02  2.325196e+01
69 3.425000e-02 1 1   4.338494e+00  9.160863e-02  2.291954e+01
70 3.475000e-02 1 1   4.331163e+00  9.121925e-02  2.257976e+01
71 3.525000e-02 1 1   4.323652e+00  9.078693e-02  2.223272e+01
72 3.575000e-02 1 1   4.315982e+00  9.034566e-02  2.187851e+01
73 3.625000e-02 1 1   4.308167e+00  8.993188e-02  2.151733e+01
74 3.675000e-02 1 1   4.300219e+00  8.957850e-02  2.114948e+01
75 3.725000e-02 1 1   4.292142e+00  8.931218e-02  2.077523e+01
76 3.775000e-02 1 1   4.283939e+00  8.914435e-02  2.039468e+01
77 3.825000e-02 1 1   4.275601e+00  8.907906e-02  2.000773e+01
78 3.875000e-02 1 1   4.267112e+00  8.910527e-02  1.961378e+01
79 3.925000e-02 1 1   4.258450e+00  8.919622e-02  1.921201e+01
80 3.975000e-02 1 1   4.249607e+00  8.931441e-02  1.880166e+01
81 4.025000e-02 1 1   4.240592e+00  8.941957e-02  1.838232e+01
82 4.075000e-02 1 1   4.231440e+00  8.946437e-02  1.795417e+01
83 4.125000e-02 1 1   4.222222e+00  8.941707e-02  1.751821e+01
84 4.175000e-02 1 1   4.213018e+00  8.925710e-02  1.707597e+01
85 4.225000e-02 1 1   4.203921e+00  8.897814e-02  1.662947e+01
86 4.275000e-02 1 1   4.195018e+00  8.859587e-02  1.618076e+01
87 4.325000e-02 1 1   4.186365e+00  8.814449e-02  1.573149e+01
88 4.375000e-02 1 1   4.177984e+00  8.767126e-02  1.528246e+01
89 4.425000e-02 1 1   4.169850e+00  8.722453e-02  1.483352e+01
90 4.475000e-02 1 1   4.161908e+00  8.685937e-02  1.438352e+01
91 4.525000e-02 1 1   4.154073e+00  8.661294e-02  1.393045e+01
92 4.575000e-02 1 1   4.146260e+00  8.650123e-02  1.347211e+01
93 4.625000e-02 1 1   4.138404e+00  8.651773e-02  1.300658e+01
94 4.675000e-02 1 1   4.130473e+00  8.663692e-02  1.253259e+01
95 4.725000e-02 1 1   4.122481e+00  8.681181e-02  1.204992e+01
96 4.775000e-02 1 1   4.114474e+00  8.699715e-02  1.155914e+01
97 4.825000e-02 1 1   4.106519e+00  8.714045e-02  1.106158e+01
98 4.875000e-02 1 1   4.098698e+00  8.720099e-02  1.055894e+01
99 4.925000e-02 1 1   4.091083e+00  8.715563e-02  1.005284e+01
100 4.975000e-02 1 1   4.083720e+00  8.700047e-02  9.544424e+00
101 5.025000e-02 1 1   4.076628e+00  8.675499e-02  9.034208e+00
102 5.075000e-02 1 1   4.069796e+00  8.645938e-02  8.521881e+00
103 5.125000e-02 1 1   4.063196e+00  8.615551e-02  8.006629e+00
104 5.175000e-02 1 1   4.056794e+00  8.588598e-02  7.487521e+00
105 5.225000e-02 1 1   4.050567e+00  8.567818e-02  6.963855e+00
106 5.275000e-02 1 1   4.044515e+00  8.555372e-02  6.435506e+00
107 5.325000e-02 1 1   4.038666e+00  8.552085e-02  5.902972e+00
108 5.375000e-02 1 1   4.033055e+00  8.556610e-02  5.367333e+00
109 5.425000e-02 1 1   4.027734e+00  8.566463e-02  4.830262e+00
110 5.475000e-02 1 1   4.022763e+00  8.578425e-02  4.293634e+00
111 5.525000e-02 1 1   4.018182e+00  8.589370e-02  3.759057e+00
112 5.575000e-02 1 1   4.014012e+00  8.596485e-02  3.227878e+00
113 5.625000e-02 1 1   4.010268e+00  8.599274e-02  2.700963e+00
114 5.675000e-02 1 1   4.006918e+00  8.597431e-02  2.178127e+00
115 5.725000e-02 1 1   4.003927e+00  8.591296e-02  1.658972e+00
116 5.775000e-02 1 1   4.001259e+00  8.582229e-02  1.142893e+00
117 5.825000e-02 1 1   3.998872e+00  8.571574e-02  6.292030e-01
118 5.875000e-02 1 1   3.996750e+00  8.561806e-02  1.175890e-01
119 5.925000e-02 1 1   3.994877e+00  8.554343e-02 -3.923155e-01
120 5.975000e-02 1 1   3.993254e+00  8.549414e-02 -9.005102e-01
121 6.025000e-02 1 1   3.991881e+00  8.547313e-02 -1.406690e+00
122 6.075000e-02 1 1   3.990772e+00  8.547592e-02 -1.910516e+00
123 6.125000e-02 1 1   3.989928e+00  8.549033e-02 -2.411701e+00
124 6.175000e-02 1 1   3.989350e+00  8.551204e-02 -2.910175e+00
125 6.225000e-02 1 1   3.989033e+00  8.553185e-02 -3.406156e+00
126 6.275000e-02 1 1   3.988958e+00  8.554663e-02 -3.899915e+00
127 6.325000e-02 1 1   3.989118e+00  8.554932e-02 -4.391693e+00
128 6.375000e-02 1 1   3.989503e+00  8.554071e-02 -4.881720e+00
129 6.425000e-02 1 1   3.990108e+00  8.552420e-02 -5.370130e+00
130 6.475000e-02 1 1   3.990935e+00  8.550286e-02 -5.856782e+00
131 6.525000e-02 1 1   3.991993e+00  8.548142e-02 -6.341254e+00
132 6.575000e-02 1 1   3.993300e+00  8.546470e-02 -6.822961e+00
133 6.625000e-02 1 1   3.994874e+00  8.545582e-02 -7.301353e+00
134 6.675000e-02 1 1   3.996726e+00  8.545463e-02 -7.775936e+00
135 6.725000e-02 1 1   3.998868e+00  8.546226e-02 -8.246272e+00
136 6.775000e-02 1 1   4.001311e+00  8.547878e-02 -8.712117e+00
137 6.825000e-02 1 1   4.004054e+00  8.550132e-02 -9.173381e+00
138 6.875000e-02 1 1   4.007100e+00  8.552721e-02 -9.630341e+00
139 6.925000e-02 1 1   4.010420e+00  8.555238e-02 -1.008167e+01
140 6.975000e-02 1 1   4.014031e+00  8.557777e-02 -1.052799e+01
141 7.025000e-02 1 1   4.017936e+00  8.559554e-02 -1.096894e+01
142 7.075000e-02 1 1   4.022109e+00  8.560119e-02 -1.140373e+01
143 7.125000e-02 1 1   4.026550e+00  8.559081e-02 -1.183140e+01
144 7.175000e-02 1 1   4.031259e+00  8.556239e-02 -1.225122e+01
145 7.225000e-02 1 1   4.036219e+00  8.551661e-02 -1.266270e+01
146 7.275000e-02 1 1   4.041422e+00  8.545758e-02 -1.306551e+01
147 7.325000e-02 1 1   4.046854e+00  8.538917e-02 -1.345962e+01
148 7.375000e-02 1 1   4.052503e+00  8.531530e-02 -1.384541e+01
149 7.425000e-02 1 1   4.058340e+00  8.524008e-02 -1.422359e+01
150 7.475000e-02 1 1   4.064360e+00  8.516831e-02 -1.459488e+01
151 7.525000e-02 1 1   4.070556e+00  8.509968e-02 -1.496020e+01
152 7.575000e-02 1 1   4.076908e+00  8.503511e-02 -1.532049e+01
153 7.625000e-02 1 1   4.083416e+00  8.497341e-02 -1.567643e+01
154 7.675000e-02 1 1   4.090085e+00  8.490793e-02 -1.602847e+01
155 7.725000e-02 1 1   4.096916e+00  8.483325e-02 -1.637699e+01
156 7.775000e-02 1 1   4.103911e+00  8.474803e-02 -1.672216e+01
157 7.825000e-02 1 1   4.111081e+00  8.464871e-02 -1.706404e+01
158 7.875000e-02 1 1   4.118432e+00  8.453291e-02 -1.740272e+01
159 7.925000e-02 1 1   4.125973e+00  8.440302e-02 -1.773831e+01
160 7.975000e-02 1 1   4.133711e+00  8.426115e-02 -1.807096e+01
161 8.025000e-02 1 1   4.141655e+00  8.411175e-02 -1.840088e+01
162 8.075000e-02 1 1   4.149818e+00  8.395835e-02 -1.872836e+01
163 8.125000e-02 1 1   4.158207e+00  8.380537e-02 -1.905348e+01
164 8.175000e-02 1 1   4.166835e+00  8.365617e-02 -1.937638e+01
165 8.225000e-02 1 1   4.175701e+00  8.351395e-02 -1.969692e+01
166 8.275000e-02 1 1   4.184839e+00  8.337667e-02 -2.001519e+01
167 8.325000e-02 1 1   4.194247e+00  8.323255e-02 -2.033082e+01
168 8.375000e-02 1 1   4.203923e+00  8.308548e-02 -2.064341e+01
169 8.425000e-02 1 1   4.213869e+00  8.293447e-02 -2.095238e+01
170 8.475000e-02 1 1   4.224085e+00  8.277816e-02 -2.125743e+01
171 8.525000e-02 1 1   4.234572e+00  8.261511e-02 -2.155844e+01
172 8.575000e-02 1 1   4.245323e+00  8.244487e-02 -2.185516e+01
173 8.625000e-02 1 1   4.256330e+00  8.227091e-02 -2.214779e+01
174 8.675000e-02 1 1   4.267587e+00  8.209060e-02 -2.243644e+01
175 8.725000e-02 1 1   4.279081e+00  8.190277e-02 -2.272069e+01
176 8.775000e-02 1 1   4.290813e+00  8.172284e-02 -2.300183e+01
177 8.825000e-02 1 1   4.302780e+00  8.153379e-02 -2.328009e+01
178 8.875000e-02 1 1   4.314978e+00  8.133343e-02 -2.355525e+01
179 8.925000e-02 1 1   4.327402e+00  8.113025e-02 -2.382744e+01
180 8.975000e-02 1 1   4.340051e+00  8.092249e-02 -2.409694e+01
181 9.025000e-02 1 1   4.352929e+00  8.070723e-02 -2.436408e+01
182 9.075000e-02 1 1   4.366045e+00  8.048629e-02 -2.462941e+01
183 9.125000e-02 1 1   4.379409e+00  8.025989e-02 -2.489345e+01
184 9.175000e-02 1 1   4.393035e+00  8.002771e-02 -2.515670e+01
185 9.225000e-02 1 1   4.406937e+00  7.978965e-02 -2.541968e+01
186 9.275000e-02 1 1   4.421132e+00  7.954872e-02 -2.568296e+01
187 9.325000e-02 1 1   4.435642e+00  7.930535e-02 -2.594706e+01
188 9.375000e-02 1 1   4.450484e+00  7.905846e-02 -2.621241e+01
189 9.425000e-02 1 1   4.465678e+00  7.881068e-02 -2.647931e+01
190 9.475000e-02 1 1   4.481237e+00  7.856032e-02 -2.674792e+01
191 9.525000e-02 1 1   4.497174e+00  7.830624e-02 -2.701824e+01
192 9.575000e-02 1 1   4.513497e+00  7.804894e-02 -2.729013e+01
193 9.625000e-02 1 1   4.530212e+00  7.778964e-02 -2.756337e+01
194 9.675000e-02 1 1   4.547317e+00  7.752614e-02 -2.783770e+01
195 9.725000e-02 1 1   4.564811e+00  7.725805e-02 -2.811281e+01
196 9.775000e-02 1 1   4.582686e+00  7.698627e-02 -2.838841e+01
197 9.825000e-02 1 1   4.600935e+00  7.671059e-02 -2.866423e+01
198 9.875000e-02 1 1   4.619547e+00  7.643039e-02 -2.894002e+01
199 9.925000e-02 1 1   4.638508e+00  7.614708e-02 -2.921555e+01
200 9.975000e-02 1 1   4.657805e+00  7.586121e-02 -2.949057e+01
201 1.002500e-01 1 1   4.677422e+00  7.557234e-02 -2.976487e+01
202 1.007500e-01 1 1   4.697345e+00  7.528086e-02 -3.003820e+01
203 1.012500e-01 1 1   4.717558e+00  7.498754e-02 -3.031034e+01
204 1.017500e-01 1 1   4.738048e+00  7.469238e-02 -3.058114e+01
205 1.022500e-01 1 1   4.758807e+00  7.439530e-02 -3.085052e+01
206 1.027500e-01 1 1   4.779827e+00  7.409617e-02 -3.111849e+01
207 1.032500e-01 1 1   4.801109e+00  7.379473e-02 -3.138519e+01
208 1.037500e-01 1 1   4.822660e+00  7.349061e-02 -3.165083e+01
209 1.042500e-01 1 1   4.844491e+00  7.318421e-02 -3.191577e+01
210 1.047500e-01 1 1   4.866622e+00  7.287571e-02 -3.218042e+01
211 1.052500e-01 1 1   4.889077e+00  7.256533e-02 -3.244523e+01
212 1.057500e-01 1 1   4.911882e+00  7.225333e-02 -3.271066e+01
213 1.062500e-01 1 1   4.935068e+00  7.194103e-02 -3.297713e+01
214 1.067500e-01 1 1   4.958691e+00  7.163311e-02 -3.324574e+01
215 1.072500e-01 1 1   4.982741e+00  7.132045e-02 -3.351547e+01
216 1.077500e-01 1 1   5.007247e+00  7.100926e-02 -3.378667e+01
217 1.082500e-01 1 1   5.032259e+00  7.070153e-02 -3.406005e+01
218 1.087500e-01 1 1   5.057812e+00  7.039835e-02 -3.433599e+01
219 1.092500e-01 1 1   5.083927e+00  7.009902e-02 -3.461453e+01
220 1.097500e-01 1 1   5.110621e+00  6.980133e-02 -3.489560e+01
221 1.102500e-01 1 1   5.137903e+00  6.950249e-02 -3.517901e+01
222 1.107500e-01 1 1   5.165781e+00  6.920126e-02 -3.546460e+01
223 1.112500e-01 1 1   5.194267e+00  6.889839e-02 -3.575234e+01
224 1.117500e-01 1 1   5.223356e+00  6.859449e-02 -3.604194e+01
225 1.122500e-01 1 1   5.253031e+00  6.828880e-02 -3.633292e+01
226 1.127500e-01 1 1   5.283273e+00  6.798059e-02 -3.662474e+01
227 1.132500e-01 1 1   5.314059e+00  6.767203e-02 -3.691692e+01
228 1.137500e-01 1 1   5.345366e+00  6.736486e-02 -3.720905e+01
229 1.142500e-01 1 1   5.377163e+00  6.706070e-02 -3.750060e+01
230 1.147500e-01 1 1   5.409419e+00  6.675990e-02 -3.779107e+01
231 1.152500e-01 1 1   5.442084e+00  6.646044e-02 -3.807967e+01
232 1.157500e-01 1 1   5.475147e+00  6.616419e-02 -3.836640e+01
233 1.162500e-01 1 1   5.508590e+00  6.587184e-02 -3.865114e+01
234 1.167500e-01 1 1   5.542371e+00  6.557937e-02 -3.893332e+01
235 1.172500e-01 1 1   5.576478e+00  6.528507e-02 -3.921290e+01
236 1.177500e-01 1 1   5.610907e+00  6.498922e-02 -3.948999e+01
237 1.182500e-01 1 1   5.645651e+00  6.469108e-02 -3.976459e+01
238 1.187500e-01 1 1   5.680681e+00  6.438681e-02 -4.003627e+01
239 1.192500e-01 1 1   5.716011e+00  6.407881e-02 -4.030535e+01
240 1.197500e-01 1 1   5.751654e+00  6.376901e-02 -4.057209e+01
241 1.202500e-01 1 1   5.787609e+00  6.345851e-02 -4.083649e+01
242 1.207500e-01 1 1   5.823877e+00  6.314571e-02 -4.109855e+01
243 1.212500e-01 1 1   5.860486e+00  6.283250e-02 -4.135875e+01
244 1.217500e-01 1 1   5.897460e+00  6.252165e-02 -4.161741e+01
245 1.222500e-01 1 1   5.934798e+00  6.221127e-02 -4.187451e+01
246 1.227500e-01 1 1   5.972522e+00  6.190275e-02 -4.213037e+01
247 1.232500e-01 1 1   6.010649e+00  6.159535e-02 -4.238525e+01
248 1.237500e-01 1 1   6.049175e+00  6.128948e-02 -4.263913e+01
249 1.242500e-01 1 1   6.088091e+00  6.098081e-02 -4.289189e+01
250 1.247500e-01 1 1   6.127390e+00  6.066940e-02 -4.314349e+01
251 1.252500e-01 1 1   6.167045e+00  6.035511e-02 -4.339368e+01
252 1.257500e-01 1 1   6.207018e+00  6.003643e-02 -4.364203e+01
253 1.262500e-01 1 1   6.247265e+00  5.971228e-02 -4.388812e+01
254 1.267500e-01 1 1   6.287738e+00  5.938356e-02 -4.413148e+01
255 1.272500e-01 1 1   6.328376e+00  5.904829e-02 -4.437158e+01
256 1.277500e-01 1 1   6.369117e+00  5.870738e-02 -4.460788e+01
257 1.282500e-01 1 1   6.409893e+00  5.836022e-02 -4.483980e+01
258 1.287500e-01 1 1   6.450637e+00  5.800508e-02 -4.506681e+01
259 1.292500e-01 1 1   6.491273e+00  5.764484e-02 -4.528834e+01
260 1.297500e-01 1 1   6.531733e+00  5.727920e-02 -4.550387e+01
261 1.302500e-01 1 1   6.571945e+00  5.690738e-02 -4.571290e+01
262 1.307500e-01 1 1   6.611840e+00  5.653106e-02 -4.591495e+01
263 1.312500e-01 1 1   6.651356e+00  5.614929e-02 -4.610964e+01
264 1.317500e-01 1 1   6.690433e+00  5.576178e-02 -4.629662e+01
265 1.322500e-01 1 1   6.729019e+00  5.536689e-02 -4.647566e+01
266 1.327500e-01 1 1   6.767071e+00  5.496446e-02 -4.664659e+01
267 1.332500e-01 1 1   6.804554e+00  5.455377e-02 -4.680933e+01
268 1.337500e-01 1 1   6.841440e+00  5.413331e-02 -4.696392e+01
269 1.342500e-01 1 1   6.877709e+00  5.370489e-02 -4.711043e+01
270 1.347500e-01 1 1   6.913348e+00  5.326488e-02 -4.724900e+01
271 1.352500e-01 1 1   6.948344e+00  5.281702e-02 -4.737983e+01
272 1.357500e-01 1 1   6.982692e+00  5.236112e-02 -4.750310e+01
273 1.362500e-01 1 1   7.016386e+00  5.189746e-02 -4.761903e+01
274 1.367500e-01 1 1   7.049421e+00  5.142607e-02 -4.772781e+01
275 1.372500e-01 1 1   7.081792e+00  5.094835e-02 -4.782960e+01
276 1.377500e-01 1 1   7.113467e+00  5.046302e-02 -4.792435e+01
277 1.382500e-01 1 1   7.144454e+00  4.997232e-02 -4.801238e+01
278 1.387500e-01 1 1   7.174736e+00  4.947519e-02 -4.809373e+01
279 1.392500e-01 1 1   7.204280e+00  4.897225e-02 -4.816831e+01
280 1.397500e-01 1 1   7.233052e+00  4.846008e-02 -4.823599e+01
281 1.402500e-01 1 1   7.261014e+00  4.793822e-02 -4.829662e+01
282 1.407500e-01 1 1   7.288121e+00  4.740651e-02 -4.834998e+01
283 1.412500e-01 1 1   7.314305e+00  4.686475e-02 -4.839561e+01
284 1.417500e-01 1 1   7.339513e+00  4.631171e-02 -4.843319e+01
285 1.422500e-01 1 1   7.363665e+00  4.574955e-02 -4.846218e+01
286 1.427500e-01 1 1   7.386707e+00  4.518055e-02 -4.848227e+01
287 1.432500e-01 1 1   7.408557e+00  4.460323e-02 -4.849285e+01
288 1.437500e-01 1 1   7.429141e+00  4.401898e-02 -4.849338e+01
289 1.442500e-01 1 1   7.448385e+00  4.342731e-02 -4.848336e+01
290 1.447500e-01 1 1   7.466194e+00  4.283023e-02 -4.846205e+01
291 1.452500e-01 1 1   7.482552e+00  4.222872e-02 -4.842952e+01
292 1.457500e-01 1 1   7.497398e+00  4.162068e-02 -4.838537e+01
293 1.462500e-01 1 1   7.510672e+00  4.100658e-02 -4.832916e+01
294 1.467500e-01 1 1   7.522330e+00  4.038383e-02 -4.826065e+01
295 1.472500e-01 1 1   7.532349e+00  3.975178e-02 -4.817976e+01
296 1.477500e-01 1 1   7.540715e+00  3.911199e-02 -4.808649e+01
297 1.482500e-01 1 1   7.547420e+00  3.846564e-02 -4.798089e+01
298 1.487500e-01 1 1   7.552467e+00  3.781242e-02 -4.786309e+01
299 1.492500e-01 1 1   7.555868e+00  3.715197e-02 -4.773328e+01
300 1.497500e-01 1 1   7.557643e+00  3.648505e-02 -4.759171e+01
301 1.502500e-01 1 1   7.557821e+00  3.581260e-02 -4.743869e+01
302 1.507500e-01 1 1   7.556435e+00  3.513483e-02 -4.727455e+01
303 1.512500e-01 1 1   7.553522e+00  3.445232e-02 -4.709964e+01
304 1.517500e-01 1 1   7.549124e+00  3.376601e-02 -4.691433e+01
305 1.522500e-01 1 1   7.543280e+00  3.307617e-02 -4.671897e+01
306 1.527500e-01 1 1   7.536030e+00  3.238280e-02 -4.651389e+01
307 1.532500e-01 1 1   7.527408e+00  3.168626e-02 -4.629932e+01
308 1.537500e-01 1 1   7.517442e+00  3.098653e-02 -4.607546e+01
309 1.542500e-01 1 1   7.506155e+00  3.028328e-02 -4.584243e+01
310 1.547500e-01 1 1   7.493564e+00  2.957661e-02 -4.560027e+01
311 1.552500e-01 1 1   7.479677e+00  2.886638e-02 -4.534893e+01
312 1.557500e-01 1 1   7.464497e+00  2.815252e-02 -4.508829e+01
313 1.562500e-01 1 1   7.448020e+00  2.743516e-02 -4.481818e+01
314 1.567500e-01 1 1   7.430237e+00  2.671452e-02 -4.453838e+01
315 1.572500e-01 1 1   7.411136e+00  2.599084e-02 -4.424862e+01
316 1.577500e-01 1 1   7.390702e+00  2.526450e-02 -4.394860e+01
317 1.582500e-01 1 1   7.368921e+00  2.453627e-02 -4.363802e+01
318 1.587500e-01 1 1   7.345776e+00  2.380666e-02 -4.331658e+01
319 1.592500e-01 1 1   7.321256e+00  2.307665e-02 -4.298398e+01
320 1.597500e-01 1 1   7.295351e+00  2.234713e-02 -4.263996e+01
321 1.602500e-01 1 1   7.268055e+00  2.161947e-02 -4.228431e+01
322 1.607500e-01 1 1   7.239371e+00  2.089405e-02 -4.191686e+01
323 1.612500e-01 1 1   7.209298e+00  2.016935e-02 -4.153743e+01
324 1.617500e-01 1 1   7.177839e+00  1.945387e-02 -4.114581e+01
325 1.622500e-01 1 1   7.145076e+00  1.874472e-02 -4.074266e+01
326 1.627500e-01 1 1   7.111044e+00  1.804095e-02 -4.032812e+01
327 1.632500e-01 1 1   7.075781e+00  1.733902e-02 -3.990233e+01
328 1.637500e-01 1 1   7.039339e+00  1.663953e-02 -3.946560e+01
329 1.642500e-01 1 1   7.001781e+00  1.594619e-02 -3.901829e+01
330 1.647500e-01 1 1   6.963178e+00  1.526130e-02 -3.856088e+01
331 1.652500e-01 1 1   6.923606e+00  1.458478e-02 -3.809389e+01
332 1.657500e-01 1 1   6.883142e+00  1.391608e-02 -3.761784e+01
333 1.662500e-01 1 1   6.841877e+00  1.325532e-02 -3.713340e+01
334 1.667500e-01 1 1   6.799890e+00  1.260338e-02 -3.664116e+01
335 1.672500e-01 1 1   6.757238e+00  1.196075e-02 -3.614143e+01
336 1.677500e-01 1 1   6.713993e+00  1.132939e-02 -3.563473e+01
337 1.682500e-01 1 1   6.670232e+00  1.070966e-02 -3.512162e+01
338 1.687500e-01 1 1   6.626011e+00  1.010324e-02 -3.460246e+01
339 1.692500e-01 1 1   6.581377e+00  9.508945e-03 -3.407756e+01
340 1.697500e-01 1 1   6.536369e+00  8.927223e-03 -3.354717e+01
341 1.702500e-01 1 1   6.491022e+00  8.358324e-03 -3.301145e+01
342 1.707500e-01 1 1   6.445360e+00  7.802386e-03 -3.247053e+01
343 1.712500e-01 1 1   6.399398e+00  7.259634e-03 -3.192442e+01
344 1.717500e-01 1 1   6.353143e+00  6.731049e-03 -3.137309e+01
345 1.722500e-01 1 1   6.306598e+00  6.214734e-03 -3.081645e+01
346 1.727500e-01 1 1   6.259760e+00  5.713278e-03 -3.025438e+01
347 1.732500e-01 1 1   6.212623e+00  5.226890e-03 -2.968676e+01
348 1.737500e-01 1 1   6.165186e+00  4.757026e-03 -2.911344e+01
349 1.742500e-01 1 1   6.117436e+00  4.302448e-03 -2.853429e+01
350 1.747500e-01 1 1   6.069374e+00  3.863584e-03 -2.794918e+01
351 1.752500e-01 1 1   6.021013e+00  3.441424e-03 -2.735824e+01
352 1.757500e-01 1 1   5.972350e+00  3.034311e-03 -2.676135e+01
353 1.762500e-01 1 1   5.923385e+00  2.647044e-03 -2.615846e+01
354 1.767500e-01 1 1   5.874150e+00  2.277491e-03 -2.554985e+01
355 1.772500e-01 1 1   5.824672e+00  1.925732e-03 -2.493577e+01
356 1.777500e-01 1 1   5.774984e+00  1.591901e-03 -2.431652e+01
357 1.782500e-01 1 1   5.725124e+00  1.276556e-03 -2.369245e+01
358 1.787500e-01 1 1   5.675137e+00  9.800631e-04 -2.306401e+01
359 1.792500e-01 1 1   5.625088e+00  7.034906e-04 -2.243184e+01
360 1.797500e-01 1 1   5.575013e+00  4.429233e-04 -2.179631e+01
361 1.802500e-01 1 1   5.524965e+00  1.985329e-04 -2.115791e+01
362 1.807500e-01 1 1   5.475005e+00 -2.477470e-05 -2.051732e+01
363 1.812500e-01 1 1   5.425199e+00 -2.299842e-04 -1.987522e+01
364 1.817500e-01 1 1   5.375603e+00 -4.181595e-04 -1.923220e+01
365 1.822500e-01 1 1   5.326266e+00 -5.889933e-04 -1.858880e+01
366 1.827500e-01 1 1   5.277231e+00 -7.450959e-04 -1.794549e+01
367 1.832500e-01 1 1   5.228538e+00 -8.847838e-04 -1.730271e+01
368 1.837500e-01 1 1   5.180224e+00 -1.009514e-03 -1.666090e+01
369 1.842500e-01 1 1   5.132313e+00 -1.120994e-03 -1.602028e+01
370 1.847500e-01 1 1   5.084807e+00 -1.216913e-03 -1.538097e+01
371 1.852500e-01 1 1   5.037718e+00 -1.297743e-03 -1.474303e+01
372 1.857500e-01 1 1   4.991052e+00 -1.365350e-03 -1.410656e+01
373 1.862500e-01 1 1   4.944806e+00 -1.418600e-03 -1.347154e+01
374 1.867500e-01 1 1   4.898963e+00 -1.459010e-03 -1.283782e+01
375 1.872500e-01 1 1   4.853518e+00 -1.487020e-03 -1.220527e+01
376 1.877500e-01 1 1   4.808448e+00 -1.505957e-03 -1.157365e+01
377 1.882500e-01 1 1   4.763724e+00 -1.512730e-03 -1.094260e+01
378 1.887500e-01 1 1   4.719330e+00 -1.507708e-03 -1.031184e+01
379 1.892500e-01 1 1   4.675250e+00 -1.491728e-03 -9.681176e+00
380 1.897500e-01 1 1   4.631473e+00 -1.465175e-03 -9.050394e+00
381 1.902500e-01 1 1   4.587982e+00 -1.427045e-03 -8.419266e+00
382 1.907500e-01 1 1   4.544776e+00 -1.378499e-03 -7.787618e+00
383 1.912500e-01 1 1   4.501849e+00 -1.319729e-03 -7.155351e+00
384 1.917500e-01 1 1   4.459208e+00 -1.249962e-03 -6.522417e+00
385 1.922500e-01 1 1   4.416867e+00 -1.169486e-03 -5.888846e+00
386 1.927500e-01 1 1   4.374840e+00 -1.081575e-03 -5.254651e+00
387 1.932500e-01 1 1   4.333162e+00 -9.868111e-04 -4.620247e+00
388 1.937500e-01 1 1   4.291850e+00 -8.798774e-04 -3.985683e+00
389 1.942500e-01 1 1   4.250938e+00 -7.654847e-04 -3.351225e+00
390 1.947500e-01 1 1   4.210464e+00 -6.452890e-04 -2.717263e+00
391 1.952500e-01 1 1   4.170469e+00 -5.193094e-04 -2.084188e+00
392 1.957500e-01 1 1   4.130988e+00 -3.878957e-04 -1.452326e+00
393 1.962500e-01 1 1   4.092059e+00 -2.516615e-04 -8.220760e-01
394 1.967500e-01 1 1   4.053716e+00 -1.108291e-04 -1.937981e-01
395 1.972500e-01 1 1   4.015989e+00  3.424868e-05  4.322301e-01
396 1.977500e-01 1 1   3.978907e+00  1.807633e-04  1.055738e+00
397 1.982500e-01 1 1   3.942491e+00  3.295617e-04  1.676534e+00
398 1.987500e-01 1 1   3.906760e+00  4.794597e-04  2.294401e+00
399 1.992500e-01 1 1   3.871726e+00  6.313916e-04  2.909334e+00
400 1.997500e-01 1 1   3.837390e+00  7.832778e-04  3.521388e+00
401 2.002500e-01 1 1   3.803755e+00  9.329621e-04  4.130666e+00
402 2.007500e-01 1 1   3.770820e+00  1.083171e-03  4.737304e+00
403 2.012500e-01 1 1   3.738577e+00  1.233692e-03  5.341594e+00
404 2.017500e-01 1 1   3.707013e+00  1.382288e-03  5.943880e+00
405 2.022500e-01 1 1   3.676119e+00  1.530021e-03  6.544514e+00
406 2.027500e-01 1 1   3.645886e+00  1.679178e-03  7.143866e+00
407 2.032500e-01 1 1   3.616301e+00  1.827466e-03  7.742423e+00
408 2.037500e-01 1 1   3.587348e+00  1.974733e-03  8.340639e+00
409 2.042500e-01 1 1   3.559029e+00  2.121403e-03  8.938879e+00
410 2.047500e-01 1 1   3.531331e+00  2.267018e-03  9.537594e+00
411 2.052500e-01 1 1   3.504256e+00  2.411052e-03  1.013703e+01
412 2.057500e-01 1 1   3.477803e+00  2.556317e-03  1.073750e+01
413 2.062500e-01 1 1   3.451975e+00  2.703594e-03  1.133930e+01
414 2.067500e-01 1 1   3.426779e+00  2.849708e-03  1.194261e+01
415 2.072500e-01 1 1   3.402233e+00  2.992916e-03  1.254736e+01
416 2.077500e-01 1 1   3.378346e+00  3.137320e-03  1.315360e+01
417 2.082500e-01 1 1   3.355135e+00  3.283252e-03  1.376131e+01
418 2.087500e-01 1 1   3.332620e+00  3.428217e-03  1.437032e+01
419 2.092500e-01 1 1   3.310821e+00  3.570204e-03  1.498034e+01
420 2.097500e-01 1 1   3.289754e+00  3.712212e-03  1.559118e+01
421 2.102500e-01 1 1   3.269439e+00  3.852936e-03  1.620259e+01
422 2.107500e-01 1 1   3.249894e+00  3.991878e-03  1.681423e+01
423 2.112500e-01 1 1   3.231138e+00  4.127809e-03  1.742576e+01
424 2.117500e-01 1 1   3.213184e+00  4.260758e-03  1.803686e+01
425 2.122500e-01 1 1   3.196042e+00  4.391081e-03  1.864729e+01
426 2.127500e-01 1 1   3.179723e+00  4.518129e-03  1.925682e+01
427 2.132500e-01 1 1   3.164235e+00  4.641904e-03  1.986529e+01
428 2.137500e-01 1 1   3.149582e+00  4.761410e-03  2.047258e+01
429 2.142500e-01 1 1   3.135765e+00  4.877565e-03  2.107864e+01
430 2.147500e-01 1 1   3.122787e+00  4.989576e-03  2.168351e+01
431 2.152500e-01 1 1   3.110645e+00  5.097163e-03  2.228734e+01
432 2.157500e-01 1 1   3.099340e+00  5.199613e-03  2.289030e+01
433 2.162500e-01 1 1   3.088871e+00  5.296644e-03  2.349264e+01
434 2.167500e-01 1 1   3.079236e+00  5.392243e-03  2.409466e+01
435 2.172500e-01 1 1   3.070438e+00  5.484328e-03  2.469668e+01
436 2.177500e-01 1 1   3.062479e+00  5.574402e-03  2.529910e+01
437 2.182500e-01 1 1   3.055366e+00  5.661598e-03  2.590230e+01
438 2.187500e-01 1 1   3.049103e+00  5.747576e-03  2.650666e+01
439 2.192500e-01 1 1   3.043699e+00  5.831514e-03  2.711253e+01
440 2.197500e-01 1 1   3.039163e+00  5.915117e-03  2.772024e+01
441 2.202500e-01 1 1   3.035510e+00  5.997422e-03  2.833003e+01
442 2.207500e-01 1 1   3.032752e+00  6.078547e-03  2.894214e+01
443 2.212500e-01 1 1   3.030905e+00  6.160957e-03  2.955667e+01
444 2.217500e-01 1 1   3.029980e+00  6.243555e-03  3.017370e+01
445 2.222500e-01 1 1   3.029995e+00  6.324766e-03  3.079320e+01
446 2.227500e-01 1 1   3.030962e+00  6.406838e-03  3.141502e+01
447 2.232500e-01 1 1   3.032895e+00  6.488618e-03  3.203897e+01
448 2.237500e-01 1 1   3.035798e+00  6.568988e-03  3.266528e+01
449 2.242500e-01 1 1   3.039696e+00  6.659194e-03  3.329282e+01
450 2.247500e-01 1 1   3.044602e+00  6.742301e-03  3.392103e+01
451 2.252500e-01 1 1   3.050503e+00  6.821512e-03  3.454982e+01
452 2.257500e-01 1 1   3.057404e+00  6.898021e-03  3.517903e+01
453 2.262500e-01 1 1   3.065317e+00  6.973315e-03  3.580823e+01
454 2.267500e-01 1 1   3.074242e+00  7.045501e-03  3.643677e+01
455 2.272500e-01 1 1   3.084175e+00  7.113799e-03  3.706393e+01
456 2.277500e-01 1 1   3.095113e+00  7.179705e-03  3.768973e+01
457 2.282500e-01 1 1   3.107058e+00  7.240295e-03  3.831375e+01
458 2.287500e-01 1 1   3.120012e+00  7.295707e-03  3.893545e+01
459 2.292500e-01 1 1   3.133976e+00  7.347301e-03  3.955492e+01
460 2.297500e-01 1 1   3.148950e+00  7.392692e-03  4.017173e+01
461 2.302500e-01 1 1   3.164941e+00  7.430719e-03  4.078588e+01
462 2.307500e-01 1 1   3.181952e+00  7.462215e-03  4.139749e+01
463 2.312500e-01 1 1   3.199998e+00  7.492034e-03  4.200662e+01
464 2.317500e-01 1 1   3.219087e+00  7.516688e-03  4.261317e+01
465 2.322500e-01 1 1   3.239235e+00  7.535310e-03  4.321726e+01
466 2.327500e-01 1 1   3.260456e+00  7.549911e-03  4.381918e+01
467 2.332500e-01 1 1   3.282767e+00  7.557952e-03  4.441904e+01
468 2.337500e-01 1 1   3.306185e+00  7.561850e-03  4.501699e+01
469 2.342500e-01 1 1   3.330729e+00  7.559932e-03  4.561315e+01
470 2.347500e-01 1 1   3.356411e+00  7.554278e-03  4.620765e+01
471 2.352500e-01 1 1   3.383247e+00  7.543114e-03  4.680043e+01
472 2.357500e-01 1 1   3.411237e+00  7.525571e-03  4.739154e+01
473 2.362500e-01 1 1   3.440394e+00  7.499108e-03  4.798093e+01
474 2.367500e-01 1 1   3.470718e+00  7.470107e-03  4.856839e+01
475 2.372500e-01 1 1   3.502195e+00  7.433408e-03  4.915362e+01
476 2.377500e-01 1 1   3.534812e+00  7.387987e-03  4.973627e+01
477 2.382500e-01 1 1   3.568550e+00  7.333738e-03  5.031605e+01
478 2.387500e-01 1 1   3.603394e+00  7.271235e-03  5.089246e+01
479 2.392500e-01 1 1   3.639307e+00  7.202453e-03  5.146495e+01
480 2.397500e-01 1 1   3.676252e+00  7.120721e-03  5.203294e+01
481 2.402500e-01 1 1   3.714191e+00  7.026275e-03  5.259585e+01
482 2.407500e-01 1 1   3.753081e+00  6.922326e-03  5.315305e+01
483 2.412500e-01 1 1   3.792877e+00  6.804794e-03  5.370397e+01
484 2.417500e-01 1 1   3.833545e+00  6.669016e-03  5.424853e+01
485 2.422500e-01 1 1   3.875019e+00  6.528523e-03  5.478504e+01
486 2.427500e-01 1 1   3.917248e+00  6.375098e-03  5.531310e+01
487 2.432500e-01 1 1   3.960192e+00  6.203651e-03  5.583269e+01
488 2.437500e-01 1 1   4.003818e+00  6.010170e-03  5.634360e+01
489 2.442500e-01 1 1   4.048088e+00  5.800149e-03  5.684542e+01
490 2.447500e-01 1 1   4.092965e+00  5.574851e-03  5.733782e+01
491 2.452500e-01 1 1   4.138416e+00  5.336915e-03  5.782061e+01
492 2.457500e-01 1 1   4.184420e+00  5.082466e-03  5.829370e+01
493 2.462500e-01 1 1   4.230928e+00  4.816642e-03  5.875649e+01
494 2.467500e-01 1 1   4.277987e+00  4.511581e-03  5.921071e+01
495 2.472500e-01 1 1   4.325540e+00  4.194580e-03  5.965527e+01
496 2.477500e-01 1 1   4.373571e+00  3.868605e-03  6.008993e+01
497 2.482500e-01 1 1   4.422061e+00  3.527821e-03  6.051508e+01
498 2.487500e-01 1 1   4.471007e+00  3.166183e-03  6.093111e+01
499 2.492500e-01 1 1   4.520393e+00  2.782984e-03  6.133814e+01
500 2.497500e-01 1 1   4.570193e+00  2.379088e-03  6.173622e+01
501 2.502500e-01 1 1   4.620381e+00  1.958197e-03  6.212538e+01
502 2.507500e-01 1 1   4.670922e+00  1.520325e-03  6.250560e+01
503 2.512500e-01 1 1   4.721776e+00  1.064047e-03  6.287678e+01
504 2.517500e-01 1 1   4.772894e+00  5.879411e-04  6.323880e+01
505 2.522500e-01 1 1   4.824224e+00  9.274439e-05  6.359147e+01
506 2.527500e-01 1 1   4.875700e+00 -4.267510e-04  6.393451e+01
507 2.532500e-01 1 1   4.927251e+00 -9.696460e-04  6.426760e+01
508 2.537500e-01 1 1   4.978806e+00 -1.534310e-03  6.459032e+01
509 2.542500e-01 1 1   5.030278e+00 -2.121263e-03  6.490217e+01
510 2.547500e-01 1 1   5.081581e+00 -2.733483e-03  6.520273e+01
511 2.552500e-01 1 1   5.132630e+00 -3.369034e-03  6.549154e+01
512 2.557500e-01 1 1   5.183331e+00 -4.030290e-03  6.576806e+01
513 2.562500e-01 1 1   5.233592e+00 -4.717359e-03  6.603172e+01
514 2.567500e-01 1 1   5.283324e+00 -5.428419e-03  6.628203e+01
515 2.572500e-01 1 1   5.332441e+00 -6.165906e-03  6.651851e+01
516 2.577500e-01 1 1   5.380870e+00 -6.931583e-03  6.674083e+01
517 2.582500e-01 1 1   5.428535e+00 -7.725126e-03  6.694872e+01
518 2.587500e-01 1 1   5.475373e+00 -8.545015e-03  6.714186e+01
519 2.592500e-01 1 1   5.521322e+00 -9.389595e-03  6.732004e+01
520 2.597500e-01 1 1   5.566335e+00 -1.026083e-02  6.748316e+01
521 2.602500e-01 1 1   5.610373e+00 -1.115797e-02  6.763119e+01
522 2.607500e-01 1 1   5.653399e+00 -1.208084e-02  6.776415e+01
523 2.612500e-01 1 1   5.695392e+00 -1.302977e-02  6.788223e+01
524 2.617500e-01 1 1   5.736337e+00 -1.400282e-02  6.798563e+01
525 2.622500e-01 1 1   5.776219e+00 -1.500080e-02  6.807451e+01
526 2.627500e-01 1 1   5.815026e+00 -1.602273e-02  6.814912e+01
527 2.632500e-01 1 1   5.852728e+00 -1.706706e-02  6.820934e+01
528 2.637500e-01 1 1   5.889365e+00 -1.813890e-02  6.825623e+01
529 2.642500e-01 1 1   5.924930e+00 -1.923533e-02  6.828998e+01
530 2.647500e-01 1 1   5.959387e+00 -2.035209e-02  6.831049e+01
531 2.652500e-01 1 1   5.992717e+00 -2.148762e-02  6.831787e+01
532 2.657500e-01 1 1   6.024904e+00 -2.264376e-02  6.831232e+01
533 2.662500e-01 1 1   6.055929e+00 -2.382199e-02  6.829399e+01
534 2.667500e-01 1 1   6.085760e+00 -2.502198e-02  6.826289e+01
535 2.672500e-01 1 1   6.114356e+00 -2.624305e-02  6.821899e+01
536 2.677500e-01 1 1   6.141674e+00 -2.748288e-02  6.816215e+01
537 2.682500e-01 1 1   6.167663e+00 -2.874130e-02  6.809219e+01
538 2.687500e-01 1 1   6.192266e+00 -3.001788e-02  6.800889e+01
539 2.692500e-01 1 1   6.215425e+00 -3.131249e-02  6.791194e+01
540 2.697500e-01 1 1   6.237080e+00 -3.262483e-02  6.780105e+01
541 2.702500e-01 1 1   6.257170e+00 -3.395398e-02  6.767585e+01
542 2.707500e-01 1 1   6.275638e+00 -3.529940e-02  6.753600e+01
543 2.712500e-01 1 1   6.292430e+00 -3.666023e-02  6.738118e+01
544 2.717500e-01 1 1   6.307531e+00 -3.804156e-02  6.721143e+01
545 2.722500e-01 1 1   6.320839e+00 -3.943773e-02  6.702580e+01
546 2.727500e-01 1 1   6.332337e+00 -4.084031e-02  6.682425e+01
547 2.732500e-01 1 1   6.342024e+00 -4.225040e-02  6.660685e+01
548 2.737500e-01 1 1   6.349891e+00 -4.366987e-02  6.637355e+01
549 2.742500e-01 1 1   6.355928e+00 -4.509755e-02  6.612422e+01
550 2.747500e-01 1 1   6.360146e+00 -4.653107e-02  6.585895e+01
551 2.752500e-01 1 1   6.362584e+00 -4.797036e-02  6.557804e+01
552 2.757500e-01 1 1   6.363234e+00 -4.941548e-02  6.528134e+01
553 2.762500e-01 1 1   6.362134e+00 -5.086369e-02  6.496910e+01
554 2.767500e-01 1 1   6.359359e+00 -5.231202e-02  6.464190e+01
555 2.772500e-01 1 1   6.354999e+00 -5.376051e-02  6.430051e+01
556 2.777500e-01 1 1   6.349071e+00 -5.520924e-02  6.394493e+01
557 2.782500e-01 1 1   6.341606e+00 -5.665563e-02  6.357529e+01
558 2.787500e-01 1 1   6.332686e+00 -5.809664e-02  6.319222e+01
559 2.792500e-01 1 1   6.322381e+00 -5.953001e-02  6.279629e+01
560 2.797500e-01 1 1   6.310786e+00 -6.095723e-02  6.238832e+01
561 2.802500e-01 1 1   6.297913e+00 -6.237974e-02  6.196833e+01
562 2.807500e-01 1 1   6.283768e+00 -6.379549e-02  6.153627e+01
563 2.812500e-01 1 1   6.268398e+00 -6.520143e-02  6.109250e+01
564 2.817500e-01 1 1   6.251836e+00 -6.659476e-02  6.063731e+01
565 2.822500e-01 1 1   6.234118e+00 -6.797561e-02  6.017098e+01
566 2.827500e-01 1 1   6.215235e+00 -6.934406e-02  5.969337e+01
567 2.832500e-01 1 1   6.195171e+00 -7.069820e-02  5.920424e+01
568 2.837500e-01 1 1   6.173950e+00 -7.203662e-02  5.870381e+01
569 2.842500e-01 1 1   6.151574e+00 -7.336060e-02  5.819202e+01
570 2.847500e-01 1 1   6.128002e+00 -7.466790e-02  5.766842e+01
571 2.852500e-01 1 1   6.103269e+00 -7.596123e-02  5.713324e+01
572 2.857500e-01 1 1   6.077259e+00 -7.720996e-02  5.658521e+01
573 2.862500e-01 1 1   6.050073e+00 -7.847994e-02  5.602525e+01
574 2.867500e-01 1 1   6.021751e+00 -7.972259e-02  5.545357e+01
575 2.872500e-01 1 1   5.992144e+00 -8.090182e-02  5.486840e+01
576 2.877500e-01 1 1   5.961329e+00 -8.207083e-02  5.427045e+01
577 2.882500e-01 1 1   5.929336e+00 -8.323710e-02  5.365976e+01
578 2.887500e-01 1 1   5.896241e+00 -8.437972e-02  5.303672e+01
579 2.892500e-01 1 1   5.862063e+00 -8.548696e-02  5.240118e+01
580 2.897500e-01 1 1   5.826845e+00 -8.655915e-02  5.175329e+01
581 2.902500e-01 1 1   5.790647e+00 -8.760016e-02  5.109334e+01
582 2.907500e-01 1 1   5.753525e+00 -8.861416e-02  5.042155e+01
583 2.912500e-01 1 1   5.715549e+00 -8.959964e-02  4.973827e+01
584 2.917500e-01 1 1   5.676790e+00 -9.055366e-02  4.904393e+01
585 2.922500e-01 1 1   5.637362e+00 -9.146620e-02  4.833930e+01
586 2.927500e-01 1 1   5.597321e+00 -9.233925e-02  4.762469e+01
587 2.932500e-01 1 1   5.556742e+00 -9.317855e-02  4.690052e+01
588 2.937500e-01 1 1   5.515702e+00 -9.398470e-02  4.616736e+01
589 2.942500e-01 1 1   5.474277e+00 -9.475376e-02  4.542571e+01
590 2.947500e-01 1 1   5.432534e+00 -9.548576e-02  4.467603e+01
591 2.952500e-01 1 2   5.390171e+00 -9.614814e-02  4.391716e+01
592 2.957500e-01 1 1   5.348286e+00 -9.686607e-02  4.315424e+01
593 2.962500e-01 1 1   5.306003e+00 -9.752278e-02  4.238377e+01
594 2.967500e-01 1 1   5.263462e+00 -9.809225e-02  4.160518e+01
595 2.972500e-01 1 1   5.220764e+00 -9.860391e-02  4.081950e+01
596 2.977500e-01 1 1   5.177982e+00 -9.909279e-02  4.002753e+01
597 2.982500e-01 1 1   5.135135e+00 -9.956455e-02  3.922940e+01
598 2.987500e-01 1 1   5.092179e+00 -1.000110e-01  3.842452e+01
599 2.992500e-01 1 1   5.049136e+00 -1.004136e-01  3.761294e+01
600 2.997500e-01 1 1   5.006006e+00 -1.007628e-01  3.679457e+01
601 3.002500e-01 1 1   4.962761e+00 -1.010681e-01  3.596896e+01
602 3.007500e-01 1 1   4.919392e+00 -1.013373e-01  3.513590e+01
603 3.012500e-01 1 1   4.875909e+00 -1.015733e-01  3.429526e+01
604 3.017500e-01 1 1   4.832322e+00 -1.017722e-01  3.344688e+01
605 3.022500e-01 1 1   4.788645e+00 -1.019275e-01  3.259066e+01
606 3.027500e-01 1 1   4.744917e+00 -1.020750e-01  3.172675e+01
607 3.032500e-01 1 1   4.701131e+00 -1.021115e-01  3.085441e+01
608 3.037500e-01 1 1   4.657311e+00 -1.021206e-01  2.997376e+01
609 3.042500e-01 1 1   4.613535e+00 -1.021124e-01  2.908551e+01
610 3.047500e-01 1 1   4.569866e+00 -1.020688e-01  2.818978e+01
611 3.052500e-01 1 1   4.526348e+00 -1.019769e-01  2.728650e+01
612 3.057500e-01 1 1   4.483025e+00 -1.018324e-01  2.637577e+01
613 3.062500e-01 1 1   4.439986e+00 -1.016404e-01  2.545821e+01
614 3.067500e-01 1 1   4.397290e+00 -1.014049e-01  2.453412e+01
615 3.072500e-01 1 1   4.355003e+00 -1.011317e-01  2.360387e+01
616 3.077500e-01 1 1   4.313197e+00 -1.008200e-01  2.266793e+01
617 3.082500e-01 1 1   4.271940e+00 -1.004645e-01  2.172679e+01
618 3.087500e-01 1 1   4.231318e+00 -1.000962e-01  2.078122e+01
619 3.092500e-01 1 1   4.191351e+00 -9.962681e-02  1.983067e+01
620 3.097500e-01 1 1   4.152095e+00 -9.913501e-02  1.887595e+01
621 3.102500e-01 1 1   4.113617e+00 -9.862633e-02  1.791794e+01
622 3.107500e-01 1 1   4.075999e+00 -9.812043e-02  1.695754e+01
623 3.112500e-01 1 1   4.039151e+00 -9.750754e-02  1.599245e+01
624 3.117500e-01 1 1   4.003237e+00 -9.690007e-02  1.502539e+01
625 3.122500e-01 1 1   3.968121e+00 -9.620972e-02  1.405393e+01
626 3.127500e-01 1 1   3.933970e+00 -9.554669e-02  1.308062e+01
627 3.132500e-01 1 1   3.900693e+00 -9.480304e-02  1.210344e+01
628 3.137500e-01 1 1   3.868412e+00 -9.407436e-02  1.112424e+01
629 3.142500e-01 1 1   3.837040e+00 -9.328246e-02  1.014109e+01
630 3.147500e-01 1 1   3.806612e+00 -9.244929e-02  9.153936e+00
631 3.152500e-01 1 1   3.777127e+00 -9.157842e-02  8.162316e+00
632 3.157500e-01 1 1   3.748632e+00 -9.068781e-02  7.166576e+00
633 3.162500e-01 1 1   3.721163e+00 -8.977046e-02  6.166572e+00
634 3.167500e-01 1 1   3.694749e+00 -8.882087e-02  5.162009e+00
635 3.172500e-01 1 1   3.669423e+00 -8.784073e-02  4.152505e+00
636 3.177500e-01 1 1   3.645213e+00 -8.682344e-02  3.137659e+00
637 3.182500e-01 1 1   3.622196e+00 -8.578206e-02  2.117796e+00
638 3.187500e-01 1 1   3.600425e+00 -8.471234e-02  1.092792e+00
639 3.192500e-01 1 2   3.579308e+00 -8.359019e-02  5.973760e-02
640 3.197500e-01 1 1   3.560773e+00 -8.250245e-02 -9.732981e-01
641 3.202500e-01 1 1   3.543233e+00 -8.138358e-02 -2.011728e+00
642 3.207500e-01 1 1   3.527108e+00 -8.018533e-02 -3.057076e+00
643 3.212500e-01 1 1   3.512528e+00 -7.892803e-02 -4.108081e+00
644 3.217500e-01 1 1   3.499597e+00 -7.765997e-02 -5.162973e+00
645 3.222500e-01 1 1   3.488415e+00 -7.639371e-02 -6.220946e+00
646 3.227500e-01 1 1   3.479055e+00 -7.511066e-02 -7.281922e+00
647 3.232500e-01 1 1   3.471569e+00 -7.379784e-02 -8.345839e+00
648 3.237500e-01 1 1   3.466006e+00 -7.245770e-02 -9.412452e+00
649 3.242500e-01 1 1   3.462417e+00 -7.108998e-02 -1.048137e+01
650 3.247500e-01 1 1   3.460861e+00 -6.970323e-02 -1.155222e+01
651 3.252500e-01 1 1   3.461376e+00 -6.829911e-02 -1.262470e+01
652 3.257500e-01 1 1   3.464010e+00 -6.688107e-02 -1.369862e+01
653 3.262500e-01 1 1   3.468798e+00 -6.544353e-02 -1.477383e+01
654 3.267500e-01 1 1   3.475776e+00 -6.398572e-02 -1.585031e+01
655 3.272500e-01 1 1   3.484993e+00 -6.252162e-02 -1.692743e+01
656 3.277500e-01 1 1   3.496475e+00 -6.103917e-02 -1.800563e+01
657 3.282500e-01 1 1   3.510242e+00 -5.953977e-02 -1.908554e+01
658 3.287500e-01 1 1   3.526335e+00 -5.802502e-02 -2.016717e+01
659 3.292500e-01 1 1   3.544800e+00 -5.649798e-02 -2.125048e+01
660 3.297500e-01 1 1   3.565679e+00 -5.495743e-02 -2.233568e+01
661 3.302500e-01 1 1   3.589022e+00 -5.339908e-02 -2.342315e+01
662 3.307500e-01 1 1   3.614880e+00 -5.182855e-02 -2.451323e+01
663 3.312500e-01 1 1   3.643309e+00 -5.024581e-02 -2.560619e+01
664 3.317500e-01 1 1   3.674357e+00 -4.864605e-02 -2.670229e+01
665 3.322500e-01 1 1   3.708099e+00 -4.703111e-02 -2.780171e+01
666 3.327500e-01 1 1   3.744600e+00 -4.540881e-02 -2.890390e+01
667 3.332500e-01 1 1   3.783923e+00 -4.376614e-02 -3.000971e+01
668 3.337500e-01 1 1   3.826136e+00 -4.210289e-02 -3.111958e+01
669 3.342500e-01 1 1   3.871307e+00 -4.042242e-02 -3.223307e+01
670 3.347500e-01 1 1   3.919495e+00 -3.873042e-02 -3.334983e+01
671 3.352500e-01 1 1   3.970764e+00 -3.702082e-02 -3.446972e+01
672 3.357500e-01 1 1   4.025169e+00 -3.529813e-02 -3.559255e+01
673 3.362500e-01 1 1   4.082763e+00 -3.356176e-02 -3.671805e+01
674 3.367500e-01 1 1   4.143585e+00 -3.181333e-02 -3.784574e+01
675 3.372500e-01 1 1   4.207677e+00 -3.005627e-02 -3.897510e+01
676 3.377500e-01 1 1   4.275072e+00 -2.828367e-02 -4.010587e+01
677 3.382500e-01 1 1   4.345790e+00 -2.649887e-02 -4.123766e+01
678 3.387500e-01 1 1   4.419857e+00 -2.470724e-02 -4.236994e+01
679 3.392500e-01 1 1   4.497283e+00 -2.291060e-02 -4.350223e+01
680 3.397500e-01 1 1   4.578083e+00 -2.110779e-02 -4.463412e+01
681 3.402500e-01 1 1   4.662264e+00 -1.930564e-02 -4.576529e+01
682 3.407500e-01 1 1   4.749830e+00 -1.749641e-02 -4.689549e+01
683 3.412500e-01 1 1   4.840774e+00 -1.567944e-02 -4.802394e+01
684 3.417500e-01 1 1   4.935128e+00 -1.386098e-02 -4.915154e+01
685 3.422500e-01 1 1   5.032876e+00 -1.203669e-02 -5.027694e+01
686 3.427500e-01 1 1   5.134036e+00 -1.021573e-02 -5.140050e+01
687 3.432500e-01 1 1   5.238626e+00 -8.394921e-03 -5.252211e+01
688 3.437500e-01 1 1   5.346707e+00 -6.581809e-03 -5.364331e+01
689 3.442500e-01 1 1   5.458236e+00 -4.767859e-03 -5.476205e+01
690 3.447500e-01 1 1   5.573258e+00 -2.950411e-03 -5.587883e+01
691 3.452500e-01 1 1   5.691825e+00 -1.128956e-03 -5.699423e+01
692 3.457500e-01 1 1   5.813986e+00  6.926328e-04 -5.810890e+01
693 3.462500e-01 1 1   5.939759e+00  2.506903e-03 -5.922226e+01
694 3.467500e-01 1 1   6.069158e+00  4.319872e-03 -6.033397e+01
695 3.472500e-01 1 1   6.202239e+00  6.135013e-03 -6.144461e+01
696 3.477500e-01 1 1   6.339035e+00  7.951271e-03 -6.255412e+01
697 3.482500e-01 1 1   6.479553e+00  9.767013e-03 -6.366219e+01
698 3.487500e-01 1 1   6.623815e+00  1.157981e-02 -6.476874e+01
699 3.492500e-01 1 1   6.771830e+00  1.338883e-02 -6.587351e+01
700 3.497500e-01 1 1   6.923586e+00  1.518827e-02 -6.697613e+01
701 3.502500e-01 1 1   7.079068e+00  1.698372e-02 -6.807617e+01
702 3.507500e-01 1 1   7.238245e+00  1.877147e-02 -6.917321e+01
703 3.512500e-01 1 1   7.401082e+00  2.054711e-02 -7.026672e+01
704 3.517500e-01 1 1   7.567528e+00  2.230767e-02 -7.135611e+01
705 3.522500e-01 1 1   7.737514e+00  2.405144e-02 -7.244076e+01
706 3.527500e-01 1 1   7.910961e+00  2.578075e-02 -7.352001e+01
707 3.532500e-01 1 1   8.087791e+00  2.749147e-02 -7.459321e+01
708 3.537500e-01 1 1   8.267907e+00  2.917836e-02 -7.565972e+01
709 3.542500e-01 1 1   8.451212e+00  3.083346e-02 -7.671891e+01
710 3.547500e-01 1 1   8.637614e+00  3.246572e-02 -7.777020e+01
711 3.552500e-01 1 1   8.827009e+00  3.406682e-02 -7.881306e+01
712 3.557500e-01 1 1   9.019298e+00  3.563307e-02 -7.984706e+01
713 3.562500e-01 1 1   9.214392e+00  3.716745e-02 -8.087175e+01
714 3.567500e-01 1 1   9.412193e+00  3.866345e-02 -8.188677e+01
715 3.572500e-01 1 1   9.612618e+00  4.011903e-02 -8.289179e+01
716 3.577500e-01 1 1   9.815582e+00  4.153354e-02 -8.388659e+01
717 3.582500e-01 1 1   1.002102e+01  4.290510e-02 -8.487102e+01
718 3.587500e-01 1 1   1.022886e+01  4.423069e-02 -8.584498e+01
719 3.592500e-01 1 1   1.043905e+01  4.550923e-02 -8.680840e+01
720 3.597500e-01 1 1   1.065154e+01  4.673685e-02 -8.776126e+01
721 3.602500e-01 1 1   1.086626e+01  4.791456e-02 -8.870355e+01
722 3.607500e-01 1 1   1.108318e+01  4.903955e-02 -8.963528e+01
723 3.612500e-01 1 1   1.130224e+01  5.010228e-02 -9.055637e+01
724 3.617500e-01 1 1   1.152341e+01  5.110912e-02 -9.146707e+01
725 3.622500e-01 1 1   1.174662e+01  5.206635e-02 -9.236727e+01
726 3.627500e-01 1 1   1.197168e+01  5.294890e-02 -9.325577e+01
727 3.632500e-01 1 1   1.219865e+01  5.377567e-02 -9.413375e+01
728 3.637500e-01 1 1   1.242738e+01  5.453916e-02 -9.500039e+01
729 3.642500e-01 1 1   1.265776e+01  5.523210e-02 -9.585538e+01
730 3.647500e-01 1 1   1.288971e+01  5.584944e-02 -9.669882e+01
731 3.652500e-01 1 1   1.312310e+01  5.639650e-02 -9.753014e+01
732 3.657500e-01 1 1   1.335772e+01  5.687349e-02 -9.834869e+01
733 3.662500e-01 1 1   1.359336e+01  5.725993e-02 -9.915340e+01
734 3.667500e-01 1 1   1.382994e+01  5.755333e-02 -9.994442e+01
735 3.672500e-01 1 1   1.406729e+01  5.777032e-02 -1.007214e+02
736 3.677500e-01 1 1   1.430520e+01  5.791236e-02 -1.014836e+02
737 3.682500e-01 1 1   1.454340e+01  5.796244e-02 -1.022299e+02
738 3.687500e-01 1 1   1.478169e+01  5.790070e-02 -1.029599e+02
739 3.692500e-01 1 1   1.501992e+01  5.774247e-02 -1.036734e+02
740 3.697500e-01 1 1   1.525786e+01  5.749366e-02 -1.043698e+02
741 3.702500e-01 1 1   1.549529e+01  5.714179e-02 -1.050484e+02
742 3.707500e-01 1 1   1.573203e+01  5.668425e-02 -1.057089e+02
743 3.712500e-01 1 1   1.596789e+01  5.611810e-02 -1.063510e+02
744 3.717500e-01 1 1   1.620272e+01  5.544349e-02 -1.069745e+02
745 3.722500e-01 1 1   1.643636e+01  5.465973e-02 -1.075793e+02
746 3.727500e-01 1 1   1.666865e+01  5.376898e-02 -1.081651e+02
747 3.732500e-01 1 1   1.689946e+01  5.277018e-02 -1.087319e+02
748 3.737500e-01 1 1   1.712868e+01  5.166365e-02 -1.092798e+02
749 3.742500e-01 1 1   1.735622e+01  5.044718e-02 -1.098090e+02
750 3.747500e-01 1 1   1.758195e+01  4.912214e-02 -1.103193e+02
751 3.752500e-01 1 1   1.780576e+01  4.769037e-02 -1.108109e+02
752 3.757500e-01 1 1   1.802758e+01  4.614554e-02 -1.112839e+02
753 3.762500e-01 1 1   1.824733e+01  4.449078e-02 -1.117386e+02
754 3.767500e-01 1 1   1.846492e+01  4.272884e-02 -1.121750e+02
755 3.772500e-01 1 1   1.868019e+01  4.086365e-02 -1.125930e+02
756 3.777500e-01 1 1   1.889307e+01  3.888916e-02 -1.129928e+02
757 3.782500e-01 1 1   1.910345e+01  3.680714e-02 -1.133745e+02
758 3.787500e-01 1 1   1.931101e+01  3.463616e-02 -1.137370e+02
759 3.792500e-01 1 1   1.951606e+01  3.233701e-02 -1.140825e+02
760 3.797500e-01 1 1   1.971797e+01  2.995035e-02 -1.144086e+02
761 3.802500e-01 1 1   1.991677e+01  2.746271e-02 -1.147159e+02
762 3.807500e-01 1 1   2.011233e+01  2.485972e-02 -1.150045e+02
763 3.812500e-01 1 1   2.030441e+01  2.215276e-02 -1.152739e+02
764 3.817500e-01 1 1   2.049276e+01  1.935045e-02 -1.155234e+02
765 3.822500e-01 1 1   2.067715e+01  1.644953e-02 -1.157527e+02
766 3.827500e-01 1 1   2.085739e+01  1.345049e-02 -1.159614e+02
767 3.832500e-01 1 1   2.103323e+01  1.035989e-02 -1.161492e+02
768 3.837500e-01 1 1   2.120450e+01  7.177166e-03 -1.163157e+02
769 3.842500e-01 1 1   2.137096e+01  3.908229e-03 -1.164606e+02
770 3.847500e-01 1 1   2.153244e+01  5.474676e-04 -1.165837e+02
771 3.852500e-01 1 1   2.168873e+01 -2.898309e-03 -1.166847e+02
772 3.857500e-01 1 1   2.183969e+01 -6.428443e-03 -1.167635e+02
773 3.862500e-01 1 1   2.198512e+01 -1.003785e-02 -1.168200e+02
774 3.867500e-01 1 1   2.212494e+01 -1.372590e-02 -1.168540e+02
775 3.872500e-01 1 1   2.225900e+01 -1.748250e-02 -1.168657e+02
776 3.877500e-01 1 1   2.238725e+01 -2.130693e-02 -1.168553e+02
777 3.882500e-01 1 1   2.250959e+01 -2.519026e-02 -1.168228e+02
778 3.887500e-01 1 1   2.262600e+01 -2.913168e-02 -1.167685e+02
779 3.892500e-01 1 1   2.273642e+01 -3.312503e-02 -1.166927e+02
780 3.897500e-01 1 1   2.284086e+01 -3.716710e-02 -1.165958e+02
781 3.902500e-01 1 1   2.293929e+01 -4.125653e-02 -1.164780e+02
782 3.907500e-01 1 1   2.303173e+01 -4.540450e-02 -1.163397e+02
783 3.912500e-01 1 1   2.311816e+01 -4.956905e-02 -1.161813e+02
784 3.917500e-01 1 1   2.319857e+01 -5.374649e-02 -1.160030e+02
785 3.922500e-01 1 1   2.327297e+01 -5.794931e-02 -1.158051e+02
786 3.927500e-01 1 1   2.334136e+01 -6.218505e-02 -1.155879e+02
787 3.932500e-01 1 1   2.340381e+01 -6.645494e-02 -1.153520e+02
788 3.937500e-01 1 1   2.346022e+01 -7.073231e-02 -1.150973e+02
789 3.942500e-01 1 1   2.351042e+01 -7.499459e-02 -1.148233e+02
790 3.947500e-01 1 1   2.355441e+01 -7.924437e-02 -1.145302e+02
791 3.952500e-01 1 1   2.359219e+01 -8.349483e-02 -1.142184e+02
792 3.957500e-01 1 1   2.362392e+01 -8.776143e-02 -1.138887e+02
793 3.962500e-01 1 1   2.364918e+01 -9.201398e-02 -1.135397e+02
794 3.967500e-01 1 1   2.366780e+01 -9.623421e-02 -1.131709e+02
795 3.972500e-01 1 1   2.367982e+01 -1.004229e-01 -1.127826e+02
796 3.977500e-01 1 1   2.368525e+01 -1.045852e-01 -1.123752e+02
797 3.982500e-01 1 1   2.368421e+01 -1.087303e-01 -1.119493e+02
798 3.987500e-01 1 1   2.367628e+01 -1.128425e-01 -1.115034e+02
799 3.992500e-01 1 1   2.366123e+01 -1.169085e-01 -1.110367e+02
800 3.997500e-01 1 1   2.363918e+01 -1.209228e-01 -1.105499e+02
801 4.002500e-01 1 1   2.361026e+01 -1.248856e-01 -1.100435e+02
802 4.007500e-01 1 1   2.357467e+01 -1.288004e-01 -1.095186e+02
803 4.012500e-01 1 1   2.353187e+01 -1.326613e-01 -1.089731e+02
804 4.017500e-01 1 1   2.348182e+01 -1.364520e-01 -1.084067e+02
805 4.022500e-01 1 1   2.342483e+01 -1.401704e-01 -1.078207e+02
806 4.027500e-01 1 1   2.336119e+01 -1.438091e-01 -1.072164e+02
807 4.032500e-01 1 1   2.329106e+01 -1.473704e-01 -1.065943e+02
808 4.037500e-01 1 1   2.321400e+01 -1.508584e-01 -1.059527e+02
809 4.042500e-01 1 1   2.313015e+01 -1.542606e-01 -1.052919e+02
810 4.047500e-01 1 1   2.303990e+01 -1.575674e-01 -1.046134e+02
811 4.052500e-01 1 1   2.294370e+01 -1.607756e-01 -1.039189e+02
812 4.057500e-01 1 1   2.284131e+01 -1.638684e-01 -1.032074e+02
813 4.062500e-01 1 1   2.273287e+01 -1.668871e-01 -1.024792e+02
814 4.067500e-01 1 1   2.261860e+01 -1.698006e-01 -1.017351e+02
815 4.072500e-01 1 1   2.249854e+01 -1.726173e-01 -1.009750e+02
816 4.077500e-01 1 1   2.237328e+01 -1.753126e-01 -1.002012e+02
817 4.082500e-01 1 1   2.224230e+01 -1.778931e-01 -9.941127e+01
818 4.087500e-01 1 1   2.210570e+01 -1.803927e-01 -9.860552e+01
819 4.092500e-01 1 1   2.196413e+01 -1.827851e-01 -9.778636e+01
820 4.097500e-01 1 1   2.181736e+01 -1.850587e-01 -9.695267e+01
821 4.102500e-01 1 1   2.166563e+01 -1.872191e-01 -9.610524e+01
822 4.107500e-01 1 1   2.150880e+01 -1.892736e-01 -9.524338e+01
823 4.112500e-01 1 1   2.134698e+01 -1.912190e-01 -9.436723e+01
824 4.117500e-01 1 1   2.118017e+01 -1.930482e-01 -9.347669e+01
825 4.122500e-01 1 1   2.100840e+01 -1.947617e-01 -9.257161e+01
826 4.127500e-01 1 1   2.083169e+01 -1.963633e-01 -9.165185e+01
827 4.132500e-01 1 1   2.065004e+01 -1.978550e-01 -9.071724e+01
828 4.137500e-01 1 1   2.046349e+01 -1.992392e-01 -8.976764e+01
829 4.142500e-01 1 1   2.027207e+01 -2.005162e-01 -8.880294e+01
830 4.147500e-01 1 1   2.007586e+01 -2.016842e-01 -8.782319e+01
831 4.152500e-01 1 1   1.987489e+01 -2.027461e-01 -8.682817e+01
832 4.157500e-01 1 1   1.966938e+01 -2.036949e-01 -8.581852e+01
833 4.162500e-01 1 1   1.945890e+01 -2.045555e-01 -8.479195e+01
834 4.167500e-01 1 1   1.924449e+01 -2.052976e-01 -8.375251e+01
835 4.172500e-01 1 1   1.902592e+01 -2.059161e-01 -8.269884e+01
836 4.177500e-01 1 1   1.880315e+01 -2.064380e-01 -8.163036e+01
837 4.182500e-01 1 1   1.857643e+01 -2.068679e-01 -8.054764e+01
838 4.187500e-01 1 1   1.834602e+01 -2.071919e-01 -7.945138e+01
839 4.192500e-01 1 1   1.811215e+01 -2.074069e-01 -7.834204e+01
840 4.197500e-01 1 1   1.787501e+01 -2.075238e-01 -7.721995e+01
841 4.202500e-01 1 1   1.763478e+01 -2.075520e-01 -7.608546e+01
842 4.207500e-01 1 1   1.739167e+01 -2.074922e-01 -7.493898e+01
843 4.212500e-01 1 1   1.714591e+01 -2.073438e-01 -7.378093e+01
844 4.217500e-01 1 1   1.689768e+01 -2.071104e-01 -7.261172e+01
845 4.222500e-01 1 1   1.664718e+01 -2.067902e-01 -7.143169e+01
846 4.227500e-01 1 1   1.639460e+01 -2.063831e-01 -7.024116e+01
847 4.232500e-01 1 1   1.614008e+01 -2.058928e-01 -6.904040e+01
848 4.237500e-01 1 1   1.588378e+01 -2.053218e-01 -6.782958e+01
849 4.242500e-01 1 1   1.562581e+01 -2.046703e-01 -6.660883e+01
850 4.247500e-01 1 1   1.536629e+01 -2.039397e-01 -6.537823e+01
851 4.252500e-01 1 1   1.510531e+01 -2.031311e-01 -6.413777e+01
852 4.257500e-01 1 1   1.484293e+01 -2.022437e-01 -6.288737e+01
853 4.262500e-01 1 1   1.457922e+01 -2.012782e-01 -6.162697e+01
854 4.267500e-01 1 1   1.431422e+01 -2.002380e-01 -6.035632e+01
855 4.272500e-01 1 1   1.404803e+01 -1.991165e-01 -5.907545e+01
856 4.277500e-01 1 1   1.378067e+01 -1.979150e-01 -5.778410e+01
857 4.282500e-01 1 1   1.351170e+01 -1.966603e-01 -5.647977e+01
858 4.287500e-01 1 1   1.324218e+01 -1.953035e-01 -5.516696e+01
859 4.292500e-01 1 1   1.297177e+01 -1.938406e-01 -5.384363e+01
860 4.297500e-01 1 1   1.270025e+01 -1.923078e-01 -5.250830e+01
861 4.302500e-01 1 1   1.242781e+01 -1.907043e-01 -5.116139e+01
862 4.307500e-01 1 1   1.215465e+01 -1.890065e-01 -4.980331e+01
863 4.312500e-01 1 1   1.188087e+01 -1.872111e-01 -4.843409e+01
864 4.317500e-01 1 1   1.160657e+01 -1.853172e-01 -4.705365e+01
865 4.322500e-01 1 1   1.133187e+01 -1.833390e-01 -4.566205e+01
866 4.327500e-01 1 1   1.105694e+01 -1.812755e-01 -4.425948e+01
867 4.332500e-01 1 1   1.078194e+01 -1.791228e-01 -4.284624e+01
868 4.337500e-01 1 1   1.050705e+01 -1.768697e-01 -4.142264e+01
869 4.342500e-01 1 1   1.023244e+01 -1.745185e-01 -3.998900e+01
870 4.347500e-01 1 1   9.958328e+00 -1.720650e-01 -3.854572e+01
871 4.352500e-01 1 1   9.684875e+00 -1.695097e-01 -3.709319e+01
872 4.357500e-01 1 1   9.412269e+00 -1.668544e-01 -3.563177e+01
873 4.362500e-01 1 1   9.140685e+00 -1.640980e-01 -3.416181e+01
874 4.367500e-01 1 1   8.870291e+00 -1.612446e-01 -3.268371e+01
875 4.372500e-01 1 1   8.601187e+00 -1.582926e-01 -3.119748e+01
876 4.377500e-01 1 1   8.333324e+00 -1.552486e-01 -2.970232e+01
877 4.382500e-01 1 1   8.067474e+00 -1.520894e-01 -2.820193e+01
878 4.387500e-01 1 1   7.803322e+00 -1.488204e-01 -2.669411e+01
879 4.392500e-01 1 1   7.540874e+00 -1.454659e-01 -2.517850e+01
880 4.397500e-01 1 1   7.280302e+00 -1.420242e-01 -2.365554e+01
881 4.402500e-01 1 1   7.021647e+00 -1.384756e-01 -2.212504e+01
882 4.407500e-01 1 1   6.765002e+00 -1.348202e-01 -2.058698e+01
883 4.412500e-01 1 1   6.510487e+00 -1.310599e-01 -1.904156e+01
884 4.417500e-01 1 1   6.258158e+00 -1.272028e-01 -1.748858e+01
885 4.422500e-01 1 1   6.008050e+00 -1.232443e-01 -1.592776e+01
886 4.427500e-01 1 1   5.760243e+00 -1.191830e-01 -1.435896e+01
887 4.432500e-01 1 1   5.514822e+00 -1.150216e-01 -1.278213e+01
888 4.437500e-01 1 1   5.271736e+00 -1.107511e-01 -1.119629e+01
889 4.442500e-01 1 1   5.030850e+00 -1.063420e-01 -9.599983e+00
890 4.447500e-01 1 1   4.792739e+00 -1.018451e-01 -7.996000e+00
891 4.452500e-01 1 1   4.557442e+00 -9.727745e-02 -6.383888e+00
892 4.457500e-01 1 1   4.324972e+00 -9.260115e-02 -4.763098e+00
893 4.462500e-01 1 1   4.095387e+00 -8.780738e-02 -3.133138e+00
894 4.467500e-01 1 1   3.868775e+00 -8.290663e-02 -1.493753e+00
895 4.472500e-01 1 2   3.643525e+00 -7.772182e-02  1.571998e-01
896 4.477500e-01 1 1   3.425704e+00 -7.282390e-02  1.807562e+00
897 4.482500e-01 1 1   3.209759e+00 -6.774744e-02  3.469603e+00
898 4.487500e-01 1 1   2.996251e+00 -6.234669e-02  5.146565e+00
899 4.492500e-01 1 1   2.787001e+00 -5.678878e-02  6.828611e+00
900 4.497500e-01 1 1   2.582324e+00 -5.120541e-02  8.514182e+00
901 4.502500e-01 1 1   2.382100e+00 -4.557945e-02  1.020460e+01
902 4.507500e-01 1 1   2.186036e+00 -3.986263e-02  1.190261e+01
903 4.512500e-01 1 1   1.994468e+00 -3.403862e-02  1.360659e+01
904 4.517500e-01 1 1   1.807758e+00 -2.811352e-02  1.531457e+01
905 4.522500e-01 1 1   1.625907e+00 -2.209369e-02  1.702716e+01
906 4.527500e-01 1 1   1.448864e+00 -1.598122e-02  1.874555e+01
907 4.532500e-01 1 1   1.276876e+00 -9.771891e-03  2.046854e+01
908 4.537500e-01 1 1   1.110164e+00 -3.472548e-03  2.219504e+01
909 4.542500e-01 1 1   9.488318e-01  2.913410e-03  2.392483e+01
910 4.547500e-01 1 1   7.930504e-01  9.383610e-03  2.565724e+01
911 4.552500e-01 1 1   6.428697e-01  1.594501e-02  2.739251e+01
912 4.557500e-01 1 1   4.982337e-01  2.260325e-02  2.913193e+01
913 4.562500e-01 1 1   3.593146e-01  2.934794e-02  3.087491e+01
914 4.567500e-01 1 1   2.262449e-01  3.617957e-02  3.262119e+01
915 4.572500e-01 1 1   9.914399e-02  4.309766e-02  3.437073e+01
916 4.577500e-01 1 1  -2.191539e-02  5.010270e-02  3.612355e+01
917 4.582500e-01 1 1  -1.368087e-01  5.718785e-02  3.787973e+01
918 4.587500e-01 1 1  -2.454403e-01  6.434300e-02  3.963935e+01
919 4.592500e-01 1 1  -3.477271e-01  7.158336e-02  4.140240e+01
920 4.597500e-01 1 1  -4.435325e-01  7.891425e-02  4.316879e+01
921 4.602500e-01 1 1  -5.327565e-01  8.632636e-02  4.493838e+01
922 4.607500e-01 1 1  -6.152653e-01  9.382141e-02  4.671095e+01
923 4.612500e-01 1 1  -6.909167e-01  1.014018e-01  4.848626e+01
924 4.617500e-01 1 1  -7.596213e-01  1.090532e-01  5.026390e+01
925 4.622500e-01 1 1  -8.212538e-01  1.167792e-01  5.204343e+01
926 4.627500e-01 1 1  -8.756880e-01  1.245787e-01  5.382439e+01
927 4.632500e-01 1 1  -9.228050e-01  1.324468e-01  5.560620e+01
928 4.637500e-01 1 1  -9.625182e-01  1.403782e-01  5.738825e+01
929 4.642500e-01 1 1  -9.947515e-01  1.483673e-01  5.917025e+01
930 4.647500e-01 1 1  -1.019339e+00  1.564079e-01  6.095028e+01
931 4.652500e-01 1 1  -1.036445e+00  1.645251e-01  6.273162e+01
932 4.657500e-01 1 1  -1.045647e+00  1.726838e-01  6.450808e+01
933 4.662500e-01 1 1  -1.046994e+00  1.808643e-01  6.628037e+01
934 4.667500e-01 1 1  -1.040536e+00  1.890886e-01  6.804921e+01
935 4.672500e-01 1 1  -1.026140e+00  1.973304e-01  6.981225e+01
936 4.677500e-01 1 1  -1.003943e+00  2.055914e-01  7.157259e+01
937 4.682500e-01 1 1  -9.738603e-01  2.138785e-01  7.332847e+01
938 4.687500e-01 1 1  -9.359112e-01  2.222051e-01  7.508050e+01
939 4.692500e-01 1 1  -8.898788e-01  2.305522e-01  7.682312e+01
940 4.697500e-01 1 1  -8.358478e-01  2.388993e-01  7.855770e+01
941 4.702500e-01 1 1  -7.738377e-01  2.472509e-01  8.028487e+01
942 4.707500e-01 1 1  -7.038932e-01  2.556010e-01  8.200576e+01
943 4.712500e-01 1 1  -6.259975e-01  2.639592e-01  8.371994e+01
944 4.717500e-01 1 1  -5.401414e-01  2.723151e-01  8.542642e+01
945 4.722500e-01 1 1  -4.463214e-01  2.806766e-01  8.712482e+01
946 4.727500e-01 1 1  -3.445511e-01  2.890309e-01  8.881500e+01
947 4.732500e-01 1 1  -2.348352e-01  2.973686e-01  9.049672e+01
948 4.737500e-01 1 1  -1.172119e-01  3.056985e-01  9.217068e+01
949 4.742500e-01 1 1   8.327821e-03  3.140136e-01  9.383606e+01
950 4.747500e-01 1 1   1.417548e-01  3.223010e-01  9.549226e+01
951 4.752500e-01 1 1   2.830364e-01  3.305761e-01  9.713953e+01
952 4.757500e-01 1 1   4.321163e-01  3.388279e-01  9.877719e+01
953 4.762500e-01 1 1   5.889489e-01  3.470384e-01  1.004047e+02
954 4.767500e-01 1 1   7.534862e-01  3.552228e-01  1.020220e+02
955 4.772500e-01 1 1   9.256438e-01  3.633650e-01  1.036285e+02
956 4.777500e-01 1 1   1.105356e+00  3.714714e-01  1.052233e+02
957 4.782500e-01 1 1   1.292499e+00  3.795170e-01  1.068059e+02
958 4.787500e-01 1 1   1.486960e+00  3.875262e-01  1.083758e+02
959 4.792500e-01 1 1   1.688592e+00  3.954520e-01  1.099313e+02
960 4.797500e-01 1 1   1.897268e+00  4.033010e-01  1.114724e+02
961 4.802500e-01 1 1   2.112859e+00  4.110739e-01  1.129986e+02
962 4.807500e-01 1 1   2.335213e+00  4.187975e-01  1.145093e+02
963 4.812500e-01 1 1   2.564112e+00  4.264307e-01  1.160027e+02
964 4.817500e-01 1 1   2.799402e+00  4.339590e-01  1.174785e+02
965 4.822500e-01 1 1   3.040931e+00  4.413764e-01  1.189366e+02
966 4.827500e-01 1 1   3.288540e+00  4.486766e-01  1.203763e+02
967 4.832500e-01 1 1   3.542059e+00  4.559067e-01  1.217969e+02
968 4.837500e-01 1 1   3.801270e+00  4.630300e-01  1.231975e+02
969 4.842500e-01 1 1   4.066030e+00  4.700126e-01  1.245780e+02
970 4.847500e-01 1 1   4.336204e+00  4.768688e-01  1.259383e+02
971 4.852500e-01 1 1   4.611628e+00  4.836110e-01  1.272782e+02
972 4.857500e-01 1 1   4.892114e+00  4.902308e-01  1.285970e+02
973 4.862500e-01 1 1   5.177526e+00  4.967234e-01  1.298947e+02
974 4.867500e-01 1 1   5.467571e+00  5.031004e-01  1.311695e+02
975 4.872500e-01 1 2   5.761037e+00  5.093083e-01  1.324282e+02
976 4.877500e-01 1 1   6.061546e+00  5.154032e-01  1.336592e+02
977 4.882500e-01 1 1   6.365318e+00  5.214122e-01  1.348698e+02
978 4.887500e-01 1 1   6.673293e+00  5.272092e-01  1.360615e+02
979 4.892500e-01 1 1   6.985480e+00  5.328001e-01  1.372330e+02
980 4.897500e-01 1 1   7.301429e+00  5.382581e-01  1.383815e+02
981 4.902500e-01 1 1   7.620959e+00  5.436157e-01  1.395066e+02
982 4.907500e-01 1 1   7.943937e+00  5.488406e-01  1.406087e+02
983 4.912500e-01 1 1   8.270287e+00  5.538975e-01  1.416886e+02
984 4.917500e-01 1 1   8.599752e+00  5.587703e-01  1.427455e+02
985 4.922500e-01 1 1   8.932079e+00  5.634704e-01  1.437790e+02
986 4.927500e-01 1 1   9.266987e+00  5.680089e-01  1.447886e+02
987 4.932500e-01 1 1   9.604203e+00  5.723782e-01  1.457737e+02
988 4.937500e-01 1 1   9.943461e+00  5.765700e-01  1.467337e+02
989 4.942500e-01 1 1   1.028448e+01  5.805751e-01  1.476684e+02
990 4.947500e-01 1 1   1.062698e+01  5.843964e-01  1.485771e+02
991 4.952500e-01 1 1   1.097064e+01  5.880423e-01  1.494593e+02
992 4.957500e-01 1 1   1.131514e+01  5.915021e-01  1.503144e+02
993 4.962500e-01 1 1   1.165969e+01  5.947793e-01  1.511381e+02
994 4.967500e-01 1 1   1.200499e+01  5.978639e-01  1.519376e+02
995 4.972500e-01 1 1   1.235054e+01  6.007321e-01  1.527110e+02
996 4.977500e-01 1 1   1.269564e+01  6.033886e-01  1.534552e+02
997 4.982500e-01 1 1   1.303990e+01  6.058325e-01  1.541695e+02
