#TimeIteration Time SubCycles NewtonSteps Drag CrossFlowLift Lift
0 0.000000e+00 0 0   4.180355e+00  1.062626e-01  3.814056e+01
1 2.500000e-04 1 1   4.239575e+00  1.045669e-01  3.905196e+01
2 7.500000e-04 1 1   4.028887e+00  1.081024e-01  3.542656e+01
3 1.250000e-03 1 1   4.103624e+00  1.047832e-01  3.497825e+01
4 1.750000e-03 1 1   4.104213e+00  1.046446e-01  3.489518e+01
5 2.250000e-03 1 1   4.133959e+00  1.046803e-01  3.524907e+01
6 2.750000e-03 1 1   4.159563e+00  1.043946e-01  3.544021e+01
7 3.250000e-03 1 1   4.173645e+00  1.039108e-01  3.537921e+01
8 3.750000e-03 1 1   4.180581e+00  1.035470e-01  3.515832e+01
9 4.250000e-03 1 1   4.184466e+00  1.035809e-01  3.487413e+01
10 4.750000e-03 1 1   4.187388e+00  1.040724e-01  3.457623e+01
11 5.250000e-03 1 1   4.190439e+00  1.048351e-01  3.428459e+01
12 5.750000e-03 1 1   4.194419e+00  1.055228e-01  3.401364e+01
13 6.250000e-03 1 1   4.199940e+00  1.057787e-01  3.377804e+01
14 6.750000e-03 1 1   4.207323e+00  1.053955e-01  3.358780e+01
15 7.250000e-03 1 1   4.216513e+00  1.044042e-01  3.344385e+01
16 7.750000e-03 1 1   4.227126e+00  1.030450e-01  3.333818e+01
17 8.250000e-03 1 1   4.238561e+00  1.016476e-01  3.325650e+01
18 8.750000e-03 1 1   4.250133e+00  1.004826e-01  3.318165e+01
19 9.250000e-03 1 1   4.261157e+00  9.969913e-02  3.309594e+01
20 9.750000e-03 1 1   4.271063e+00  9.934025e-02  3.298444e+01
21 1.025000e-02 1 1   4.279538e+00  9.939255e-02  3.283867e+01
22 1.075000e-02 1 1   4.286611e+00  9.982514e-02  3.265904e+01
23 1.125000e-02 1 1   4.292642e+00  1.005764e-01  3.245493e+01
24 1.175000e-02 1 1   4.298199e+00  1.015212e-01  3.224183e+01
25 1.225000e-02 1 1   4.303886e+00  1.024428e-01  3.203695e+01
26 1.275000e-02 1 1   4.310122e+00  1.030549e-01  3.185383e+01
27 1.325000e-02 1 1   4.317015e+00  1.031193e-01  3.169873e+01
28 1.375000e-02 1 1   4.324315e+00  1.025406e-01  3.156844e+01
29 1.425000e-02 1 1   4.331562e+00  1.014092e-01  3.145290e+01
30 1.475000e-02 1 1   4.338306e+00  9.998224e-02  3.133974e+01
31 1.525000e-02 1 1   4.344273e+00  9.856542e-02  3.121812e+01
32 1.575000e-02 1 1   4.349473e+00  9.742648e-02  3.108262e+01
33 1.625000e-02 1 1   4.354197e+00  9.670708e-02  3.093444e+01
34 1.675000e-02 1 1   4.358868e+00  9.642845e-02  3.077930e+01
35 1.725000e-02 1 1   4.363865e+00  9.652973e-02  3.062435e+01
36 1.775000e-02 1 1   4.369381e+00  9.692451e-02  3.047503e+01
37 1.825000e-02 1 1   4.375344e+00  9.751733e-02  3.033259e+01
38 1.875000e-02 1 1   4.381473e+00  9.816536e-02  3.019467e+01
39 1.925000e-02 1 1   4.387326e+00  9.870395e-02  3.005549e+01
40 1.975000e-02 1 1   4.392453e+00  9.893668e-02  2.990856e+01
41 2.025000e-02 1 1   4.396464e+00  9.869781e-02  2.974764e+01
42 2.075000e-02 1 1   4.399178e+00  9.796323e-02  2.957037e+01
43 2.125000e-02 1 1   4.400570e+00  9.688274e-02  2.937613e+01
44 2.175000e-02 1 1   4.400817e+00  9.574303e-02  2.916747e+01
45 2.225000e-02 1 1   4.400229e+00  9.486763e-02  2.894876e+01
46 2.275000e-02 1 1   4.399185e+00  9.448441e-02  2.872515e+01
47 2.325000e-02 1 1   4.398112e+00  9.462124e-02  2.850250e+01
48 2.375000e-02 1 1   4.397354e+00  9.510034e-02  2.828512e+01
49 2.425000e-02 1 1   4.397143e+00  9.563216e-02  2.807577e+01
50 2.475000e-02 1 1   4.397544e+00  9.594698e-02  2.787497e+01
51 2.525000e-02 1 1   4.398454e+00  9.589203e-02  2.768097e+01
52 2.575000e-02 1 1   4.399604e+00  9.546348e-02  2.748968e+01
53 2.625000e-02 1 1   4.400644e+00  9.477008e-02  2.729577e+01
54 2.675000e-02 1 1   4.401232e+00  9.396329e-02  2.709393e+01
55 2.725000e-02 1 1   4.401117e+00  9.318130e-02  2.688048e+01
56 2.775000e-02 1 1   4.400132e+00  9.254305e-02  2.665272e+01
57 2.825000e-02 1 1   4.398249e+00  9.212404e-02  2.641040e+01
58 2.875000e-02 1 1   4.395588e+00  9.197404e-02  2.615672e+01
59 2.925000e-02 1 1   4.392239e+00  9.212870e-02  2.589362e+01
60 2.975000e-02 1 1   4.388299e+00  9.254261e-02  2.562293e+01
61 3.025000e-02 1 1   4.383849e+00  9.307693e-02  2.534583e+01
62 3.075000e-02 1 1   4.378941e+00  9.353488e-02  2.506251e+01
63 3.125000e-02 1 1   4.373594e+00  9.374040e-02  2.477197e+01
64 3.175000e-02 1 1   4.367954e+00  9.359181e-02  2.447598e+01
65 3.225000e-02 1 1   4.362104e+00  9.311257e-02  2.417512e+01
66 3.275000e-02 1 1   4.356127e+00  9.244059e-02  2.387014e+01
67 3.325000e-02 1 1   4.350080e+00  9.175006e-02  2.356154e+01
68 3.375000e-02 1 1   4.343964e+00  9.116705e-02  2.324881e+01
69 3.425000e-02 1 1   4.337719e+00  9.072580e-02  2.293024e+01
70 3.475000e-02 1 1   4.331257e+00  9.038529e-02  2.260364e+01
71 3.525000e-02 1 1   4.324518e+00  9.008276e-02  2.226750e+01
72 3.575000e-02 1 1   4.317510e+00  8.978793e-02  2.192198e+01
73 3.625000e-02 1 1   4.310314e+00  8.951932e-02  2.156899e+01
74 3.675000e-02 1 1   4.303030e+00  8.931968e-02  2.121128e+01
75 3.725000e-02 1 1   4.295700e+00  8.921209e-02  2.085066e+01
76 3.775000e-02 1 1   4.288243e+00  8.917571e-02  2.048651e+01
77 3.825000e-02 1 1   4.280440e+00  8.916420e-02  2.011493e+01
78 3.875000e-02 1 1   4.271982e+00  8.913753e-02  1.972937e+01
79 3.925000e-02 1 1   4.262610e+00  8.910210e-02  1.932319e+01
80 3.975000e-02 1 1   4.252262e+00  8.911750e-02  1.889258e+01
81 4.025000e-02 1 1   4.241145e+00  8.924047e-02  1.843849e+01
82 4.075000e-02 1 1   4.229764e+00  8.949677e-02  1.796828e+01
83 4.125000e-02 1 1   4.218737e+00  8.980892e-02  1.749280e+01
84 4.175000e-02 1 1   4.208644e+00  9.002358e-02  1.702416e+01
85 4.225000e-02 1 1   4.199841e+00  8.997133e-02  1.657193e+01
86 4.275000e-02 1 1   4.192354e+00  8.955260e-02  1.614017e+01
87 4.325000e-02 1 1   4.185883e+00  8.878263e-02  1.572643e+01
88 4.375000e-02 1 1   4.179908e+00  8.777710e-02  1.532263e+01
89 4.425000e-02 1 1   4.173866e+00  8.672696e-02  1.491833e+01
90 4.475000e-02 1 1   4.167263e+00  8.581258e-02  1.450257e+01
91 4.525000e-02 1 1   4.159796e+00  8.517126e-02  1.406730e+01
92 4.575000e-02 1 1   4.151393e+00  8.488466e-02  1.360858e+01
93 4.625000e-02 1 1   4.142178e+00  8.498385e-02  1.312651e+01
94 4.675000e-02 1 1   4.132420e+00  8.545160e-02  1.262435e+01
95 4.725000e-02 1 1   4.122481e+00  8.621509e-02  1.210760e+01
96 4.775000e-02 1 1   4.112738e+00  8.712731e-02  1.158258e+01
97 4.825000e-02 1 1   4.103546e+00  8.797869e-02  1.105593e+01
98 4.875000e-02 1 1   4.095195e+00  8.854187e-02  1.053406e+01
99 4.925000e-02 1 1   4.087867e+00  8.865035e-02  1.002223e+01
100 4.975000e-02 1 1   4.081590e+00  8.826676e-02  9.523489e+00
101 5.025000e-02 1 1   4.076203e+00  8.749552e-02  9.037559e+00
102 5.075000e-02 1 1   4.071401e+00  8.656449e-02  8.560735e+00
103 5.125000e-02 1 1   4.066766e+00  8.572492e-02  8.085508e+00
104 5.175000e-02 1 1   4.061861e+00  8.515671e-02  7.602473e+00
105 5.225000e-02 1 1   4.056357e+00  8.492245e-02  7.102883e+00
106 5.275000e-02 1 1   4.050114e+00  8.497451e-02  6.581134e+00
107 5.325000e-02 1 1   4.043200e+00  8.519260e-02  6.036219e+00
108 5.375000e-02 1 1   4.035922e+00  8.546847e-02  5.473598e+00
109 5.425000e-02 1 1   4.028670e+00  8.572232e-02  4.901896e+00
110 5.475000e-02 1 1   4.021863e+00  8.590982e-02  4.331585e+00
111 5.525000e-02 1 1   4.015851e+00  8.601142e-02  3.772063e+00
112 5.575000e-02 1 1   4.010850e+00  8.601546e-02  3.229079e+00
113 5.625000e-02 1 1   4.006921e+00  8.592465e-02  2.703598e+00
114 5.675000e-02 1 1   4.003968e+00  8.575169e-02  2.192166e+00
115 5.725000e-02 1 1   4.001825e+00  8.554856e-02  1.689218e+00
116 5.775000e-02 1 1   4.000269e+00  8.538809e-02  1.188336e+00
117 5.825000e-02 1 1   3.999068e+00  8.533248e-02  6.846762e-01
118 5.875000e-02 1 1   3.998029e+00  8.540862e-02  1.762090e-01
119 5.925000e-02 1 1   3.997015e+00  8.559164e-02 -3.363031e-01
120 5.975000e-02 1 1   3.995941e+00  8.580998e-02 -8.500341e-01
121 6.025000e-02 1 1   3.994786e+00  8.599208e-02 -1.361015e+00
122 6.075000e-02 1 1   3.993569e+00  8.608433e-02 -1.865738e+00
123 6.125000e-02 1 1   3.992338e+00  8.606565e-02 -2.361832e+00
124 6.175000e-02 1 1   3.991162e+00  8.594985e-02 -2.848683e+00
125 6.225000e-02 1 1   3.990119e+00  8.576744e-02 -3.327795e+00
126 6.275000e-02 1 1   3.989270e+00  8.555532e-02 -3.802578e+00
127 6.325000e-02 1 1   3.988672e+00  8.533911e-02 -4.277780e+00
128 6.375000e-02 1 1   3.988370e+00  8.514398e-02 -4.758347e+00
129 6.425000e-02 1 1   3.988424e+00  8.500302e-02 -5.247879e+00
130 6.475000e-02 1 1   3.988909e+00  8.495847e-02 -5.747711e+00
131 6.525000e-02 1 1   3.989894e+00  8.504101e-02 -6.256151e+00
132 6.575000e-02 1 1   3.991432e+00  8.524870e-02 -6.768939e+00
133 6.625000e-02 1 1   3.993486e+00  8.552198e-02 -7.278240e+00
134 6.675000e-02 1 1   3.995995e+00  8.578633e-02 -7.778068e+00
135 6.725000e-02 1 1   3.998831e+00  8.595375e-02 -8.263098e+00
136 6.775000e-02 1 1   4.001837e+00  8.597515e-02 -8.730316e+00
137 6.825000e-02 1 1   4.004908e+00  8.585982e-02 -9.179737e+00
138 6.875000e-02 1 1   4.008007e+00  8.566609e-02 -9.614180e+00
139 6.925000e-02 1 1   4.011158e+00  8.547396e-02 -1.003800e+01
140 6.975000e-02 1 1   4.014443e+00  8.534805e-02 -1.045568e+01
141 7.025000e-02 1 1   4.017950e+00  8.531315e-02 -1.087106e+01
142 7.075000e-02 1 1   4.021730e+00  8.535458e-02 -1.128689e+01
143 7.125000e-02 1 1   4.025788e+00  8.543792e-02 -1.170469e+01
144 7.175000e-02 1 1   4.030113e+00  8.553095e-02 -1.212492e+01
145 7.225000e-02 1 1   4.034695e+00  8.560754e-02 -1.254709e+01
146 7.275000e-02 1 1   4.039534e+00  8.565140e-02 -1.296966e+01
147 7.325000e-02 1 1   4.044682e+00  8.565118e-02 -1.338968e+01
148 7.375000e-02 1 1   4.050211e+00  8.559863e-02 -1.380296e+01
149 7.425000e-02 1 1   4.056156e+00  8.548907e-02 -1.420472e+01
150 7.475000e-02 1 1   4.062489e+00  8.533266e-02 -1.459051e+01
151 7.525000e-02 1 1   4.069129e+00  8.515445e-02 -1.495748e+01
152 7.575000e-02 1 1   4.075935e+00  8.498379e-02 -1.530569e+01
153 7.625000e-02 1 1   4.082755e+00  8.484763e-02 -1.563852e+01
154 7.675000e-02 1 1   4.089496e+00  8.475774e-02 -1.596175e+01
155 7.725000e-02 1 1   4.096137e+00  8.470329e-02 -1.628237e+01
156 7.775000e-02 1 1   4.102732e+00  8.466366e-02 -1.660684e+01
157 7.825000e-02 1 1   4.109379e+00  8.462187e-02 -1.693927e+01
158 7.875000e-02 1 1   4.116197e+00  8.456527e-02 -1.728071e+01
159 7.925000e-02 1 1   4.123288e+00  8.449223e-02 -1.762935e+01
160 7.975000e-02 1 1   4.130720e+00  8.440523e-02 -1.798159e+01
161 8.025000e-02 1 1   4.138536e+00  8.430392e-02 -1.833333e+01
162 8.075000e-02 1 1   4.146760e+00  8.418089e-02 -1.868110e+01
163 8.125000e-02 1 1   4.155389e+00  8.402728e-02 -1.902239e+01
164 8.175000e-02 1 1   4.164431e+00  8.384945e-02 -1.935611e+01
165 8.225000e-02 1 1   4.173838e+00  8.364622e-02 -1.968146e+01
166 8.275000e-02 1 1   4.183517e+00  8.343948e-02 -1.999785e+01
167 8.325000e-02 1 1   4.193346e+00  8.325847e-02 -2.030481e+01
168 8.375000e-02 1 1   4.203197e+00  8.311857e-02 -2.060251e+01
169 8.425000e-02 1 1   4.212962e+00  8.301490e-02 -2.089215e+01
170 8.475000e-02 1 1   4.222603e+00  8.292544e-02 -2.117624e+01
171 8.525000e-02 1 1   4.232173e+00  8.281841e-02 -2.145845e+01
172 8.575000e-02 1 1   4.241814e+00  8.266748e-02 -2.174236e+01
173 8.625000e-02 1 1   4.251719e+00  8.246369e-02 -2.203041e+01
174 8.675000e-02 1 1   4.262075e+00  8.220763e-02 -2.232234e+01
175 8.725000e-02 1 1   4.273036e+00  8.195931e-02 -2.261785e+01
176 8.775000e-02 1 1   4.284660e+00  8.168874e-02 -2.291182e+01
177 8.825000e-02 1 1   4.296911e+00  8.147129e-02 -2.320113e+01
178 8.875000e-02 1 1   4.309705e+00  8.129801e-02 -2.348316e+01
179 8.925000e-02 1 1   4.322927e+00  8.115801e-02 -2.375723e+01
180 8.975000e-02 1 1   4.336461e+00  8.104731e-02 -2.402523e+01
181 9.025000e-02 1 1   4.350216e+00  8.094682e-02 -2.429074e+01
182 9.075000e-02 1 1   4.364119e+00  8.083000e-02 -2.455762e+01
183 9.125000e-02 1 1   4.378103e+00  8.067465e-02 -2.482847e+01
184 9.175000e-02 1 1   4.392102e+00  8.046463e-02 -2.510369e+01
185 9.225000e-02 1 1   4.406051e+00  8.019431e-02 -2.538139e+01
186 9.275000e-02 1 1   4.419908e+00  7.987689e-02 -2.565799e+01
187 9.325000e-02 1 1   4.433674e+00  7.953965e-02 -2.592959e+01
188 9.375000e-02 1 1   4.447411e+00  7.921352e-02 -2.619318e+01
189 9.425000e-02 1 1   4.461247e+00  7.892120e-02 -2.644762e+01
190 9.475000e-02 1 1   4.475361e+00  7.867348e-02 -2.669405e+01
191 9.525000e-02 1 1   4.489954e+00  7.846600e-02 -2.693568e+01
192 9.575000e-02 1 1   4.505217e+00  7.828080e-02 -2.717711e+01
193 9.625000e-02 1 1   4.521298e+00  7.809850e-02 -2.742345e+01
194 9.675000e-02 1 1   4.538283e+00  7.790226e-02 -2.767944e+01
195 9.725000e-02 1 1   4.556190e+00  7.767571e-02 -2.794847e+01
196 9.775000e-02 1 1   4.574965e+00  7.740879e-02 -2.823187e+01
197 9.825000e-02 1 1   4.594489e+00  7.709772e-02 -2.852857e+01
198 9.875000e-02 1 1   4.614586e+00  7.674445e-02 -2.883505e+01
199 9.925000e-02 1 1   4.635024e+00  7.635974e-02 -2.914581e+01
200 9.975000e-02 1 1   4.655552e+00  7.596742e-02 -2.945432e+01
201 1.002500e-01 1 1   4.675928e+00  7.559845e-02 -2.975424e+01
202 1.007500e-01 1 1   4.695969e+00  7.528204e-02 -3.004076e+01
203 1.012500e-01 1 1   4.715602e+00  7.503693e-02 -3.031160e+01
204 1.017500e-01 1 1   4.734881e+00  7.486347e-02 -3.056746e+01
205 1.022500e-01 1 1   4.753983e+00  7.474191e-02 -3.081186e+01
206 1.027500e-01 1 1   4.773174e+00  7.463576e-02 -3.105019e+01
207 1.032500e-01 1 1   4.792751e+00  7.450428e-02 -3.128839e+01
208 1.037500e-01 1 1   4.812983e+00  7.431153e-02 -3.153179e+01
209 1.042500e-01 1 1   4.834063e+00  7.403625e-02 -3.178418e+01
210 1.047500e-01 1 1   4.856088e+00  7.367293e-02 -3.204727e+01
211 1.052500e-01 1 1   4.879055e+00  7.323471e-02 -3.232072e+01
212 1.057500e-01 1 1   4.902873e+00  7.275004e-02 -3.260242e+01
213 1.062500e-01 1 1   4.927384e+00  7.225762e-02 -3.288910e+01
214 1.067500e-01 1 1   4.952393e+00  7.179941e-02 -3.317692e+01
215 1.072500e-01 1 1   4.977715e+00  7.140706e-02 -3.346291e+01
216 1.077500e-01 1 1   5.003108e+00  7.109346e-02 -3.374293e+01
217 1.082500e-01 1 1   5.028433e+00  7.085908e-02 -3.401568e+01
218 1.087500e-01 1 1   5.053658e+00  7.067484e-02 -3.428213e+01
219 1.092500e-01 1 1   5.078843e+00  7.050090e-02 -3.454484e+01
220 1.097500e-01 1 1   5.104163e+00  7.030167e-02 -3.480760e+01
221 1.102500e-01 1 1   5.129877e+00  7.005300e-02 -3.507473e+01
222 1.107500e-01 1 1   5.156287e+00  6.974937e-02 -3.534996e+01
223 1.112500e-01 1 1   5.183669e+00  6.940741e-02 -3.563564e+01
224 1.117500e-01 1 1   5.212197e+00  6.905295e-02 -3.593158e+01
225 1.122500e-01 1 1   5.241907e+00  6.871566e-02 -3.623533e+01
226 1.127500e-01 1 1   5.272701e+00  6.841750e-02 -3.654287e+01
227 1.132500e-01 1 1   5.304359e+00  6.817003e-02 -3.684942e+01
228 1.137500e-01 1 1   5.336639e+00  6.797587e-02 -3.715144e+01
229 1.142500e-01 1 1   5.369322e+00  6.782540e-02 -3.744716e+01
230 1.147500e-01 1 1   5.402250e+00  6.769271e-02 -3.773669e+01
231 1.152500e-01 1 1   5.435315e+00  6.754110e-02 -3.802106e+01
232 1.157500e-01 1 1   5.468509e+00  6.732835e-02 -3.830263e+01
233 1.162500e-01 1 1   5.501852e+00  6.701878e-02 -3.858331e+01
234 1.167500e-01 1 1   5.535368e+00  6.659503e-02 -3.886398e+01
235 1.172500e-01 1 1   5.569057e+00  6.606376e-02 -3.914402e+01
236 1.177500e-01 1 1   5.602960e+00  6.546556e-02 -3.942288e+01
237 1.182500e-01 1 1   5.637123e+00  6.486383e-02 -3.969960e+01
238 1.187500e-01 1 1   5.671586e+00  6.432531e-02 -3.997304e+01
239 1.192500e-01 1 1   5.706393e+00  6.390517e-02 -4.024232e+01
240 1.197500e-01 1 1   5.741601e+00  6.363705e-02 -4.050734e+01
241 1.202500e-01 1 1   5.777231e+00  6.352346e-02 -4.076804e+01
242 1.207500e-01 1 1   5.813247e+00  6.352829e-02 -4.102419e+01
243 1.212500e-01 1 1   5.849626e+00  6.359396e-02 -4.127649e+01
244 1.217500e-01 1 1   5.886361e+00  6.364953e-02 -4.152632e+01
245 1.222500e-01 1 1   5.923483e+00  6.361961e-02 -4.177573e+01
246 1.227500e-01 1 1   5.961084e+00  6.344539e-02 -4.202736e+01
247 1.232500e-01 1 1   5.999314e+00  6.309989e-02 -4.228411e+01
248 1.237500e-01 1 1   6.038311e+00  6.260255e-02 -4.254790e+01
249 1.242500e-01 1 1   6.078120e+00  6.200735e-02 -4.281864e+01
250 1.247500e-01 1 1   6.118663e+00  6.139472e-02 -4.309411e+01
251 1.252500e-01 1 1   6.159713e+00  6.085027e-02 -4.336996e+01
252 1.257500e-01 1 1   6.200928e+00  6.043254e-02 -4.364049e+01
253 1.262500e-01 1 1   6.241937e+00  6.015679e-02 -4.390025e+01
254 1.267500e-01 1 1   6.282451e+00  5.999449e-02 -4.414545e+01
255 1.272500e-01 1 1   6.322335e+00  5.988150e-02 -4.437493e+01
256 1.277500e-01 1 1   6.361651e+00  5.974732e-02 -4.459044e+01
257 1.282500e-01 1 1   6.400633e+00  5.953307e-02 -4.479604e+01
258 1.287500e-01 1 1   6.439612e+00  5.920641e-02 -4.499700e+01
259 1.292500e-01 1 1   6.478909e+00  5.877317e-02 -4.519829e+01
260 1.297500e-01 1 1   6.518745e+00  5.825761e-02 -4.540341e+01
261 1.302500e-01 1 1   6.559170e+00  5.770336e-02 -4.561359e+01
262 1.307500e-01 1 1   6.600053e+00  5.715899e-02 -4.582766e+01
263 1.312500e-01 1 1   6.641103e+00  5.666594e-02 -4.604246e+01
264 1.317500e-01 1 1   6.681932e+00  5.625514e-02 -4.625361e+01
265 1.322500e-01 1 1   6.722127e+00  5.593643e-02 -4.645639e+01
266 1.327500e-01 1 1   6.761325e+00  5.569772e-02 -4.664663e+01
267 1.332500e-01 1 1   6.799278e+00  5.550398e-02 -4.682144e+01
268 1.337500e-01 1 1   6.835897e+00  5.530448e-02 -4.697960e+01
269 1.342500e-01 1 1   6.871262e+00  5.504858e-02 -4.712176e+01
270 1.347500e-01 1 1   6.905614e+00  5.469637e-02 -4.725023e+01
271 1.352500e-01 1 1   6.939293e+00  5.423680e-02 -4.736841e+01
272 1.357500e-01 1 1   6.972669e+00  5.368562e-02 -4.748009e+01
273 1.362500e-01 1 1   7.006043e+00  5.307877e-02 -4.758856e+01
274 1.367500e-01 1 1   7.039568e+00  5.246305e-02 -4.769588e+01
275 1.372500e-01 1 1   7.073187e+00  5.187974e-02 -4.780238e+01
276 1.377500e-01 1 1   7.106647e+00  5.135644e-02 -4.790678e+01
277 1.382500e-01 1 1   7.139575e+00  5.090232e-02 -4.800685e+01
278 1.387500e-01 1 1   7.171537e+00  5.050341e-02 -4.809979e+01
279 1.392500e-01 1 1   7.202159e+00  5.012936e-02 -4.818314e+01
280 1.397500e-01 1 1   7.231219e+00  4.973632e-02 -4.825548e+01
281 1.402500e-01 1 1   7.258688e+00  4.927896e-02 -4.831668e+01
282 1.407500e-01 1 1   7.284717e+00  4.872128e-02 -4.836766e+01
283 1.412500e-01 1 1   7.309563e+00  4.805075e-02 -4.840989e+01
284 1.417500e-01 1 1   7.333515e+00  4.728629e-02 -4.844480e+01
285 1.422500e-01 1 1   7.356829e+00  4.647927e-02 -4.847366e+01
286 1.427500e-01 1 1   7.379641e+00  4.570366e-02 -4.849677e+01
287 1.432500e-01 1 1   7.401915e+00  4.502994e-02 -4.851328e+01
288 1.437500e-01 1 1   7.423512e+00  4.450297e-02 -4.852190e+01
289 1.442500e-01 1 1   7.444164e+00  4.412709e-02 -4.852057e+01
290 1.447500e-01 1 1   7.463538e+00  4.386448e-02 -4.850710e+01
291 1.452500e-01 1 1   7.481293e+00  4.364290e-02 -4.847949e+01
292 1.457500e-01 1 1   7.497150e+00  4.337931e-02 -4.843650e+01
293 1.462500e-01 1 1   7.510901e+00  4.300293e-02 -4.837757e+01
294 1.467500e-01 1 1   7.522542e+00  4.246487e-02 -4.830383e+01
295 1.472500e-01 1 1   7.532173e+00  4.175278e-02 -4.821704e+01
296 1.477500e-01 1 1   7.540011e+00  4.088976e-02 -4.811954e+01
297 1.482500e-01 1 1   7.546353e+00  3.991972e-02 -4.801384e+01
298 1.487500e-01 1 1   7.551477e+00  3.890337e-02 -4.790178e+01
299 1.492500e-01 1 1   7.555552e+00  3.790424e-02 -4.778390e+01
300 1.497500e-01 1 1   7.558583e+00  3.697703e-02 -4.765916e+01
301 1.502500e-01 1 1   7.560410e+00  3.615605e-02 -4.752519e+01
302 1.507500e-01 1 1   7.560758e+00  3.545163e-02 -4.737901e+01
303 1.512500e-01 1 1   7.559384e+00  3.484843e-02 -4.721834e+01
304 1.517500e-01 1 1   7.555937e+00  3.431552e-02 -4.704035e+01
305 1.522500e-01 1 1   7.550437e+00  3.381424e-02 -4.684571e+01
306 1.527500e-01 1 1   7.542895e+00  3.331550e-02 -4.663505e+01
307 1.532500e-01 1 1   7.533511e+00  3.279776e-02 -4.641062e+01
308 1.537500e-01 1 1   7.522577e+00  3.225544e-02 -4.617534e+01
309 1.542500e-01 1 1   7.510263e+00  3.168800e-02 -4.593072e+01
310 1.547500e-01 1 1   7.496890e+00  3.109808e-02 -4.567964e+01
311 1.552500e-01 1 1   7.482549e+00  3.047902e-02 -4.542287e+01
312 1.557500e-01 1 1   7.467292e+00  2.981502e-02 -4.516068e+01
313 1.562500e-01 1 1   7.451158e+00  2.909145e-02 -4.489331e+01
314 1.567500e-01 1 1   7.434166e+00  2.830245e-02 -4.462077e+01
315 1.572500e-01 1 1   7.416292e+00  2.745095e-02 -4.434265e+01
316 1.577500e-01 1 1   7.397456e+00  2.654857e-02 -4.405794e+01
317 1.582500e-01 1 1   7.377517e+00  2.561081e-02 -4.376500e+01
318 1.587500e-01 1 1   7.356277e+00  2.465342e-02 -4.346165e+01
319 1.592500e-01 1 1   7.333518e+00  2.369195e-02 -4.314551e+01
320 1.597500e-01 1 1   7.309049e+00  2.274446e-02 -4.281450e+01
321 1.602500e-01 1 1   7.282755e+00  2.183538e-02 -4.246726e+01
322 1.607500e-01 1 1   7.254624e+00  2.099548e-02 -4.210351e+01
323 1.612500e-01 1 1   7.224738e+00  2.025456e-02 -4.172394e+01
324 1.617500e-01 1 1   7.193240e+00  1.963497e-02 -4.132991e+01
325 1.622500e-01 1 1   7.160269e+00  1.913422e-02 -4.092293e+01
326 1.627500e-01 1 1   7.125921e+00  1.874142e-02 -4.050404e+01
327 1.632500e-01 1 1   7.090302e+00  1.841068e-02 -4.007456e+01
328 1.637500e-01 1 1   7.053437e+00  1.807932e-02 -3.963485e+01
329 1.642500e-01 1 1   7.015352e+00  1.768234e-02 -3.918505e+01
330 1.647500e-01 1 1   6.976140e+00  1.716725e-02 -3.872561e+01
331 1.652500e-01 1 1   6.935973e+00  1.650321e-02 -3.825743e+01
332 1.657500e-01 1 1   6.895097e+00  1.568350e-02 -3.778184e+01
333 1.662500e-01 1 1   6.853788e+00  1.472795e-02 -3.730037e+01
334 1.667500e-01 1 1   6.812337e+00  1.367927e-02 -3.681475e+01
335 1.672500e-01 1 1   6.770816e+00  1.260010e-02 -3.632500e+01
336 1.677500e-01 1 1   6.729302e+00  1.156525e-02 -3.583145e+01
337 1.682500e-01 1 2   6.687396e+00  1.067043e-02 -3.533141e+01
338 1.687500e-01 1 1   6.645677e+00  9.857605e-03 -3.482840e+01
339 1.692500e-01 1 1   6.603282e+00  9.207901e-03 -3.431767e+01
340 1.697500e-01 1 1   6.559963e+00  8.736932e-03 -3.379742e+01
341 1.702500e-01 1 1   6.515595e+00  8.392732e-03 -3.326720e+01
342 1.707500e-01 1 1   6.470137e+00  8.110121e-03 -3.272725e+01
343 1.712500e-01 1 1   6.423612e+00  7.842554e-03 -3.217808e+01
344 1.717500e-01 1 1   6.376149e+00  7.562672e-03 -3.162068e+01
345 1.722500e-01 1 1   6.327987e+00  7.249238e-03 -3.105653e+01
346 1.727500e-01 1 1   6.279452e+00  6.883516e-03 -3.048752e+01
347 1.732500e-01 1 1   6.230899e+00  6.454604e-03 -2.991562e+01
348 1.737500e-01 1 1   6.182638e+00  5.959479e-03 -2.934238e+01
349 1.742500e-01 1 1   6.134871e+00  5.409042e-03 -2.876858e+01
350 1.747500e-01 1 1   6.087643e+00  4.825011e-03 -2.819399e+01
351 1.752500e-01 1 1   6.040838e+00  4.236036e-03 -2.761730e+01
352 1.757500e-01 1 1   5.994197e+00  3.667600e-03 -2.703639e+01
353 1.762500e-01 1 1   5.947377e+00  3.138392e-03 -2.644872e+01
354 1.767500e-01 1 1   5.900039e+00  2.654266e-03 -2.585204e+01
355 1.772500e-01 1 1   5.851928e+00  2.204186e-03 -2.524496e+01
356 1.777500e-01 1 1   5.802911e+00  1.777583e-03 -2.462722e+01
357 1.782500e-01 1 1   5.753011e+00  1.364486e-03 -2.399974e+01
358 1.787500e-01 1 1   5.702394e+00  9.684491e-04 -2.336462e+01
359 1.792500e-01 1 1   5.651346e+00  6.042737e-04 -2.272481e+01
360 1.797500e-01 1 1   5.600150e+00  2.907776e-04 -2.208286e+01
361 1.802500e-01 1 1   5.549105e+00  4.820455e-05 -2.144127e+01
362 1.807500e-01 1 1   5.498464e+00 -1.036870e-04 -2.080195e+01
363 1.812500e-01 1 1   5.448395e+00 -1.682304e-04 -2.016583e+01
364 1.817500e-01 1 1   5.398972e+00 -1.616434e-04 -1.953290e+01
365 1.822500e-01 1 1   5.350191e+00 -1.156468e-04 -1.890243e+01
366 1.827500e-01 1 1   5.301988e+00 -7.052637e-05 -1.827326e+01
367 1.832500e-01 1 1   5.254258e+00 -6.983525e-05 -1.764404e+01
368 1.837500e-01 1 1   5.206886e+00 -1.448427e-04 -1.701361e+01
369 1.842500e-01 1 1   5.159789e+00 -3.131232e-04 -1.638134e+01
370 1.847500e-01 1 1   5.112920e+00 -5.716575e-04 -1.574732e+01
371 1.852500e-01 1 1   5.066275e+00 -8.916406e-04 -1.511218e+01
372 1.857500e-01 1 1   5.019877e+00 -1.226218e-03 -1.447686e+01
373 1.862500e-01 1 1   4.973752e+00 -1.521276e-03 -1.384226e+01
374 1.867500e-01 1 1   4.927904e+00 -1.731523e-03 -1.320887e+01
375 1.872500e-01 1 1   4.882311e+00 -1.831990e-03 -1.257656e+01
376 1.877500e-01 1 1   4.836935e+00 -1.821782e-03 -1.194479e+01
377 1.882500e-01 1 1   4.791726e+00 -1.724855e-03 -1.131271e+01
378 1.887500e-01 1 1   4.746669e+00 -1.579984e-03 -1.067969e+01
379 1.892500e-01 1 1   4.701798e+00 -1.429659e-03 -1.004570e+01
380 1.897500e-01 1 1   4.657213e+00 -1.311721e-03 -9.411555e+00
381 1.902500e-01 1 1   4.613062e+00 -1.245745e-03 -8.778732e+00
382 1.907500e-01 1 1   4.569506e+00 -1.240187e-03 -8.148991e+00
383 1.912500e-01 1 1   4.526681e+00 -1.279892e-03 -7.523913e+00
384 1.917500e-01 1 1   4.484622e+00 -1.338822e-03 -6.903891e+00
385 1.922500e-01 1 1   4.443280e+00 -1.387993e-03 -6.288145e+00
386 1.927500e-01 1 1   4.402506e+00 -1.402080e-03 -5.674736e+00
387 1.932500e-01 1 1   4.362090e+00 -1.356356e-03 -5.060935e+00
388 1.937500e-01 1 1   4.321811e+00 -1.242293e-03 -4.443876e+00
389 1.942500e-01 1 1   4.281492e+00 -1.066889e-03 -3.821273e+00
390 1.947500e-01 1 1   4.241044e+00 -8.475945e-04 -3.192036e+00
391 1.952500e-01 1 1   4.200484e+00 -6.089092e-04 -2.556428e+00
392 1.957500e-01 1 1   4.159936e+00 -3.792739e-04 -1.916017e+00
393 1.962500e-01 1 1   4.119599e+00 -1.799493e-04 -1.273410e+00
394 1.967500e-01 1 1   4.079719e+00 -2.782771e-05 -6.315855e-01
395 1.972500e-01 1 1   4.040562e+00  7.190463e-05  6.062022e-03
396 1.977500e-01 1 1   4.002346e+00  1.264787e-04  6.369716e-01
397 1.982500e-01 1 1   3.965239e+00  1.426645e-04  1.259217e+00
398 1.987500e-01 1 1   3.929329e+00  1.389367e-04  1.871825e+00
399 1.992500e-01 1 1   3.894612e+00  1.328966e-04  2.475040e+00
400 1.997500e-01 1 1   3.860995e+00  1.448707e-04  3.070274e+00
401 2.002500e-01 1 1   3.828310e+00  1.905294e-04  3.659914e+00
402 2.007500e-01 1 1   3.796340e+00  2.795957e-04  4.246964e+00
403 2.012500e-01 1 1   3.764867e+00  4.142328e-04  4.834421e+00
404 2.017500e-01 1 1   3.733706e+00  5.906237e-04  5.424740e+00
405 2.022500e-01 1 1   3.702738e+00  7.976920e-04  6.019410e+00
406 2.027500e-01 1 1   3.671927e+00  1.019075e-03  6.618821e+00
407 2.032500e-01 1 1   3.641337e+00  1.241370e-03  7.221923e+00
408 2.037500e-01 1 1   3.611087e+00  1.453026e-03  7.827043e+00
409 2.042500e-01 1 1   3.581347e+00  1.649069e-03  8.432049e+00
410 2.047500e-01 1 1   3.552277e+00  1.826016e-03  9.035379e+00
411 2.052500e-01 1 1   3.524017e+00  1.979270e-03  9.635923e+00
412 2.057500e-01 1 1   3.496664e+00  2.110952e-03  1.023348e+01
413 2.062500e-01 1 1   3.470255e+00  2.222504e-03  1.082887e+01
414 2.067500e-01 1 1   3.444787e+00  2.312487e-03  1.142331e+01
415 2.072500e-01 1 1   3.420219e+00  2.380325e-03  1.201821e+01
416 2.077500e-01 1 1   3.396489e+00  2.430477e-03  1.261478e+01
417 2.082500e-01 1 1   3.373517e+00  2.468240e-03  1.321390e+01
418 2.087500e-01 1 1   3.351220e+00  2.501292e-03  1.381592e+01
419 2.092500e-01 1 1   3.329526e+00  2.537444e-03  1.442066e+01
420 2.097500e-01 1 1   3.308377e+00  2.585663e-03  1.502757e+01
421 2.102500e-01 1 1   3.287732e+00  2.654248e-03  1.563585e+01
422 2.107500e-01 1 1   3.267585e+00  2.747476e-03  1.624462e+01
423 2.112500e-01 1 1   3.247956e+00  2.867913e-03  1.685300e+01
424 2.117500e-01 1 1   3.228897e+00  3.014866e-03  1.746037e+01
425 2.122500e-01 1 1   3.210484e+00  3.182659e-03  1.806643e+01
426 2.127500e-01 1 1   3.192798e+00  3.361980e-03  1.867134e+01
427 2.132500e-01 1 1   3.175928e+00  3.543724e-03  1.927556e+01
428 2.137500e-01 1 1   3.159959e+00  3.714604e-03  1.987965e+01
429 2.142500e-01 1 1   3.144956e+00  3.862844e-03  2.048400e+01
430 2.147500e-01 1 1   3.130967e+00  3.980532e-03  2.108876e+01
431 2.152500e-01 1 1   3.118019e+00  4.062115e-03  2.169363e+01
432 2.157500e-01 1 1   3.106104e+00  4.107730e-03  2.229790e+01
433 2.162500e-01 1 1   3.095196e+00  4.124039e-03  2.290065e+01
434 2.167500e-01 1 1   3.085241e+00  4.118450e-03  2.350093e+01
435 2.172500e-01 1 1   3.076166e+00  4.109087e-03  2.409815e+01
436 2.177500e-01 1 1   3.067893e+00  4.105635e-03  2.469234e+01
437 2.182500e-01 1 1   3.060347e+00  4.121509e-03  2.528424e+01
438 2.187500e-01 1 1   3.053469e+00  4.161936e-03  2.587532e+01
439 2.192500e-01 1 1   3.047229e+00  4.228467e-03  2.646761e+01
440 2.197500e-01 1 1   3.041631e+00  4.315032e-03  2.706332e+01
441 2.202500e-01 1 1   3.036719e+00  4.414559e-03  2.766456e+01
442 2.207500e-01 1 1   3.032566e+00  4.516020e-03  2.827283e+01
443 2.212500e-01 1 1   3.029264e+00  4.608516e-03  2.888881e+01
444 2.217500e-01 1 1   3.026906e+00  4.687907e-03  2.951203e+01
445 2.222500e-01 1 1   3.025569e+00  4.749351e-03  3.014096e+01
446 2.227500e-01 1 1   3.025313e+00  4.789758e-03  3.077319e+01
447 2.232500e-01 1 1   3.026152e+00  4.816150e-03  3.140579e+01
448 2.237500e-01 1 1   3.028072e+00  4.832101e-03  3.203601e+01
449 2.242500e-01 1 1   3.031035e+00  4.848158e-03  3.266181e+01
450 2.247500e-01 1 1   3.034980e+00  4.870278e-03  3.328235e+01
451 2.252500e-01 1 1   3.039849e+00  4.893825e-03  3.389864e+01
452 2.257500e-01 1 1   3.045610e+00  4.939448e-03  3.451167e+01
453 2.262500e-01 1 2   3.051974e+00  5.029052e-03  3.512511e+01
454 2.267500e-01 1 1   3.059743e+00  5.066151e-03  3.573809e+01
455 2.272500e-01 1 1   3.068194e+00  5.115961e-03  3.635559e+01
456 2.277500e-01 1 1   3.077550e+00  5.177515e-03  3.697905e+01
457 2.282500e-01 1 1   3.087933e+00  5.235678e-03  3.760688e+01
458 2.287500e-01 1 1   3.099408e+00  5.287355e-03  3.823636e+01
459 2.292500e-01 1 1   3.112012e+00  5.334198e-03  3.886464e+01
460 2.297500e-01 1 1   3.125768e+00  5.379010e-03  3.948957e+01
461 2.302500e-01 1 1   3.140663e+00  5.414264e-03  4.010842e+01
462 2.307500e-01 1 1   3.156673e+00  5.441902e-03  4.072048e+01
463 2.312500e-01 1 1   3.173762e+00  5.457122e-03  4.132588e+01
464 2.317500e-01 1 1   3.191886e+00  5.459895e-03  4.192557e+01
465 2.322500e-01 1 1   3.211001e+00  5.443212e-03  4.252120e+01
466 2.327500e-01 1 1   3.231072e+00  5.401967e-03  4.311472e+01
467 2.332500e-01 1 1   3.252084e+00  5.334734e-03  4.370790e+01
468 2.337500e-01 1 1   3.274040e+00  5.249509e-03  4.430212e+01
469 2.342500e-01 1 1   3.296946e+00  5.152699e-03  4.489749e+01
470 2.347500e-01 1 1   3.320832e+00  5.057510e-03  4.549380e+01
471 2.352500e-01 1 1   3.345743e+00  4.983084e-03  4.609020e+01
472 2.357500e-01 1 1   3.371727e+00  4.942590e-03  4.668520e+01
473 2.362500e-01 1 1   3.398827e+00  4.941551e-03  4.727718e+01
474 2.367500e-01 1 1   3.427099e+00  4.972068e-03  4.786486e+01
475 2.372500e-01 1 1   3.456598e+00  5.023315e-03  4.844758e+01
476 2.377500e-01 1 1   3.487377e+00  5.071611e-03  4.902538e+01
477 2.382500e-01 1 1   3.519479e+00  5.096913e-03  4.959904e+01
478 2.387500e-01 1 1   3.552929e+00  5.086203e-03  5.016980e+01
479 2.392500e-01 1 1   3.587723e+00  5.021357e-03  5.073847e+01
480 2.397500e-01 1 1   3.623807e+00  4.901966e-03  5.130603e+01
481 2.402500e-01 1 1   3.661085e+00  4.731321e-03  5.187231e+01
482 2.407500e-01 1 1   3.699420e+00  4.513957e-03  5.243659e+01
483 2.412500e-01 1 1   3.738612e+00  4.293927e-03  5.299575e+01
484 2.417500e-01 1 1   3.778460e+00  4.075588e-03  5.354705e+01
485 2.422500e-01 1 1   3.818787e+00  3.861504e-03  5.408837e+01
486 2.427500e-01 1 1   3.859476e+00  3.658538e-03  5.461801e+01
487 2.432500e-01 1 1   3.900468e+00  3.473729e-03  5.513492e+01
488 2.437500e-01 1 1   3.941759e+00  3.316759e-03  5.563865e+01
489 2.442500e-01 1 1   3.983477e+00  3.158179e-03  5.613182e+01
490 2.447500e-01 1 1   4.025736e+00  3.006173e-03  5.661515e+01
491 2.452500e-01 1 1   4.068697e+00  2.839309e-03  5.709044e+01
492 2.457500e-01 1 2   4.112311e+00  2.661458e-03  5.756059e+01
493 2.462500e-01 1 1   4.157238e+00  2.402480e-03  5.802341e+01
494 2.467500e-01 1 1   4.202998e+00  2.096140e-03  5.848266e+01
495 2.472500e-01 1 1   4.249749e+00  1.713595e-03  5.893863e+01
496 2.477500e-01 1 1   4.297352e+00  1.286943e-03  5.938774e+01
497 2.482500e-01 1 1   4.345610e+00  8.484770e-04  5.982739e+01
498 2.487500e-01 1 1   4.394306e+00  4.103313e-04  6.025584e+01
499 2.492500e-01 1 1   4.443246e+00 -1.451739e-05  6.067161e+01
500 2.497500e-01 1 1   4.492259e+00 -4.092082e-04  6.107345e+01
501 2.502500e-01 1 1   4.541219e+00 -7.615673e-04  6.146080e+01
502 2.507500e-01 1 1   4.590085e+00 -1.077820e-03  6.183411e+01
503 2.512500e-01 1 1   4.638900e+00 -1.380989e-03  6.219477e+01
504 2.517500e-01 1 1   4.687772e+00 -1.711261e-03  6.254484e+01
505 2.522500e-01 1 1   4.736848e+00 -2.107038e-03  6.288664e+01
506 2.527500e-01 1 1   4.786278e+00 -2.595501e-03  6.322229e+01
507 2.532500e-01 1 1   4.836148e+00 -3.184680e-03  6.355285e+01
508 2.537500e-01 1 1   4.886518e+00 -3.875248e-03  6.387948e+01
509 2.542500e-01 1 1   4.937361e+00 -4.646941e-03  6.420213e+01
510 2.547500e-01 1 1   4.988459e+00 -5.445793e-03  6.451784e+01
511 2.552500e-01 1 1   5.039571e+00 -6.237265e-03  6.482413e+01
512 2.557500e-01 1 1   5.090419e+00 -6.992016e-03  6.511847e+01
513 2.562500e-01 1 1   5.140710e+00 -7.696430e-03  6.539814e+01
514 2.567500e-01 1 1   5.190167e+00 -8.349018e-03  6.566061e+01
515 2.572500e-01 1 1   5.238576e+00 -8.958213e-03  6.590410e+01
516 2.577500e-01 1 1   5.285820e+00 -9.551430e-03  6.612787e+01
517 2.582500e-01 1 1   5.331896e+00 -1.016457e-02  6.633241e+01
518 2.587500e-01 1 1   5.376890e+00 -1.083030e-02  6.651907e+01
519 2.592500e-01 1 1   5.420943e+00 -1.157017e-02  6.668965e+01
520 2.597500e-01 1 1   5.464218e+00 -1.238971e-02  6.684612e+01
521 2.602500e-01 1 1   5.506823e+00 -1.328241e-02  6.698970e+01
522 2.607500e-01 1 1   5.548888e+00 -1.423943e-02  6.712235e+01
523 2.612500e-01 1 1   5.590421e+00 -1.523592e-02  6.724461e+01
524 2.617500e-01 1 1   5.631278e+00 -1.624038e-02  6.735486e+01
525 2.622500e-01 1 1   5.671328e+00 -1.724551e-02  6.745231e+01
526 2.627500e-01 1 1   5.710447e+00 -1.826189e-02  6.753638e+01
527 2.632500e-01 1 1   5.748517e+00 -1.930644e-02  6.760657e+01
528 2.637500e-01 1 1   5.785450e+00 -2.039636e-02  6.766264e+01
529 2.642500e-01 1 1   5.821179e+00 -2.154586e-02  6.770451e+01
530 2.647500e-01 1 1   5.855722e+00 -2.276874e-02  6.773320e+01
531 2.652500e-01 1 1   5.889104e+00 -2.406091e-02  6.774950e+01
532 2.657500e-01 1 1   5.921308e+00 -2.540261e-02  6.775362e+01
533 2.662500e-01 1 1   5.952291e+00 -2.675437e-02  6.774538e+01
534 2.667500e-01 1 1   5.981991e+00 -2.807076e-02  6.772420e+01
535 2.672500e-01 1 1   6.010328e+00 -2.930746e-02  6.768919e+01
536 2.677500e-01 1 1   6.037218e+00 -3.043144e-02  6.763931e+01
537 2.682500e-01 1 1   6.062596e+00 -3.143265e-02  6.757361e+01
538 2.687500e-01 1 1   6.086439e+00 -3.233008e-02  6.749154e+01
539 2.692500e-01 1 1   6.108769e+00 -3.317185e-02  6.739315e+01
540 2.697500e-01 1 1   6.129641e+00 -3.403203e-02  6.727894e+01
541 2.702500e-01 1 1   6.149162e+00 -3.498977e-02  6.715016e+01
542 2.707500e-01 1 1   6.167425e+00 -3.611401e-02  6.700825e+01
543 2.712500e-01 1 1   6.184516e+00 -3.745750e-02  6.685478e+01
544 2.717500e-01 1 1   6.200399e+00 -3.902523e-02  6.669026e+01
545 2.722500e-01 1 1   6.215021e+00 -4.078402e-02  6.651517e+01
546 2.727500e-01 1 1   6.228244e+00 -4.267578e-02  6.632912e+01
547 2.732500e-01 1 1   6.239843e+00 -4.462021e-02  6.613065e+01
548 2.737500e-01 1 1   6.249556e+00 -4.652759e-02  6.591765e+01
549 2.742500e-01 1 1   6.257135e+00 -4.831907e-02  6.568773e+01
550 2.747500e-01 1 1   6.262355e+00 -4.994207e-02  6.543832e+01
551 2.752500e-01 1 1   6.265110e+00 -5.137404e-02  6.516764e+01
552 2.757500e-01 1 1   6.265488e+00 -5.262516e-02  6.487556e+01
553 2.762500e-01 1 1   6.263777e+00 -5.373859e-02  6.456383e+01
554 2.767500e-01 1 1   6.260150e+00 -5.477225e-02  6.423308e+01
555 2.772500e-01 1 1   6.254992e+00 -5.578085e-02  6.388623e+01
556 2.777500e-01 1 1   6.248695e+00 -5.681396e-02  6.352667e+01
557 2.782500e-01 1 1   6.241560e+00 -5.791107e-02  6.315730e+01
558 2.787500e-01 1 1   6.233781e+00 -5.910194e-02  6.278039e+01
559 2.792500e-01 1 1   6.225306e+00 -6.039787e-02  6.239605e+01
560 2.797500e-01 1 1   6.215965e+00 -6.179260e-02  6.200332e+01
561 2.802500e-01 1 1   6.205581e+00 -6.327203e-02  6.160121e+01
562 2.807500e-01 1 1   6.193906e+00 -6.481697e-02  6.118792e+01
563 2.812500e-01 1 1   6.180720e+00 -6.640641e-02  6.076169e+01
564 2.817500e-01 1 1   6.165872e+00 -6.801962e-02  6.032113e+01
565 2.822500e-01 1 1   6.149266e+00 -6.963356e-02  5.986511e+01
566 2.827500e-01 1 1   6.130928e+00 -7.122449e-02  5.939344e+01
567 2.832500e-01 1 1   6.111008e+00 -7.277338e-02  5.890698e+01
568 2.837500e-01 1 1   6.089711e+00 -7.426793e-02  5.840713e+01
569 2.842500e-01 1 1   6.067131e+00 -7.567453e-02  5.789401e+01
570 2.847500e-01 1 1   6.043734e+00 -7.705165e-02  5.737186e+01
571 2.852500e-01 1 1   6.019467e+00 -7.832811e-02  5.683953e+01
572 2.857500e-01 1 1   5.994560e+00 -7.956524e-02  5.629909e+01
573 2.862500e-01 1 1   5.968932e+00 -8.068790e-02  5.574959e+01
574 2.867500e-01 1 1   5.942565e+00 -8.177081e-02  5.519096e+01
575 2.872500e-01 1 1   5.915328e+00 -8.274270e-02  5.462206e+01
576 2.877500e-01 1 1   5.887061e+00 -8.369145e-02  5.404148e+01
577 2.882500e-01 1 1   5.857618e+00 -8.455760e-02  5.344795e+01
578 2.887500e-01 1 1   5.826894e+00 -8.544397e-02  5.284050e+01
579 2.892500e-01 1 1   5.794803e+00 -8.630657e-02  5.221832e+01
580 2.897500e-01 1 1   5.761360e+00 -8.725097e-02  5.158137e+01
581 2.902500e-01 1 1   5.726635e+00 -8.821908e-02  5.093010e+01
582 2.907500e-01 1 1   5.690712e+00 -8.926694e-02  5.026495e+01
583 2.912500e-01 1 1   5.653755e+00 -9.039430e-02  4.958720e+01
584 2.917500e-01 1 1   5.615974e+00 -9.155467e-02  4.889834e+01
585 2.922500e-01 1 1   5.577496e+00 -9.271103e-02  4.819908e+01
586 2.927500e-01 1 1   5.538490e+00 -9.381888e-02  4.749065e+01
587 2.932500e-01 1 1   5.499087e+00 -9.483369e-02  4.677398e+01
588 2.937500e-01 1 1   5.459300e+00 -9.575595e-02  4.604877e+01
589 2.942500e-01 1 1   5.419242e+00 -9.656353e-02  4.531592e+01
590 2.947500e-01 1 1   5.378961e+00 -9.725693e-02  4.457564e+01
591 2.952500e-01 1 1   5.338461e+00 -9.786554e-02  4.382776e+01
592 2.957500e-01 1 1   5.297845e+00 -9.840677e-02  4.307323e+01
593 2.962500e-01 1 1   5.257135e+00 -9.890824e-02  4.231218e+01
594 2.967500e-01 1 1   5.216367e+00 -9.940249e-02  4.154491e+01
595 2.972500e-01 1 1   5.175604e+00 -9.990083e-02  4.077217e+01
596 2.977500e-01 1 1   5.134914e+00 -1.004312e-01  3.999476e+01
597 2.982500e-01 1 1   5.094187e+00 -1.008841e-01  3.921147e+01
598 2.987500e-01 1 1   5.053437e+00 -1.013082e-01  3.842273e+01
599 2.992500e-01 1 1   5.012601e+00 -1.016914e-01  3.762806e+01
600 2.997500e-01 1 1   4.971586e+00 -1.019964e-01  3.682626e+01
601 3.002500e-01 1 1   4.930288e+00 -1.021978e-01  3.601580e+01
602 3.007500e-01 1 1   4.888634e+00 -1.022990e-01  3.519550e+01
603 3.012500e-01 1 1   4.846620e+00 -1.023284e-01  3.436473e+01
604 3.017500e-01 1 1   4.804304e+00 -1.023650e-01  3.352367e+01
605 3.022500e-01 1 1   4.761724e+00 -1.023348e-01  3.267193e+01
606 3.027500e-01 1 1   4.718995e+00 -1.023611e-01  3.181059e+01
607 3.032500e-01 1 1   4.676267e+00 -1.024730e-01  3.094158e+01
608 3.037500e-01 1 1   4.633670e+00 -1.026525e-01  3.006630e+01
609 3.042500e-01 1 1   4.591283e+00 -1.028699e-01  2.918569e+01
610 3.047500e-01 1 1   4.549116e+00 -1.030919e-01  2.830011e+01
611 3.052500e-01 1 1   4.507242e+00 -1.032688e-01  2.741049e+01
612 3.057500e-01 1 1   4.465645e+00 -1.033535e-01  2.651641e+01
613 3.062500e-01 1 1   4.424296e+00 -1.033134e-01  2.561700e+01
614 3.067500e-01 1 1   4.383189e+00 -1.031222e-01  2.471134e+01
615 3.072500e-01 1 1   4.342357e+00 -1.027791e-01  2.379860e+01
616 3.077500e-01 1 1   4.301864e+00 -1.022994e-01  2.287820e+01
617 3.082500e-01 1 1   4.261852e+00 -1.017493e-01  2.195065e+01
618 3.087500e-01 1 1   4.222342e+00 -1.010720e-01  2.101447e+01
619 3.092500e-01 1 1   4.183550e+00 -1.003997e-01  2.007195e+01
620 3.097500e-01 1 1   4.145603e+00 -9.976241e-02  1.912495e+01
621 3.102500e-01 1 1   4.108605e+00 -9.915436e-02  1.817471e+01
622 3.107500e-01 1 1   4.072572e+00 -9.856033e-02  1.722227e+01
623 3.112500e-01 1 1   4.037505e+00 -9.796021e-02  1.626866e+01
624 3.117500e-01 1 1   4.003338e+00 -9.734095e-02  1.531409e+01
625 3.122500e-01 1 1   3.969974e+00 -9.669810e-02  1.435823e+01
626 3.127500e-01 1 2   3.936762e+00 -9.602401e-02  1.339874e+01
627 3.132500e-01 1 1   3.905303e+00 -9.536963e-02  1.244044e+01
628 3.137500e-01 1 1   3.874011e+00 -9.467314e-02  1.147630e+01
629 3.142500e-01 1 1   3.843216e+00 -9.389033e-02  1.050467e+01
630 3.147500e-01 1 1   3.813186e+00 -9.314168e-02  9.528980e+00
631 3.152500e-01 1 1   3.784022e+00 -9.239345e-02  8.548823e+00
632 3.157500e-01 1 1   3.755849e+00 -9.164875e-02  7.563909e+00
633 3.162500e-01 1 1   3.728796e+00 -9.087665e-02  6.574869e+00
634 3.167500e-01 1 2   3.702330e+00 -9.000775e-02  5.579368e+00
635 3.172500e-01 1 1   3.678323e+00 -8.914032e-02  4.585222e+00
636 3.177500e-01 1 1   3.655191e+00 -8.817208e-02  3.586309e+00
637 3.182500e-01 1 1   3.633247e+00 -8.704268e-02  2.580085e+00
638 3.187500e-01 1 1   3.612534e+00 -8.579660e-02  1.567008e+00
639 3.192500e-01 1 1   3.593076e+00 -8.449210e-02  5.477997e-01
640 3.197500e-01 1 1   3.574915e+00 -8.317589e-02 -4.770898e-01
641 3.202500e-01 1 1   3.558067e+00 -8.185102e-02 -1.507737e+00
642 3.207500e-01 1 1   3.542565e+00 -8.053048e-02 -2.543870e+00
643 3.212500e-01 1 1   3.528470e+00 -7.923125e-02 -3.584511e+00
644 3.217500e-01 1 1   3.515870e+00 -7.797317e-02 -4.628353e+00
645 3.222500e-01 1 1   3.504858e+00 -7.675585e-02 -5.674201e+00
646 3.227500e-01 1 1   3.495531e+00 -7.557145e-02 -6.721200e+00
647 3.232500e-01 1 1   3.487978e+00 -7.439868e-02 -7.768941e+00
648 3.237500e-01 1 1   3.482282e+00 -7.322190e-02 -8.817485e+00
649 3.242500e-01 1 1   3.478519e+00 -7.201510e-02 -9.867324e+00
650 3.247500e-01 1 1   3.476765e+00 -7.076017e-02 -1.091923e+01
651 3.252500e-01 1 1   3.477084e+00 -6.944717e-02 -1.197409e+01
652 3.257500e-01 1 1   3.479549e+00 -6.807828e-02 -1.303236e+01
653 3.262500e-01 1 1   3.484209e+00 -6.665789e-02 -1.409433e+01
654 3.267500e-01 1 1   3.491097e+00 -6.517702e-02 -1.516030e+01
655 3.272500e-01 1 1   3.500234e+00 -6.365241e-02 -1.623015e+01
656 3.277500e-01 1 1   3.511638e+00 -6.209402e-02 -1.730286e+01
657 3.282500e-01 1 1   3.525301e+00 -6.051955e-02 -1.837734e+01
658 3.287500e-01 1 1   3.541206e+00 -5.892997e-02 -1.945278e+01
659 3.292500e-01 1 1   3.559346e+00 -5.733113e-02 -2.052865e+01
660 3.297500e-01 1 1   3.579720e+00 -5.572944e-02 -2.160465e+01
661 3.302500e-01 1 1   3.602347e+00 -5.412634e-02 -2.268083e+01
662 3.307500e-01 1 1   3.627273e+00 -5.252938e-02 -2.375759e+01
663 3.312500e-01 1 1   3.654571e+00 -5.094638e-02 -2.483550e+01
664 3.317500e-01 1 1   3.684344e+00 -4.939164e-02 -2.591445e+01
665 3.322500e-01 1 1   3.716699e+00 -4.784295e-02 -2.699629e+01
666 3.327500e-01 1 1   3.751766e+00 -4.629662e-02 -2.808202e+01
667 3.332500e-01 1 1   3.789665e+00 -4.475415e-02 -2.917175e+01
668 3.337500e-01 1 1   3.830500e+00 -4.320493e-02 -3.026567e+01
669 3.342500e-01 1 1   3.874360e+00 -4.163136e-02 -3.136407e+01
670 3.347500e-01 1 1   3.921296e+00 -4.003096e-02 -3.246701e+01
671 3.352500e-01 1 1   3.971340e+00 -3.838676e-02 -3.357433e+01
672 3.357500e-01 1 1   4.024501e+00 -3.669581e-02 -3.468566e+01
673 3.362500e-01 1 1   4.080772e+00 -3.496094e-02 -3.580040e+01
674 3.367500e-01 1 1   4.140142e+00 -3.318783e-02 -3.691799e+01
675 3.372500e-01 1 1   4.202619e+00 -3.137425e-02 -3.803824e+01
676 3.377500e-01 1 1   4.268225e+00 -2.953202e-02 -3.916062e+01
677 3.382500e-01 1 1   4.336984e+00 -2.766752e-02 -4.028436e+01
678 3.387500e-01 1 1   4.408943e+00 -2.580039e-02 -4.140873e+01
679 3.392500e-01 1 1   4.484159e+00 -2.394142e-02 -4.253310e+01
680 3.397500e-01 1 1   4.562687e+00 -2.209332e-02 -4.365688e+01
681 3.402500e-01 1 1   4.644576e+00 -2.026661e-02 -4.477952e+01
682 3.407500e-01 1 1   4.729841e+00 -1.846246e-02 -4.590026e+01
683 3.412500e-01 1 1   4.818494e+00 -1.666929e-02 -4.701877e+01
684 3.417500e-01 1 1   4.910527e+00 -1.489935e-02 -4.813564e+01
685 3.422500e-01 1 1   5.005895e+00 -1.313476e-02 -4.924954e+01
686 3.427500e-01 1 1   5.104582e+00 -1.137485e-02 -5.036092e+01
687 3.432500e-01 1 1   5.206585e+00 -9.615389e-03 -5.147120e+01
688 3.437500e-01 1 1   5.311853e+00 -7.848839e-03 -5.257928e+01
689 3.442500e-01 1 1   5.420405e+00 -6.065782e-03 -5.368550e+01
690 3.447500e-01 1 1   5.532283e+00 -4.264364e-03 -5.479043e+01
691 3.452500e-01 1 1   5.647563e+00 -2.447127e-03 -5.589512e+01
692 3.457500e-01 1 1   5.766298e+00 -6.177742e-04 -5.699903e+01
693 3.462500e-01 1 1   5.888547e+00  1.220030e-03 -5.810160e+01
694 3.467500e-01 1 1   6.014434e+00  3.057998e-03 -5.920349e+01
695 3.472500e-01 1 1   6.144012e+00  4.896758e-03 -6.030474e+01
696 3.477500e-01 1 1   6.277317e+00  6.734768e-03 -6.140480e+01
697 3.482500e-01 1 1   6.414400e+00  8.572741e-03 -6.250357e+01
698 3.487500e-01 1 1   6.555266e+00  1.040376e-02 -6.360103e+01
699 3.492500e-01 1 1   6.699905e+00  1.222913e-02 -6.469705e+01
700 3.497500e-01 1 1   6.848312e+00  1.404557e-02 -6.579164e+01
701 3.502500e-01 1 1   7.000471e+00  1.585280e-02 -6.688490e+01
702 3.507500e-01 1 1   7.156352e+00  1.766014e-02 -6.797676e+01
703 3.512500e-01 1 1   7.315901e+00  1.946138e-02 -6.906688e+01
704 3.517500e-01 1 1   7.479046e+00  2.125728e-02 -7.015454e+01
705 3.522500e-01 1 1   7.645673e+00  2.304345e-02 -7.123858e+01
706 3.527500e-01 1 1   7.815628e+00  2.482904e-02 -7.231747e+01
707 3.532500e-01 1 1   7.988739e+00  2.661136e-02 -7.338947e+01
708 3.537500e-01 1 1   8.164837e+00  2.837971e-02 -7.445291e+01
709 3.542500e-01 1 1   8.343767e+00  3.012387e-02 -7.550640e+01
710 3.547500e-01 1 1   8.525419e+00  3.183043e-02 -7.654906e+01
711 3.552500e-01 1 1   8.709752e+00  3.349684e-02 -7.758064e+01
712 3.557500e-01 1 1   8.896776e+00  3.510307e-02 -7.860148e+01
713 3.562500e-01 1 1   9.086549e+00  3.664253e-02 -7.961241e+01
714 3.567500e-01 1 1   9.279162e+00  3.811821e-02 -8.061449e+01
715 3.572500e-01 1 1   9.474680e+00  3.952551e-02 -8.160864e+01
716 3.577500e-01 1 1   9.673122e+00  4.087633e-02 -8.259549e+01
717 3.582500e-01 1 1   9.874442e+00  4.218256e-02 -8.357520e+01
718 3.587500e-01 1 1   1.007852e+01  4.345783e-02 -8.454746e+01
719 3.592500e-01 1 1   1.028517e+01  4.471385e-02 -8.551149e+01
720 3.597500e-01 1 1   1.049417e+01  4.595982e-02 -8.646622e+01
721 3.602500e-01 1 1   1.070527e+01  4.719772e-02 -8.741054e+01
722 3.607500e-01 1 1   1.091827e+01  4.842559e-02 -8.834352e+01
723 3.612500e-01 1 1   1.113305e+01  4.963187e-02 -8.926459e+01
724 3.617500e-01 1 1   1.134954e+01  5.079523e-02 -9.017357e+01
725 3.622500e-01 1 1   1.156781e+01  5.191242e-02 -9.107107e+01
726 3.627500e-01 1 1   1.178788e+01  5.296660e-02 -9.195709e+01
727 3.632500e-01 1 1   1.200984e+01  5.393560e-02 -9.283207e+01
728 3.637500e-01 1 1   1.223386e+01  5.483947e-02 -9.369752e+01
729 3.642500e-01 1 1   1.245983e+01  5.565399e-02 -9.455227e+01
730 3.647500e-01 1 1   1.268771e+01  5.638312e-02 -9.539646e+01
731 3.652500e-01 1 1   1.291731e+01  5.703405e-02 -9.622943e+01
732 3.657500e-01 1 1   1.314831e+01  5.760232e-02 -9.704974e+01
733 3.662500e-01 1 1   1.338037e+01  5.808612e-02 -9.785618e+01
734 3.667500e-01 1 1   1.361310e+01  5.848078e-02 -9.864741e+01
735 3.672500e-01 1 1   1.384614e+01  5.875777e-02 -9.942221e+01
736 3.677500e-01 1 1   1.407931e+01  5.891872e-02 -1.001806e+02
737 3.682500e-01 1 1   1.431246e+01  5.896503e-02 -1.009226e+02
738 3.687500e-01 1 1   1.454549e+01  5.889989e-02 -1.016484e+02
739 3.692500e-01 1 1   1.477834e+01  5.870671e-02 -1.023582e+02
740 3.697500e-01 1 1   1.501103e+01  5.839719e-02 -1.030524e+02
741 3.702500e-01 1 1   1.524356e+01  5.799609e-02 -1.037312e+02
742 3.707500e-01 1 1   1.547587e+01  5.752331e-02 -1.043944e+02
743 3.712500e-01 1 1   1.570784e+01  5.699403e-02 -1.050417e+02
744 3.717500e-01 1 1   1.593929e+01  5.641647e-02 -1.056721e+02
745 3.722500e-01 1 1   1.616998e+01  5.579378e-02 -1.062849e+02
746 3.727500e-01 1 1   1.639964e+01  5.512360e-02 -1.068791e+02
747 3.732500e-01 1 1   1.662799e+01  5.439460e-02 -1.074539e+02
748 3.737500e-01 1 1   1.685477e+01  5.359662e-02 -1.080089e+02
749 3.742500e-01 1 1   1.707977e+01  5.271011e-02 -1.085440e+02
750 3.747500e-01 1 1   1.730286e+01  5.170881e-02 -1.090595e+02
751 3.752500e-01 1 1   1.752388e+01  5.057424e-02 -1.095558e+02
752 3.757500e-01 1 1   1.774271e+01  4.928820e-02 -1.100328e+02
753 3.762500e-01 1 1   1.795931e+01  4.783030e-02 -1.104913e+02
754 3.767500e-01 1 1   1.817362e+01  4.619524e-02 -1.109316e+02
755 3.772500e-01 1 1   1.838558e+01  4.438312e-02 -1.113538e+02
756 3.777500e-01 1 1   1.859504e+01  4.240321e-02 -1.117576e+02
757 3.782500e-01 1 1   1.880195e+01  4.026326e-02 -1.121429e+02
758 3.787500e-01 1 1   1.900625e+01  3.798411e-02 -1.125099e+02
759 3.792500e-01 1 1   1.920767e+01  3.560675e-02 -1.128576e+02
760 3.797500e-01 1 1   1.940641e+01  3.313435e-02 -1.131876e+02
761 3.802500e-01 1 1   1.960242e+01  3.058659e-02 -1.135001e+02
762 3.807500e-01 1 1   1.979550e+01  2.799379e-02 -1.137947e+02
763 3.812500e-01 1 1   1.998546e+01  2.536797e-02 -1.140712e+02
764 3.817500e-01 1 1   2.017209e+01  2.270306e-02 -1.143293e+02
765 3.822500e-01 1 1   2.035517e+01  1.999543e-02 -1.145687e+02
766 3.827500e-01 1 1   2.053440e+01  1.724174e-02 -1.147887e+02
767 3.832500e-01 1 1   2.070948e+01  1.442768e-02 -1.149884e+02
768 3.837500e-01 1 1   2.088005e+01  1.154463e-02 -1.151670e+02
769 3.842500e-01 1 1   2.104585e+01  8.572631e-03 -1.153236e+02
770 3.847500e-01 1 1   2.120657e+01  5.512488e-03 -1.154574e+02
771 3.852500e-01 1 1   2.136203e+01  2.349899e-03 -1.155681e+02
772 3.857500e-01 1 1   2.151208e+01 -9.160908e-04 -1.156553e+02
773 3.862500e-01 1 1   2.165663e+01 -4.289705e-03 -1.157194e+02
774 3.867500e-01 1 1   2.179567e+01 -7.777068e-03 -1.157608e+02
775 3.872500e-01 1 1   2.192923e+01 -1.138922e-02 -1.157803e+02
776 3.877500e-01 1 1   2.205734e+01 -1.513504e-02 -1.157786e+02
777 3.882500e-01 1 1   2.218002e+01 -1.901707e-02 -1.157565e+02
778 3.887500e-01 1 1   2.229725e+01 -2.303288e-02 -1.157147e+02
779 3.892500e-01 1 1   2.240895e+01 -2.716215e-02 -1.156532e+02
780 3.897500e-01 1 1   2.251495e+01 -3.138133e-02 -1.155721e+02
781 3.902500e-01 1 1   2.261505e+01 -3.564881e-02 -1.154709e+02
782 3.907500e-01 1 1   2.270898e+01 -3.991990e-02 -1.153488e+02
783 3.912500e-01 1 1   2.279651e+01 -4.415115e-02 -1.152052e+02
784 3.917500e-01 1 1   2.287749e+01 -4.832410e-02 -1.150395e+02
785 3.922500e-01 1 1   2.295179e+01 -5.238948e-02 -1.148514e+02
786 3.927500e-01 1 1   2.301945e+01 -5.633854e-02 -1.146410e+02
787 3.932500e-01 1 1   2.308073e+01 -6.021107e-02 -1.144093e+02
788 3.937500e-01 1 1   2.313593e+01 -6.405770e-02 -1.141576e+02
789 3.942500e-01 1 1   2.318563e+01 -6.793533e-02 -1.138882e+02
790 3.947500e-01 1 1   2.323002e+01 -7.186114e-02 -1.136019e+02
791 3.952500e-01 1 1   2.326924e+01 -7.585579e-02 -1.132995e+02
792 3.957500e-01 1 1   2.330355e+01 -7.995861e-02 -1.129824e+02
793 3.962500e-01 1 1   2.333331e+01 -8.421717e-02 -1.126523e+02
794 3.967500e-01 1 1   2.335738e+01 -8.854857e-02 -1.123055e+02
795 3.972500e-01 1 1   2.337604e+01 -9.293846e-02 -1.119433e+02
796 3.977500e-01 1 1   2.338844e+01 -9.733630e-02 -1.115633e+02
797 3.982500e-01 1 1   2.339384e+01 -1.016924e-01 -1.111630e+02
798 3.987500e-01 1 1   2.339178e+01 -1.059639e-01 -1.107411e+02
799 3.992500e-01 1 1   2.338194e+01 -1.101262e-01 -1.102967e+02
800 3.997500e-01 1 1   2.336357e+01 -1.141607e-01 -1.098269e+02
801 4.002500e-01 1 1   2.333677e+01 -1.180688e-01 -1.093321e+02
802 4.007500e-01 1 1   2.330197e+01 -1.218632e-01 -1.088138e+02
803 4.012500e-01 1 1   2.325987e+01 -1.255628e-01 -1.082746e+02
804 4.017500e-01 1 1   2.321098e+01 -1.291934e-01 -1.077161e+02
805 4.022500e-01 1 1   2.315530e+01 -1.327696e-01 -1.071379e+02
806 4.027500e-01 1 1   2.309348e+01 -1.362945e-01 -1.065422e+02
807 4.032500e-01 1 1   2.302610e+01 -1.397662e-01 -1.059310e+02
808 4.037500e-01 1 1   2.295357e+01 -1.431874e-01 -1.053060e+02
809 4.042500e-01 1 1   2.287565e+01 -1.465658e-01 -1.046660e+02
810 4.047500e-01 1 1   2.279175e+01 -1.498983e-01 -1.040088e+02
811 4.052500e-01 1 1   2.270189e+01 -1.531739e-01 -1.033346e+02
812 4.057500e-01 1 1   2.260619e+01 -1.563833e-01 -1.026441e+02
813 4.062500e-01 1 1   2.250484e+01 -1.595299e-01 -1.019382e+02
814 4.067500e-01 1 1   2.239697e+01 -1.625967e-01 -1.012136e+02
815 4.072500e-01 1 1   2.228317e+01 -1.656171e-01 -1.004727e+02
816 4.077500e-01 1 1   2.216367e+01 -1.685373e-01 -9.971641e+01
817 4.082500e-01 1 1   2.203853e+01 -1.713318e-01 -9.894486e+01
818 4.087500e-01 1 1   2.190768e+01 -1.740190e-01 -9.815745e+01
819 4.092500e-01 1 1   2.177181e+01 -1.765654e-01 -9.735684e+01
820 4.097500e-01 1 1   2.163085e+01 -1.789432e-01 -9.654234e+01
821 4.102500e-01 1 1   2.148515e+01 -1.811426e-01 -9.571513e+01
822 4.107500e-01 1 1   2.133437e+01 -1.831765e-01 -9.487338e+01
823 4.112500e-01 1 1   2.117880e+01 -1.850554e-01 -9.401801e+01
824 4.117500e-01 1 1   2.101822e+01 -1.867949e-01 -9.314777e+01
825 4.122500e-01 1 1   2.085273e+01 -1.884196e-01 -9.226292e+01
826 4.127500e-01 1 1   2.068237e+01 -1.899569e-01 -9.136327e+01
827 4.132500e-01 1 1   2.050713e+01 -1.914302e-01 -9.044872e+01
828 4.137500e-01 1 1   2.032704e+01 -1.928584e-01 -8.951917e+01
829 4.142500e-01 1 1   2.014210e+01 -1.942500e-01 -8.857445e+01
830 4.147500e-01 1 1   1.995233e+01 -1.956041e-01 -8.761439e+01
831 4.152500e-01 1 1   1.975771e+01 -1.969101e-01 -8.663871e+01
832 4.157500e-01 1 1   1.955831e+01 -1.981497e-01 -8.564735e+01
833 4.162500e-01 1 1   1.935409e+01 -1.993085e-01 -8.463980e+01
834 4.167500e-01 1 1   1.914538e+01 -2.003603e-01 -8.361694e+01
835 4.172500e-01 1 1   1.893207e+01 -2.012962e-01 -8.257783e+01
836 4.177500e-01 1 1   1.871490e+01 -2.020877e-01 -8.152515e+01
837 4.182500e-01 1 1   1.849404e+01 -2.027245e-01 -8.045918e+01
838 4.187500e-01 1 1   1.826981e+01 -2.032154e-01 -7.938080e+01
839 4.192500e-01 1 1   1.804261e+01 -2.035722e-01 -7.829136e+01
840 4.197500e-01 1 1   1.781280e+01 -2.038040e-01 -7.719208e+01
841 4.202500e-01 1 1   1.758063e+01 -2.039256e-01 -7.608367e+01
842 4.207500e-01 1 1   1.734619e+01 -2.039564e-01 -7.496632e+01
843 4.212500e-01 1 1   1.710947e+01 -2.039148e-01 -7.383969e+01
844 4.217500e-01 1 1   1.687038e+01 -2.038078e-01 -7.270301e+01
845 4.222500e-01 1 1   1.662875e+01 -2.036285e-01 -7.155519e+01
846 4.227500e-01 1 1   1.638442e+01 -2.033612e-01 -7.039507e+01
847 4.232500e-01 1 1   1.613728e+01 -2.029925e-01 -6.922156e+01
848 4.237500e-01 1 1   1.588729e+01 -2.025074e-01 -6.803394e+01
849 4.242500e-01 1 1   1.563455e+01 -2.018974e-01 -6.683195e+01
850 4.247500e-01 1 1   1.537929e+01 -2.011647e-01 -6.561596e+01
851 4.252500e-01 1 1   1.512184e+01 -2.003249e-01 -6.438689e+01
852 4.257500e-01 1 1   1.486266e+01 -1.994067e-01 -6.314612e+01
853 4.262500e-01 1 1   1.460220e+01 -1.984433e-01 -6.189524e+01
854 4.267500e-01 1 1   1.434092e+01 -1.974725e-01 -6.063595e+01
855 4.272500e-01 1 1   1.407919e+01 -1.965277e-01 -5.936953e+01
856 4.277500e-01 1 1   1.381728e+01 -1.956187e-01 -5.809706e+01
857 4.282500e-01 1 1   1.355526e+01 -1.947459e-01 -5.681867e+01
858 4.287500e-01 1 1   1.329283e+01 -1.938940e-01 -5.553281e+01
859 4.292500e-01 1 1   1.303013e+01 -1.930055e-01 -5.423999e+01
860 4.297500e-01 1 1   1.276711e+01 -1.920009e-01 -5.293984e+01
861 4.302500e-01 1 1   1.250309e+01 -1.908355e-01 -5.162883e+01
862 4.307500e-01 1 1   1.223773e+01 -1.894798e-01 -5.030506e+01
863 4.312500e-01 1 1   1.197094e+01 -1.878874e-01 -4.896767e+01
864 4.317500e-01 1 1   1.170273e+01 -1.860319e-01 -4.761598e+01
865 4.322500e-01 1 1   1.143316e+01 -1.839308e-01 -4.624968e+01
866 4.327500e-01 1 1   1.116248e+01 -1.816396e-01 -4.486911e+01
867 4.332500e-01 1 1   1.089105e+01 -1.792128e-01 -4.347523e+01
868 4.337500e-01 1 1   1.061933e+01 -1.767022e-01 -4.206945e+01
869 4.342500e-01 1 1   1.034779e+01 -1.741579e-01 -4.065333e+01
870 4.347500e-01 1 1   1.007689e+01 -1.716158e-01 -3.922837e+01
871 4.352500e-01 1 1   9.806981e+00 -1.690917e-01 -3.779576e+01
872 4.357500e-01 1 1   9.538307e+00 -1.665897e-01 -3.635628e+01
873 4.362500e-01 1 1   9.271014e+00 -1.640984e-01 -3.491022e+01
874 4.367500e-01 1 1   9.005129e+00 -1.615953e-01 -3.345750e+01
875 4.372500e-01 1 1   8.740625e+00 -1.590531e-01 -3.199772e+01
876 4.377500e-01 1 1   8.477434e+00 -1.564464e-01 -3.053039e+01
877 4.382500e-01 1 1   8.215296e+00 -1.537628e-01 -2.905384e+01
878 4.387500e-01 1 1   7.954614e+00 -1.509646e-01 -2.756998e+01
879 4.392500e-01 1 1   7.695527e+00 -1.480386e-01 -2.607924e+01
880 4.397500e-01 1 1   7.437788e+00 -1.449893e-01 -2.457987e+01
881 4.402500e-01 1 1   7.181625e+00 -1.418046e-01 -2.307261e+01
882 4.407500e-01 1 1   6.927256e+00 -1.384573e-01 -2.155805e+01
883 4.412500e-01 1 1   6.674904e+00 -1.349259e-01 -2.003672e+01
884 4.417500e-01 1 1   6.424766e+00 -1.312037e-01 -1.850903e+01
885 4.422500e-01 1 1   6.176915e+00 -1.272920e-01 -1.697468e+01
886 4.427500e-01 1 1   5.931389e+00 -1.232034e-01 -1.543317e+01
887 4.432500e-01 1 1   5.688226e+00 -1.189659e-01 -1.388398e+01
888 4.437500e-01 1 1   5.447464e+00 -1.146010e-01 -1.232666e+01
889 4.442500e-01 1 1   5.208930e+00 -1.101515e-01 -1.075957e+01
890 4.447500e-01 1 1   4.972608e+00 -1.056236e-01 -9.182012e+00
891 4.452500e-01 1 1   4.738870e+00 -1.010991e-01 -7.595749e+00
892 4.457500e-01 1 1   4.508077e+00 -9.664946e-02 -6.002555e+00
893 4.462500e-01 1 1   4.279403e+00 -9.216044e-02 -4.396828e+00
894 4.467500e-01 1 1   4.053839e+00 -8.766448e-02 -2.784272e+00
895 4.472500e-01 1 2   3.828775e+00 -8.295621e-02 -1.156050e+00
896 4.477500e-01 1 1   3.610960e+00 -7.856321e-02  4.702097e-01
897 4.482500e-01 1 1   3.394964e+00 -7.402554e-02  2.106750e+00
898 4.487500e-01 1 1   3.181333e+00 -6.916747e-02  3.756595e+00
899 4.492500e-01 1 1   2.971067e+00 -6.408201e-02  5.415712e+00
900 4.497500e-01 1 1   2.764222e+00 -5.883703e-02  7.085001e+00
901 4.502500e-01 1 1   2.562032e+00 -5.348534e-02  8.756537e+00
902 4.507500e-01 1 1   2.364287e+00 -4.802367e-02  1.043267e+01
903 4.512500e-01 1 1   2.170895e+00 -4.241493e-02  1.211476e+01
904 4.517500e-01 1 1   1.982084e+00 -3.666822e-02  1.380200e+01
905 4.522500e-01 1 1   1.798135e+00 -3.081410e-02  1.549300e+01
906 4.527500e-01 1 1   1.619295e+00 -2.487435e-02  1.718627e+01
907 4.532500e-01 1 2   1.443872e+00 -1.869128e-02  1.888283e+01
908 4.537500e-01 1 1   1.277510e+00 -1.280019e-02  2.057549e+01
909 4.542500e-01 1 1   1.114902e+00 -6.788686e-03  2.227188e+01
910 4.547500e-01 1 1   9.568903e-01 -5.661899e-04  2.397415e+01
911 4.552500e-01 1 1   8.039179e-01  5.784866e-03  2.568147e+01
912 4.557500e-01 1 1   6.561929e-01  1.218662e-02  2.739298e+01
913 4.562500e-01 1 1   5.137460e-01  1.862525e-02  2.910918e+01
914 4.567500e-01 1 1   3.766876e-01  2.511479e-02  3.083009e+01
915 4.572500e-01 1 1   2.453539e-01  3.167043e-02  3.255403e+01
916 4.577500e-01 1 1   1.194246e-01  3.831406e-02  3.428553e+01
917 4.582500e-01 1 1  -7.715432e-04  4.504183e-02  3.602275e+01
918 4.587500e-01 1 1  -1.148599e-01  5.183339e-02  3.776368e+01
919 4.592500e-01 1 1  -2.226366e-01  5.868921e-02  3.950741e+01
920 4.597500e-01 1 1  -3.239977e-01  6.561788e-02  4.125370e+01
921 4.602500e-01 1 1  -4.188338e-01  7.262945e-02  4.300248e+01
922 4.607500e-01 1 1  -5.070792e-01  7.973110e-02  4.475368e+01
923 4.612500e-01 1 1  -5.886628e-01  8.692334e-02  4.650724e+01
924 4.617500e-01 1 1  -6.635080e-01  9.422776e-02  4.826302e+01
925 4.622500e-01 1 1  -7.315803e-01  1.016275e-01  5.002074e+01
926 4.627500e-01 1 1  -7.928181e-01  1.091250e-01  5.178007e+01
927 4.632500e-01 1 1  -8.471424e-01  1.167010e-01  5.354065e+01
928 4.637500e-01 1 1  -8.944511e-01  1.243580e-01  5.530184e+01
929 4.642500e-01 1 1  -9.346382e-01  1.320740e-01  5.706273e+01
930 4.647500e-01 1 1  -9.675932e-01  1.398340e-01  5.882254e+01
931 4.652500e-01 1 1  -9.933073e-01  1.476519e-01  6.058240e+01
932 4.657500e-01 1 1  -1.011379e+00  1.555010e-01  6.233712e+01
933 4.662500e-01 1 1  -1.021771e+00  1.633508e-01  6.408701e+01
934 4.667500e-01 1 1  -1.024502e+00  1.712253e-01  6.583312e+01
935 4.672500e-01 1 1  -1.019487e+00  1.791130e-01  6.757490e+01
936 4.677500e-01 1 1  -1.006679e+00  1.870177e-01  6.931268e+01
937 4.682500e-01 1 1  -9.859333e-01  1.949410e-01  7.104390e+01
938 4.687500e-01 1 1  -9.575339e-01  2.028867e-01  7.277463e+01
939 4.692500e-01 1 1  -9.212938e-01  2.108824e-01  7.450009e+01
940 4.697500e-01 1 1  -8.771570e-01  2.188905e-01  7.621804e+01
941 4.702500e-01 1 1  -8.252651e-01  2.269161e-01  7.793019e+01
942 4.707500e-01 1 1  -7.656762e-01  2.349631e-01  7.963695e+01
943 4.712500e-01 1 1  -6.984057e-01  2.430250e-01  8.133696e+01
944 4.717500e-01 1 1  -6.234957e-01  2.511018e-01  8.302967e+01
945 4.722500e-01 1 1  -5.409749e-01  2.591886e-01  8.471476e+01
946 4.727500e-01 1 1  -4.508358e-01  2.672805e-01  8.639157e+01
947 4.732500e-01 1 1  -3.530799e-01  2.753635e-01  8.805951e+01
948 4.737500e-01 1 1  -2.476802e-01  2.834347e-01  8.971853e+01
949 4.742500e-01 1 1  -1.346293e-01  2.914833e-01  9.136869e+01
950 4.747500e-01 1 1  -1.388061e-02  2.995109e-01  9.301007e+01
951 4.752500e-01 1 1   1.145682e-01  3.075150e-01  9.464302e+01
952 4.757500e-01 1 1   2.507232e-01  3.154668e-01  9.626671e+01
953 4.762500e-01 1 1   3.945578e-01  3.233948e-01  9.788184e+01
954 4.767500e-01 1 1   5.460334e-01  3.312933e-01  9.948790e+01
955 4.772500e-01 1 1   7.050650e-01  3.391653e-01  1.010837e+02
956 4.777500e-01 1 1   8.715208e-01  3.469969e-01  1.026683e+02
957 4.782500e-01 1 1   1.045269e+00  3.548115e-01  1.042407e+02
958 4.787500e-01 1 1   1.226155e+00  3.625771e-01  1.057995e+02
959 4.792500e-01 1 1   1.414016e+00  3.702781e-01  1.073435e+02
960 4.797500e-01 1 1   1.608727e+00  3.779219e-01  1.088725e+02
961 4.802500e-01 1 1   1.810187e+00  3.855064e-01  1.103859e+02
962 4.807500e-01 1 1   2.018266e+00  3.930405e-01  1.118833e+02
963 4.812500e-01 1 1   2.232849e+00  4.004855e-01  1.133644e+02
964 4.817500e-01 1 1   2.453810e+00  4.078299e-01  1.148292e+02
965 4.822500e-01 1 1   2.681068e+00  4.150315e-01  1.162777e+02
966 4.827500e-01 1 1   2.914498e+00  4.221317e-01  1.177106e+02
967 4.832500e-01 1 1   3.153970e+00  4.291442e-01  1.191275e+02
968 4.837500e-01 1 1   3.399283e+00  4.360646e-01  1.205274e+02
969 4.842500e-01 1 1   3.650197e+00  4.429025e-01  1.219094e+02
970 4.847500e-01 1 1   3.906451e+00  4.496377e-01  1.232724e+02
971 4.852500e-01 1 1   4.167810e+00  4.562218e-01  1.246151e+02
972 4.857500e-01 1 1   4.434039e+00  4.626779e-01  1.259369e+02
973 4.862500e-01 1 1   4.704817e+00  4.690413e-01  1.272353e+02
974 4.867500e-01 1 1   4.980346e+00  4.752309e-01  1.285142e+02
975 4.872500e-01 1 2   5.258666e+00  4.813315e-01  1.297714e+02
976 4.877500e-01 1 1   5.543971e+00  4.873008e-01  1.310003e+02
977 4.882500e-01 1 2   5.830819e+00  4.932176e-01  1.322081e+02
978 4.887500e-01 1 1   6.124265e+00  4.989465e-01  1.333905e+02
979 4.892500e-01 1 1   6.420889e+00  5.045401e-01  1.345536e+02
980 4.897500e-01 1 1   6.721574e+00  5.099605e-01  1.356983e+02
981 4.902500e-01 1 1   7.026158e+00  5.152571e-01  1.368220e+02
982 4.907500e-01 1 1   7.334327e+00  5.204651e-01  1.379229e+02
983 4.912500e-01 1 1   7.645887e+00  5.255591e-01  1.390010e+02
984 4.917500e-01 1 1   7.960841e+00  5.304647e-01  1.400579e+02
985 4.922500e-01 1 1   8.279047e+00  5.351378e-01  1.410942e+02
986 4.927500e-01 1 1   8.600269e+00  5.395664e-01  1.421096e+02
987 4.932500e-01 1 1   8.924133e+00  5.437598e-01  1.431031e+02
988 4.937500e-01 1 1   9.250302e+00  5.477462e-01  1.440739e+02
989 4.942500e-01 1 1   9.578416e+00  5.515282e-01  1.450209e+02
990 4.947500e-01 1 1   9.908075e+00  5.551295e-01  1.459430e+02
991 4.952500e-01 1 1   1.023889e+01  5.585753e-01  1.468391e+02
992 4.957500e-01 1 1   1.057043e+01  5.619049e-01  1.477076e+02
993 4.962500e-01 1 1   1.090233e+01  5.651437e-01  1.485474e+02
994 4.967500e-01 1 1   1.123425e+01  5.682930e-01  1.493576e+02
995 4.972500e-01 1 1   1.156545e+01  5.713537e-01  1.501344e+02
996 4.977500e-01 1 1   1.189665e+01  5.742957e-01  1.508844e+02
997 4.982500e-01 1 1   1.222780e+01  5.770732e-01  1.516086e+02
998 4.987500e-01 1 1   1.255779e+01  5.796306e-01  1.523006e+02
