#TimeIteration Time SubCycles NewtonSteps Drag CrossFlowLift Lift
0 0.000000e+00 0 0   4.180355e+00  1.062626e-01  3.814056e+01
1 2.500000e-04 1 1   4.239575e+00  1.045669e-01  3.905196e+01
2 7.500000e-04 1 2   4.031526e+00  1.080709e-01  3.566103e+01
3 1.250000e-03 1 1   4.103496e+00  1.046734e-01  3.531315e+01
4 1.750000e-03 1 1   4.097145e+00  1.044195e-01  3.514616e+01
5 2.250000e-03 1 1   4.120951e+00  1.043622e-01  3.537736e+01
6 2.750000e-03 1 1   4.144518e+00  1.043904e-01  3.552935e+01
7 3.250000e-03 1 1   4.159125e+00  1.046018e-01  3.550298e+01
8 3.750000e-03 1 1   4.166909e+00  1.049507e-01  3.534210e+01
9 4.250000e-03 1 1   4.170893e+00  1.053360e-01  3.510982e+01
10 4.750000e-03 1 1   4.173395e+00  1.056500e-01  3.485070e+01
11 5.250000e-03 1 1   4.176163e+00  1.057844e-01  3.459368e+01
12 5.750000e-03 1 1   4.180384e+00  1.056569e-01  3.436028e+01
13 6.250000e-03 1 1   4.186655e+00  1.052246e-01  3.416485e+01
14 6.750000e-03 1 1   4.195037e+00  1.044951e-01  3.401218e+01
15 7.250000e-03 1 1   4.205157e+00  1.035392e-01  3.389714e+01
16 7.750000e-03 1 1   4.216360e+00  1.024822e-01  3.380745e+01
17 8.250000e-03 1 1   4.227898e+00  1.014755e-01  3.372795e+01
18 8.750000e-03 1 1   4.239045e+00  1.006756e-01  3.364355e+01
19 9.250000e-03 1 1   4.249250e+00  1.001977e-01  3.354256e+01
20 9.750000e-03 1 1   4.258204e+00  1.001011e-01  3.341823e+01
21 1.025000e-02 1 1   4.265880e+00  1.003771e-01  3.326933e+01
22 1.075000e-02 1 1   4.272499e+00  1.009487e-01  3.309972e+01
23 1.125000e-02 1 1   4.278461e+00  1.016813e-01  3.291696e+01
24 1.175000e-02 1 1   4.284230e+00  1.024046e-01  3.273002e+01
25 1.225000e-02 1 1   4.290239e+00  1.029588e-01  3.254760e+01
26 1.275000e-02 1 1   4.296760e+00  1.032045e-01  3.237543e+01
27 1.325000e-02 1 1   4.303876e+00  1.030616e-01  3.221575e+01
28 1.375000e-02 1 1   4.311496e+00  1.025256e-01  3.206740e+01
29 1.425000e-02 1 1   4.319406e+00  1.016639e-01  3.192669e+01
30 1.475000e-02 1 1   4.327335e+00  1.005996e-01  3.178859e+01
31 1.525000e-02 1 1   4.335025e+00  9.948616e-02  3.164815e+01
32 1.575000e-02 1 1   4.342282e+00  9.847887e-02  3.150145e+01
33 1.625000e-02 1 1   4.348981e+00  9.769843e-02  3.134596e+01
34 1.675000e-02 1 1   4.355102e+00  9.723021e-02  3.118117e+01
35 1.725000e-02 1 1   4.360675e+00  9.708960e-02  3.100749e+01
36 1.775000e-02 1 1   4.365773e+00  9.723110e-02  3.082631e+01
37 1.825000e-02 1 1   4.370506e+00  9.756423e-02  3.063957e+01
38 1.875000e-02 1 1   4.374988e+00  9.797174e-02  3.044938e+01
39 1.925000e-02 1 1   4.379325e+00  9.833307e-02  3.025769e+01
40 1.975000e-02 1 1   4.383600e+00  9.854797e-02  3.006613e+01
41 2.025000e-02 1 1   4.387856e+00  9.855686e-02  2.987574e+01
42 2.075000e-02 1 1   4.392107e+00  9.834643e-02  2.968699e+01
43 2.125000e-02 1 1   4.396300e+00  9.794310e-02  2.949926e+01
44 2.175000e-02 1 1   4.400332e+00  9.740785e-02  2.931092e+01
45 2.225000e-02 1 1   4.404058e+00  9.682012e-02  2.911949e+01
46 2.275000e-02 1 1   4.407301e+00  9.625947e-02  2.892172e+01
47 2.325000e-02 1 1   4.409929e+00  9.578009e-02  2.871537e+01
48 2.375000e-02 1 1   4.411797e+00  9.542596e-02  2.849727e+01
49 2.425000e-02 1 1   4.412866e+00  9.519090e-02  2.826661e+01
50 2.475000e-02 1 1   4.413163e+00  9.505006e-02  2.802365e+01
51 2.525000e-02 1 1   4.412795e+00  9.496161e-02  2.777004e+01
52 2.575000e-02 1 1   4.411922e+00  9.487638e-02  2.750861e+01
53 2.625000e-02 1 1   4.410730e+00  9.475012e-02  2.724268e+01
54 2.675000e-02 1 1   4.409383e+00  9.455566e-02  2.697532e+01
55 2.725000e-02 1 1   4.407993e+00  9.428712e-02  2.670863e+01
56 2.775000e-02 1 1   4.406590e+00  9.395990e-02  2.644319e+01
57 2.825000e-02 1 1   4.405121e+00  9.360519e-02  2.617806e+01
58 2.875000e-02 1 1   4.403463e+00  9.326127e-02  2.591098e+01
59 2.925000e-02 1 1   4.401456e+00  9.296383e-02  2.563897e+01
60 2.975000e-02 1 1   4.398940e+00  9.273989e-02  2.535900e+01
61 3.025000e-02 1 1   4.395754e+00  9.260539e-02  2.506799e+01
62 3.075000e-02 1 1   4.391875e+00  9.254089e-02  2.476578e+01
63 3.125000e-02 1 1   4.387281e+00  9.252436e-02  2.445189e+01
64 3.175000e-02 1 1   4.382003e+00  9.252322e-02  2.412674e+01
65 3.225000e-02 1 1   4.376126e+00  9.249985e-02  2.379168e+01
66 3.275000e-02 1 1   4.369761e+00  9.242007e-02  2.344839e+01
67 3.325000e-02 1 1   4.363013e+00  9.225771e-02  2.309834e+01
68 3.375000e-02 1 1   4.355972e+00  9.200171e-02  2.274252e+01
69 3.425000e-02 1 1   4.348697e+00  9.165839e-02  2.238141e+01
70 3.475000e-02 1 1   4.341220e+00  9.124168e-02  2.201500e+01
71 3.525000e-02 1 1   4.333578e+00  9.078719e-02  2.164364e+01
72 3.575000e-02 1 1   4.325769e+00  9.033191e-02  2.126712e+01
73 3.625000e-02 1 1   4.317793e+00  8.991372e-02  2.088555e+01
74 3.675000e-02 1 1   4.309650e+00  8.956494e-02  2.049917e+01
75 3.725000e-02 1 1   4.301333e+00  8.931069e-02  2.010809e+01
76 3.775000e-02 1 1   4.292824e+00  8.916413e-02  1.971218e+01
77 3.825000e-02 1 1   4.284096e+00  8.912423e-02  1.931088e+01
78 3.875000e-02 1 1   4.275115e+00  8.917581e-02  1.890318e+01
79 3.925000e-02 1 1   4.265852e+00  8.928526e-02  1.848787e+01
80 3.975000e-02 1 1   4.256290e+00  8.941591e-02  1.806381e+01
81 4.025000e-02 1 1   4.246433e+00  8.952675e-02  1.763009e+01
82 4.075000e-02 1 1   4.236316e+00  8.957563e-02  1.718651e+01
83 4.125000e-02 1 1   4.226007e+00  8.952924e-02  1.673380e+01
84 4.175000e-02 1 1   4.215604e+00  8.936797e-02  1.627347e+01
85 4.225000e-02 1 1   4.205212e+00  8.908636e-02  1.580755e+01
86 4.275000e-02 1 1   4.194939e+00  8.870717e-02  1.533829e+01
87 4.325000e-02 1 1   4.184854e+00  8.826603e-02  1.486728e+01
88 4.375000e-02 1 1   4.174991e+00  8.781008e-02  1.439547e+01
89 4.425000e-02 1 1   4.165348e+00  8.738901e-02  1.392284e+01
90 4.475000e-02 1 1   4.155887e+00  8.705012e-02  1.344844e+01
91 4.525000e-02 1 1   4.146551e+00  8.682888e-02  1.297062e+01
92 4.575000e-02 1 1   4.137282e+00  8.673526e-02  1.248768e+01
93 4.625000e-02 1 1   4.128043e+00  8.677139e-02  1.199813e+01
94 4.675000e-02 1 1   4.118826e+00  8.691034e-02  1.150111e+01
95 4.725000e-02 1 1   4.109662e+00  8.710632e-02  1.099678e+01
96 4.775000e-02 1 1   4.100616e+00  8.730633e-02  1.048623e+01
97 4.825000e-02 1 1   4.091773e+00  8.745892e-02  9.971296e+00
98 4.875000e-02 1 1   4.083221e+00  8.753125e-02  9.453970e+00
99 4.925000e-02 1 1   4.075028e+00  8.750001e-02  8.935930e+00
100 4.975000e-02 1 1   4.067234e+00  8.736300e-02  8.418302e+00
101 5.025000e-02 1 1   4.059845e+00  8.714072e-02  7.901428e+00
102 5.075000e-02 1 1   4.052844e+00  8.686685e-02  7.384838e+00
103 5.125000e-02 1 1   4.046193e+00  8.657610e-02  6.867558e+00
104 5.175000e-02 1 1   4.039852e+00  8.631643e-02  6.348381e+00
105 5.225000e-02 1 1   4.033786e+00  8.612052e-02  5.826185e+00
106 5.275000e-02 1 1   4.027982e+00  8.600576e-02  5.300407e+00
107 5.325000e-02 1 1   4.022448e+00  8.597420e-02  4.771186e+00
108 5.375000e-02 1 1   4.017217e+00  8.600944e-02  4.239318e+00
109 5.425000e-02 1 1   4.012346e+00  8.609600e-02  3.706321e+00
110 5.475000e-02 1 1   4.007874e+00  8.620278e-02  3.173439e+00
111 5.525000e-02 1 1   4.003836e+00  8.629986e-02  2.641946e+00
112 5.575000e-02 1 1   4.000247e+00  8.636459e-02  2.112792e+00
113 5.625000e-02 1 1   3.997108e+00  8.638350e-02  1.586350e+00
114 5.675000e-02 1 1   3.994396e+00  8.635095e-02  1.062423e+00
115 5.725000e-02 1 1   3.992085e+00  8.628174e-02  5.407111e-01
116 5.775000e-02 1 1   3.990140e+00  8.619198e-02  2.031246e-02
117 5.825000e-02 1 1   3.988530e+00  8.609446e-02 -4.994554e-01
118 5.875000e-02 1 1   3.987242e+00  8.600224e-02 -1.018896e+00
119 5.925000e-02 1 1   3.986269e+00  8.592820e-02 -1.537953e+00
120 5.975000e-02 1 1   3.985626e+00  8.588052e-02 -2.056219e+00
121 6.025000e-02 1 1   3.985325e+00  8.586028e-02 -2.573142e+00
122 6.075000e-02 1 1   3.985378e+00  8.586051e-02 -3.088083e+00
123 6.125000e-02 1 1   3.985794e+00  8.587408e-02 -3.600385e+00
124 6.175000e-02 1 1   3.986570e+00  8.589128e-02 -4.109527e+00
125 6.225000e-02 1 1   3.987699e+00  8.590520e-02 -4.615250e+00
126 6.275000e-02 1 1   3.989166e+00  8.591339e-02 -5.117558e+00
127 6.325000e-02 1 1   3.990949e+00  8.591251e-02 -5.616509e+00
128 6.375000e-02 1 1   3.993027e+00  8.590279e-02 -6.112083e+00
129 6.425000e-02 1 1   3.995384e+00  8.588843e-02 -6.604172e+00
130 6.475000e-02 1 1   3.998011e+00  8.587082e-02 -7.092596e+00
131 6.525000e-02 1 1   4.000904e+00  8.585401e-02 -7.577052e+00
132 6.575000e-02 1 1   4.004056e+00  8.583946e-02 -8.057102e+00
133 6.625000e-02 1 1   4.007476e+00  8.583002e-02 -8.532327e+00
134 6.675000e-02 1 1   4.011161e+00  8.582517e-02 -9.002511e+00
135 6.725000e-02 1 1   4.015103e+00  8.582765e-02 -9.467595e+00
136 6.775000e-02 1 1   4.019301e+00  8.583645e-02 -9.927706e+00
137 6.825000e-02 1 1   4.023743e+00  8.585206e-02 -1.038312e+01
138 6.875000e-02 1 1   4.028407e+00  8.586897e-02 -1.083414e+01
139 6.925000e-02 1 1   4.033291e+00  8.588712e-02 -1.128094e+01
140 6.975000e-02 1 1   4.038382e+00  8.590206e-02 -1.172359e+01
141 7.025000e-02 1 1   4.043667e+00  8.591213e-02 -1.216201e+01
142 7.075000e-02 1 1   4.049139e+00  8.591119e-02 -1.259574e+01
143 7.125000e-02 1 1   4.054797e+00  8.589764e-02 -1.302423e+01
144 7.175000e-02 1 1   4.060637e+00  8.586958e-02 -1.344692e+01
145 7.225000e-02 1 1   4.066647e+00  8.582623e-02 -1.386332e+01
146 7.275000e-02 1 1   4.072830e+00  8.577164e-02 -1.427297e+01
147 7.325000e-02 1 1   4.079183e+00  8.570731e-02 -1.467576e+01
148 7.375000e-02 1 1   4.085692e+00  8.563829e-02 -1.507191e+01
149 7.425000e-02 1 1   4.092353e+00  8.556971e-02 -1.546172e+01
150 7.475000e-02 1 1   4.099166e+00  8.550203e-02 -1.584562e+01
151 7.525000e-02 1 1   4.106126e+00  8.543727e-02 -1.622415e+01
152 7.575000e-02 1 1   4.113220e+00  8.537696e-02 -1.659778e+01
153 7.625000e-02 1 1   4.120459e+00  8.531802e-02 -1.696668e+01
154 7.675000e-02 1 1   4.127845e+00  8.525481e-02 -1.733092e+01
155 7.725000e-02 1 1   4.135376e+00  8.518412e-02 -1.769043e+01
156 7.775000e-02 1 1   4.143052e+00  8.510266e-02 -1.804496e+01
157 7.825000e-02 1 1   4.150877e+00  8.500658e-02 -1.839423e+01
158 7.875000e-02 1 1   4.158852e+00  8.489415e-02 -1.873808e+01
159 7.925000e-02 1 1   4.166974e+00  8.476779e-02 -1.907636e+01
160 7.975000e-02 1 1   4.175246e+00  8.462965e-02 -1.940915e+01
161 8.025000e-02 1 1   4.183659e+00  8.448902e-02 -1.973657e+01
162 8.075000e-02 1 1   4.192235e+00  8.434418e-02 -2.005908e+01
163 8.125000e-02 1 1   4.200974e+00  8.418979e-02 -2.037712e+01
164 8.175000e-02 1 1   4.209870e+00  8.403201e-02 -2.069091e+01
165 8.225000e-02 1 1   4.218932e+00  8.387456e-02 -2.100062e+01
166 8.275000e-02 1 1   4.228171e+00  8.371583e-02 -2.130638e+01
167 8.325000e-02 1 1   4.237596e+00  8.355427e-02 -2.160829e+01
168 8.375000e-02 1 1   4.247214e+00  8.338960e-02 -2.190634e+01
169 8.425000e-02 1 1   4.257036e+00  8.322027e-02 -2.220072e+01
170 8.475000e-02 1 1   4.267068e+00  8.304227e-02 -2.249140e+01
171 8.525000e-02 1 1   4.277315e+00  8.285466e-02 -2.277838e+01
172 8.575000e-02 1 1   4.287783e+00  8.265838e-02 -2.306170e+01
173 8.625000e-02 1 1   4.298481e+00  8.245582e-02 -2.334173e+01
174 8.675000e-02 1 1   4.309419e+00  8.224613e-02 -2.361886e+01
175 8.725000e-02 1 1   4.320606e+00  8.203040e-02 -2.389333e+01
176 8.775000e-02 1 1   4.332050e+00  8.180911e-02 -2.416534e+01
177 8.825000e-02 1 1   4.343754e+00  8.158320e-02 -2.443484e+01
178 8.875000e-02 1 1   4.355728e+00  8.135376e-02 -2.470218e+01
179 8.925000e-02 1 1   4.367982e+00  8.111693e-02 -2.496745e+01
180 8.975000e-02 1 1   4.380513e+00  8.087021e-02 -2.523015e+01
181 9.025000e-02 1 1   4.393335e+00  8.062692e-02 -2.549102e+01
182 9.075000e-02 1 1   4.406454e+00  8.036844e-02 -2.575001e+01
183 9.125000e-02 1 1   4.419875e+00  8.009571e-02 -2.600691e+01
184 9.175000e-02 1 1   4.433599e+00  7.981541e-02 -2.626174e+01
185 9.225000e-02 1 1   4.447633e+00  7.952901e-02 -2.651468e+01
186 9.275000e-02 1 1   4.461984e+00  7.923691e-02 -2.676610e+01
187 9.325000e-02 1 1   4.476663e+00  7.893913e-02 -2.701637e+01
188 9.375000e-02 1 1   4.491678e+00  7.863663e-02 -2.726578e+01
189 9.425000e-02 1 1   4.507036e+00  7.833041e-02 -2.751452e+01
190 9.475000e-02 1 1   4.522740e+00  7.802098e-02 -2.776268e+01
191 9.525000e-02 1 1   4.538799e+00  7.770850e-02 -2.801030e+01
192 9.575000e-02 1 1   4.555215e+00  7.739327e-02 -2.825749e+01
193 9.625000e-02 1 1   4.571991e+00  7.707299e-02 -2.850417e+01
194 9.675000e-02 1 1   4.589132e+00  7.674972e-02 -2.875047e+01
195 9.725000e-02 1 1   4.606637e+00  7.642049e-02 -2.899632e+01
196 9.775000e-02 1 1   4.624514e+00  7.608916e-02 -2.924201e+01
197 9.825000e-02 1 1   4.642767e+00  7.575322e-02 -2.948762e+01
198 9.875000e-02 1 1   4.661400e+00  7.541448e-02 -2.973337e+01
199 9.925000e-02 1 1   4.680421e+00  7.507481e-02 -2.997950e+01
200 9.975000e-02 1 1   4.699835e+00  7.473344e-02 -3.022619e+01
201 1.002500e-01 1 1   4.719647e+00  7.439120e-02 -3.047352e+01
202 1.007500e-01 1 1   4.739862e+00  7.404935e-02 -3.072161e+01
203 1.012500e-01 1 1   4.760484e+00  7.370883e-02 -3.097051e+01
204 1.017500e-01 1 1   4.781515e+00  7.336902e-02 -3.122025e+01
205 1.022500e-01 1 1   4.802958e+00  7.302968e-02 -3.147083e+01
206 1.027500e-01 1 1   4.824815e+00  7.269172e-02 -3.172227e+01
207 1.032500e-01 1 1   4.847090e+00  7.235456e-02 -3.197461e+01
208 1.037500e-01 1 1   4.869787e+00  7.201775e-02 -3.222794e+01
209 1.042500e-01 1 1   4.892910e+00  7.168183e-02 -3.248238e+01
210 1.047500e-01 1 1   4.916468e+00  7.134744e-02 -3.273806e+01
211 1.052500e-01 1 1   4.940464e+00  7.101453e-02 -3.299509e+01
212 1.057500e-01 1 1   4.964904e+00  7.068345e-02 -3.325357e+01
213 1.062500e-01 1 1   4.989793e+00  7.035516e-02 -3.351352e+01
214 1.067500e-01 1 1   5.015134e+00  7.003085e-02 -3.377496e+01
215 1.072500e-01 1 1   5.040929e+00  6.971039e-02 -3.403785e+01
216 1.077500e-01 1 1   5.067179e+00  6.939468e-02 -3.430211e+01
217 1.082500e-01 1 1   5.093910e+00  6.908796e-02 -3.456841e+01
218 1.087500e-01 1 1   5.121078e+00  6.877902e-02 -3.483536e+01
219 1.092500e-01 1 1   5.148683e+00  6.846894e-02 -3.510301e+01
220 1.097500e-01 1 1   5.176748e+00  6.816151e-02 -3.537185e+01
221 1.102500e-01 1 1   5.205284e+00  6.785778e-02 -3.564209e+01
222 1.107500e-01 1 1   5.234289e+00  6.755539e-02 -3.591369e+01
223 1.112500e-01 1 1   5.263764e+00  6.725220e-02 -3.618653e+01
224 1.117500e-01 1 1   5.293710e+00  6.694643e-02 -3.646053e+01
225 1.122500e-01 1 1   5.324116e+00  6.663724e-02 -3.673542e+01
226 1.127500e-01 1 1   5.354988e+00  6.632869e-02 -3.701127e+01
227 1.132500e-01 1 1   5.386326e+00  6.602323e-02 -3.728800e+01
228 1.137500e-01 1 1   5.418124e+00  6.572158e-02 -3.756545e+01
229 1.142500e-01 1 1   5.450364e+00  6.542171e-02 -3.784320e+01
230 1.147500e-01 1 1   5.483050e+00  6.512488e-02 -3.812129e+01
231 1.152500e-01 1 1   5.516186e+00  6.483424e-02 -3.839980e+01
232 1.157500e-01 1 1   5.549755e+00  6.454783e-02 -3.867834e+01
233 1.162500e-01 1 1   5.583753e+00  6.426343e-02 -3.895686e+01
234 1.167500e-01 1 1   5.618183e+00  6.398023e-02 -3.923542e+01
235 1.172500e-01 1 1   5.653041e+00  6.369759e-02 -3.951390e+01
236 1.177500e-01 1 1   5.688297e+00  6.341055e-02 -3.979183e+01
237 1.182500e-01 1 1   5.723957e+00  6.312060e-02 -4.006930e+01
238 1.187500e-01 1 1   5.760014e+00  6.282835e-02 -4.034623e+01
239 1.192500e-01 1 1   5.796435e+00  6.253199e-02 -4.062207e+01
240 1.197500e-01 1 1   5.833203e+00  6.223192e-02 -4.089660e+01
241 1.202500e-01 1 1   5.870311e+00  6.192943e-02 -4.116974e+01
242 1.207500e-01 1 1   5.907738e+00  6.162629e-02 -4.144122e+01
243 1.212500e-01 1 1   5.945448e+00  6.132142e-02 -4.171061e+01
244 1.217500e-01 1 1   5.983436e+00  6.101662e-02 -4.197791e+01
245 1.222500e-01 1 1   6.021690e+00  6.071412e-02 -4.224303e+01
246 1.227500e-01 1 1   6.060179e+00  6.041153e-02 -4.250567e+01
247 1.232500e-01 1 1   6.098884e+00  6.010963e-02 -4.276566e+01
248 1.237500e-01 1 1   6.137789e+00  5.980573e-02 -4.302289e+01
249 1.242500e-01 1 1   6.176865e+00  5.949924e-02 -4.327713e+01
250 1.247500e-01 1 1   6.216081e+00  5.918951e-02 -4.352807e+01
251 1.252500e-01 1 1   6.255408e+00  5.887576e-02 -4.377547e+01
252 1.257500e-01 1 1   6.294815e+00  5.855614e-02 -4.401906e+01
253 1.262500e-01 1 1   6.334266e+00  5.823179e-02 -4.425854e+01
254 1.267500e-01 1 1   6.373724e+00  5.790054e-02 -4.449361e+01
255 1.272500e-01 1 1   6.413153e+00  5.756284e-02 -4.472401e+01
256 1.277500e-01 1 1   6.452518e+00  5.721881e-02 -4.494950e+01
257 1.282500e-01 1 1   6.491783e+00  5.686792e-02 -4.516987e+01
258 1.287500e-01 1 1   6.530910e+00  5.651137e-02 -4.538487e+01
259 1.292500e-01 1 1   6.569863e+00  5.614968e-02 -4.559430e+01
260 1.297500e-01 1 1   6.608601e+00  5.578224e-02 -4.579794e+01
261 1.302500e-01 1 1   6.647088e+00  5.540868e-02 -4.599554e+01
262 1.307500e-01 1 1   6.685279e+00  5.503063e-02 -4.618686e+01
263 1.312500e-01 1 1   6.723132e+00  5.464779e-02 -4.637165e+01
264 1.317500e-01 1 1   6.760602e+00  5.425835e-02 -4.654963e+01
265 1.322500e-01 1 1   6.797644e+00  5.386161e-02 -4.672057e+01
266 1.327500e-01 1 1   6.834214e+00  5.345639e-02 -4.688421e+01
267 1.332500e-01 1 1   6.870268e+00  5.304219e-02 -4.704032e+01
268 1.337500e-01 1 1   6.905759e+00  5.261756e-02 -4.718867e+01
269 1.342500e-01 1 1   6.940645e+00  5.218232e-02 -4.732906e+01
270 1.347500e-01 1 1   6.974878e+00  5.173637e-02 -4.746128e+01
271 1.352500e-01 1 1   7.008414e+00  5.128054e-02 -4.758511e+01
272 1.357500e-01 1 1   7.041206e+00  5.081467e-02 -4.770032e+01
273 1.362500e-01 1 1   7.073192e+00  5.033954e-02 -4.780656e+01
274 1.367500e-01 1 1   7.104344e+00  4.985482e-02 -4.790380e+01
275 1.372500e-01 1 1   7.134617e+00  4.936228e-02 -4.799184e+01
276 1.377500e-01 1 1   7.163959e+00  4.886253e-02 -4.807038e+01
277 1.382500e-01 1 1   7.192324e+00  4.835401e-02 -4.813922e+01
278 1.387500e-01 1 1   7.219672e+00  4.783485e-02 -4.819820e+01
279 1.392500e-01 1 1   7.245958e+00  4.730549e-02 -4.824711e+01
280 1.397500e-01 1 1   7.271137e+00  4.676659e-02 -4.828575e+01
281 1.402500e-01 1 1   7.295175e+00  4.621618e-02 -4.831404e+01
282 1.407500e-01 1 1   7.318031e+00  4.565482e-02 -4.833180e+01
283 1.412500e-01 1 1   7.339680e+00  4.508167e-02 -4.833906e+01
284 1.417500e-01 1 1   7.360080e+00  4.449590e-02 -4.833557e+01
285 1.422500e-01 1 1   7.379187e+00  4.389940e-02 -4.832113e+01
286 1.427500e-01 1 1   7.396971e+00  4.329178e-02 -4.829563e+01
287 1.432500e-01 1 1   7.413398e+00  4.267424e-02 -4.825894e+01
288 1.437500e-01 1 1   7.428435e+00  4.204922e-02 -4.821091e+01
289 1.442500e-01 1 1   7.442050e+00  4.141715e-02 -4.815141e+01
290 1.447500e-01 1 1   7.454218e+00  4.077828e-02 -4.808036e+01
291 1.452500e-01 1 1   7.464915e+00  4.013261e-02 -4.799770e+01
292 1.457500e-01 1 1   7.474110e+00  3.948206e-02 -4.790327e+01
293 1.462500e-01 1 1   7.481803e+00  3.882354e-02 -4.779722e+01
294 1.467500e-01 1 1   7.487975e+00  3.815718e-02 -4.767944e+01
295 1.472500e-01 1 1   7.492598e+00  3.748273e-02 -4.754976e+01
296 1.477500e-01 1 1   7.495656e+00  3.679832e-02 -4.740814e+01
297 1.482500e-01 1 1   7.497140e+00  3.610424e-02 -4.725455e+01
298 1.487500e-01 1 1   7.497042e+00  3.540278e-02 -4.708900e+01
299 1.492500e-01 1 1   7.495413e+00  3.469557e-02 -4.691203e+01
300 1.497500e-01 1 1   7.492128e+00  3.397996e-02 -4.672249e+01
301 1.502500e-01 1 1   7.487221e+00  3.326045e-02 -4.652067e+01
302 1.507500e-01 1 1   7.480719e+00  3.253823e-02 -4.630685e+01
303 1.512500e-01 1 1   7.472630e+00  3.181254e-02 -4.608115e+01
304 1.517500e-01 1 1   7.462953e+00  3.108441e-02 -4.584357e+01
305 1.522500e-01 1 1   7.451683e+00  3.035602e-02 -4.559403e+01
306 1.527500e-01 1 1   7.438781e+00  2.962861e-02 -4.533213e+01
307 1.532500e-01 1 1   7.424393e+00  2.890545e-02 -4.505914e+01
308 1.537500e-01 1 1   7.408468e+00  2.818276e-02 -4.477462e+01
309 1.542500e-01 1 1   7.390991e+00  2.745749e-02 -4.447829e+01
310 1.547500e-01 1 1   7.371979e+00  2.673027e-02 -4.417022e+01
311 1.552500e-01 1 1   7.351463e+00  2.600289e-02 -4.385057e+01
312 1.557500e-01 1 1   7.329467e+00  2.527604e-02 -4.351948e+01
313 1.562500e-01 1 1   7.306012e+00  2.455113e-02 -4.317703e+01
314 1.567500e-01 1 1   7.281122e+00  2.382891e-02 -4.282332e+01
315 1.572500e-01 1 1   7.254825e+00  2.310983e-02 -4.245849e+01
316 1.577500e-01 1 1   7.227151e+00  2.239432e-02 -4.208266e+01
317 1.582500e-01 1 1   7.198133e+00  2.168325e-02 -4.169598e+01
318 1.587500e-01 1 1   7.167801e+00  2.097678e-02 -4.129859e+01
319 1.592500e-01 1 1   7.136183e+00  2.027686e-02 -4.089061e+01
320 1.597500e-01 1 1   7.103272e+00  1.958521e-02 -4.047168e+01
321 1.602500e-01 1 1   7.069176e+00  1.890150e-02 -4.004274e+01
322 1.607500e-01 1 1   7.033943e+00  1.822778e-02 -3.960411e+01
323 1.612500e-01 1 1   6.997582e+00  1.756035e-02 -3.915566e+01
324 1.617500e-01 1 1   6.960128e+00  1.689935e-02 -3.869751e+01
325 1.622500e-01 1 1   6.921630e+00  1.624754e-02 -3.822992e+01
326 1.627500e-01 1 1   6.882115e+00  1.560824e-02 -3.775297e+01
327 1.632500e-01 1 1   6.841612e+00  1.498042e-02 -3.726670e+01
328 1.637500e-01 1 1   6.800167e+00  1.436358e-02 -3.677137e+01
329 1.642500e-01 1 1   6.757886e+00  1.375785e-02 -3.626784e+01
330 1.647500e-01 1 1   6.714743e+00  1.315993e-02 -3.575562e+01
331 1.652500e-01 1 1   6.670778e+00  1.257214e-02 -3.523488e+01
332 1.657500e-01 1 1   6.626055e+00  1.199753e-02 -3.470606e+01
333 1.662500e-01 1 1   6.580626e+00  1.143548e-02 -3.416947e+01
334 1.667500e-01 1 1   6.534532e+00  1.088614e-02 -3.362532e+01
335 1.672500e-01 1 1   6.487809e+00  1.035004e-02 -3.307379e+01
336 1.677500e-01 1 1   6.440501e+00  9.828570e-03 -3.251507e+01
337 1.682500e-01 1 1   6.392651e+00  9.321767e-03 -3.194943e+01
338 1.687500e-01 1 1   6.344302e+00  8.830021e-03 -3.137710e+01
339 1.692500e-01 1 1   6.295496e+00  8.354058e-03 -3.079834e+01
340 1.697500e-01 1 1   6.246276e+00  7.891491e-03 -3.021338e+01
341 1.702500e-01 1 1   6.196682e+00  7.445041e-03 -2.962247e+01
342 1.707500e-01 1 1   6.146753e+00  7.013877e-03 -2.902584e+01
343 1.712500e-01 1 1   6.096531e+00  6.598335e-03 -2.842381e+01
344 1.717500e-01 1 1   6.046054e+00  6.197984e-03 -2.781659e+01
345 1.722500e-01 1 1   5.995353e+00  5.813231e-03 -2.720435e+01
346 1.727500e-01 1 1   5.944470e+00  5.442611e-03 -2.658735e+01
347 1.732500e-01 1 1   5.893440e+00  5.089367e-03 -2.596586e+01
348 1.737500e-01 1 1   5.842301e+00  4.752514e-03 -2.534011e+01
349 1.742500e-01 1 1   5.791085e+00  4.430447e-03 -2.471036e+01
350 1.747500e-01 1 1   5.739831e+00  4.123760e-03 -2.407688e+01
351 1.752500e-01 1 1   5.688574e+00  3.833087e-03 -2.343996e+01
352 1.757500e-01 1 1   5.637333e+00  3.558850e-03 -2.279967e+01
353 1.762500e-01 1 1   5.586137e+00  3.300289e-03 -2.215625e+01
354 1.767500e-01 1 1   5.535023e+00  3.057116e-03 -2.151000e+01
355 1.772500e-01 1 1   5.484022e+00  2.826775e-03 -2.086118e+01
356 1.777500e-01 1 1   5.433160e+00  2.615376e-03 -2.021000e+01
357 1.782500e-01 1 1   5.382462e+00  2.420169e-03 -1.955667e+01
358 1.787500e-01 1 1   5.331952e+00  2.240591e-03 -1.890138e+01
359 1.792500e-01 1 1   5.281655e+00  2.076530e-03 -1.824435e+01
360 1.797500e-01 1 1   5.231594e+00  1.926852e-03 -1.758579e+01
361 1.802500e-01 1 1   5.181791e+00  1.792312e-03 -1.692589e+01
362 1.807500e-01 1 1   5.132269e+00  1.671939e-03 -1.626482e+01
363 1.812500e-01 1 1   5.083045e+00  1.566258e-03 -1.560281e+01
364 1.817500e-01 1 1   5.034139e+00  1.474148e-03 -1.494001e+01
365 1.822500e-01 1 1   4.985578e+00  1.398554e-03 -1.427665e+01
366 1.827500e-01 1 1   4.937377e+00  1.335225e-03 -1.361291e+01
367 1.832500e-01 1 1   4.889553e+00  1.284739e-03 -1.294898e+01
368 1.837500e-01 1 1   4.842117e+00  1.248330e-03 -1.228493e+01
369 1.842500e-01 1 1   4.795091e+00  1.220891e-03 -1.162094e+01
370 1.847500e-01 1 1   4.748489e+00  1.205028e-03 -1.095721e+01
371 1.852500e-01 1 1   4.702323e+00  1.201991e-03 -1.029384e+01
372 1.857500e-01 1 1   4.656605e+00  1.211817e-03 -9.630953e+00
373 1.862500e-01 1 1   4.611351e+00  1.232044e-03 -8.968658e+00
374 1.867500e-01 1 1   4.566573e+00  1.261085e-03 -8.307122e+00
375 1.872500e-01 1 1   4.522287e+00  1.301356e-03 -7.646523e+00
376 1.877500e-01 1 1   4.478499e+00  1.353094e-03 -6.986833e+00
377 1.882500e-01 1 1   4.435219e+00  1.413137e-03 -6.328183e+00
378 1.887500e-01 1 1   4.392466e+00  1.482634e-03 -5.670760e+00
379 1.892500e-01 1 1   4.350247e+00  1.561705e-03 -5.014596e+00
380 1.897500e-01 1 1   4.308569e+00  1.648226e-03 -4.359767e+00
381 1.902500e-01 1 1   4.267444e+00  1.740527e-03 -3.706328e+00
382 1.907500e-01 1 1   4.226883e+00  1.840358e-03 -3.054398e+00
383 1.912500e-01 1 1   4.186891e+00  1.948741e-03 -2.404020e+00
384 1.917500e-01 1 1   4.147476e+00  2.063480e-03 -1.755211e+00
385 1.922500e-01 1 1   4.108647e+00  2.183685e-03 -1.108009e+00
386 1.927500e-01 1 1   4.070413e+00  2.309206e-03 -4.624779e-01
387 1.932500e-01 1 1   4.032783e+00  2.441792e-03  1.813186e-01
388 1.937500e-01 1 1   3.995763e+00  2.579664e-03  8.233961e-01
389 1.942500e-01 1 1   3.959359e+00  2.721547e-03  1.463735e+00
390 1.947500e-01 1 1   3.923583e+00  2.866753e-03  2.102293e+00
391 1.952500e-01 1 1   3.888437e+00  3.016450e-03  2.739091e+00
392 1.957500e-01 1 1   3.853926e+00  3.168317e-03  3.374233e+00
393 1.962500e-01 1 1   3.820067e+00  3.323929e-03  4.007446e+00
394 1.967500e-01 1 1   3.786859e+00  3.483916e-03  4.638899e+00
395 1.972500e-01 1 1   3.754310e+00  3.647459e-03  5.268651e+00
396 1.977500e-01 1 1   3.722425e+00  3.810825e-03  5.896708e+00
397 1.982500e-01 1 1   3.691208e+00  3.974749e-03  6.523084e+00
398 1.987500e-01 1 1   3.660672e+00  4.141200e-03  7.147740e+00
399 1.992500e-01 1 1   3.630820e+00  4.310187e-03  7.770749e+00
400 1.997500e-01 1 1   3.601657e+00  4.479669e-03  8.392176e+00
401 2.002500e-01 1 1   3.573190e+00  4.648959e-03  9.012060e+00
402 2.007500e-01 1 1   3.545425e+00  4.818459e-03  9.630438e+00
403 2.012500e-01 1 1   3.518366e+00  4.986340e-03  1.024738e+01
404 2.017500e-01 1 1   3.492020e+00  5.153861e-03  1.086291e+01
405 2.022500e-01 1 1   3.466394e+00  5.320583e-03  1.147707e+01
406 2.027500e-01 1 1   3.441493e+00  5.487322e-03  1.208997e+01
407 2.032500e-01 1 1   3.417321e+00  5.652495e-03  1.270166e+01
408 2.037500e-01 1 1   3.393887e+00  5.814872e-03  1.331220e+01
409 2.042500e-01 1 1   3.371195e+00  5.974557e-03  1.392163e+01
410 2.047500e-01 1 1   3.349252e+00  6.133245e-03  1.453005e+01
411 2.052500e-01 1 1   3.328059e+00  6.290718e-03  1.513753e+01
412 2.057500e-01 1 1   3.307626e+00  6.445840e-03  1.574412e+01
413 2.062500e-01 1 1   3.287958e+00  6.597426e-03  1.634987e+01
414 2.067500e-01 1 1   3.269060e+00  6.745285e-03  1.695485e+01
415 2.072500e-01 1 1   3.250939e+00  6.892202e-03  1.755914e+01
416 2.077500e-01 1 1   3.233602e+00  7.034973e-03  1.816283e+01
417 2.082500e-01 1 1   3.217051e+00  7.175545e-03  1.876598e+01
418 2.087500e-01 1 1   3.201295e+00  7.313063e-03  1.936866e+01
419 2.092500e-01 1 1   3.186344e+00  7.447263e-03  1.997094e+01
420 2.097500e-01 1 1   3.172200e+00  7.576381e-03  2.057283e+01
421 2.102500e-01 1 1   3.158869e+00  7.703592e-03  2.117447e+01
422 2.107500e-01 1 1   3.146356e+00  7.825634e-03  2.177594e+01
423 2.112500e-01 1 1   3.134670e+00  7.943697e-03  2.237727e+01
424 2.117500e-01 1 1   3.123818e+00  8.058055e-03  2.297849e+01
425 2.122500e-01 1 1   3.113806e+00  8.169445e-03  2.357968e+01
426 2.127500e-01 1 1   3.104641e+00  8.276508e-03  2.418088e+01
427 2.132500e-01 1 1   3.096330e+00  8.379273e-03  2.478214e+01
428 2.137500e-01 1 1   3.088881e+00  8.478522e-03  2.538351e+01
429 2.142500e-01 1 1   3.082299e+00  8.572812e-03  2.598502e+01
430 2.147500e-01 1 1   3.076596e+00  8.662914e-03  2.658674e+01
431 2.152500e-01 1 1   3.071780e+00  8.747987e-03  2.718867e+01
432 2.157500e-01 1 1   3.067855e+00  8.830256e-03  2.779087e+01
433 2.162500e-01 1 1   3.064833e+00  8.908206e-03  2.839336e+01
434 2.167500e-01 1 1   3.062721e+00  8.981400e-03  2.899614e+01
435 2.172500e-01 1 1   3.061526e+00  9.050635e-03  2.959923e+01
436 2.177500e-01 1 1   3.061261e+00  9.116269e-03  3.020264e+01
437 2.182500e-01 1 1   3.061936e+00  9.177319e-03  3.080639e+01
438 2.187500e-01 1 1   3.063554e+00  9.234790e-03  3.141047e+01
439 2.192500e-01 1 1   3.066130e+00  9.289400e-03  3.201487e+01
440 2.197500e-01 1 1   3.069670e+00  9.340278e-03  3.261957e+01
441 2.202500e-01 1 1   3.074181e+00  9.386770e-03  3.322449e+01
442 2.207500e-01 1 1   3.079676e+00  9.430538e-03  3.382970e+01
443 2.212500e-01 1 1   3.086164e+00  9.468237e-03  3.443512e+01
444 2.217500e-01 1 1   3.093655e+00  9.501863e-03  3.504073e+01
445 2.222500e-01 1 1   3.102150e+00  9.530287e-03  3.564696e+01
446 2.227500e-01 1 1   3.111674e+00  9.562510e-03  3.625285e+01
447 2.232500e-01 1 1   3.122237e+00  9.589953e-03  3.685842e+01
448 2.237500e-01 1 1   3.133834e+00  9.611517e-03  3.746389e+01
449 2.242500e-01 1 1   3.146473e+00  9.626472e-03  3.806936e+01
450 2.247500e-01 1 1   3.160165e+00  9.635272e-03  3.867471e+01
451 2.252500e-01 1 1   3.174916e+00  9.638837e-03  3.927988e+01
452 2.257500e-01 1 1   3.190741e+00  9.642033e-03  3.988474e+01
453 2.262500e-01 1 1   3.207639e+00  9.639582e-03  4.048874e+01
454 2.267500e-01 1 1   3.225623e+00  9.635459e-03  4.109237e+01
455 2.272500e-01 1 1   3.244698e+00  9.625502e-03  4.169530e+01
456 2.277500e-01 1 1   3.264871e+00  9.608255e-03  4.229730e+01
457 2.282500e-01 1 1   3.286142e+00  9.587324e-03  4.289835e+01
458 2.287500e-01 1 1   3.308522e+00  9.563203e-03  4.349827e+01
459 2.292500e-01 1 1   3.332007e+00  9.532354e-03  4.409684e+01
460 2.297500e-01 1 1   3.356601e+00  9.496817e-03  4.469405e+01
461 2.302500e-01 1 1   3.382309e+00  9.456392e-03  4.528975e+01
462 2.307500e-01 1 1   3.409131e+00  9.411589e-03  4.588373e+01
463 2.312500e-01 1 1   3.437065e+00  9.360309e-03  4.647578e+01
464 2.317500e-01 1 1   3.466110e+00  9.303007e-03  4.706571e+01
465 2.322500e-01 1 1   3.496263e+00  9.241344e-03  4.765336e+01
466 2.327500e-01 1 1   3.527520e+00  9.172892e-03  4.823852e+01
467 2.332500e-01 1 1   3.559874e+00  9.096022e-03  4.882101e+01
468 2.337500e-01 1 1   3.593324e+00  9.009437e-03  4.940062e+01
469 2.342500e-01 1 1   3.627859e+00  8.923598e-03  4.997734e+01
470 2.347500e-01 1 1   3.663463e+00  8.826185e-03  5.055040e+01
471 2.352500e-01 1 1   3.700125e+00  8.718871e-03  5.111997e+01
472 2.357500e-01 1 1   3.737839e+00  8.601430e-03  5.168591e+01
473 2.362500e-01 1 1   3.776592e+00  8.476723e-03  5.224789e+01
474 2.367500e-01 1 1   3.816362e+00  8.345092e-03  5.280564e+01
475 2.372500e-01 1 1   3.857132e+00  8.204204e-03  5.335892e+01
476 2.377500e-01 1 1   3.898882e+00  8.051418e-03  5.390747e+01
477 2.382500e-01 1 1   3.941593e+00  7.889701e-03  5.445106e+01
478 2.387500e-01 1 1   3.985237e+00  7.715960e-03  5.498944e+01
479 2.392500e-01 1 1   4.029816e+00  7.518668e-03  5.552300e+01
480 2.397500e-01 1 1   4.075270e+00  7.325311e-03  5.605045e+01
481 2.402500e-01 1 1   4.121551e+00  7.135224e-03  5.657080e+01
482 2.407500e-01 1 1   4.168677e+00  6.905744e-03  5.708583e+01
483 2.412500e-01 1 1   4.216600e+00  6.666459e-03  5.759458e+01
484 2.417500e-01 1 1   4.265279e+00  6.416337e-03  5.809625e+01
485 2.422500e-01 1 1   4.314669e+00  6.157716e-03  5.859067e+01
486 2.427500e-01 1 1   4.364739e+00  5.884632e-03  5.907780e+01
487 2.432500e-01 1 1   4.415453e+00  5.593828e-03  5.955743e+01
488 2.437500e-01 1 1   4.466769e+00  5.284680e-03  6.002922e+01
489 2.442500e-01 1 1   4.518644e+00  4.957058e-03  6.049289e+01
490 2.447500e-01 1 1   4.571031e+00  4.612743e-03  6.094809e+01
491 2.452500e-01 1 1   4.623884e+00  4.252877e-03  6.139465e+01
492 2.457500e-01 1 1   4.677152e+00  3.873328e-03  6.183223e+01
493 2.462500e-01 1 1   4.730786e+00  3.475079e-03  6.226060e+01
494 2.467500e-01 1 1   4.784735e+00  3.055666e-03  6.267950e+01
495 2.472500e-01 1 1   4.838948e+00  2.616640e-03  6.308865e+01
496 2.477500e-01 1 1   4.893368e+00  2.157582e-03  6.348778e+01
497 2.482500e-01 1 1   4.947942e+00  1.680688e-03  6.387662e+01
498 2.487500e-01 1 1   5.002613e+00  1.181657e-03  6.425490e+01
499 2.492500e-01 1 1   5.057323e+00  6.607825e-04  6.462238e+01
500 2.497500e-01 1 1   5.112014e+00  1.185387e-04  6.497880e+01
501 2.502500e-01 1 1   5.166627e+00 -4.468906e-04  6.532393e+01
502 2.507500e-01 1 1   5.221105e+00 -1.037874e-03  6.565750e+01
503 2.512500e-01 1 1   5.275382e+00 -1.649457e-03  6.597919e+01
504 2.517500e-01 1 1   5.329401e+00 -2.286155e-03  6.628885e+01
505 2.522500e-01 1 1   5.383106e+00 -2.947277e-03  6.658632e+01
506 2.527500e-01 1 1   5.436429e+00 -3.633974e-03  6.687131e+01
507 2.532500e-01 1 1   5.489309e+00 -4.345529e-03  6.714356e+01
508 2.537500e-01 1 1   5.541647e+00 -5.071291e-03  6.740227e+01
509 2.542500e-01 1 1   5.593480e+00 -5.842960e-03  6.764885e+01
510 2.547500e-01 1 1   5.644680e+00 -6.635760e-03  6.788198e+01
511 2.552500e-01 1 1   5.695172e+00 -7.449553e-03  6.810114e+01
512 2.557500e-01 1 1   5.744871e+00 -8.277136e-03  6.830587e+01
513 2.562500e-01 1 1   5.793829e+00 -9.148269e-03  6.849768e+01
514 2.567500e-01 1 1   5.841920e+00 -1.004497e-02  6.867536e+01
515 2.572500e-01 1 1   5.889068e+00 -1.096329e-02  6.883841e+01
516 2.577500e-01 1 1   5.935223e+00 -1.190270e-02  6.898684e+01
517 2.582500e-01 1 1   5.980342e+00 -1.286769e-02  6.912068e+01
518 2.587500e-01 1 1   6.024372e+00 -1.386245e-02  6.923980e+01
519 2.592500e-01 1 1   6.067258e+00 -1.488424e-02  6.934401e+01
520 2.597500e-01 1 1   6.108946e+00 -1.593086e-02  6.943317e+01
521 2.602500e-01 1 1   6.149353e+00 -1.699946e-02  6.950672e+01
522 2.607500e-01 1 1   6.188490e+00 -1.809955e-02  6.956537e+01
523 2.612500e-01 1 1   6.226293e+00 -1.922653e-02  6.960882e+01
524 2.617500e-01 1 1   6.262704e+00 -2.037528e-02  6.963670e+01
525 2.622500e-01 1 1   6.297674e+00 -2.154457e-02  6.964888e+01
526 2.627500e-01 1 1   6.331148e+00 -2.273534e-02  6.964513e+01
527 2.632500e-01 1 1   6.363114e+00 -2.395026e-02  6.962562e+01
528 2.637500e-01 1 1   6.393523e+00 -2.518871e-02  6.959021e+01
529 2.642500e-01 1 1   6.422345e+00 -2.644935e-02  6.953886e+01
530 2.647500e-01 1 1   6.449550e+00 -2.773059e-02  6.947154e+01
531 2.652500e-01 1 1   6.475104e+00 -2.902994e-02  6.938820e+01
532 2.657500e-01 1 1   6.498976e+00 -3.034775e-02  6.928875e+01
533 2.662500e-01 1 1   6.521140e+00 -3.168412e-02  6.917317e+01
534 2.667500e-01 1 1   6.541572e+00 -3.303850e-02  6.904143e+01
535 2.672500e-01 1 1   6.560254e+00 -3.440941e-02  6.889352e+01
536 2.677500e-01 1 1   6.577166e+00 -3.579685e-02  6.872945e+01
537 2.682500e-01 1 1   6.592295e+00 -3.719864e-02  6.854922e+01
538 2.687500e-01 1 1   6.605670e+00 -3.862242e-02  6.835331e+01
539 2.692500e-01 1 1   6.617199e+00 -4.005903e-02  6.814086e+01
540 2.697500e-01 1 1   6.626897e+00 -4.150108e-02  6.791213e+01
541 2.702500e-01 1 1   6.634779e+00 -4.295023e-02  6.766741e+01
542 2.707500e-01 1 1   6.640844e+00 -4.440827e-02  6.740676e+01
543 2.712500e-01 1 1   6.645099e+00 -4.587444e-02  6.713031e+01
544 2.717500e-01 1 1   6.647535e+00 -4.734764e-02  6.683801e+01
545 2.722500e-01 1 1   6.648124e+00 -4.882637e-02  6.652963e+01
546 2.727500e-01 1 1   6.646899e+00 -5.030937e-02  6.620548e+01
547 2.732500e-01 1 1   6.643882e+00 -5.179652e-02  6.586580e+01
548 2.737500e-01 1 1   6.639057e+00 -5.328634e-02  6.551042e+01
549 2.742500e-01 1 1   6.632435e+00 -5.477589e-02  6.513938e+01
550 2.747500e-01 1 1   6.624052e+00 -5.626318e-02  6.475297e+01
551 2.752500e-01 1 1   6.613928e+00 -5.774772e-02  6.435135e+01
552 2.757500e-01 1 1   6.602060e+00 -5.922756e-02  6.393439e+01
553 2.762500e-01 1 1   6.588482e+00 -6.070072e-02  6.350233e+01
554 2.767500e-01 1 1   6.573264e+00 -6.216876e-02  6.305575e+01
555 2.772500e-01 1 1   6.556379e+00 -6.363014e-02  6.259431e+01
556 2.777500e-01 1 1   6.537841e+00 -6.508195e-02  6.211801e+01
557 2.782500e-01 1 1   6.517691e+00 -6.652120e-02  6.162709e+01
558 2.787500e-01 1 1   6.495974e+00 -6.794618e-02  6.112187e+01
559 2.792500e-01 1 1   6.472725e+00 -6.935550e-02  6.060250e+01
560 2.797500e-01 1 1   6.447969e+00 -7.074943e-02  6.006910e+01
561 2.802500e-01 1 1   6.421748e+00 -7.212583e-02  5.952187e+01
562 2.807500e-01 1 1   6.394133e+00 -7.349142e-02  5.896135e+01
563 2.812500e-01 1 1   6.365040e+00 -7.480754e-02  5.838650e+01
564 2.817500e-01 1 1   6.334613e+00 -7.614857e-02  5.779857e+01
565 2.822500e-01 1 1   6.302951e+00 -7.746044e-02  5.719829e+01
566 2.827500e-01 1 1   6.269948e+00 -7.870403e-02  5.658431e+01
567 2.832500e-01 1 1   6.235692e+00 -7.997432e-02  5.595743e+01
568 2.837500e-01 1 1   6.200290e+00 -8.117801e-02  5.531848e+01
569 2.842500e-01 1 1   6.163697e+00 -8.236749e-02  5.466671e+01
570 2.847500e-01 1 1   6.125991e+00 -8.354346e-02  5.400275e+01
571 2.852500e-01 1 1   6.087261e+00 -8.468758e-02  5.332715e+01
572 2.857500e-01 1 1   6.047522e+00 -8.580066e-02  5.263980e+01
573 2.862500e-01 1 1   6.006836e+00 -8.687445e-02  5.194109e+01
574 2.867500e-01 1 1   5.965244e+00 -8.790838e-02  5.123117e+01
575 2.872500e-01 1 1   5.922745e+00 -8.891526e-02  5.050982e+01
576 2.877500e-01 1 1   5.879377e+00 -8.990480e-02  4.977719e+01
577 2.882500e-01 1 1   5.835301e+00 -9.084118e-02  4.903460e+01
578 2.887500e-01 1 1   5.790498e+00 -9.172637e-02  4.828156e+01
579 2.892500e-01 1 1   5.744949e+00 -9.258504e-02  4.751773e+01
580 2.897500e-01 1 1   5.698760e+00 -9.341141e-02  4.674390e+01
581 2.902500e-01 1 1   5.651996e+00 -9.419452e-02  4.596036e+01
582 2.907500e-01 1 1   5.604693e+00 -9.493090e-02  4.516726e+01
583 2.912500e-01 1 1   5.556887e+00 -9.562480e-02  4.436469e+01
584 2.917500e-01 1 1   5.508632e+00 -9.627908e-02  4.355300e+01
585 2.922500e-01 1 1   5.459988e+00 -9.688529e-02  4.273252e+01
586 2.927500e-01 1 1   5.410941e+00 -9.745888e-02  4.190282e+01
587 2.932500e-01 1 1   5.361587e+00 -9.799052e-02  4.106466e+01
588 2.937500e-01 1 1   5.311965e+00 -9.847779e-02  4.021813e+01
589 2.942500e-01 1 1   5.262153e+00 -9.891020e-02  3.936375e+01
590 2.947500e-01 1 1   5.212158e+00 -9.929461e-02  3.850133e+01
591 2.952500e-01 1 1   5.162011e+00 -9.963980e-02  3.763096e+01
592 2.957500e-01 1 1   5.111772e+00 -9.994713e-02  3.675303e+01
593 2.962500e-01 1 1   5.061500e+00 -1.002112e-01  3.586779e+01
594 2.967500e-01 1 1   5.011244e+00 -1.004208e-01  3.497550e+01
595 2.972500e-01 1 1   4.961039e+00 -1.005854e-01  3.407629e+01
596 2.977500e-01 1 1   4.910913e+00 -1.007073e-01  3.317022e+01
597 2.982500e-01 1 1   4.860927e+00 -1.007856e-01  3.225763e+01
598 2.987500e-01 1 1   4.811127e+00 -1.008154e-01  3.133869e+01
599 2.992500e-01 1 1   4.761534e+00 -1.007992e-01  3.041342e+01
600 2.997500e-01 1 1   4.712195e+00 -1.007407e-01  2.948201e+01
601 3.002500e-01 1 1   4.663154e+00 -1.006374e-01  2.854469e+01
602 3.007500e-01 1 1   4.614465e+00 -1.004876e-01  2.760168e+01
603 3.012500e-01 1 1   4.566158e+00 -1.002954e-01  2.665298e+01
604 3.017500e-01 1 1   4.518278e+00 -1.000619e-01  2.569884e+01
605 3.022500e-01 1 1   4.470898e+00 -9.977700e-02  2.473970e+01
606 3.027500e-01 1 1   4.424016e+00 -9.944879e-02  2.377524e+01
607 3.032500e-01 1 1   4.377682e+00 -9.908026e-02  2.280572e+01
608 3.037500e-01 1 1   4.331954e+00 -9.866775e-02  2.183144e+01
609 3.042500e-01 1 1   4.286877e+00 -9.821156e-02  2.085256e+01
610 3.047500e-01 1 1   4.242472e+00 -9.771385e-02  1.986907e+01
611 3.052500e-01 1 1   4.198778e+00 -9.717646e-02  1.888097e+01
612 3.057500e-01 1 1   4.155856e+00 -9.659536e-02  1.788874e+01
613 3.062500e-01 1 1   4.113737e+00 -9.597590e-02  1.689225e+01
614 3.067500e-01 1 1   4.072448e+00 -9.531777e-02  1.589154e+01
615 3.072500e-01 1 1   4.032042e+00 -9.462235e-02  1.488680e+01
616 3.077500e-01 1 1   3.992571e+00 -9.388814e-02  1.387829e+01
617 3.082500e-01 1 1   3.954025e+00 -9.312297e-02  1.286544e+01
618 3.087500e-01 1 1   3.916522e+00 -9.231204e-02  1.184933e+01
619 3.092500e-01 1 1   3.880083e+00 -9.145607e-02  1.082970e+01
620 3.097500e-01 1 1   3.844728e+00 -9.056658e-02  9.806391e+00
621 3.102500e-01 1 1   3.810494e+00 -8.964865e-02  8.779516e+00
622 3.107500e-01 1 1   3.777429e+00 -8.870218e-02  7.749211e+00
623 3.112500e-01 1 1   3.745594e+00 -8.772168e-02  6.715715e+00
624 3.117500e-01 1 1   3.715010e+00 -8.670411e-02  5.678930e+00
625 3.122500e-01 1 1   3.685724e+00 -8.565065e-02  4.638908e+00
626 3.127500e-01 1 1   3.657777e+00 -8.456396e-02  3.595749e+00
627 3.132500e-01 1 1   3.631217e+00 -8.345166e-02  2.549526e+00
628 3.137500e-01 1 1   3.606086e+00 -8.230699e-02  1.500329e+00
629 3.142500e-01 1 1   3.582428e+00 -8.113330e-02  4.481756e-01
630 3.147500e-01 1 1   3.560289e+00 -7.993351e-02 -6.068942e-01
631 3.152500e-01 1 1   3.539707e+00 -7.870751e-02 -1.664829e+00
632 3.157500e-01 1 1   3.520730e+00 -7.745566e-02 -2.725628e+00
633 3.162500e-01 1 1   3.503422e+00 -7.620194e-02 -3.788355e+00
634 3.167500e-01 1 1   3.487792e+00 -7.488985e-02 -4.854322e+00
635 3.172500e-01 1 1   3.473878e+00 -7.353461e-02 -5.923957e+00
636 3.177500e-01 1 1   3.461734e+00 -7.216722e-02 -6.996292e+00
637 3.182500e-01 1 1   3.451428e+00 -7.078982e-02 -8.070988e+00
638 3.187500e-01 1 1   3.443005e+00 -6.939860e-02 -9.147994e+00
639 3.192500e-01 1 1   3.436506e+00 -6.798337e-02 -1.022744e+01
640 3.197500e-01 1 1   3.431971e+00 -6.654302e-02 -1.130946e+01
641 3.202500e-01 1 1   3.429447e+00 -6.508055e-02 -1.239406e+01
642 3.207500e-01 1 1   3.428980e+00 -6.359521e-02 -1.348128e+01
643 3.212500e-01 1 1   3.430616e+00 -6.209460e-02 -1.457094e+01
644 3.217500e-01 1 1   3.434404e+00 -6.057296e-02 -1.566322e+01
645 3.222500e-01 1 1   3.440410e+00 -5.905203e-02 -1.675699e+01
646 3.227500e-01 1 1   3.448671e+00 -5.750939e-02 -1.785309e+01
647 3.232500e-01 1 1   3.459218e+00 -5.594419e-02 -1.895204e+01
648 3.237500e-01 1 1   3.472106e+00 -5.436521e-02 -2.005348e+01
649 3.242500e-01 1 1   3.487383e+00 -5.277247e-02 -2.115702e+01
650 3.247500e-01 1 1   3.505103e+00 -5.116499e-02 -2.226260e+01
651 3.252500e-01 1 1   3.525312e+00 -4.954424e-02 -2.337028e+01
652 3.257500e-01 1 1   3.548056e+00 -4.791401e-02 -2.448009e+01
653 3.262500e-01 1 1   3.573385e+00 -4.627050e-02 -2.559200e+01
654 3.267500e-01 1 1   3.601342e+00 -4.461581e-02 -2.670596e+01
655 3.272500e-01 1 1   3.631978e+00 -4.294593e-02 -2.782190e+01
656 3.277500e-01 1 1   3.665339e+00 -4.126971e-02 -2.893983e+01
657 3.282500e-01 1 1   3.701482e+00 -3.958313e-02 -3.005940e+01
658 3.287500e-01 1 1   3.740449e+00 -3.789345e-02 -3.118015e+01
659 3.292500e-01 1 1   3.782285e+00 -3.618625e-02 -3.230303e+01
660 3.297500e-01 1 1   3.827038e+00 -3.446407e-02 -3.342795e+01
661 3.302500e-01 1 1   3.874752e+00 -3.273778e-02 -3.455438e+01
662 3.307500e-01 1 1   3.925471e+00 -3.100464e-02 -3.568215e+01
663 3.312500e-01 1 1   3.979245e+00 -2.926449e-02 -3.681128e+01
664 3.317500e-01 1 1   4.036121e+00 -2.751640e-02 -3.794174e+01
665 3.322500e-01 1 1   4.096143e+00 -2.576196e-02 -3.907340e+01
666 3.327500e-01 1 1   4.159349e+00 -2.400039e-02 -4.020606e+01
667 3.332500e-01 1 1   4.225777e+00 -2.223164e-02 -4.133973e+01
668 3.337500e-01 1 1   4.295481e+00 -2.045611e-02 -4.247438e+01
669 3.342500e-01 1 1   4.368502e+00 -1.868097e-02 -4.360987e+01
670 3.347500e-01 1 1   4.444876e+00 -1.690132e-02 -4.474602e+01
671 3.352500e-01 1 1   4.524635e+00 -1.511998e-02 -4.588267e+01
672 3.357500e-01 1 1   4.607822e+00 -1.333645e-02 -4.701969e+01
673 3.362500e-01 1 1   4.694477e+00 -1.154580e-02 -4.815704e+01
674 3.367500e-01 1 1   4.784629e+00 -9.755005e-03 -4.929465e+01
675 3.372500e-01 1 1   4.878306e+00 -7.957976e-03 -5.043172e+01
676 3.377500e-01 1 1   4.975561e+00 -6.165756e-03 -5.156935e+01
677 3.382500e-01 1 1   5.076392e+00 -4.372203e-03 -5.270593e+01
678 3.387500e-01 1 1   5.180843e+00 -2.582189e-03 -5.384188e+01
679 3.392500e-01 1 1   5.288939e+00 -7.963514e-04 -5.497696e+01
680 3.397500e-01 1 1   5.400738e+00  9.852450e-04 -5.611231e+01
681 3.402500e-01 1 1   5.516197e+00  2.761598e-03 -5.724576e+01
682 3.407500e-01 1 1   5.635361e+00  4.537768e-03 -5.837746e+01
683 3.412500e-01 1 1   5.758262e+00  6.313019e-03 -5.950768e+01
684 3.417500e-01 1 1   5.884933e+00  8.080041e-03 -6.063696e+01
685 3.422500e-01 1 1   6.015354e+00  9.834325e-03 -6.176404e+01
686 3.427500e-01 1 1   6.149534e+00  1.158514e-02 -6.288861e+01
687 3.432500e-01 1 1   6.287495e+00  1.333007e-02 -6.401085e+01
688 3.437500e-01 1 1   6.429233e+00  1.506388e-02 -6.513059e+01
689 3.442500e-01 1 1   6.574745e+00  1.678767e-02 -6.624737e+01
690 3.447500e-01 1 1   6.724034e+00  1.850081e-02 -6.736095e+01
691 3.452500e-01 1 1   6.877090e+00  2.020010e-02 -6.847114e+01
692 3.457500e-01 1 1   7.033905e+00  2.188288e-02 -6.957763e+01
693 3.462500e-01 1 1   7.194463e+00  2.355331e-02 -7.068016e+01
694 3.467500e-01 1 1   7.358752e+00  2.520478e-02 -7.177845e+01
695 3.472500e-01 1 1   7.526750e+00  2.683704e-02 -7.287224e+01
696 3.477500e-01 1 1   7.698430e+00  2.844493e-02 -7.396122e+01
697 3.482500e-01 1 1   7.873760e+00  3.003215e-02 -7.504509e+01
698 3.487500e-01 1 1   8.052714e+00  3.160248e-02 -7.612357e+01
699 3.492500e-01 1 1   8.235250e+00  3.314302e-02 -7.719635e+01
700 3.497500e-01 1 1   8.421333e+00  3.465540e-02 -7.826311e+01
701 3.502500e-01 1 1   8.610910e+00  3.613739e-02 -7.932353e+01
702 3.507500e-01 1 1   8.803931e+00  3.759337e-02 -8.037730e+01
703 3.512500e-01 1 1   9.000342e+00  3.901600e-02 -8.142412e+01
704 3.517500e-01 1 1   9.200086e+00  4.040527e-02 -8.246369e+01
705 3.522500e-01 1 1   9.403097e+00  4.175821e-02 -8.349568e+01
706 3.527500e-01 1 1   9.609316e+00  4.307350e-02 -8.451976e+01
707 3.532500e-01 1 1   9.818660e+00  4.434818e-02 -8.553556e+01
708 3.537500e-01 1 1   1.003105e+01  4.558387e-02 -8.654275e+01
709 3.542500e-01 1 1   1.024641e+01  4.677378e-02 -8.754098e+01
710 3.547500e-01 1 1   1.046466e+01  4.791896e-02 -8.852994e+01
711 3.552500e-01 1 1   1.068569e+01  4.901287e-02 -8.950927e+01
712 3.557500e-01 1 1   1.090943e+01  5.005531e-02 -9.047864e+01
713 3.562500e-01 1 1   1.113576e+01  5.104587e-02 -9.143780e+01
714 3.567500e-01 1 1   1.136459e+01  5.198315e-02 -9.238635e+01
715 3.572500e-01 1 1   1.159576e+01  5.285223e-02 -9.332360e+01
716 3.577500e-01 1 1   1.182918e+01  5.365711e-02 -9.424936e+01
717 3.582500e-01 1 1   1.206478e+01  5.440547e-02 -9.516373e+01
718 3.587500e-01 1 1   1.230243e+01  5.510086e-02 -9.606654e+01
719 3.592500e-01 1 1   1.254188e+01  5.571357e-02 -9.695618e+01
720 3.597500e-01 1 1   1.278308e+01  5.624840e-02 -9.783309e+01
721 3.602500e-01 1 1   1.302594e+01  5.671670e-02 -9.869723e+01
722 3.607500e-01 1 1   1.327028e+01  5.711677e-02 -9.954807e+01
723 3.612500e-01 1 1   1.351597e+01  5.743130e-02 -1.003852e+02
724 3.617500e-01 1 1   1.376288e+01  5.767522e-02 -1.012085e+02
725 3.622500e-01 1 1   1.401077e+01  5.782836e-02 -1.020172e+02
726 3.627500e-01 1 1   1.425952e+01  5.788801e-02 -1.028108e+02
727 3.632500e-01 1 1   1.450902e+01  5.786271e-02 -1.035897e+02
728 3.637500e-01 1 1   1.475913e+01  5.776188e-02 -1.043535e+02
729 3.642500e-01 1 1   1.500962e+01  5.756948e-02 -1.051017e+02
730 3.647500e-01 1 1   1.526031e+01  5.727083e-02 -1.058337e+02
731 3.652500e-01 1 1   1.551104e+01  5.686944e-02 -1.065493e+02
732 3.657500e-01 1 1   1.576165e+01  5.637128e-02 -1.072484e+02
733 3.662500e-01 1 1   1.601196e+01  5.577579e-02 -1.079306e+02
734 3.667500e-01 1 1   1.626181e+01  5.507939e-02 -1.085958e+02
735 3.672500e-01 1 1   1.651101e+01  5.427107e-02 -1.092435e+02
736 3.677500e-01 1 1   1.675934e+01  5.335828e-02 -1.098734e+02
737 3.682500e-01 1 1   1.700667e+01  5.233463e-02 -1.104854e+02
738 3.687500e-01 1 1   1.725282e+01  5.120002e-02 -1.110793e+02
739 3.692500e-01 1 1   1.749760e+01  4.996228e-02 -1.116548e+02
740 3.697500e-01 1 1   1.774078e+01  4.861449e-02 -1.122113e+02
741 3.702500e-01 1 1   1.798219e+01  4.715199e-02 -1.127488e+02
742 3.707500e-01 1 1   1.822168e+01  4.557200e-02 -1.132673e+02
743 3.712500e-01 1 1   1.845907e+01  4.387650e-02 -1.137665e+02
744 3.717500e-01 1 1   1.869412e+01  4.206899e-02 -1.142458e+02
745 3.722500e-01 1 1   1.892664e+01  4.014504e-02 -1.147052e+02
746 3.727500e-01 1 1   1.915648e+01  3.810197e-02 -1.151447e+02
747 3.732500e-01 1 1   1.938348e+01  3.594579e-02 -1.155639e+02
748 3.737500e-01 1 1   1.960719e+01  3.368855e-02 -1.159616e+02
749 3.742500e-01 1 1   1.982797e+01  3.129064e-02 -1.163404e+02
750 3.747500e-01 1 1   2.004534e+01  2.877643e-02 -1.166984e+02
751 3.752500e-01 1 1   2.025881e+01  2.617897e-02 -1.170339e+02
752 3.757500e-01 1 1   2.046855e+01  2.344988e-02 -1.173486e+02
753 3.762500e-01 1 1   2.067447e+01  2.059589e-02 -1.176428e+02
754 3.767500e-01 1 1   2.087630e+01  1.764274e-02 -1.179158e+02
755 3.772500e-01 1 1   2.107382e+01  1.458489e-02 -1.181673e+02
756 3.777500e-01 1 1   2.126684e+01  1.141424e-02 -1.183969e+02
757 3.782500e-01 1 1   2.145522e+01  8.133878e-03 -1.186047e+02
758 3.787500e-01 1 1   2.163880e+01  4.752699e-03 -1.187907e+02
759 3.792500e-01 1 1   2.181743e+01  1.270975e-03 -1.189546e+02
760 3.797500e-01 1 1   2.199094e+01 -2.305192e-03 -1.190966e+02
761 3.802500e-01 1 1   2.215920e+01 -5.976540e-03 -1.192164e+02
762 3.807500e-01 1 1   2.232204e+01 -9.740305e-03 -1.193140e+02
763 3.812500e-01 1 1   2.247934e+01 -1.359525e-02 -1.193894e+02
764 3.817500e-01 1 1   2.263093e+01 -1.753667e-02 -1.194424e+02
765 3.822500e-01 1 1   2.277670e+01 -2.156200e-02 -1.194732e+02
766 3.827500e-01 1 1   2.291650e+01 -2.566316e-02 -1.194815e+02
767 3.832500e-01 1 1   2.305021e+01 -2.983972e-02 -1.194674e+02
768 3.837500e-01 1 1   2.317771e+01 -3.408373e-02 -1.194308e+02
769 3.842500e-01 1 1   2.329888e+01 -3.839475e-02 -1.193718e+02
770 3.847500e-01 1 1   2.341362e+01 -4.276538e-02 -1.192903e+02
771 3.852500e-01 1 1   2.352183e+01 -4.719390e-02 -1.191864e+02
772 3.857500e-01 1 1   2.362334e+01 -5.168639e-02 -1.190598e+02
773 3.862500e-01 1 1   2.371819e+01 -5.621947e-02 -1.189112e+02
774 3.867500e-01 1 1   2.380622e+01 -6.077834e-02 -1.187403e+02
775 3.872500e-01 1 1   2.388735e+01 -6.537230e-02 -1.185469e+02
776 3.877500e-01 1 1   2.396151e+01 -7.001295e-02 -1.183313e+02
777 3.882500e-01 1 1   2.402865e+01 -7.469272e-02 -1.180935e+02
778 3.887500e-01 1 1   2.408865e+01 -7.938462e-02 -1.178335e+02
779 3.892500e-01 1 1   2.414142e+01 -8.407495e-02 -1.175511e+02
780 3.897500e-01 1 1   2.418703e+01 -8.877162e-02 -1.172469e+02
781 3.902500e-01 1 1   2.422546e+01 -9.347949e-02 -1.169211e+02
782 3.907500e-01 1 1   2.425647e+01 -9.817772e-02 -1.165730e+02
783 3.912500e-01 1 1   2.428003e+01 -1.028571e-01 -1.162027e+02
784 3.917500e-01 1 1   2.429621e+01 -1.075151e-01 -1.158107e+02
785 3.922500e-01 1 1   2.430513e+01 -1.121538e-01 -1.153976e+02
786 3.927500e-01 1 1   2.430678e+01 -1.167681e-01 -1.149636e+02
787 3.932500e-01 1 1   2.430086e+01 -1.213407e-01 -1.145077e+02
788 3.937500e-01 1 1   2.428740e+01 -1.258656e-01 -1.140301e+02
789 3.942500e-01 1 1   2.426652e+01 -1.303384e-01 -1.135313e+02
790 3.947500e-01 1 1   2.423845e+01 -1.347611e-01 -1.130124e+02
791 3.952500e-01 1 1   2.420313e+01 -1.391324e-01 -1.124734e+02
792 3.957500e-01 1 1   2.416022e+01 -1.434328e-01 -1.119128e+02
793 3.962500e-01 1 1   2.410981e+01 -1.476554e-01 -1.113309e+02
794 3.967500e-01 1 1   2.405216e+01 -1.517954e-01 -1.107290e+02
795 3.972500e-01 1 1   2.398750e+01 -1.558446e-01 -1.101079e+02
796 3.977500e-01 1 1   2.391571e+01 -1.598105e-01 -1.094671e+02
797 3.982500e-01 1 1   2.383654e+01 -1.636844e-01 -1.088056e+02
798 3.987500e-01 1 1   2.375016e+01 -1.674556e-01 -1.081239e+02
799 3.992500e-01 1 1   2.365685e+01 -1.711164e-01 -1.074231e+02
800 3.997500e-01 1 1   2.355682e+01 -1.746605e-01 -1.067041e+02
801 4.002500e-01 1 2   2.344929e+01 -1.779533e-01 -1.059640e+02
802 4.007500e-01 1 1   2.333565e+01 -1.813883e-01 -1.052067e+02
803 4.012500e-01 1 1   2.321548e+01 -1.846535e-01 -1.044320e+02
804 4.017500e-01 1 1   2.308819e+01 -1.876658e-01 -1.036369e+02
805 4.022500e-01 1 1   2.295416e+01 -1.905341e-01 -1.028225e+02
806 4.027500e-01 1 1   2.281386e+01 -1.933077e-01 -1.019907e+02
807 4.032500e-01 1 1   2.266741e+01 -1.959696e-01 -1.011417e+02
808 4.037500e-01 1 1   2.251487e+01 -1.984961e-01 -1.002755e+02
809 4.042500e-01 1 1   2.235626e+01 -2.008768e-01 -9.939196e+01
810 4.047500e-01 1 1   2.219171e+01 -2.031066e-01 -9.849134e+01
811 4.052500e-01 1 1   2.202130e+01 -2.051847e-01 -9.757377e+01
812 4.057500e-01 1 1   2.184520e+01 -2.071142e-01 -9.663955e+01
813 4.062500e-01 1 1   2.166352e+01 -2.088988e-01 -9.568888e+01
814 4.067500e-01 1 1   2.147642e+01 -2.105379e-01 -9.472206e+01
815 4.072500e-01 1 1   2.128401e+01 -2.120318e-01 -9.373927e+01
816 4.077500e-01 1 1   2.108644e+01 -2.133794e-01 -9.274078e+01
817 4.082500e-01 1 1   2.088385e+01 -2.145808e-01 -9.172680e+01
818 4.087500e-01 1 1   2.067639e+01 -2.156354e-01 -9.069759e+01
819 4.092500e-01 1 1   2.046421e+01 -2.165452e-01 -8.965338e+01
820 4.097500e-01 1 1   2.024746e+01 -2.173136e-01 -8.859440e+01
821 4.102500e-01 1 1   2.002628e+01 -2.179419e-01 -8.752090e+01
822 4.107500e-01 1 1   1.980083e+01 -2.184328e-01 -8.643310e+01
823 4.112500e-01 1 1   1.957127e+01 -2.187877e-01 -8.533127e+01
824 4.117500e-01 1 1   1.933776e+01 -2.190080e-01 -8.421566e+01
825 4.122500e-01 1 1   1.910045e+01 -2.190953e-01 -8.308657e+01
826 4.127500e-01 1 1   1.885925e+01 -2.190695e-01 -8.194306e+01
827 4.132500e-01 1 1   1.861487e+01 -2.189070e-01 -8.078782e+01
828 4.137500e-01 1 1   1.836708e+01 -2.186140e-01 -7.961940e+01
829 4.142500e-01 1 1   1.811596e+01 -2.182171e-01 -7.843770e+01
830 4.147500e-01 1 1   1.786183e+01 -2.177120e-01 -7.724361e+01
831 4.152500e-01 1 1   1.760487e+01 -2.170895e-01 -7.603751e+01
832 4.157500e-01 1 1   1.734521e+01 -2.163574e-01 -7.481949e+01
833 4.162500e-01 1 1   1.708297e+01 -2.155259e-01 -7.358958e+01
834 4.167500e-01 1 1   1.681827e+01 -2.146003e-01 -7.234791e+01
835 4.172500e-01 1 1   1.655127e+01 -2.135792e-01 -7.109464e+01
836 4.177500e-01 1 1   1.628213e+01 -2.124643e-01 -6.983004e+01
837 4.182500e-01 1 1   1.601100e+01 -2.112603e-01 -6.855430e+01
838 4.187500e-01 1 1   1.573802e+01 -2.099689e-01 -6.726760e+01
839 4.192500e-01 1 1   1.546336e+01 -2.085945e-01 -6.597013e+01
840 4.197500e-01 1 1   1.518714e+01 -2.071394e-01 -6.466205e+01
841 4.202500e-01 1 1   1.490952e+01 -2.056075e-01 -6.334353e+01
842 4.207500e-01 1 1   1.463063e+01 -2.039974e-01 -6.201473e+01
843 4.212500e-01 1 1   1.435062e+01 -2.023092e-01 -6.067582e+01
844 4.217500e-01 1 1   1.406963e+01 -2.005453e-01 -5.932695e+01
845 4.222500e-01 1 1   1.378780e+01 -1.987059e-01 -5.796833e+01
846 4.227500e-01 1 1   1.350489e+01 -1.968113e-01 -5.659828e+01
847 4.232500e-01 1 1   1.322178e+01 -1.948307e-01 -5.522039e+01
848 4.237500e-01 1 1   1.293839e+01 -1.927564e-01 -5.383387e+01
849 4.242500e-01 1 1   1.265452e+01 -1.906197e-01 -5.243729e+01
850 4.247500e-01 1 1   1.237038e+01 -1.884277e-01 -5.103113e+01
851 4.252500e-01 1 1   1.208619e+01 -1.861605e-01 -4.961599e+01
852 4.257500e-01 1 1   1.180210e+01 -1.838065e-01 -4.819199e+01
853 4.262500e-01 1 1   1.151819e+01 -1.813781e-01 -4.675906e+01
854 4.267500e-01 1 1   1.123455e+01 -1.788788e-01 -4.531719e+01
855 4.272500e-01 1 1   1.095130e+01 -1.763111e-01 -4.386643e+01
856 4.277500e-01 1 1   1.066856e+01 -1.736730e-01 -4.240690e+01
857 4.282500e-01 1 1   1.038646e+01 -1.709532e-01 -4.093870e+01
858 4.287500e-01 1 1   1.010512e+01 -1.681516e-01 -3.946190e+01
859 4.292500e-01 1 1   9.824657e+00 -1.652654e-01 -3.797662e+01
860 4.297500e-01 1 1   9.545192e+00 -1.622889e-01 -3.648289e+01
861 4.302500e-01 1 1   9.266833e+00 -1.592355e-01 -3.498081e+01
862 4.307500e-01 1 1   8.989605e+00 -1.560982e-01 -3.346991e+01
863 4.312500e-01 1 1   8.713604e+00 -1.528768e-01 -3.195016e+01
864 4.317500e-01 1 1   8.439417e+00 -1.495499e-01 -3.042412e+01
865 4.322500e-01 1 1   8.166727e+00 -1.461268e-01 -2.888956e+01
866 4.327500e-01 1 1   7.895607e+00 -1.426318e-01 -2.734641e+01
867 4.332500e-01 1 1   7.626261e+00 -1.390539e-01 -2.579517e+01
868 4.337500e-01 1 1   7.358827e+00 -1.353781e-01 -2.423603e+01
869 4.342500e-01 1 1   7.093359e+00 -1.316024e-01 -2.266871e+01
870 4.347500e-01 1 1   6.829978e+00 -1.277377e-01 -2.109334e+01
871 4.352500e-01 1 1   6.568844e+00 -1.237811e-01 -1.951022e+01
872 4.357500e-01 1 1   6.310061e+00 -1.197269e-01 -1.791940e+01
873 4.362500e-01 1 1   6.053746e+00 -1.155766e-01 -1.632096e+01
874 4.367500e-01 1 1   5.800029e+00 -1.113313e-01 -1.471502e+01
875 4.372500e-01 1 1   5.548991e+00 -1.069816e-01 -1.310149e+01
876 4.377500e-01 1 2   5.298517e+00 -1.023095e-01 -1.147489e+01
877 4.382500e-01 1 1   5.054799e+00 -9.794947e-02 -9.848849e+00
878 4.387500e-01 1 1   4.812942e+00 -9.347442e-02 -8.214663e+00
879 4.392500e-01 1 1   4.573559e+00 -8.874188e-02 -6.570429e+00
880 4.397500e-01 1 1   4.337172e+00 -8.383084e-02 -4.917240e+00
881 4.402500e-01 1 2   4.102293e+00 -7.865575e-02 -3.253700e+00
882 4.407500e-01 1 1   3.875115e+00 -7.386133e-02 -1.592652e+00
883 4.412500e-01 1 1   3.649771e+00 -6.891688e-02  7.969409e-02
884 4.417500e-01 1 1   3.427307e+00 -6.367402e-02  1.763108e+00
885 4.422500e-01 1 2   3.206429e+00 -5.802077e-02  3.458862e+00
886 4.427500e-01 1 1   2.994259e+00 -5.272556e-02  5.148958e+00
887 4.432500e-01 1 1   2.784622e+00 -4.736102e-02  6.848380e+00
888 4.437500e-01 1 1   2.578373e+00 -4.173533e-02  8.558466e+00
889 4.442500e-01 1 1   2.376253e+00 -3.592900e-02  1.027675e+01
890 4.447500e-01 1 1   2.178276e+00 -3.001282e-02  1.200420e+01
891 4.452500e-01 1 1   1.985655e+00 -2.407141e-02  1.373244e+01
892 4.457500e-01 1 1   1.797865e+00 -1.808083e-02  1.546597e+01
893 4.462500e-01 1 1   1.614747e+00 -1.198438e-02  1.720673e+01
894 4.467500e-01 1 1   1.436424e+00 -5.769766e-03  1.895470e+01
895 4.472500e-01 1 1   1.263155e+00  5.516869e-04  2.070898e+01
896 4.477500e-01 1 1   1.095271e+00  6.969723e-03  2.246763e+01
897 4.482500e-01 1 1   9.327130e-01  1.347667e-02  2.423213e+01
898 4.487500e-01 1 1   7.754077e-01  2.007583e-02  2.600392e+01
899 4.492500e-01 1 1   6.236644e-01  2.678170e-02  2.778134e+01
900 4.497500e-01 1 1   4.776944e-01  3.359055e-02  2.956349e+01
901 4.502500e-01 1 1   3.376139e-01  4.050045e-02  3.135028e+01
902 4.507500e-01 1 1   2.036586e-01  4.749963e-02  3.314061e+01
903 4.512500e-01 1 1   7.576345e-02  5.458892e-02  3.493602e+01
904 4.517500e-01 1 1  -4.592339e-02  6.178378e-02  3.673617e+01
905 4.522500e-01 1 1  -1.612069e-01  6.907125e-02  3.854032e+01
906 4.527500e-01 1 1  -2.699642e-01  7.644021e-02  4.034819e+01
907 4.532500e-01 1 1  -3.720824e-01  8.389589e-02  4.215948e+01
908 4.537500e-01 1 1  -4.674220e-01  9.143618e-02  4.397392e+01
909 4.542500e-01 1 1  -5.558785e-01  9.905832e-02  4.579132e+01
910 4.547500e-01 1 1  -6.373189e-01  1.067654e-01  4.761142e+01
911 4.552500e-01 1 1  -7.116282e-01  1.145524e-01  4.943397e+01
912 4.557500e-01 1 1  -7.787084e-01  1.224238e-01  5.125861e+01
913 4.562500e-01 1 1  -8.384421e-01  1.303723e-01  5.308505e+01
914 4.567500e-01 1 1  -8.906902e-01  1.384078e-01  5.491289e+01
915 4.572500e-01 1 1  -9.353665e-01  1.465040e-01  5.674173e+01
916 4.577500e-01 1 1  -9.723614e-01  1.546762e-01  5.857115e+01
917 4.582500e-01 1 1  -1.001564e+00  1.629136e-01  6.040074e+01
918 4.587500e-01 1 1  -1.023055e+00  1.712294e-01  6.223299e+01
919 4.592500e-01 1 1  -1.036414e+00  1.796058e-01  6.406261e+01
920 4.597500e-01 1 1  -1.041655e+00  1.880208e-01  6.589039e+01
921 4.602500e-01 1 1  -1.038803e+00  1.964953e-01  6.771731e+01
922 4.607500e-01 1 1  -1.027745e+00  2.050224e-01  6.954296e+01
923 4.612500e-01 1 1  -1.008377e+00  2.135858e-01  7.136663e+01
924 4.617500e-01 1 1  -9.806717e-01  2.221796e-01  7.318844e+01
925 4.622500e-01 1 1  -9.444674e-01  2.308119e-01  7.500502e+01
926 4.627500e-01 1 1  -8.998684e-01  2.394841e-01  7.682061e+01
927 4.632500e-01 1 1  -8.467745e-01  2.481965e-01  7.863340e+01
928 4.637500e-01 1 1  -7.851569e-01  2.569491e-01  8.044425e+01
929 4.642500e-01 1 1  -7.147913e-01  2.657154e-01  8.224658e+01
930 4.647500e-01 1 1  -6.357363e-01  2.744812e-01  8.404262e+01
931 4.652500e-01 1 1  -5.480252e-01  2.832670e-01  8.583343e+01
932 4.657500e-01 1 1  -4.516360e-01  2.920595e-01  8.761879e+01
933 4.662500e-01 1 1  -3.465299e-01  3.008445e-01  8.939789e+01
934 4.667500e-01 1 1  -2.327138e-01  3.096431e-01  9.117000e+01
935 4.672500e-01 1 1  -1.102013e-01  3.184281e-01  9.293429e+01
936 4.677500e-01 1 1   2.101881e-02  3.272023e-01  9.468977e+01
937 4.682500e-01 1 1   1.609070e-01  3.359613e-01  9.643710e+01
938 4.687500e-01 1 1   3.094503e-01  3.446913e-01  9.817512e+01
939 4.692500e-01 1 1   4.666030e-01  3.533930e-01  9.990332e+01
940 4.697500e-01 1 1   6.323371e-01  3.620598e-01  1.016212e+02
941 4.702500e-01 1 1   8.066065e-01  3.706762e-01  1.033280e+02
942 4.707500e-01 1 1   9.893536e-01  3.792750e-01  1.050242e+02
943 4.712500e-01 1 1   1.180492e+00  3.878051e-01  1.067076e+02
944 4.717500e-01 1 1   1.379947e+00  3.962769e-01  1.083787e+02
945 4.722500e-01 1 1   1.587674e+00  4.046978e-01  1.100371e+02
946 4.727500e-01 1 1   1.803579e+00  4.130499e-01  1.116821e+02
947 4.732500e-01 1 1   2.027545e+00  4.213299e-01  1.133130e+02
948 4.737500e-01 1 1   2.259469e+00  4.295328e-01  1.149293e+02
949 4.742500e-01 1 1   2.499242e+00  4.376409e-01  1.165304e+02
950 4.747500e-01 1 1   2.746740e+00  4.456859e-01  1.181160e+02
951 4.752500e-01 1 1   3.001820e+00  4.536090e-01  1.196849e+02
952 4.757500e-01 1 1   3.264354e+00  4.614439e-01  1.212375e+02
953 4.762500e-01 1 1   3.534213e+00  4.691800e-01  1.227727e+02
954 4.767500e-01 1 1   3.811200e+00  4.768059e-01  1.242900e+02
955 4.772500e-01 1 1   4.095185e+00  4.843196e-01  1.257890e+02
956 4.777500e-01 1 1   4.385978e+00  4.917158e-01  1.272691e+02
957 4.782500e-01 1 1   4.683407e+00  4.989773e-01  1.287297e+02
958 4.787500e-01 1 1   4.987311e+00  5.060941e-01  1.301707e+02
959 4.792500e-01 1 1   5.297503e+00  5.130735e-01  1.315914e+02
960 4.797500e-01 1 1   5.613775e+00  5.199336e-01  1.329914e+02
961 4.802500e-01 1 1   5.935930e+00  5.266603e-01  1.343700e+02
962 4.807500e-01 1 1   6.263535e+00  5.332503e-01  1.357247e+02
963 4.812500e-01 1 1   6.596922e+00  5.396332e-01  1.370608e+02
964 4.817500e-01 1 1   6.935316e+00  5.458841e-01  1.383723e+02
965 4.822500e-01 1 1   7.278643e+00  5.519803e-01  1.396601e+02
966 4.827500e-01 1 1   7.626880e+00  5.579096e-01  1.409261e+02
967 4.832500e-01 1 1   7.979638e+00  5.636681e-01  1.421681e+02
968 4.837500e-01 1 1   8.336563e+00  5.692520e-01  1.433848e+02
969 4.842500e-01 1 1   8.697529e+00  5.746569e-01  1.445767e+02
970 4.847500e-01 1 1   9.062240e+00  5.798778e-01  1.457433e+02
971 4.852500e-01 1 1   9.430444e+00  5.849173e-01  1.468842e+02
972 4.857500e-01 1 1   9.801871e+00  5.897736e-01  1.479991e+02
973 4.862500e-01 1 1   1.017624e+01  5.944409e-01  1.490875e+02
974 4.867500e-01 1 1   1.055328e+01  5.989105e-01  1.501492e+02
975 4.872500e-01 1 1   1.093273e+01  6.031871e-01  1.511839e+02
976 4.877500e-01 1 1   1.131428e+01  6.072646e-01  1.521911e+02
977 4.882500e-01 1 1   1.169765e+01  6.111447e-01  1.531707e+02
978 4.887500e-01 1 1   1.208254e+01  6.148194e-01  1.541222e+02
979 4.892500e-01 1 1   1.246867e+01  6.182828e-01  1.550454e+02
980 4.897500e-01 1 1   1.285571e+01  6.215409e-01  1.559399e+02
981 4.902500e-01 1 1   1.324340e+01  6.245897e-01  1.568056e+02
982 4.907500e-01 1 1   1.363087e+01  6.274266e-01  1.576386e+02
983 4.912500e-01 1 1   1.401944e+01  6.300672e-01  1.584492e+02
984 4.917500e-01 1 1   1.440693e+01  6.324553e-01  1.592252e+02
985 4.922500e-01 1 1   1.479398e+01  6.346534e-01  1.599723e+02
986 4.927500e-01 1 1   1.518044e+01  6.366323e-01  1.606915e+02
987 4.932500e-01 1 1   1.556567e+01  6.383874e-01  1.613803e+02
988 4.937500e-01 1 1   1.594943e+01  6.399331e-01  1.620391e+02
989 4.942500e-01 1 1   1.633106e+01  6.412529e-01  1.626656e+02
990 4.947500e-01 1 1   1.671045e+01  6.423646e-01  1.632607e+02
991 4.952500e-01 1 1   1.708751e+01  6.432849e-01  1.638257e+02
992 4.957500e-01 1 1   1.746190e+01  6.440051e-01  1.643603e+02
993 4.962500e-01 1 1   1.783318e+01  6.445011e-01  1.648637e+02
994 4.967500e-01 1 1   1.820099e+01  6.447464e-01  1.653358e+02
