#TimeIteration Time SubCycles NewtonSteps Drag CrossFlowLift Lift
0 0.000000e+00 0 0   4.031471e+00  1.024780e-01  3.678218e+01
1 5.000000e-04 1 1   4.045706e+00  1.017488e-01  3.716713e+01
2 1.500000e-03 1 2   3.932411e+00  1.024349e-01  3.399310e+01
3 2.500000e-03 1 2   3.961871e+00  1.005436e-01  3.346127e+01
4 3.500000e-03 1 1   3.998617e+00  1.006493e-01  3.362372e+01
5 4.500000e-03 1 1   4.033844e+00  1.012987e-01  3.374944e+01
6 5.500000e-03 1 1   4.044436e+00  1.018306e-01  3.329791e+01
7 6.500000e-03 1 1   4.048239e+00  1.015732e-01  3.270367e+01
8 7.500000e-03 1 1   4.059857e+00  1.002683e-01  3.228999e+01
9 8.500000e-03 1 2   4.080842e+00  9.837628e-02  3.208926e+01
10 9.500000e-03 1 1   4.105078e+00  9.679524e-02  3.196996e+01
11 1.050000e-02 1 1   4.124922e+00  9.639289e-02  3.178432e+01
12 1.150000e-02 1 2   4.137642e+00  9.718232e-02  3.147517e+01
13 1.250000e-02 1 1   4.146092e+00  9.841042e-02  3.108926e+01
14 1.350000e-02 1 3   4.154711e+00  9.915004e-02  3.071910e+01
15 1.450000e-02 1 1   4.166287e+00  9.850889e-02  3.041629e+01
16 1.550000e-02 1 1   4.179818e+00  9.674219e-02  3.016933e+01
17 1.650000e-02 1 1   4.192720e+00  9.469002e-02  2.992773e+01
18 1.750000e-02 1 1   4.203098e+00  9.330369e-02  2.965290e+01
19 1.850000e-02 1 1   4.210750e+00  9.310657e-02  2.933827e+01
20 1.950000e-02 1 1   4.216699e+00  9.382533e-02  2.900145e+01
21 2.050000e-02 1 1   4.221996e+00  9.463366e-02  2.866121e+01
22 2.150000e-02 1 2   4.226949e+00  9.486753e-02  2.832494e+01
23 2.250000e-02 1 2   4.231490e+00  9.412248e-02  2.798957e+01
24 2.350000e-02 1 2   4.235043e+00  9.281297e-02  2.764572e+01
25 2.450000e-02 1 2   4.237004e+00  9.163075e-02  2.728158e+01
26 2.550000e-02 1 3   4.236837e+00  9.102443e-02  2.688542e+01
27 2.650000e-02 1 2   4.234368e+00  9.097737e-02  2.645132e+01
28 2.750000e-02 1 1   4.230120e+00  9.102746e-02  2.598463e+01
29 2.850000e-02 1 1   4.224764e+00  9.091253e-02  2.549939e+01
30 2.950000e-02 1 1   4.219136e+00  9.045809e-02  2.501015e+01
31 3.050000e-02 1 1   4.213280e+00  8.977986e-02  2.451804e+01
32 3.150000e-02 1 1   4.206407e+00  8.918110e-02  2.400719e+01
33 3.250000e-02 1 2   4.197372e+00  8.895184e-02  2.345652e+01
34 3.350000e-02 1 2   4.186101e+00  8.890958e-02  2.285781e+01
35 3.450000e-02 1 2   4.172956e+00  8.883629e-02  2.221662e+01
36 3.550000e-02 1 2   4.158902e+00  8.850321e-02  2.154854e+01
37 3.650000e-02 1 2   4.144734e+00  8.786181e-02  2.086629e+01
38 3.750000e-02 1 2   4.130641e+00  8.708963e-02  2.017145e+01
39 3.850000e-02 1 2   4.116314e+00  8.646226e-02  1.945671e+01
40 3.950000e-02 1 2   4.101371e+00  8.616423e-02  1.871394e+01
41 4.050000e-02 1 2   4.085678e+00  8.617338e-02  1.793995e+01
42 4.150000e-02 1 1   4.069687e+00  8.627939e-02  1.713566e+01
43 4.250000e-02 1 1   4.053073e+00  8.626332e-02  1.630332e+01
44 4.350000e-02 1 2   4.036005e+00  8.594330e-02  1.544534e+01
45 4.450000e-02 1 2   4.019444e+00  8.534565e-02  1.456469e+01
46 4.550000e-02 1 2   4.003345e+00  8.466541e-02  1.366655e+01
47 4.650000e-02 1 2   3.987906e+00  8.409254e-02  1.275654e+01
48 4.750000e-02 1 2   3.973183e+00  8.380890e-02  1.183705e+01
49 4.850000e-02 1 2   3.959066e+00  8.382685e-02  1.090547e+01
50 4.950000e-02 1 2   3.945380e+00  8.401478e-02  9.956155e+00
51 5.050000e-02 1 2   3.932103e+00  8.415880e-02  8.986471e+00
52 5.150000e-02 1 2   3.919427e+00  8.409124e-02  8.000334e+00
53 5.250000e-02 1 2   3.907682e+00  8.377202e-02  7.006872e+00
54 5.350000e-02 1 2   3.897100e+00  8.331835e-02  6.014114e+00
55 5.450000e-02 1 2   3.887701e+00  8.292270e-02  5.024530e+00
56 5.550000e-02 1 2   3.879324e+00  8.275067e-02  4.035134e+00
57 5.650000e-02 1 3   3.871819e+00  8.282326e-02  3.042001e+00
58 5.750000e-02 1 2   3.865174e+00  8.303415e-02  2.045352e+00
59 5.850000e-02 1 1   3.860158e+00  8.324205e-02  1.049601e+00
60 5.950000e-02 1 1   3.855622e+00  8.325852e-02  6.201447e-02
61 6.050000e-02 1 1   3.852231e+00  8.311677e-02 -9.133397e-01
62 6.150000e-02 1 1   3.849943e+00  8.294375e-02 -1.877345e+00
63 6.250000e-02 1 1   3.848612e+00  8.282905e-02 -2.832976e+00
64 6.350000e-02 1 1   3.848209e+00  8.281712e-02 -3.780218e+00
65 6.450000e-02 1 1   3.848731e+00  8.291019e-02 -4.717415e+00
66 6.550000e-02 1 1   3.850262e+00  8.301084e-02 -5.639442e+00
67 6.650000e-02 1 1   3.852822e+00  8.306256e-02 -6.542211e+00
68 6.750000e-02 1 1   3.856363e+00  8.304890e-02 -7.424805e+00
69 6.850000e-02 1 1   3.860807e+00  8.298983e-02 -8.288672e+00
70 6.950000e-02 1 1   3.866115e+00  8.293380e-02 -9.135319e+00
71 7.050000e-02 1 1   3.872281e+00  8.290386e-02 -9.964891e+00
72 7.150000e-02 1 1   3.879326e+00  8.289261e-02 -1.077580e+01
73 7.250000e-02 1 1   3.887253e+00  8.286103e-02 -1.156605e+01
74 7.350000e-02 1 1   3.896032e+00  8.279117e-02 -1.233449e+01
75 7.450000e-02 1 1   3.905629e+00  8.267844e-02 -1.308136e+01
76 7.550000e-02 1 1   3.915996e+00  8.253896e-02 -1.380749e+01
77 7.650000e-02 1 1   3.927123e+00  8.238158e-02 -1.451372e+01
78 7.750000e-02 1 1   3.939011e+00  8.221965e-02 -1.520041e+01
79 7.850000e-02 1 1   3.951689e+00  8.204408e-02 -1.586815e+01
80 7.950000e-02 1 1   3.965156e+00  8.184407e-02 -1.651778e+01
81 8.050000e-02 1 1   3.979424e+00  8.161580e-02 -1.715131e+01
82 8.150000e-02 1 1   3.994499e+00  8.136488e-02 -1.777053e+01
83 8.250000e-02 1 1   4.010400e+00  8.107822e-02 -1.837681e+01
84 8.350000e-02 1 1   4.027134e+00  8.078236e-02 -1.897047e+01
85 8.450000e-02 1 1   4.044716e+00  8.047915e-02 -1.955155e+01
86 8.550000e-02 1 1   4.063192e+00  8.016066e-02 -2.012104e+01
87 8.650000e-02 1 1   4.082588e+00  7.983438e-02 -2.068049e+01
88 8.750000e-02 1 1   4.102936e+00  7.950931e-02 -2.123200e+01
89 8.850000e-02 1 1   4.124274e+00  7.917429e-02 -2.177777e+01
90 8.950000e-02 1 1   4.146645e+00  7.882394e-02 -2.231909e+01
91 9.050000e-02 1 1   4.170078e+00  7.845141e-02 -2.285613e+01
92 9.150000e-02 1 1   4.194566e+00  7.806751e-02 -2.338920e+01
93 9.250000e-02 1 1   4.220119e+00  7.767409e-02 -2.391806e+01
94 9.350000e-02 1 1   4.246757e+00  7.725512e-02 -2.444380e+01
95 9.450000e-02 1 1   4.274503e+00  7.682207e-02 -2.496748e+01
96 9.550000e-02 1 1   4.303386e+00  7.636400e-02 -2.549064e+01
97 9.650000e-02 1 1   4.333412e+00  7.590290e-02 -2.601331e+01
98 9.750000e-02 1 1   4.364612e+00  7.542119e-02 -2.653599e+01
99 9.850000e-02 1 1   4.397000e+00  7.493672e-02 -2.705884e+01
100 9.950000e-02 1 1   4.430616e+00  7.443771e-02 -2.758275e+01
101 1.005000e-01 1 1   4.465480e+00  7.393530e-02 -2.810807e+01
102 1.015000e-01 1 1   4.501633e+00  7.341360e-02 -2.863526e+01
103 1.025000e-01 1 1   4.539095e+00  7.288632e-02 -2.916419e+01
104 1.035000e-01 1 1   4.577919e+00  7.234224e-02 -2.969514e+01
105 1.045000e-01 1 1   4.618124e+00  7.180956e-02 -3.022773e+01
106 1.055000e-01 1 2   4.659532e+00  7.131010e-02 -3.076214e+01
107 1.065000e-01 1 1   4.702907e+00  7.074682e-02 -3.129940e+01
108 1.075000e-01 1 2   4.747410e+00  7.026829e-02 -3.183929e+01
109 1.085000e-01 1 1   4.793964e+00  6.969595e-02 -3.238214e+01
110 1.095000e-01 1 1   4.841981e+00  6.916530e-02 -3.292744e+01
111 1.105000e-01 1 1   4.891669e+00  6.863011e-02 -3.347443e+01
112 1.115000e-01 1 1   4.943073e+00  6.810522e-02 -3.402237e+01
113 1.125000e-01 1 1   4.996222e+00  6.758927e-02 -3.457108e+01
114 1.135000e-01 1 1   5.051150e+00  6.707667e-02 -3.512037e+01
115 1.145000e-01 1 1   5.107868e+00  6.656510e-02 -3.566977e+01
116 1.155000e-01 1 1   5.166371e+00  6.605208e-02 -3.621840e+01
117 1.165000e-01 1 1   5.226637e+00  6.553174e-02 -3.676544e+01
118 1.175000e-01 1 2   5.288427e+00  6.504462e-02 -3.731010e+01
119 1.185000e-01 1 1   5.352224e+00  6.449955e-02 -3.784921e+01
120 1.195000e-01 1 1   5.417437e+00  6.398134e-02 -3.838434e+01
121 1.205000e-01 1 2   5.483993e+00  6.348833e-02 -3.891470e+01
122 1.215000e-01 1 1   5.552337e+00  6.294020e-02 -3.943719e+01
123 1.225000e-01 1 1   5.621802e+00  6.236823e-02 -3.995226e+01
124 1.235000e-01 1 1   5.692373e+00  6.180198e-02 -4.045763e+01
125 1.245000e-01 1 1   5.763889e+00  6.126649e-02 -4.095144e+01
126 1.255000e-01 1 2   5.836095e+00  6.070988e-02 -4.143456e+01
127 1.265000e-01 1 3   5.909019e+00  6.015314e-02 -4.190282e+01
128 1.275000e-01 1 2   5.982283e+00  5.957659e-02 -4.235537e+01
129 1.285000e-01 1 1   6.055848e+00  5.893189e-02 -4.279102e+01
130 1.295000e-01 1 2   6.129056e+00  5.825718e-02 -4.321095e+01
131 1.305000e-01 1 1   6.202191e+00  5.757965e-02 -4.361063e+01
132 1.315000e-01 1 1   6.274454e+00  5.689937e-02 -4.398900e+01
133 1.325000e-01 1 2   6.345634e+00  5.622947e-02 -4.434568e+01
134 1.335000e-01 1 2   6.415725e+00  5.553724e-02 -4.467829e+01
135 1.345000e-01 1 2   6.484216e+00  5.479032e-02 -4.498531e+01
136 1.355000e-01 1 1   6.550921e+00  5.398809e-02 -4.526521e+01
137 1.365000e-01 1 1   6.615342e+00  5.311160e-02 -4.551857e+01
138 1.375000e-01 1 1   6.677272e+00  5.225038e-02 -4.574341e+01
139 1.385000e-01 1 1   6.736354e+00  5.140935e-02 -4.593777e+01
140 1.395000e-01 1 1   6.792287e+00  5.052646e-02 -4.610059e+01
141 1.405000e-01 1 1   6.844759e+00  4.962450e-02 -4.623057e+01
142 1.415000e-01 1 1   6.893513e+00  4.867046e-02 -4.632702e+01
143 1.425000e-01 1 1   6.938254e+00  4.769050e-02 -4.638871e+01
144 1.435000e-01 1 1   6.978743e+00  4.664482e-02 -4.641501e+01
145 1.445000e-01 1 1   7.014719e+00  4.561297e-02 -4.640460e+01
146 1.455000e-01 1 1   7.046026e+00  4.453477e-02 -4.635739e+01
147 1.465000e-01 1 1   7.072467e+00  4.340426e-02 -4.627253e+01
148 1.475000e-01 1 1   7.093856e+00  4.225228e-02 -4.614913e+01
149 1.485000e-01 1 1   7.110057e+00  4.109495e-02 -4.598649e+01
150 1.495000e-01 1 1   7.120987e+00  3.989118e-02 -4.578438e+01
151 1.505000e-01 1 1   7.126543e+00  3.864600e-02 -4.554232e+01
152 1.515000e-01 1 1   7.126703e+00  3.738921e-02 -4.526008e+01
153 1.525000e-01 1 1   7.121473e+00  3.609226e-02 -4.493771e+01
154 1.535000e-01 1 1   7.110825e+00  3.479309e-02 -4.457457e+01
155 1.545000e-01 1 1   7.094775e+00  3.350804e-02 -4.417046e+01
156 1.555000e-01 1 1   7.073531e+00  3.217344e-02 -4.372690e+01
157 1.565000e-01 1 1   7.047118e+00  3.083258e-02 -4.324338e+01
158 1.575000e-01 1 1   7.015610e+00  2.948724e-02 -4.271966e+01
159 1.585000e-01 1 1   6.979130e+00  2.813640e-02 -4.215590e+01
160 1.595000e-01 1 1   6.937909e+00  2.676645e-02 -4.155324e+01
161 1.605000e-01 1 1   6.892116e+00  2.540774e-02 -4.091216e+01
162 1.615000e-01 1 1   6.841929e+00  2.406255e-02 -4.023307e+01
163 1.625000e-01 1 1   6.787582e+00  2.271301e-02 -3.951689e+01
164 1.635000e-01 1 1   6.729318e+00  2.137818e-02 -3.876464e+01
165 1.645000e-01 1 1   6.667374e+00  2.004578e-02 -3.797731e+01
166 1.655000e-01 1 1   6.601955e+00  1.875504e-02 -3.715558e+01
167 1.665000e-01 1 1   6.533452e+00  1.744515e-02 -3.630185e+01
168 1.675000e-01 1 1   6.462052e+00  1.616753e-02 -3.541687e+01
169 1.685000e-01 1 1   6.387989e+00  1.493893e-02 -3.450170e+01
170 1.695000e-01 1 1   6.311561e+00  1.374386e-02 -3.355810e+01
171 1.705000e-01 1 1   6.233027e+00  1.259067e-02 -3.258764e+01
172 1.715000e-01 1 1   6.152633e+00  1.148044e-02 -3.159183e+01
173 1.725000e-01 1 1   6.070674e+00  1.039756e-02 -3.057282e+01
174 1.735000e-01 1 1   5.987357e+00  9.362910e-03 -2.953201e+01
175 1.745000e-01 1 1   5.902899e+00  8.398120e-03 -2.847098e+01
176 1.755000e-01 1 1   5.817560e+00  7.474072e-03 -2.739193e+01
177 1.765000e-01 1 1   5.731528e+00  6.608608e-03 -2.629639e+01
178 1.775000e-01 1 1   5.644991e+00  5.810447e-03 -2.518610e+01
179 1.785000e-01 1 1   5.558156e+00  5.056512e-03 -2.406294e+01
180 1.795000e-01 1 1   5.471182e+00  4.364977e-03 -2.292858e+01
181 1.805000e-01 1 1   5.384229e+00  3.735428e-03 -2.178459e+01
182 1.815000e-01 1 1   5.297448e+00  3.167942e-03 -2.063258e+01
183 1.825000e-01 1 1   5.210977e+00  2.649704e-03 -1.947420e+01
184 1.835000e-01 1 2   5.124285e+00  2.128133e-03 -1.831106e+01
185 1.845000e-01 1 1   5.039432e+00  1.758630e-03 -1.714400e+01
186 1.855000e-01 1 1   4.954686e+00  1.420828e-03 -1.597507e+01
187 1.865000e-01 1 1   4.870629e+00  1.161804e-03 -1.480466e+01
188 1.875000e-01 1 1   4.787380e+00  9.373004e-04 -1.363336e+01
189 1.885000e-01 1 1   4.705081e+00  7.589502e-04 -1.246272e+01
190 1.895000e-01 1 1   4.623810e+00  6.194385e-04 -1.129341e+01
191 1.905000e-01 1 1   4.543648e+00  5.205990e-04 -1.012604e+01
192 1.915000e-01 1 1   4.464676e+00  4.529664e-04 -8.961196e+00
193 1.925000e-01 1 1   4.386971e+00  4.146745e-04 -7.799282e+00
194 1.935000e-01 1 1   4.310617e+00  4.148308e-04 -6.640620e+00
195 1.945000e-01 1 1   4.235691e+00  4.365719e-04 -5.485526e+00
196 1.955000e-01 1 1   4.162272e+00  4.818497e-04 -4.334077e+00
197 1.965000e-01 1 1   4.090421e+00  5.508037e-04 -3.186184e+00
198 1.975000e-01 1 1   4.020209e+00  6.432495e-04 -2.041676e+00
199 1.985000e-01 1 1   3.951710e+00  7.486278e-04 -9.003911e-01
200 1.995000e-01 1 1   3.884988e+00  8.688933e-04  2.378702e-01
201 2.005000e-01 1 1   3.820127e+00  9.926785e-04  1.373292e+00
202 2.015000e-01 1 1   3.757183e+00  1.124687e-03  2.506252e+00
203 2.025000e-01 1 1   3.696226e+00  1.260128e-03  3.637123e+00
204 2.035000e-01 1 1   3.637299e+00  1.399030e-03  4.766567e+00
205 2.045000e-01 1 1   3.580478e+00  1.539110e-03  5.894798e+00
206 2.055000e-01 1 2   3.525139e+00  1.574498e-03  7.021046e+00
207 2.065000e-01 1 1   3.473322e+00  1.846716e-03  8.149717e+00
208 2.075000e-01 1 2   3.422506e+00  1.866270e-03  9.276290e+00
209 2.085000e-01 1 2   3.374604e+00  2.037049e-03  1.040459e+01
210 2.095000e-01 1 2   3.329126e+00  2.166114e-03  1.153435e+01
211 2.105000e-01 1 2   3.286064e+00  2.325565e-03  1.266608e+01
212 2.115000e-01 1 1   3.246180e+00  2.578784e-03  1.380154e+01
213 2.125000e-01 1 1   3.208152e+00  2.703442e-03  1.493825e+01
214 2.135000e-01 1 2   3.171914e+00  2.726540e-03  1.607689e+01
215 2.145000e-01 1 2   3.139014e+00  2.850322e-03  1.722008e+01
216 2.155000e-01 1 1   3.109617e+00  3.057290e-03  1.836828e+01
217 2.165000e-01 1 2   3.081502e+00  3.056352e-03  1.951773e+01
218 2.175000e-01 1 3   3.056871e+00  3.170669e-03  2.067188e+01
219 2.185000e-01 1 2   3.035167e+00  3.274683e-03  2.183043e+01
220 2.195000e-01 1 2   3.016399e+00  3.381606e-03  2.299289e+01
221 2.205000e-01 1 2   3.000628e+00  3.485954e-03  2.415925e+01
222 2.215000e-01 1 2   2.987926e+00  3.589286e-03  2.532942e+01
223 2.225000e-01 1 2   2.978363e+00  3.692416e-03  2.650307e+01
224 2.235000e-01 1 2   2.972016e+00  3.798950e-03  2.767977e+01
225 2.245000e-01 1 3   2.968970e+00  3.882639e-03  2.885898e+01
226 2.255000e-01 1 1   2.970189e+00  3.988895e-03  3.004045e+01
227 2.265000e-01 1 1   2.973953e+00  4.103974e-03  3.122451e+01
228 2.275000e-01 1 2   2.980311e+00  4.104198e-03  3.240635e+01
229 2.285000e-01 1 2   2.991125e+00  4.158104e-03  3.358890e+01
230 2.295000e-01 1 2   3.005671e+00  4.196050e-03  3.476975e+01
231 2.305000e-01 1 2   3.023912e+00  4.244977e-03  3.594752e+01
232 2.315000e-01 1 2   3.045895e+00  4.293964e-03  3.712140e+01
233 2.325000e-01 1 2   3.071673e+00  4.330657e-03  3.829016e+01
234 2.335000e-01 1 2   3.101276e+00  4.352329e-03  3.945218e+01
235 2.345000e-01 1 2   3.134722e+00  4.371597e-03  4.060586e+01
236 2.355000e-01 1 2   3.172024e+00  4.360860e-03  4.174957e+01
237 2.365000e-01 1 2   3.213163e+00  4.325839e-03  4.288166e+01
238 2.375000e-01 1 2   3.258115e+00  4.267140e-03  4.400039e+01
239 2.385000e-01 1 2   3.306833e+00  4.178037e-03  4.510395e+01
240 2.395000e-01 1 2   3.359247e+00  4.064246e-03  4.619049e+01
241 2.405000e-01 1 2   3.415264e+00  3.910829e-03  4.725813e+01
242 2.415000e-01 1 2   3.474772e+00  3.727014e-03  4.830502e+01
243 2.425000e-01 1 2   3.537629e+00  3.501525e-03  4.932927e+01
244 2.435000e-01 1 2   3.603669e+00  3.231954e-03  5.032892e+01
245 2.445000e-01 1 2   3.672707e+00  2.923087e-03  5.130216e+01
246 2.455000e-01 1 2   3.744536e+00  2.561463e-03  5.224711e+01
247 2.465000e-01 1 1   3.819696e+00  2.152472e-03  5.316254e+01
248 2.475000e-01 1 1   3.896357e+00  1.671658e-03  5.404603e+01
249 2.485000e-01 1 1   3.974983e+00  1.118626e-03  5.489636e+01
250 2.495000e-01 1 2   4.054641e+00  4.815013e-04  5.570992e+01
251 2.505000e-01 1 2   4.136420e+00 -2.128537e-04  5.648728e+01
252 2.515000e-01 1 2   4.219310e+00 -9.621965e-04  5.722617e+01
253 2.525000e-01 1 2   4.302888e+00 -1.756831e-03  5.792517e+01
254 2.535000e-01 1 2   4.386812e+00 -2.625442e-03  5.858321e+01
255 2.545000e-01 1 1   4.471240e+00 -3.564284e-03  5.919979e+01
256 2.555000e-01 1 1   4.554742e+00 -4.590829e-03  5.977218e+01
257 2.565000e-01 1 1   4.637447e+00 -5.714478e-03  6.030019e+01
258 2.575000e-01 1 1   4.719059e+00 -6.954194e-03  6.078267e+01
259 2.585000e-01 1 2   4.798850e+00 -8.266544e-03  6.121785e+01
260 2.595000e-01 1 2   4.877185e+00 -9.661263e-03  6.160574e+01
261 2.605000e-01 1 2   4.953348e+00 -1.112304e-02  6.194516e+01
262 2.615000e-01 1 2   5.026958e+00 -1.264477e-02  6.223555e+01
263 2.625000e-01 1 1   5.097936e+00 -1.427042e-02  6.247693e+01
264 2.635000e-01 1 1   5.165499e+00 -1.596215e-02  6.266804e+01
265 2.645000e-01 1 1   5.229592e+00 -1.775573e-02  6.280866e+01
266 2.655000e-01 1 1   5.289980e+00 -1.966587e-02  6.289834e+01
267 2.665000e-01 1 1   5.346404e+00 -2.163295e-02  6.293668e+01
268 2.675000e-01 1 1   5.398632e+00 -2.367333e-02  6.292332e+01
269 2.685000e-01 1 1   5.446461e+00 -2.577750e-02  6.285809e+01
270 2.695000e-01 1 2   5.489659e+00 -2.796184e-02  6.274070e+01
271 2.705000e-01 1 3   5.528183e+00 -3.018903e-02  6.257122e+01
272 2.715000e-01 1 2   5.561850e+00 -3.246086e-02  6.234974e+01
273 2.725000e-01 1 2   5.590553e+00 -3.478227e-02  6.207651e+01
274 2.735000e-01 1 2   5.614226e+00 -3.714732e-02  6.175177e+01
275 2.745000e-01 1 2   5.632821e+00 -3.955009e-02  6.137568e+01
276 2.755000e-01 1 2   5.646310e+00 -4.198238e-02  6.094845e+01
277 2.765000e-01 1 2   5.654716e+00 -4.444122e-02  6.047058e+01
278 2.775000e-01 1 2   5.658044e+00 -4.692570e-02  5.994236e+01
279 2.785000e-01 1 3   5.656391e+00 -4.941339e-02  5.936459e+01
280 2.795000e-01 1 1   5.649986e+00 -5.195647e-02  5.873882e+01
281 2.805000e-01 1 2   5.638352e+00 -5.434497e-02  5.806138e+01
282 2.815000e-01 1 2   5.622274e+00 -5.685095e-02  5.733843e+01
283 2.825000e-01 1 2   5.601713e+00 -5.934344e-02  5.656946e+01
284 2.835000e-01 1 2   5.576723e+00 -6.175990e-02  5.575400e+01
285 2.845000e-01 1 2   5.547485e+00 -6.412402e-02  5.489301e+01
286 2.855000e-01 1 2   5.514223e+00 -6.644656e-02  5.398773e+01
287 2.865000e-01 1 2   5.477155e+00 -6.872712e-02  5.303944e+01
288 2.875000e-01 1 2   5.436494e+00 -7.094762e-02  5.204914e+01
289 2.885000e-01 1 1   5.392876e+00 -7.306566e-02  5.101812e+01
290 2.895000e-01 1 1   5.345467e+00 -7.499415e-02  4.994307e+01
291 2.905000e-01 1 1   5.295332e+00 -7.697423e-02  4.883174e+01
292 2.915000e-01 1 1   5.242575e+00 -7.889135e-02  4.768363e+01
293 2.925000e-01 1 1   5.187313e+00 -8.066553e-02  4.649865e+01
294 2.935000e-01 1 1   5.129818e+00 -8.233235e-02  4.527844e+01
295 2.945000e-01 1 1   5.070230e+00 -8.389191e-02  4.402299e+01
296 2.955000e-01 1 2   5.008181e+00 -8.545683e-02  4.273545e+01
297 2.965000e-01 1 2   4.945258e+00 -8.692286e-02  4.141650e+01
298 2.975000e-01 1 2   4.880977e+00 -8.817882e-02  4.006602e+01
299 2.985000e-01 1 2   4.815496e+00 -8.931454e-02  3.868472e+01
300 2.995000e-01 1 2   4.749046e+00 -9.034496e-02  3.727380e+01
301 3.005000e-01 1 2   4.681863e+00 -9.126051e-02  3.583455e+01
302 3.015000e-01 1 2   4.614167e+00 -9.204869e-02  3.436808e+01
303 3.025000e-01 1 2   4.546150e+00 -9.270811e-02  3.287522e+01
304 3.035000e-01 1 2   4.478007e+00 -9.322846e-02  3.135674e+01
305 3.045000e-01 1 2   4.409936e+00 -9.361740e-02  2.981344e+01
306 3.055000e-01 1 2   4.342150e+00 -9.386876e-02  2.824621e+01
307 3.065000e-01 1 2   4.274859e+00 -9.399465e-02  2.665579e+01
308 3.075000e-01 1 2   4.208287e+00 -9.398659e-02  2.504292e+01
309 3.085000e-01 1 2   4.142646e+00 -9.384072e-02  2.340827e+01
310 3.095000e-01 1 2   4.078159e+00 -9.355632e-02  2.175252e+01
311 3.105000e-01 1 2   4.015073e+00 -9.315097e-02  2.007634e+01
312 3.115000e-01 1 2   3.953614e+00 -9.261547e-02  1.838032e+01
313 3.125000e-01 1 2   3.894035e+00 -9.196398e-02  1.666507e+01
314 3.135000e-01 1 2   3.836596e+00 -9.118598e-02  1.493116e+01
315 3.145000e-01 1 1   3.783202e+00 -9.018516e-02  1.317613e+01
316 3.155000e-01 1 2   3.729250e+00 -8.920565e-02  1.140869e+01
317 3.165000e-01 1 2   3.679805e+00 -8.814548e-02  9.622310e+00
318 3.175000e-01 1 2   3.633695e+00 -8.686044e-02  7.818535e+00
319 3.185000e-01 1 2   3.591136e+00 -8.547383e-02  5.998877e+00
320 3.195000e-01 1 2   3.552454e+00 -8.401183e-02  4.163683e+00
321 3.205000e-01 1 2   3.517958e+00 -8.246211e-02  2.312942e+00
322 3.215000e-01 1 2   3.487985e+00 -8.079710e-02  4.470758e-01
323 3.225000e-01 1 2   3.462873e+00 -7.905038e-02 -1.433438e+00
324 3.235000e-01 1 2   3.442969e+00 -7.719887e-02 -3.328141e+00
325 3.245000e-01 1 1   3.430759e+00 -7.521864e-02 -5.238867e+00
326 3.255000e-01 1 1   3.422442e+00 -7.312958e-02 -7.161551e+00
327 3.265000e-01 1 1   3.420283e+00 -7.103560e-02 -9.097551e+00
328 3.275000e-01 1 1   3.424817e+00 -6.883704e-02 -1.104644e+01
329 3.285000e-01 1 1   3.436374e+00 -6.653624e-02 -1.300764e+01
330 3.295000e-01 1 1   3.455296e+00 -6.416459e-02 -1.498118e+01
331 3.305000e-01 1 1   3.481980e+00 -6.172782e-02 -1.696545e+01
332 3.315000e-01 1 1   3.516767e+00 -5.923918e-02 -1.896112e+01
333 3.325000e-01 1 1   3.560004e+00 -5.668833e-02 -2.096789e+01
334 3.335000e-01 1 1   3.612051e+00 -5.408130e-02 -2.298501e+01
335 3.345000e-01 1 1   3.673258e+00 -5.141897e-02 -2.501174e+01
336 3.355000e-01 1 2   3.741408e+00 -4.871360e-02 -2.704587e+01
337 3.365000e-01 1 2   3.821830e+00 -4.599600e-02 -2.908930e+01
338 3.375000e-01 1 1   3.915123e+00 -4.318904e-02 -3.114032e+01
339 3.385000e-01 1 1   4.016277e+00 -4.028093e-02 -3.319956e+01
340 3.395000e-01 1 1   4.127976e+00 -3.739309e-02 -3.526546e+01
341 3.405000e-01 1 1   4.250682e+00 -3.442604e-02 -3.733598e+01
342 3.415000e-01 1 1   4.384591e+00 -3.136730e-02 -3.940962e+01
343 3.425000e-01 1 1   4.529883e+00 -2.827676e-02 -4.148542e+01
344 3.435000e-01 1 1   4.686749e+00 -2.514424e-02 -4.356254e+01
345 3.445000e-01 1 1   4.855352e+00 -2.198121e-02 -4.563992e+01
346 3.455000e-01 1 1   5.035763e+00 -1.878326e-02 -4.771492e+01
347 3.465000e-01 1 1   5.228128e+00 -1.557877e-02 -4.978706e+01
348 3.475000e-01 1 1   5.432454e+00 -1.237071e-02 -5.185400e+01
349 3.485000e-01 1 1   5.648738e+00 -9.151429e-03 -5.391365e+01
350 3.495000e-01 1 1   5.876982e+00 -5.925494e-03 -5.596464e+01
351 3.505000e-01 1 1   6.117102e+00 -2.718874e-03 -5.800487e+01
352 3.515000e-01 1 1   6.368914e+00  4.809064e-04 -6.003130e+01
353 3.525000e-01 1 1   6.632379e+00  3.645461e-03 -6.204366e+01
354 3.535000e-01 1 1   6.907166e+00  6.770602e-03 -6.403803e+01
355 3.545000e-01 1 1   7.193015e+00  9.856514e-03 -6.601196e+01
356 3.555000e-01 1 1   7.489763e+00  1.285556e-02 -6.796515e+01
357 3.565000e-01 1 1   7.796953e+00  1.576761e-02 -6.989424e+01
358 3.575000e-01 1 1   8.114167e+00  1.859893e-02 -7.179638e+01
359 3.585000e-01 1 1   8.440873e+00  2.135799e-02 -7.366836e+01
360 3.595000e-01 1 2   8.774277e+00  2.406636e-02 -7.550974e+01
361 3.605000e-01 1 1   9.121054e+00  2.653384e-02 -7.731632e+01
362 3.615000e-01 1 2   9.470920e+00  2.892272e-02 -7.908447e+01
363 3.625000e-01 1 2   9.830446e+00  3.107743e-02 -8.081583e+01
364 3.635000e-01 1 2   1.019673e+01  3.308919e-02 -8.250567e+01
365 3.645000e-01 1 2   1.056882e+01  3.481658e-02 -8.415202e+01
366 3.655000e-01 1 2   1.094605e+01  3.630318e-02 -8.575301e+01
367 3.665000e-01 1 2   1.132765e+01  3.757105e-02 -8.730670e+01
368 3.675000e-01 1 2   1.171278e+01  3.861140e-02 -8.881075e+01
369 3.685000e-01 1 2   1.210055e+01  3.937245e-02 -9.026307e+01
370 3.695000e-01 1 2   1.249006e+01  3.988064e-02 -9.166149e+01
371 3.705000e-01 1 2   1.288045e+01  4.009127e-02 -9.300441e+01
372 3.715000e-01 1 2   1.327075e+01  3.999084e-02 -9.429001e+01
373 3.725000e-01 1 1   1.366159e+01  3.942948e-02 -9.551771e+01
374 3.735000e-01 1 2   1.404718e+01  3.874969e-02 -9.668181e+01
375 3.745000e-01 1 1   1.443295e+01  3.755740e-02 -9.778799e+01
376 3.755000e-01 1 2   1.481182e+01  3.627989e-02 -9.882660e+01
377 3.765000e-01 1 2   1.518716e+01  3.456895e-02 -9.980229e+01
378 3.775000e-01 1 2   1.555651e+01  3.248559e-02 -1.007111e+02
379 3.785000e-01 1 2   1.591873e+01  2.996708e-02 -1.015521e+02
380 3.795000e-01 1 2   1.627296e+01  2.708380e-02 -1.023248e+02
381 3.805000e-01 1 2   1.661825e+01  2.384222e-02 -1.030285e+02
382 3.815000e-01 1 2   1.695358e+01  2.027383e-02 -1.036622e+02
383 3.825000e-01 1 2   1.727800e+01  1.629408e-02 -1.042252e+02
384 3.835000e-01 1 2   1.759052e+01  1.204255e-02 -1.047165e+02
385 3.845000e-01 1 2   1.789031e+01  7.428449e-03 -1.051360e+02
386 3.855000e-01 1 2   1.817645e+01  2.535374e-03 -1.054830e+02
387 3.865000e-01 1 1   1.844864e+01 -2.732703e-03 -1.057586e+02
388 3.875000e-01 1 1   1.870502e+01 -8.280349e-03 -1.059604e+02
389 3.885000e-01 1 1   1.894565e+01 -1.408937e-02 -1.060909e+02
390 3.895000e-01 1 2   1.916913e+01 -1.999767e-02 -1.061475e+02
391 3.905000e-01 1 2   1.937519e+01 -2.596219e-02 -1.061300e+02
392 3.915000e-01 1 2   1.956314e+01 -3.217346e-02 -1.060392e+02
393 3.925000e-01 1 2   1.973262e+01 -3.868479e-02 -1.058767e+02
394 3.935000e-01 1 1   1.988319e+01 -4.530661e-02 -1.056427e+02
395 3.945000e-01 1 2   2.001432e+01 -5.220663e-02 -1.053386e+02
396 3.955000e-01 1 3   2.012520e+01 -5.897104e-02 -1.049620e+02
397 3.965000e-01 1 2   2.021588e+01 -6.582795e-02 -1.045151e+02
398 3.975000e-01 1 2   2.028610e+01 -7.272347e-02 -1.039989e+02
399 3.985000e-01 1 2   2.033565e+01 -7.963761e-02 -1.034141e+02
400 3.995000e-01 1 1   2.036435e+01 -8.664038e-02 -1.027611e+02
401 4.005000e-01 1 1   2.037173e+01 -9.325561e-02 -1.020396e+02
402 4.015000e-01 1 1   2.035827e+01 -9.984549e-02 -1.012524e+02
403 4.025000e-01 1 1   2.032413e+01 -1.064536e-01 -1.004009e+02
404 4.035000e-01 1 1   2.026918e+01 -1.129437e-01 -9.948538e+01
405 4.045000e-01 1 1   2.019327e+01 -1.190757e-01 -9.850546e+01
406 4.055000e-01 1 1   2.009691e+01 -1.252311e-01 -9.746345e+01
407 4.065000e-01 1 1   1.998025e+01 -1.311316e-01 -9.636013e+01
408 4.075000e-01 1 1   1.984357e+01 -1.368170e-01 -9.519638e+01
409 4.085000e-01 1 1   1.968707e+01 -1.422224e-01 -9.397267e+01
410 4.095000e-01 1 1   1.951121e+01 -1.473872e-01 -9.269033e+01
411 4.105000e-01 1 1   1.931646e+01 -1.521560e-01 -9.135065e+01
412 4.115000e-01 1 1   1.910331e+01 -1.568385e-01 -8.995466e+01
413 4.125000e-01 1 1   1.887264e+01 -1.613001e-01 -8.850527e+01
414 4.135000e-01 1 1   1.862373e+01 -1.651744e-01 -8.699780e+01
415 4.145000e-01 1 1   1.835834e+01 -1.688600e-01 -8.543838e+01
416 4.155000e-01 1 1   1.807681e+01 -1.722961e-01 -8.382695e+01
417 4.165000e-01 1 1   1.777960e+01 -1.753949e-01 -8.216377e+01
418 4.175000e-01 1 1   1.746735e+01 -1.781423e-01 -8.044960e+01
419 4.185000e-01 1 1   1.714084e+01 -1.805672e-01 -7.868579e+01
420 4.195000e-01 1 1   1.680070e+01 -1.826841e-01 -7.687301e+01
421 4.205000e-01 1 1   1.644759e+01 -1.844975e-01 -7.501185e+01
422 4.215000e-01 1 1   1.608229e+01 -1.860127e-01 -7.310329e+01
423 4.225000e-01 1 1   1.570603e+01 -1.872244e-01 -7.115056e+01
424 4.235000e-01 1 1   1.531857e+01 -1.880713e-01 -6.914973e+01
425 4.245000e-01 1 1   1.492111e+01 -1.886150e-01 -6.710358e+01
426 4.255000e-01 1 2   1.451325e+01 -1.891152e-01 -6.501446e+01
427 4.265000e-01 1 1   1.409996e+01 -1.890519e-01 -6.288176e+01
428 4.275000e-01 1 1   1.367831e+01 -1.887705e-01 -6.070969e+01
429 4.285000e-01 1 1   1.324889e+01 -1.879442e-01 -5.849158e+01
430 4.295000e-01 1 1   1.281297e+01 -1.868449e-01 -5.622981e+01
431 4.305000e-01 1 1   1.237264e+01 -1.856805e-01 -5.393157e+01
432 4.315000e-01 1 1   1.192789e+01 -1.842095e-01 -5.159410e+01
433 4.325000e-01 1 1   1.147920e+01 -1.823159e-01 -4.921634e+01
434 4.335000e-01 1 1   1.102743e+01 -1.800323e-01 -4.679925e+01
435 4.345000e-01 1 1   1.057336e+01 -1.774561e-01 -4.434362e+01
436 4.355000e-01 1 1   1.011793e+01 -1.745837e-01 -4.185097e+01
437 4.365000e-01 1 1   9.661903e+00 -1.713810e-01 -3.932185e+01
438 4.375000e-01 1 1   9.205820e+00 -1.678227e-01 -3.675586e+01
439 4.385000e-01 1 1   8.750331e+00 -1.639100e-01 -3.415274e+01
440 4.395000e-01 1 1   8.296637e+00 -1.596913e-01 -3.151547e+01
441 4.405000e-01 1 1   7.845668e+00 -1.552406e-01 -2.884583e+01
442 4.415000e-01 1 1   7.397830e+00 -1.503915e-01 -2.614244e+01
443 4.425000e-01 1 1   6.953750e+00 -1.451155e-01 -2.340482e+01
444 4.435000e-01 1 1   6.514286e+00 -1.395049e-01 -2.063396e+01
445 4.445000e-01 1 1   6.080345e+00 -1.335909e-01 -1.783111e+01
446 4.455000e-01 1 1   5.652843e+00 -1.273278e-01 -1.499772e+01
447 4.465000e-01 1 1   5.232570e+00 -1.206599e-01 -1.213445e+01
448 4.475000e-01 1 1   4.820326e+00 -1.136988e-01 -9.241723e+00
449 4.485000e-01 1 2   4.412763e+00 -1.067145e-01 -6.321768e+00
450 4.495000e-01 1 1   4.022786e+00 -9.888219e-02 -3.369130e+00
451 4.505000e-01 1 1   3.639649e+00 -9.075909e-02 -3.908023e-01
452 4.515000e-01 1 1   3.268001e+00 -8.247472e-02  2.610586e+00
453 4.525000e-01 1 1   2.908668e+00 -7.388754e-02  5.636664e+00
454 4.535000e-01 1 1   2.562570e+00 -6.491431e-02  8.686009e+00
455 4.545000e-01 1 1   2.230392e+00 -5.551624e-02  1.175898e+01
456 4.555000e-01 1 1   1.913342e+00 -4.588135e-02  1.485155e+01
457 4.565000e-01 1 1   1.612272e+00 -3.601234e-02  1.796223e+01
458 4.575000e-01 1 1   1.328008e+00 -2.578348e-02  2.108969e+01
459 4.585000e-01 1 1   1.061341e+00 -1.520163e-02  2.423273e+01
460 4.595000e-01 1 1   8.131121e-01 -4.321781e-03  2.738954e+01
461 4.605000e-01 1 1   5.841733e-01  6.844992e-03  3.055733e+01
462 4.615000e-01 1 1   3.753979e-01  1.831266e-02  3.373368e+01
463 4.625000e-01 1 1   1.874319e-01  2.992723e-02  3.691706e+01
464 4.635000e-01 1 1   2.092368e-02  4.182861e-02  4.010596e+01
465 4.645000e-01 1 1  -1.234638e-01  5.404805e-02  4.329729e+01
466 4.655000e-01 1 1  -2.450615e-01  6.653917e-02  4.648814e+01
467 4.665000e-01 1 1  -3.433030e-01  7.924394e-02  4.967661e+01
468 4.675000e-01 1 5  -4.240203e-01  9.165433e-02  5.285116e+01
469 4.685000e-01 1 2  -4.745106e-01  1.045935e-01  5.602324e+01
470 4.695000e-01 1 2  -5.001153e-01  1.177963e-01  5.918593e+01
471 4.705000e-01 1 2  -5.009906e-01  1.312056e-01  6.233462e+01
472 4.715000e-01 1 2  -4.769116e-01  1.447412e-01  6.546652e+01
473 4.725000e-01 1 2  -4.276828e-01  1.582803e-01  6.857884e+01
474 4.735000e-01 1 2  -3.533253e-01  1.719052e-01  7.166862e+01
475 4.745000e-01 1 3  -2.538124e-01  1.855235e-01  7.473250e+01
476 4.755000e-01 1 2  -1.292833e-01  1.991445e-01  7.776743e+01
477 4.765000e-01 1 2   2.005526e-02  2.127626e-01  8.077036e+01
478 4.775000e-01 1 2   1.939423e-01  2.262417e-01  8.373805e+01
479 4.785000e-01 1 2   3.919687e-01  2.396858e-01  8.666754e+01
480 4.795000e-01 1 2   6.137327e-01  2.529776e-01  8.955555e+01
481 4.805000e-01 1 3   8.587148e-01  2.661299e-01  9.239902e+01
482 4.815000e-01 1 2   1.126320e+00  2.791148e-01  9.519486e+01
483 4.825000e-01 1 2   1.415898e+00  2.918794e-01  9.794000e+01
484 4.835000e-01 1 2   1.726723e+00  3.043964e-01  1.006314e+02
485 4.845000e-01 1 2   2.058009e+00  3.166374e-01  1.032660e+02
486 4.855000e-01 1 2   2.408912e+00  3.285951e-01  1.058410e+02
487 4.865000e-01 1 3   2.778515e+00  3.402313e-01  1.083534e+02
488 4.875000e-01 1 1   3.172364e+00  3.515276e-01  1.108092e+02
489 4.885000e-01 1 2   3.570299e+00  3.622969e-01  1.131790e+02
490 4.895000e-01 1 2   3.989432e+00  3.728002e-01  1.154861e+02
491 4.905000e-01 1 2   4.423927e+00  3.827067e-01  1.177224e+02
492 4.915000e-01 1 1   4.877474e+00  3.921206e-01  1.198900e+02
493 4.925000e-01 1 1   5.337620e+00  4.010354e-01  1.219726e+02
494 4.935000e-01 1 1   5.808071e+00  4.094972e-01  1.239730e+02
495 4.945000e-01 1 2   6.283091e+00  4.175851e-01  1.258831e+02
496 4.955000e-01 1 2   6.771438e+00  4.250470e-01  1.277153e+02
497 4.965000e-01 1 2   7.267370e+00  4.317992e-01  1.294623e+02
498 4.975000e-01 1 2   7.768809e+00  4.379795e-01  1.311208e+02
499 4.985000e-01 1 2   8.274377e+00  4.435844e-01  1.326895e+02
500 4.995000e-01 1 2   8.782720e+00  4.485886e-01  1.341674e+02
501 5.005000e-01 1 1   9.295931e+00  4.527564e-01  1.355590e+02
502 5.015000e-01 1 2   9.802347e+00  4.563982e-01  1.368464e+02
503 5.025000e-01 1 2   1.030969e+01  4.594500e-01  1.380418e+02
504 5.035000e-01 2 2   1.201668e+01  4.931379e-01  1.472276e+02
505 5.045000e-01 2 2   1.244111e+01  4.925987e-01  1.475553e+02
506 5.055000e-01 2 2   1.295051e+01  4.917745e-01  1.482322e+02
507 5.065000e-01 2 2   1.350233e+01  4.912744e-01  1.490977e+02
