#TimeIteration Time SubCycles NewtonSteps Drag CrossFlowLift Lift
0 0.000000e+00 0 0   4.180355e+00  1.062626e-01  3.814056e+01
1 2.500000e-04 1 1   4.239575e+00  1.045669e-01  3.905196e+01
2 7.500000e-04 1 2   4.028795e+00  1.080680e-01  3.546917e+01
3 1.250000e-03 1 1   4.101217e+00  1.046404e-01  3.500292e+01
4 1.750000e-03 1 1   4.098473e+00  1.043407e-01  3.484572e+01
5 2.250000e-03 1 1   4.125847e+00  1.043102e-01  3.512683e+01
6 2.750000e-03 1 1   4.150965e+00  1.043772e-01  3.528432e+01
7 3.250000e-03 1 1   4.165934e+00  1.045908e-01  3.522580e+01
8 3.750000e-03 1 1   4.174144e+00  1.049077e-01  3.502540e+01
9 4.250000e-03 1 1   4.179176e+00  1.052649e-01  3.476695e+01
10 4.750000e-03 1 1   4.183080e+00  1.055472e-01  3.449457e+01
11 5.250000e-03 1 1   4.187127e+00  1.056497e-01  3.422767e+01
12 5.750000e-03 1 1   4.192261e+00  1.054965e-01  3.398111e+01
13 6.250000e-03 1 1   4.199123e+00  1.050484e-01  3.376893e+01
14 6.750000e-03 1 1   4.207944e+00  1.043157e-01  3.359925e+01
15 7.250000e-03 1 1   4.218501e+00  1.033674e-01  3.347015e+01
16 7.750000e-03 1 1   4.230197e+00  1.023260e-01  3.337067e+01
17 8.250000e-03 1 1   4.242246e+00  1.013369e-01  3.328492e+01
18 8.750000e-03 1 1   4.253873e+00  1.005485e-01  3.319679e+01
19 9.250000e-03 1 1   4.264441e+00  1.000734e-01  3.309284e+01
20 9.750000e-03 1 1   4.273576e+00  9.996571e-02  3.296503e+01
21 1.025000e-02 1 1   4.281221e+00  1.002150e-01  3.281164e+01
22 1.075000e-02 1 1   4.287603e+00  1.007413e-01  3.263658e+01
23 1.125000e-02 1 1   4.293167e+00  1.014185e-01  3.244820e+01
24 1.175000e-02 1 1   4.298442e+00  1.020910e-01  3.225677e+01
25 1.225000e-02 1 1   4.303895e+00  1.025935e-01  3.207157e+01
26 1.275000e-02 1 1   4.309837e+00  1.027948e-01  3.189913e+01
27 1.325000e-02 1 1   4.316374e+00  1.026226e-01  3.174212e+01
28 1.375000e-02 1 1   4.323412e+00  1.020752e-01  3.159926e+01
29 1.425000e-02 1 1   4.330713e+00  1.012199e-01  3.146630e+01
30 1.475000e-02 1 1   4.337966e+00  1.001784e-01  3.133725e+01
31 1.525000e-02 1 1   4.344916e+00  9.909921e-02  3.120709e+01
32 1.575000e-02 1 1   4.351362e+00  9.812815e-02  3.107157e+01
33 1.625000e-02 1 1   4.357184e+00  9.739596e-02  3.092787e+01
34 1.675000e-02 1 1   4.362357e+00  9.696328e-02  3.077512e+01
35 1.725000e-02 1 1   4.366945e+00  9.684190e-02  3.061432e+01
36 1.775000e-02 1 1   4.371058e+00  9.698853e-02  3.044744e+01
37 1.825000e-02 1 1   4.374816e+00  9.731042e-02  3.027665e+01
38 1.875000e-02 1 1   4.378326e+00  9.768734e-02  3.010382e+01
39 1.925000e-02 1 1   4.381691e+00  9.799988e-02  2.993099e+01
40 1.975000e-02 1 1   4.384979e+00  9.816173e-02  2.975943e+01
41 2.025000e-02 1 1   4.388222e+00  9.811758e-02  2.958984e+01
42 2.075000e-02 1 1   4.391421e+00  9.785758e-02  2.942228e+01
43 2.125000e-02 1 1   4.394536e+00  9.741766e-02  2.925610e+01
44 2.175000e-02 1 2   4.397449e+00  9.686145e-02  2.908934e+01
45 2.225000e-02 1 1   4.400166e+00  9.629265e-02  2.892154e+01
46 2.275000e-02 1 1   4.402449e+00  9.576426e-02  2.874860e+01
47 2.325000e-02 1 1   4.404144e+00  9.532876e-02  2.856709e+01
48 2.375000e-02 1 1   4.405174e+00  9.502289e-02  2.837565e+01
49 2.425000e-02 1 1   4.405473e+00  9.484919e-02  2.817280e+01
50 2.475000e-02 1 1   4.405052e+00  9.477346e-02  2.795844e+01
51 2.525000e-02 1 1   4.403990e+00  9.474025e-02  2.773368e+01
52 2.575000e-02 1 1   4.402445e+00  9.469238e-02  2.750136e+01
53 2.625000e-02 1 1   4.400578e+00  9.458816e-02  2.726411e+01
54 2.675000e-02 1 1   4.398556e+00  9.440329e-02  2.702489e+01
55 2.725000e-02 1 1   4.396506e+00  9.413460e-02  2.678594e+01
56 2.775000e-02 1 1   4.394484e+00  9.380002e-02  2.654816e+01
57 2.825000e-02 1 1   4.392463e+00  9.343459e-02  2.631096e+01
58 2.875000e-02 1 1   4.390341e+00  9.308094e-02  2.607239e+01
59 2.925000e-02 1 1   4.387972e+00  9.277798e-02  2.582961e+01
60 2.975000e-02 1 1   4.385194e+00  9.255286e-02  2.557960e+01
61 3.025000e-02 1 1   4.381869e+00  9.241555e-02  2.531975e+01
62 3.075000e-02 1 1   4.377908e+00  9.235762e-02  2.504834e+01
63 3.125000e-02 1 1   4.373284e+00  9.235438e-02  2.476477e+01
64 3.175000e-02 1 1   4.368000e+00  9.237854e-02  2.446878e+01
65 3.225000e-02 1 1   4.362197e+00  9.238018e-02  2.416292e+01
66 3.275000e-02 1 1   4.355969e+00  9.232423e-02  2.384848e+01
67 3.325000e-02 1 1   4.349412e+00  9.218800e-02  2.352658e+01
68 3.375000e-02 1 1   4.342621e+00  9.196166e-02  2.319830e+01
69 3.425000e-02 1 1   4.335667e+00  9.164781e-02  2.286436e+01
70 3.475000e-02 1 1   4.328598e+00  9.126253e-02  2.252509e+01
71 3.525000e-02 1 1   4.321434e+00  9.083387e-02  2.218057e+01
72 3.575000e-02 1 1   4.314182e+00  9.039624e-02  2.183079e+01
73 3.625000e-02 1 1   4.306839e+00  8.998607e-02  2.147580e+01
74 3.675000e-02 1 1   4.299398e+00  8.963653e-02  2.111563e+01
75 3.725000e-02 1 1   4.291843e+00  8.936697e-02  2.075024e+01
76 3.775000e-02 1 1   4.284162e+00  8.920006e-02  2.037958e+01
77 3.825000e-02 1 1   4.276319e+00  8.913647e-02  2.000283e+01
78 3.875000e-02 1 1   4.268273e+00  8.916219e-02  1.961899e+01
79 3.925000e-02 1 1   4.259990e+00  8.925087e-02  1.922685e+01
80 3.975000e-02 1 1   4.251448e+00  8.936592e-02  1.882525e+01
81 4.025000e-02 1 1   4.242645e+00  8.946512e-02  1.841337e+01
82 4.075000e-02 1 1   4.233615e+00  8.950394e-02  1.799110e+01
83 4.125000e-02 1 1   4.224420e+00  8.945179e-02  1.755922e+01
84 4.175000e-02 1 1   4.215146e+00  8.928599e-02  1.711904e+01
85 4.225000e-02 1 1   4.205891e+00  8.900065e-02  1.667254e+01
86 4.275000e-02 1 1   4.196752e+00  8.861264e-02  1.622180e+01
87 4.325000e-02 1 1   4.187800e+00  8.815665e-02  1.576856e+01
88 4.375000e-02 1 1   4.179071e+00  8.767753e-02  1.531380e+01
89 4.425000e-02 1 1   4.170559e+00  8.722947e-02  1.485766e+01
90 4.475000e-02 1 1   4.162221e+00  8.686497e-02  1.439919e+01
91 4.525000e-02 1 1   4.153991e+00  8.661987e-02  1.393677e+01
92 4.575000e-02 1 1   4.145801e+00  8.650974e-02  1.346862e+01
93 4.625000e-02 1 1   4.137600e+00  8.652790e-02  1.299321e+01
94 4.675000e-02 1 1   4.129375e+00  8.664626e-02  1.250978e+01
95 4.725000e-02 1 1   4.121148e+00  8.682549e-02  1.201847e+01
96 4.775000e-02 1 1   4.112975e+00  8.701358e-02  1.152020e+01
97 4.825000e-02 1 1   4.104928e+00  8.715804e-02  1.101667e+01
98 4.875000e-02 1 1   4.097091e+00  8.721842e-02  1.050985e+01
99 4.925000e-02 1 1   4.089535e+00  8.717191e-02  1.000151e+01
100 4.975000e-02 1 1   4.082300e+00  8.701381e-02  9.492891e+00
101 5.025000e-02 1 1   4.075396e+00  8.676742e-02  8.984484e+00
102 5.075000e-02 1 1   4.068800e+00  8.647019e-02  8.475857e+00
103 5.125000e-02 1 1   4.062471e+00  8.616370e-02  7.966025e+00
104 5.175000e-02 1 1   4.056361e+00  8.589107e-02  7.453821e+00
105 5.225000e-02 1 1   4.050431e+00  8.567983e-02  6.938199e+00
106 5.275000e-02 1 1   4.044669e+00  8.555194e-02  6.418717e+00
107 5.325000e-02 1 1   4.039087e+00  8.551693e-02  5.895496e+00
108 5.375000e-02 1 1   4.033709e+00  8.555827e-02  5.369191e+00
109 5.425000e-02 1 1   4.028576e+00  8.565335e-02  4.841066e+00
110 5.475000e-02 1 1   4.023739e+00  8.576931e-02  4.312607e+00
111 5.525000e-02 1 1   4.019235e+00  8.587722e-02  3.785113e+00
112 5.575000e-02 1 1   4.015077e+00  8.594388e-02  3.259419e+00
113 5.625000e-02 1 1   4.011287e+00  8.596834e-02  2.736407e+00
114 5.675000e-02 1 1   4.007836e+00  8.594791e-02  2.215597e+00
115 5.725000e-02 1 1   4.004695e+00  8.588602e-02  1.696468e+00
116 5.775000e-02 1 1   4.001837e+00  8.579612e-02  1.178450e+00
117 5.825000e-02 1 1   3.999232e+00  8.569235e-02  6.609452e-01
118 5.875000e-02 1 1   3.996870e+00  8.559591e-02  1.437677e-01
119 5.925000e-02 1 1   3.994756e+00  8.552450e-02 -3.730381e-01
120 5.975000e-02 1 1   3.992903e+00  8.548028e-02 -8.892272e-01
121 6.025000e-02 1 1   3.991323e+00  8.546666e-02 -1.404149e+00
122 6.075000e-02 1 1   3.990037e+00  8.547701e-02 -1.917068e+00
123 6.125000e-02 1 1   3.989057e+00  8.549885e-02 -2.427245e+00
124 6.175000e-02 1 1   3.988390e+00  8.552815e-02 -2.934226e+00
125 6.225000e-02 1 1   3.988035e+00  8.555565e-02 -3.437865e+00
126 6.275000e-02 1 1   3.987976e+00  8.557796e-02 -3.938071e+00
127 6.325000e-02 1 1   3.988202e+00  8.558788e-02 -4.434814e+00
128 6.375000e-02 1 1   3.988700e+00  8.558421e-02 -4.928107e+00
129 6.425000e-02 1 1   3.989461e+00  8.557125e-02 -5.417854e+00
130 6.475000e-02 1 1   3.990482e+00  8.555231e-02 -5.903861e+00
131 6.525000e-02 1 1   3.991762e+00  8.553241e-02 -6.385772e+00
132 6.575000e-02 1 1   3.993305e+00  8.551421e-02 -6.863092e+00
133 6.625000e-02 1 1   3.995121e+00  8.550236e-02 -7.335416e+00
134 6.675000e-02 1 1   3.997215e+00  8.549778e-02 -7.802530e+00
135 6.725000e-02 1 1   3.999580e+00  8.549960e-02 -8.264369e+00
136 6.775000e-02 1 1   4.002216e+00  8.550886e-02 -8.720988e+00
137 6.825000e-02 1 1   4.005121e+00  8.552428e-02 -9.172707e+00
138 6.875000e-02 1 1   4.008276e+00  8.554192e-02 -9.619896e+00
139 6.925000e-02 1 1   4.011675e+00  8.556100e-02 -1.006276e+01
140 6.975000e-02 1 1   4.015313e+00  8.557702e-02 -1.050136e+01
141 7.025000e-02 1 1   4.019185e+00  8.558393e-02 -1.093560e+01
142 7.075000e-02 1 1   4.023282e+00  8.557755e-02 -1.136512e+01
143 7.125000e-02 1 1   4.027609e+00  8.555663e-02 -1.178935e+01
144 7.175000e-02 1 1   4.032171e+00  8.552041e-02 -1.220773e+01
145 7.225000e-02 1 1   4.036956e+00  8.546885e-02 -1.261980e+01
146 7.275000e-02 1 1   4.041969e+00  8.540470e-02 -1.302516e+01
147 7.325000e-02 1 1   4.047207e+00  8.533055e-02 -1.342367e+01
148 7.375000e-02 1 1   4.052665e+00  8.525162e-02 -1.381556e+01
149 7.425000e-02 1 1   4.058326e+00  8.517325e-02 -1.420125e+01
150 7.475000e-02 1 1   4.064195e+00  8.509949e-02 -1.458117e+01
151 7.525000e-02 1 1   4.070272e+00  8.502992e-02 -1.495586e+01
152 7.575000e-02 1 1   4.076540e+00  8.496624e-02 -1.532586e+01
153 7.625000e-02 1 1   4.083007e+00  8.490609e-02 -1.569139e+01
154 7.675000e-02 1 1   4.089676e+00  8.484226e-02 -1.605253e+01
155 7.725000e-02 1 1   4.096548e+00  8.476969e-02 -1.640924e+01
156 7.775000e-02 1 1   4.103619e+00  8.468695e-02 -1.676136e+01
157 7.825000e-02 1 1   4.110898e+00  8.459035e-02 -1.710861e+01
158 7.875000e-02 1 1   4.118384e+00  8.447694e-02 -1.745088e+01
159 7.925000e-02 1 1   4.126076e+00  8.434924e-02 -1.778811e+01
160 7.975000e-02 1 1   4.133971e+00  8.420950e-02 -1.812040e+01
161 8.025000e-02 1 1   4.142071e+00  8.406156e-02 -1.844798e+01
162 8.075000e-02 1 1   4.150376e+00  8.390924e-02 -1.877122e+01
163 8.125000e-02 1 1   4.158875e+00  8.376226e-02 -1.909029e+01
164 8.175000e-02 1 1   4.167595e+00  8.362017e-02 -1.940578e+01
165 8.225000e-02 1 1   4.176536e+00  8.347502e-02 -1.971800e+01
166 8.275000e-02 1 1   4.185694e+00  8.332912e-02 -2.002713e+01
167 8.325000e-02 1 1   4.195073e+00  8.318411e-02 -2.033318e+01
168 8.375000e-02 1 1   4.204684e+00  8.303715e-02 -2.063613e+01
169 8.425000e-02 1 1   4.214530e+00  8.288509e-02 -2.093590e+01
170 8.475000e-02 1 1   4.224618e+00  8.272933e-02 -2.123263e+01
171 8.525000e-02 1 1   4.234953e+00  8.256809e-02 -2.152657e+01
172 8.575000e-02 1 1   4.245541e+00  8.240035e-02 -2.181785e+01
173 8.625000e-02 1 1   4.256383e+00  8.222593e-02 -2.210670e+01
174 8.675000e-02 1 1   4.267481e+00  8.204498e-02 -2.239337e+01
175 8.725000e-02 1 1   4.278841e+00  8.185941e-02 -2.267790e+01
176 8.775000e-02 1 1   4.290468e+00  8.167303e-02 -2.296086e+01
177 8.825000e-02 1 1   4.302363e+00  8.147945e-02 -2.324189e+01
178 8.875000e-02 1 1   4.314533e+00  8.129504e-02 -2.352203e+01
179 8.925000e-02 1 1   4.326988e+00  8.109813e-02 -2.380106e+01
180 8.975000e-02 1 1   4.339721e+00  8.089354e-02 -2.407865e+01
181 9.025000e-02 1 1   4.352733e+00  8.068160e-02 -2.435449e+01
182 9.075000e-02 1 1   4.366026e+00  8.046522e-02 -2.462870e+01
183 9.125000e-02 1 1   4.379602e+00  8.024159e-02 -2.490141e+01
184 9.175000e-02 1 1   4.393464e+00  8.001027e-02 -2.517276e+01
185 9.225000e-02 1 1   4.407615e+00  7.977405e-02 -2.544305e+01
186 9.275000e-02 1 1   4.422057e+00  7.953361e-02 -2.571249e+01
187 9.325000e-02 1 1   4.436794e+00  7.928800e-02 -2.598131e+01
188 9.375000e-02 1 1   4.451831e+00  7.903817e-02 -2.624968e+01
189 9.425000e-02 1 1   4.467172e+00  7.878655e-02 -2.651776e+01
190 9.475000e-02 1 1   4.482819e+00  7.853123e-02 -2.678563e+01
191 9.525000e-02 1 1   4.498776e+00  7.827116e-02 -2.705333e+01
192 9.575000e-02 1 1   4.515043e+00  7.800833e-02 -2.732084e+01
193 9.625000e-02 1 1   4.531622e+00  7.774109e-02 -2.758813e+01
194 9.675000e-02 1 1   4.548515e+00  7.746763e-02 -2.785519e+01
195 9.725000e-02 1 1   4.565723e+00  7.719047e-02 -2.812202e+01
196 9.775000e-02 1 1   4.583247e+00  7.690921e-02 -2.838870e+01
197 9.825000e-02 1 1   4.601092e+00  7.662301e-02 -2.865536e+01
198 9.875000e-02 1 1   4.619265e+00  7.633267e-02 -2.892213e+01
199 9.925000e-02 1 1   4.637768e+00  7.604003e-02 -2.918919e+01
200 9.975000e-02 1 1   4.656608e+00  7.574465e-02 -2.945666e+01
201 1.002500e-01 1 1   4.675792e+00  7.544736e-02 -2.972464e+01
202 1.007500e-01 1 1   4.695323e+00  7.514910e-02 -2.999317e+01
203 1.012500e-01 1 1   4.715208e+00  7.485023e-02 -3.026225e+01
204 1.017500e-01 1 1   4.735450e+00  7.455068e-02 -3.053185e+01
205 1.022500e-01 1 1   4.756054e+00  7.425127e-02 -3.080195e+01
206 1.027500e-01 1 1   4.777024e+00  7.395080e-02 -3.107251e+01
207 1.032500e-01 1 1   4.798366e+00  7.364945e-02 -3.134355e+01
208 1.037500e-01 1 1   4.820086e+00  7.334695e-02 -3.161513e+01
209 1.042500e-01 1 1   4.842193e+00  7.304335e-02 -3.188731e+01
210 1.047500e-01 1 1   4.864694e+00  7.273840e-02 -3.216019e+01
211 1.052500e-01 1 1   4.887599e+00  7.243236e-02 -3.243384e+01
212 1.057500e-01 1 1   4.910916e+00  7.212560e-02 -3.270833e+01
213 1.062500e-01 1 1   4.934675e+00  7.182276e-02 -3.298438e+01
214 1.067500e-01 1 1   4.958842e+00  7.151398e-02 -3.326070e+01
215 1.072500e-01 1 1   4.983423e+00  7.120615e-02 -3.353725e+01
216 1.077500e-01 1 1   5.008442e+00  7.090185e-02 -3.381451e+01
217 1.082500e-01 1 1   5.033912e+00  7.060040e-02 -3.409264e+01
218 1.087500e-01 1 1   5.059833e+00  7.030352e-02 -3.437150e+01
219 1.092500e-01 1 1   5.086208e+00  7.000866e-02 -3.465095e+01
220 1.097500e-01 1 1   5.113039e+00  6.971306e-02 -3.493086e+01
221 1.102500e-01 1 1   5.140328e+00  6.941536e-02 -3.521112e+01
222 1.107500e-01 1 1   5.168090e+00  6.911623e-02 -3.549193e+01
223 1.112500e-01 1 1   5.196331e+00  6.881535e-02 -3.577330e+01
224 1.117500e-01 1 1   5.225052e+00  6.851219e-02 -3.605512e+01
225 1.122500e-01 1 1   5.254250e+00  6.820602e-02 -3.633720e+01
226 1.127500e-01 1 1   5.283933e+00  6.789715e-02 -3.661956e+01
227 1.132500e-01 1 1   5.314100e+00  6.758825e-02 -3.690210e+01
228 1.137500e-01 1 1   5.344753e+00  6.728119e-02 -3.718472e+01
229 1.142500e-01 1 1   5.375890e+00  6.697755e-02 -3.746731e+01
230 1.147500e-01 1 1   5.407496e+00  6.667497e-02 -3.774946e+01
231 1.152500e-01 1 1   5.439576e+00  6.637592e-02 -3.803124e+01
232 1.157500e-01 1 1   5.472136e+00  6.608069e-02 -3.831273e+01
233 1.162500e-01 1 1   5.505177e+00  6.578957e-02 -3.859393e+01
234 1.167500e-01 1 1   5.538672e+00  6.549742e-02 -3.887433e+01
235 1.172500e-01 1 1   5.572634e+00  6.520380e-02 -3.915412e+01
236 1.177500e-01 1 1   5.607064e+00  6.490928e-02 -3.943336e+01
237 1.182500e-01 1 1   5.641948e+00  6.461218e-02 -3.971181e+01
238 1.187500e-01 1 1   5.677259e+00  6.430940e-02 -3.998898e+01
239 1.192500e-01 1 1   5.712997e+00  6.400300e-02 -4.026492e+01
240 1.197500e-01 1 1   5.749155e+00  6.369461e-02 -4.053956e+01
241 1.202500e-01 1 1   5.785694e+00  6.338369e-02 -4.081233e+01
242 1.207500e-01 1 1   5.822605e+00  6.307088e-02 -4.108317e+01
243 1.212500e-01 1 1   5.859881e+00  6.275794e-02 -4.135208e+01
244 1.217500e-01 1 1   5.897503e+00  6.244629e-02 -4.161886e+01
245 1.222500e-01 1 1   5.935441e+00  6.213380e-02 -4.188319e+01
246 1.227500e-01 1 1   5.973690e+00  6.182236e-02 -4.214513e+01
247 1.232500e-01 1 1   6.012236e+00  6.151194e-02 -4.240463e+01
248 1.237500e-01 1 1   6.051047e+00  6.120186e-02 -4.266138e+01
249 1.242500e-01 1 1   6.090105e+00  6.088844e-02 -4.291525e+01
250 1.247500e-01 1 1   6.129389e+00  6.057177e-02 -4.316613e+01
251 1.252500e-01 1 1   6.168866e+00  6.025233e-02 -4.341374e+01
252 1.257500e-01 1 1   6.208504e+00  5.992776e-02 -4.365779e+01
253 1.262500e-01 1 1   6.248271e+00  5.959772e-02 -4.389807e+01
254 1.267500e-01 1 1   6.288137e+00  5.926389e-02 -4.413437e+01
255 1.272500e-01 1 1   6.328067e+00  5.892337e-02 -4.436644e+01
256 1.277500e-01 1 1   6.368027e+00  5.857770e-02 -4.459411e+01
257 1.282500e-01 1 1   6.407984e+00  5.822650e-02 -4.481719e+01
258 1.287500e-01 1 1   6.447905e+00  5.786804e-02 -4.503551e+01
259 1.292500e-01 1 1   6.487754e+00  5.750560e-02 -4.524891e+01
260 1.297500e-01 1 1   6.527495e+00  5.713861e-02 -4.545721e+01
261 1.302500e-01 1 1   6.567091e+00  5.676662e-02 -4.566021e+01
262 1.307500e-01 1 1   6.606502e+00  5.639088e-02 -4.585773e+01
263 1.312500e-01 1 1   6.645689e+00  5.601091e-02 -4.604953e+01
264 1.317500e-01 1 1   6.684608e+00  5.562628e-02 -4.623543e+01
265 1.322500e-01 1 1   6.723216e+00  5.523518e-02 -4.641520e+01
266 1.327500e-01 1 1   6.761472e+00  5.483721e-02 -4.658864e+01
267 1.332500e-01 1 1   6.799333e+00  5.443119e-02 -4.675557e+01
268 1.337500e-01 1 1   6.836755e+00  5.401632e-02 -4.691580e+01
269 1.342500e-01 1 1   6.873696e+00  5.359297e-02 -4.706916e+01
270 1.347500e-01 1 1   6.910112e+00  5.315919e-02 -4.721547e+01
271 1.352500e-01 1 1   6.945956e+00  5.271733e-02 -4.735457e+01
272 1.357500e-01 1 1   6.981185e+00  5.226750e-02 -4.748626e+01
273 1.362500e-01 1 1   7.015753e+00  5.180925e-02 -4.761037e+01
274 1.367500e-01 1 1   7.049615e+00  5.134318e-02 -4.772673e+01
275 1.372500e-01 1 1   7.082716e+00  5.086964e-02 -4.783501e+01
276 1.377500e-01 1 1   7.115013e+00  5.038904e-02 -4.793511e+01
277 1.382500e-01 1 1   7.146473e+00  4.990271e-02 -4.802696e+01
278 1.387500e-01 1 1   7.177049e+00  4.940966e-02 -4.811036e+01
279 1.392500e-01 1 1   7.206697e+00  4.890914e-02 -4.818514e+01
280 1.397500e-01 1 1   7.235376e+00  4.839861e-02 -4.825116e+01
281 1.402500e-01 1 1   7.263050e+00  4.787867e-02 -4.830831e+01
282 1.407500e-01 1 1   7.289681e+00  4.734877e-02 -4.835649e+01
283 1.412500e-01 1 1   7.315218e+00  4.680881e-02 -4.839544e+01
284 1.417500e-01 1 1   7.339633e+00  4.625687e-02 -4.842511e+01
285 1.422500e-01 1 1   7.362880e+00  4.569623e-02 -4.844529e+01
286 1.427500e-01 1 1   7.384943e+00  4.512779e-02 -4.845606e+01
287 1.432500e-01 1 1   7.405771e+00  4.455178e-02 -4.845712e+01
288 1.437500e-01 1 1   7.425335e+00  4.396819e-02 -4.844838e+01
289 1.442500e-01 1 1   7.443601e+00  4.337700e-02 -4.842968e+01
290 1.447500e-01 1 1   7.460540e+00  4.277960e-02 -4.840092e+01
291 1.452500e-01 1 1   7.476100e+00  4.217788e-02 -4.836177e+01
292 1.457500e-01 1 1   7.490322e+00  4.156918e-02 -4.831278e+01
293 1.462500e-01 1 1   7.503122e+00  4.095477e-02 -4.825331e+01
294 1.467500e-01 1 1   7.514506e+00  4.033457e-02 -4.818349e+01
295 1.472500e-01 1 1   7.524457e+00  3.970343e-02 -4.810329e+01
296 1.477500e-01 1 1   7.532949e+00  3.906451e-02 -4.801256e+01
297 1.482500e-01 1 1   7.539964e+00  3.841720e-02 -4.791119e+01
298 1.487500e-01 1 1   7.545488e+00  3.776138e-02 -4.779912e+01
299 1.492500e-01 1 1   7.549511e+00  3.709832e-02 -4.767628e+01
300 1.497500e-01 1 1   7.552021e+00  3.642869e-02 -4.754262e+01
301 1.502500e-01 1 1   7.553011e+00  3.575320e-02 -4.739810e+01
302 1.507500e-01 1 1   7.552475e+00  3.507192e-02 -4.724266e+01
303 1.512500e-01 1 1   7.550461e+00  3.438668e-02 -4.707674e+01
304 1.517500e-01 1 1   7.546858e+00  3.369449e-02 -4.689931e+01
305 1.522500e-01 1 1   7.541721e+00  3.299853e-02 -4.671082e+01
306 1.527500e-01 1 1   7.535048e+00  3.229992e-02 -4.651123e+01
307 1.532500e-01 1 1   7.526834e+00  3.159833e-02 -4.630047e+01
308 1.537500e-01 1 1   7.517195e+00  3.089501e-02 -4.607956e+01
309 1.542500e-01 1 1   7.506013e+00  3.018862e-02 -4.584739e+01
310 1.547500e-01 1 1   7.493342e+00  2.947915e-02 -4.560423e+01
311 1.552500e-01 1 1   7.479187e+00  2.876870e-02 -4.535008e+01
312 1.557500e-01 1 1   7.463557e+00  2.805510e-02 -4.508491e+01
313 1.562500e-01 1 1   7.446470e+00  2.733729e-02 -4.480875e+01
314 1.567500e-01 1 1   7.427946e+00  2.661575e-02 -4.452166e+01
315 1.572500e-01 1 1   7.408006e+00  2.589242e-02 -4.422371e+01
316 1.577500e-01 1 1   7.386671e+00  2.516792e-02 -4.391495e+01
317 1.582500e-01 1 1   7.363965e+00  2.444293e-02 -4.359544e+01
318 1.587500e-01 1 1   7.339913e+00  2.371792e-02 -4.326526e+01
319 1.592500e-01 1 1   7.314542e+00  2.299345e-02 -4.292448e+01
320 1.597500e-01 1 1   7.287880e+00  2.227068e-02 -4.257318e+01
321 1.602500e-01 1 1   7.259951e+00  2.155015e-02 -4.221140e+01
322 1.607500e-01 1 1   7.230800e+00  2.083226e-02 -4.183940e+01
323 1.612500e-01 1 1   7.200458e+00  2.011755e-02 -4.145727e+01
324 1.617500e-01 1 1   7.168939e+00  1.940433e-02 -4.106500e+01
325 1.622500e-01 1 1   7.136227e+00  1.870033e-02 -4.066209e+01
326 1.627500e-01 1 1   7.102437e+00  1.800310e-02 -4.024955e+01
327 1.632500e-01 1 1   7.067607e+00  1.731228e-02 -3.982756e+01
328 1.637500e-01 1 1   7.031760e+00  1.662356e-02 -3.939614e+01
329 1.642500e-01 1 1   6.994928e+00  1.593644e-02 -3.895535e+01
330 1.647500e-01 1 1   6.957144e+00  1.525470e-02 -3.850531e+01
331 1.652500e-01 1 1   6.918443e+00  1.458089e-02 -3.804617e+01
332 1.657500e-01 1 1   6.878865e+00  1.391569e-02 -3.757809e+01
333 1.662500e-01 1 1   6.838448e+00  1.325850e-02 -3.710128e+01
334 1.667500e-01 1 1   6.797244e+00  1.260963e-02 -3.661605e+01
335 1.672500e-01 1 1   6.755276e+00  1.196877e-02 -3.612242e+01
336 1.677500e-01 1 1   6.712579e+00  1.133788e-02 -3.562055e+01
337 1.682500e-01 1 1   6.669200e+00  1.071805e-02 -3.511072e+01
338 1.687500e-01 1 1   6.625183e+00  1.011117e-02 -3.459320e+01
339 1.692500e-01 1 1   6.580567e+00  9.516221e-03 -3.406820e+01
340 1.697500e-01 1 1   6.535385e+00  8.934125e-03 -3.353590e+01
341 1.702500e-01 1 1   6.489677e+00  8.364879e-03 -3.299652e+01
342 1.707500e-01 1 1   6.443481e+00  7.808582e-03 -3.245030e+01
343 1.712500e-01 1 1   6.396839e+00  7.266190e-03 -3.189752e+01
344 1.717500e-01 1 1   6.349789e+00  6.738061e-03 -3.133842e+01
345 1.722500e-01 1 1   6.302362e+00  6.222119e-03 -3.077318e+01
346 1.727500e-01 1 1   6.254589e+00  5.721645e-03 -3.020203e+01
347 1.732500e-01 1 1   6.206513e+00  5.237021e-03 -2.962528e+01
348 1.737500e-01 1 1   6.158164e+00  4.768712e-03 -2.904312e+01
349 1.742500e-01 1 1   6.109570e+00  4.316066e-03 -2.845579e+01
350 1.747500e-01 1 1   6.060768e+00  3.879496e-03 -2.786353e+01
351 1.752500e-01 1 1   6.011792e+00  3.459416e-03 -2.726664e+01
352 1.757500e-01 1 1   5.962682e+00  3.054731e-03 -2.666548e+01
353 1.762500e-01 1 1   5.913452e+00  2.669095e-03 -2.606013e+01
354 1.767500e-01 1 1   5.864127e+00  2.300278e-03 -2.545078e+01
355 1.772500e-01 1 1   5.814755e+00  1.948771e-03 -2.483792e+01
356 1.777500e-01 1 1   5.765349e+00  1.614088e-03 -2.422161e+01
357 1.782500e-01 1 1   5.715932e+00  1.296486e-03 -2.360206e+01
358 1.787500e-01 1 1   5.666533e+00  9.972406e-04 -2.297957e+01
359 1.792500e-01 1 1   5.617179e+00  7.168367e-04 -2.235439e+01
360 1.797500e-01 1 1   5.567890e+00  4.534411e-04 -2.172673e+01
361 1.802500e-01 1 1   5.518692e+00  2.046880e-04 -2.109685e+01
362 1.807500e-01 1 1   5.469609e+00 -2.399430e-05 -2.046500e+01
363 1.812500e-01 1 1   5.420647e+00 -2.350010e-04 -1.983127e+01
364 1.817500e-01 1 1   5.371826e+00 -4.278058e-04 -1.919584e+01
365 1.822500e-01 1 1   5.323174e+00 -6.033994e-04 -1.855901e+01
366 1.827500e-01 1 1   5.274709e+00 -7.638428e-04 -1.792101e+01
367 1.832500e-01 1 1   5.226449e+00 -9.070278e-04 -1.728203e+01
368 1.837500e-01 1 1   5.178412e+00 -1.034218e-03 -1.664226e+01
369 1.842500e-01 1 1   5.130611e+00 -1.147207e-03 -1.600185e+01
370 1.847500e-01 1 1   5.083059e+00 -1.243451e-03 -1.536100e+01
371 1.852500e-01 1 1   5.035769e+00 -1.323129e-03 -1.471976e+01
372 1.857500e-01 1 1   4.988759e+00 -1.387811e-03 -1.407834e+01
373 1.862500e-01 1 1   4.942043e+00 -1.436837e-03 -1.343691e+01
374 1.867500e-01 1 1   4.895626e+00 -1.470547e-03 -1.279555e+01
375 1.872500e-01 1 1   4.849542e+00 -1.492548e-03 -1.215453e+01
376 1.877500e-01 1 1   4.803797e+00 -1.505738e-03 -1.151402e+01
377 1.882500e-01 1 1   4.758389e+00 -1.502863e-03 -1.087389e+01
378 1.887500e-01 1 1   4.713330e+00 -1.487663e-03 -1.023426e+01
379 1.892500e-01 1 1   4.668648e+00 -1.463904e-03 -9.595391e+00
380 1.897500e-01 1 1   4.624356e+00 -1.430092e-03 -8.957432e+00
381 1.902500e-01 1 1   4.580454e+00 -1.383224e-03 -8.320340e+00
382 1.907500e-01 1 1   4.536957e+00 -1.326243e-03 -7.684176e+00
383 1.912500e-01 1 1   4.493875e+00 -1.260810e-03 -7.049043e+00
384 1.917500e-01 1 1   4.451225e+00 -1.186474e-03 -6.415023e+00
385 1.922500e-01 1 1   4.409016e+00 -1.103731e-03 -5.782155e+00
386 1.927500e-01 1 1   4.367259e+00 -1.012332e-03 -5.150467e+00
387 1.932500e-01 1 1   4.325964e+00 -9.139703e-04 -4.520000e+00
388 1.937500e-01 1 1   4.285144e+00 -8.099606e-04 -3.890821e+00
389 1.942500e-01 1 1   4.244806e+00 -6.986816e-04 -3.262912e+00
390 1.947500e-01 1 1   4.204962e+00 -5.817915e-04 -2.636289e+00
391 1.952500e-01 1 1   4.165626e+00 -4.608840e-04 -2.010988e+00
392 1.957500e-01 1 1   4.126805e+00 -3.348713e-04 -1.387010e+00
393 1.962500e-01 1 1   4.088511e+00 -2.033553e-04 -7.643496e-01
394 1.967500e-01 1 1   4.050753e+00 -6.708890e-05 -1.430150e-01
395 1.972500e-01 1 1   4.013536e+00  7.026566e-05  4.771543e-01
396 1.977500e-01 1 1   3.976887e+00  2.086768e-04  1.095890e+00
397 1.982500e-01 1 1   3.940802e+00  3.538975e-04  1.713376e+00
398 1.987500e-01 1 1   3.905290e+00  5.013067e-04  2.329689e+00
399 1.992500e-01 1 1   3.870365e+00  6.496613e-04  2.944826e+00
400 1.997500e-01 1 1   3.836035e+00  7.992472e-04  3.558791e+00
401 2.002500e-01 1 1   3.802310e+00  9.496761e-04  4.171633e+00
402 2.007500e-01 1 1   3.769200e+00  1.102261e-03  4.783401e+00
403 2.012500e-01 1 1   3.736714e+00  1.255209e-03  5.394107e+00
404 2.017500e-01 1 1   3.704858e+00  1.408178e-03  6.003854e+00
405 2.022500e-01 1 1   3.673638e+00  1.560966e-03  6.612720e+00
406 2.027500e-01 1 1   3.643067e+00  1.714809e-03  7.220713e+00
407 2.032500e-01 1 1   3.613152e+00  1.868459e-03  7.827897e+00
408 2.037500e-01 1 1   3.583898e+00  2.022628e-03  8.434357e+00
409 2.042500e-01 1 1   3.555314e+00  2.174992e-03  9.040215e+00
410 2.047500e-01 1 1   3.527411e+00  2.323908e-03  9.645447e+00
411 2.052500e-01 1 1   3.500195e+00  2.472473e-03  1.025008e+01
412 2.057500e-01 1 1   3.473671e+00  2.621780e-03  1.085425e+01
413 2.062500e-01 1 1   3.447847e+00  2.769853e-03  1.145803e+01
414 2.067500e-01 1 1   3.422732e+00  2.915642e-03  1.206150e+01
415 2.072500e-01 1 1   3.398332e+00  3.058171e-03  1.266468e+01
416 2.077500e-01 1 1   3.374655e+00  3.198803e-03  1.326762e+01
417 2.082500e-01 1 1   3.351702e+00  3.338565e-03  1.387048e+01
418 2.087500e-01 1 1   3.329485e+00  3.477351e-03  1.447330e+01
419 2.092500e-01 1 1   3.308010e+00  3.613321e-03  1.507612e+01
420 2.097500e-01 1 1   3.287280e+00  3.747750e-03  1.567903e+01
421 2.102500e-01 1 1   3.267307e+00  3.879992e-03  1.628205e+01
422 2.107500e-01 1 1   3.248094e+00  4.009344e-03  1.688523e+01
423 2.112500e-01 1 1   3.229648e+00  4.136653e-03  1.748870e+01
424 2.117500e-01 1 1   3.211974e+00  4.262320e-03  1.809252e+01
425 2.122500e-01 1 1   3.195078e+00  4.385622e-03  1.869671e+01
426 2.127500e-01 1 1   3.178971e+00  4.507979e-03  1.930133e+01
427 2.132500e-01 1 1   3.163656e+00  4.627714e-03  1.990641e+01
428 2.137500e-01 1 1   3.149142e+00  4.746021e-03  2.051203e+01
429 2.142500e-01 1 1   3.135433e+00  4.863032e-03  2.111824e+01
430 2.147500e-01 1 1   3.122537e+00  4.976332e-03  2.172507e+01
431 2.152500e-01 1 1   3.110461e+00  5.087408e-03  2.233257e+01
432 2.157500e-01 1 1   3.099212e+00  5.195339e-03  2.294076e+01
433 2.162500e-01 1 1   3.088797e+00  5.300969e-03  2.354967e+01
434 2.167500e-01 1 1   3.079221e+00  5.405535e-03  2.415935e+01
435 2.172500e-01 1 1   3.070492e+00  5.508257e-03  2.476980e+01
436 2.177500e-01 1 1   3.062620e+00  5.609397e-03  2.538105e+01
437 2.182500e-01 1 1   3.055613e+00  5.708103e-03  2.599309e+01
438 2.187500e-01 1 1   3.049476e+00  5.804198e-03  2.660594e+01
439 2.192500e-01 1 1   3.044219e+00  5.898250e-03  2.721960e+01
440 2.197500e-01 1 1   3.039848e+00  5.990893e-03  2.783407e+01
441 2.202500e-01 1 1   3.036374e+00  6.080931e-03  2.844932e+01
442 2.207500e-01 1 1   3.033806e+00  6.167710e-03  2.906534e+01
443 2.212500e-01 1 1   3.032155e+00  6.254089e-03  2.968211e+01
444 2.217500e-01 1 1   3.031425e+00  6.337577e-03  3.029959e+01
445 2.222500e-01 1 1   3.031630e+00  6.420518e-03  3.091773e+01
446 2.227500e-01 1 1   3.032776e+00  6.499541e-03  3.153650e+01
447 2.232500e-01 1 1   3.034872e+00  6.578927e-03  3.215584e+01
448 2.237500e-01 1 1   3.037928e+00  6.657022e-03  3.277570e+01
449 2.242500e-01 1 1   3.041946e+00  6.729892e-03  3.339653e+01
450 2.247500e-01 1 1   3.046955e+00  6.807677e-03  3.401743e+01
451 2.252500e-01 1 1   3.052955e+00  6.880228e-03  3.463805e+01
452 2.257500e-01 1 1   3.059952e+00  6.951287e-03  3.525890e+01
453 2.262500e-01 1 1   3.067949e+00  7.017702e-03  3.587997e+01
454 2.267500e-01 1 1   3.076961e+00  7.081023e-03  3.650121e+01
455 2.272500e-01 1 1   3.086999e+00  7.142682e-03  3.712237e+01
456 2.277500e-01 1 1   3.098065e+00  7.199493e-03  3.774312e+01
457 2.282500e-01 1 1   3.110164e+00  7.254889e-03  3.836356e+01
458 2.287500e-01 1 1   3.123313e+00  7.308228e-03  3.898349e+01
459 2.292500e-01 1 1   3.137515e+00  7.355934e-03  3.960265e+01
460 2.297500e-01 1 1   3.152781e+00  7.405015e-03  4.022136e+01
461 2.302500e-01 1 1   3.169113e+00  7.443943e-03  4.083868e+01
462 2.307500e-01 1 1   3.186512e+00  7.477657e-03  4.145491e+01
463 2.312500e-01 1 1   3.204988e+00  7.509284e-03  4.206996e+01
464 2.317500e-01 1 1   3.224548e+00  7.536950e-03  4.268347e+01
465 2.322500e-01 1 1   3.245193e+00  7.559662e-03  4.329530e+01
466 2.327500e-01 1 1   3.266927e+00  7.578987e-03  4.390526e+01
467 2.332500e-01 1 1   3.289748e+00  7.591478e-03  4.451313e+01
468 2.337500e-01 1 1   3.313663e+00  7.603948e-03  4.511898e+01
469 2.342500e-01 1 1   3.338663e+00  7.604361e-03  4.572189e+01
470 2.347500e-01 1 1   3.364745e+00  7.598028e-03  4.632209e+01
471 2.352500e-01 1 1   3.391916e+00  7.583499e-03  4.691948e+01
472 2.357500e-01 1 1   3.420170e+00  7.564229e-03  4.751373e+01
473 2.362500e-01 1 1   3.449504e+00  7.537339e-03  4.810456e+01
474 2.367500e-01 1 1   3.479907e+00  7.504293e-03  4.869172e+01
475 2.372500e-01 1 1   3.511372e+00  7.462126e-03  4.927498e+01
476 2.377500e-01 1 1   3.543889e+00  7.408951e-03  4.985409e+01
477 2.382500e-01 1 1   3.577445e+00  7.345152e-03  5.042882e+01
478 2.387500e-01 1 1   3.612039e+00  7.273398e-03  5.099892e+01
479 2.392500e-01 1 1   3.647648e+00  7.201867e-03  5.156424e+01
480 2.397500e-01 1 1   3.684249e+00  7.111891e-03  5.212407e+01
481 2.402500e-01 1 1   3.721826e+00  7.007327e-03  5.267859e+01
482 2.407500e-01 1 1   3.760367e+00  6.894531e-03  5.322760e+01
483 2.412500e-01 1 1   3.799851e+00  6.772043e-03  5.377070e+01
484 2.417500e-01 1 1   3.840268e+00  6.627798e-03  5.430821e+01
485 2.422500e-01 1 1   3.881577e+00  6.484682e-03  5.483886e+01
486 2.427500e-01 1 1   3.923745e+00  6.333006e-03  5.536230e+01
487 2.432500e-01 1 1   3.966724e+00  6.170832e-03  5.587814e+01
488 2.437500e-01 1 1   4.010543e+00  5.968462e-03  5.638795e+01
489 2.442500e-01 1 1   4.055140e+00  5.756490e-03  5.689041e+01
490 2.447500e-01 1 1   4.100476e+00  5.537918e-03  5.738477e+01
491 2.452500e-01 1 1   4.146508e+00  5.310380e-03  5.787096e+01
492 2.457500e-01 1 1   4.193209e+00  5.067981e-03  5.834899e+01
493 2.462500e-01 1 1   4.240542e+00  4.802683e-03  5.881865e+01
494 2.467500e-01 1 1   4.288464e+00  4.516263e-03  5.927965e+01
495 2.472500e-01 1 1   4.336932e+00  4.210295e-03  5.973169e+01
496 2.477500e-01 1 1   4.385907e+00  3.891485e-03  6.017453e+01
497 2.482500e-01 1 1   4.435334e+00  3.553835e-03  6.060796e+01
498 2.487500e-01 1 1   4.485174e+00  3.197021e-03  6.103177e+01
499 2.492500e-01 1 1   4.535376e+00  2.818648e-03  6.144573e+01
500 2.497500e-01 1 1   4.585888e+00  2.420174e-03  6.184964e+01
501 2.502500e-01 1 1   4.636665e+00  1.999914e-03  6.224326e+01
502 2.507500e-01 1 1   4.687650e+00  1.559962e-03  6.262638e+01
503 2.512500e-01 1 1   4.738793e+00  1.099317e-03  6.299881e+01
504 2.517500e-01 1 1   4.790040e+00  6.162603e-04  6.336032e+01
505 2.522500e-01 1 1   4.841339e+00  1.148047e-04  6.371074e+01
506 2.527500e-01 1 1   4.892629e+00 -4.102136e-04  6.404982e+01
507 2.532500e-01 1 1   4.943859e+00 -9.610130e-04  6.437745e+01
508 2.537500e-01 1 1   4.994979e+00 -1.535416e-03  6.469352e+01
509 2.542500e-01 1 1   5.045927e+00 -2.133743e-03  6.499778e+01
510 2.547500e-01 1 1   5.096647e+00 -2.755770e-03  6.529005e+01
511 2.552500e-01 1 1   5.147082e+00 -3.400890e-03  6.557016e+01
512 2.557500e-01 1 1   5.197169e+00 -4.069047e-03  6.583783e+01
513 2.562500e-01 1 1   5.246863e+00 -4.763103e-03  6.609309e+01
514 2.567500e-01 1 1   5.296107e+00 -5.481577e-03  6.633583e+01
515 2.572500e-01 1 1   5.344843e+00 -6.226361e-03  6.656585e+01
516 2.577500e-01 1 1   5.392989e+00 -6.993025e-03  6.678252e+01
517 2.582500e-01 1 1   5.440561e+00 -7.797367e-03  6.698703e+01
518 2.587500e-01 1 1   5.487452e+00 -8.620575e-03  6.717824e+01
519 2.592500e-01 1 1   5.533598e+00 -9.464316e-03  6.735585e+01
520 2.597500e-01 1 1   5.578962e+00 -1.033127e-02  6.752005e+01
521 2.602500e-01 1 1   5.623501e+00 -1.122640e-02  6.767084e+01
522 2.607500e-01 1 1   5.667161e+00 -1.214933e-02  6.780807e+01
523 2.612500e-01 1 1   5.709890e+00 -1.309805e-02  6.793163e+01
524 2.617500e-01 1 1   5.751642e+00 -1.406936e-02  6.804146e+01
525 2.622500e-01 1 1   5.792366e+00 -1.506567e-02  6.813742e+01
526 2.627500e-01 1 1   5.832018e+00 -1.608591e-02  6.821942e+01
527 2.632500e-01 1 1   5.870534e+00 -1.712934e-02  6.828710e+01
528 2.637500e-01 1 1   5.907897e+00 -1.820006e-02  6.834085e+01
529 2.642500e-01 1 1   5.944103e+00 -1.929618e-02  6.838107e+01
530 2.647500e-01 1 1   5.979026e+00 -2.041276e-02  6.840646e+01
531 2.652500e-01 1 1   6.012665e+00 -2.155109e-02  6.841752e+01
532 2.657500e-01 1 1   6.045000e+00 -2.271274e-02  6.841443e+01
533 2.662500e-01 1 1   6.075993e+00 -2.389663e-02  6.839707e+01
534 2.667500e-01 1 1   6.105592e+00 -2.510057e-02  6.836516e+01
535 2.672500e-01 1 1   6.133777e+00 -2.632477e-02  6.831876e+01
536 2.677500e-01 1 1   6.160519e+00 -2.756825e-02  6.825788e+01
537 2.682500e-01 1 1   6.185792e+00 -2.883044e-02  6.818249e+01
538 2.687500e-01 1 1   6.209569e+00 -3.011130e-02  6.809255e+01
539 2.692500e-01 1 1   6.231827e+00 -3.140974e-02  6.798805e+01
540 2.697500e-01 1 1   6.252547e+00 -3.272455e-02  6.786898e+01
541 2.702500e-01 1 1   6.271709e+00 -3.405500e-02  6.773535e+01
542 2.707500e-01 1 1   6.289297e+00 -3.540084e-02  6.758716e+01
543 2.712500e-01 1 1   6.305297e+00 -3.676072e-02  6.742442e+01
544 2.717500e-01 1 1   6.319733e+00 -3.814047e-02  6.724751e+01
545 2.722500e-01 1 1   6.332523e+00 -3.953382e-02  6.705570e+01
546 2.727500e-01 1 1   6.343683e+00 -4.093235e-02  6.684926e+01
547 2.732500e-01 1 1   6.353232e+00 -4.233771e-02  6.662849e+01
548 2.737500e-01 1 1   6.361177e+00 -4.375301e-02  6.639354e+01
549 2.742500e-01 1 1   6.367489e+00 -4.517739e-02  6.614417e+01
550 2.747500e-01 1 1   6.372156e+00 -4.660777e-02  6.588029e+01
551 2.752500e-01 1 1   6.375183e+00 -4.804227e-02  6.560198e+01
552 2.757500e-01 1 1   6.376606e+00 -4.948095e-02  6.530962e+01
553 2.762500e-01 1 1   6.376439e+00 -5.092512e-02  6.500337e+01
554 2.767500e-01 1 1   6.374634e+00 -5.237360e-02  6.468272e+01
555 2.772500e-01 1 1   6.371214e+00 -5.382246e-02  6.434783e+01
556 2.777500e-01 1 1   6.366213e+00 -5.526898e-02  6.399901e+01
557 2.782500e-01 1 1   6.359688e+00 -5.671387e-02  6.363677e+01
558 2.787500e-01 1 1   6.351624e+00 -5.815852e-02  6.326089e+01
559 2.792500e-01 1 1   6.341980e+00 -5.960030e-02  6.287085e+01
560 2.797500e-01 1 1   6.330799e+00 -6.103465e-02  6.246697e+01
561 2.802500e-01 1 1   6.318150e+00 -6.245992e-02  6.204981e+01
562 2.807500e-01 1 1   6.304098e+00 -6.387933e-02  6.161995e+01
563 2.812500e-01 1 1   6.288573e+00 -6.529102e-02  6.117655e+01
564 2.817500e-01 1 1   6.271607e+00 -6.669228e-02  6.071977e+01
565 2.822500e-01 1 1   6.253250e+00 -6.808032e-02  6.024995e+01
566 2.827500e-01 1 1   6.233556e+00 -6.945401e-02  5.976746e+01
567 2.832500e-01 1 1   6.212548e+00 -7.081358e-02  5.927239e+01
568 2.837500e-01 1 1   6.190230e+00 -7.215765e-02  5.876456e+01
569 2.842500e-01 1 1   6.166627e+00 -7.348281e-02  5.824404e+01
570 2.847500e-01 1 1   6.141818e+00 -7.478924e-02  5.771143e+01
571 2.852500e-01 1 1   6.115851e+00 -7.608097e-02  5.716702e+01
572 2.857500e-01 1 1   6.088662e+00 -7.732844e-02  5.660996e+01
573 2.862500e-01 1 1   6.060365e+00 -7.856975e-02  5.604124e+01
574 2.867500e-01 1 1   6.030989e+00 -7.980343e-02  5.546094e+01
575 2.872500e-01 1 1   6.000577e+00 -8.101571e-02  5.486919e+01
576 2.877500e-01 1 1   5.969172e+00 -8.219601e-02  5.426620e+01
577 2.882500e-01 1 1   5.936802e+00 -8.334530e-02  5.365201e+01
578 2.887500e-01 1 1   5.903495e+00 -8.446835e-02  5.302673e+01
579 2.892500e-01 1 1   5.869286e+00 -8.556788e-02  5.239048e+01
580 2.897500e-01 1 1   5.834222e+00 -8.664158e-02  5.174349e+01
581 2.902500e-01 1 1   5.798344e+00 -8.768344e-02  5.108595e+01
582 2.907500e-01 1 1   5.761686e+00 -8.869593e-02  5.041794e+01
583 2.912500e-01 1 1   5.724303e+00 -8.967434e-02  4.973985e+01
584 2.917500e-01 1 1   5.686237e+00 -9.061801e-02  4.905182e+01
585 2.922500e-01 1 1   5.647503e+00 -9.152761e-02  4.835384e+01
586 2.927500e-01 1 1   5.608138e+00 -9.240532e-02  4.764606e+01
587 2.932500e-01 1 1   5.568185e+00 -9.325115e-02  4.692868e+01
588 2.937500e-01 1 1   5.527684e+00 -9.406065e-02  4.620190e+01
589 2.942500e-01 1 1   5.486678e+00 -9.483227e-02  4.546590e+01
590 2.947500e-01 1 1   5.445204e+00 -9.556480e-02  4.472084e+01
591 2.952500e-01 1 1   5.403273e+00 -9.627016e-02  4.396662e+01
592 2.957500e-01 1 1   5.360970e+00 -9.693509e-02  4.320389e+01
593 2.962500e-01 1 1   5.318316e+00 -9.755640e-02  4.243263e+01
594 2.967500e-01 1 1   5.275342e+00 -9.813731e-02  4.165296e+01
595 2.972500e-01 1 1   5.232078e+00 -9.868170e-02  4.086502e+01
596 2.977500e-01 1 1   5.188553e+00 -9.919113e-02  4.006883e+01
597 2.982500e-01 1 1   5.144813e+00 -9.966250e-02  3.926471e+01
598 2.987500e-01 1 1   5.100904e+00 -1.000876e-01  3.845293e+01
599 2.992500e-01 1 1   5.056847e+00 -1.004699e-01  3.763342e+01
600 2.997500e-01 1 1   5.012667e+00 -1.008146e-01  3.680632e+01
601 3.002500e-01 1 1   4.968407e+00 -1.011222e-01  3.597181e+01
602 3.007500e-01 1 1   4.924101e+00 -1.013889e-01  3.513007e+01
603 3.012500e-01 1 1   4.879789e+00 -1.016147e-01  3.428127e+01
604 3.017500e-01 1 1   4.835482e+00 -1.018055e-01  3.342533e+01
605 3.022500e-01 1 1   4.791237e+00 -1.019557e-01  3.256259e+01
606 3.027500e-01 1 1   4.747105e+00 -1.020575e-01  3.169334e+01
607 3.032500e-01 1 1   4.703101e+00 -1.021160e-01  3.081751e+01
608 3.037500e-01 1 1   4.659244e+00 -1.021357e-01  2.993519e+01
609 3.042500e-01 1 1   4.615585e+00 -1.021180e-01  2.904662e+01
610 3.047500e-01 1 1   4.572155e+00 -1.020577e-01  2.815192e+01
611 3.052500e-01 1 1   4.528984e+00 -1.019570e-01  2.725111e+01
612 3.057500e-01 1 1   4.486103e+00 -1.018127e-01  2.634431e+01
613 3.062500e-01 1 1   4.443555e+00 -1.016284e-01  2.543165e+01
614 3.067500e-01 1 1   4.401399e+00 -1.014334e-01  2.451382e+01
615 3.072500e-01 1 1   4.359594e+00 -1.011294e-01  2.358936e+01
616 3.077500e-01 1 1   4.318223e+00 -1.008052e-01  2.265937e+01
617 3.082500e-01 1 1   4.277335e+00 -1.004635e-01  2.172442e+01
618 3.087500e-01 1 1   4.236981e+00 -1.000900e-01  2.078444e+01
619 3.092500e-01 1 1   4.197175e+00 -9.967232e-02  1.983921e+01
620 3.097500e-01 1 1   4.157951e+00 -9.920505e-02  1.888885e+01
621 3.102500e-01 1 1   4.119348e+00 -9.869499e-02  1.793346e+01
622 3.107500e-01 1 1   4.081394e+00 -9.815375e-02  1.697314e+01
623 3.112500e-01 1 1   4.044138e+00 -9.758028e-02  1.600801e+01
624 3.117500e-01 1 1   4.007670e+00 -9.700039e-02  1.503907e+01
625 3.122500e-01 1 1   3.971893e+00 -9.631426e-02  1.406381e+01
626 3.127500e-01 1 1   3.936991e+00 -9.564017e-02  1.308499e+01
627 3.132500e-01 1 1   3.902891e+00 -9.488149e-02  1.210081e+01
628 3.137500e-01 1 1   3.869775e+00 -9.414537e-02  1.111373e+01
629 3.142500e-01 1 1   3.837585e+00 -9.335171e-02  1.012208e+01
630 3.147500e-01 1 1   3.806300e+00 -9.248048e-02  9.124523e+00
631 3.152500e-01 1 1   3.776108e+00 -9.163677e-02  8.124312e+00
632 3.157500e-01 1 1   3.747011e+00 -9.074797e-02  7.120545e+00
633 3.162500e-01 1 1   3.719011e+00 -8.980947e-02  6.112116e+00
634 3.167500e-01 1 1   3.692154e+00 -8.883512e-02  5.099428e+00
635 3.172500e-01 1 1   3.666503e+00 -8.783657e-02  4.083012e+00
636 3.177500e-01 1 1   3.642107e+00 -8.681123e-02  3.062956e+00
637 3.182500e-01 1 1   3.619014e+00 -8.575728e-02  2.039235e+00
638 3.187500e-01 1 1   3.597268e+00 -8.467434e-02  1.011802e+00
639 3.192500e-01 1 1   3.576922e+00 -8.356552e-02 -1.908816e-02
640 3.197500e-01 1 1   3.558019e+00 -8.242462e-02 -1.053493e+00
641 3.202500e-01 1 1   3.540618e+00 -8.125876e-02 -2.091249e+00
642 3.207500e-01 1 1   3.524752e+00 -8.006770e-02 -3.132419e+00
643 3.212500e-01 1 1   3.510477e+00 -7.885119e-02 -4.177070e+00
644 3.217500e-01 1 1   3.497838e+00 -7.761046e-02 -5.225057e+00
645 3.222500e-01 1 1   3.486894e+00 -7.634539e-02 -6.276236e+00
646 3.227500e-01 1 1   3.477702e+00 -7.505440e-02 -7.330563e+00
647 3.232500e-01 1 1   3.470311e+00 -7.374106e-02 -8.387996e+00
648 3.237500e-01 1 1   3.464765e+00 -7.241042e-02 -9.448516e+00
649 3.242500e-01 1 1   3.461115e+00 -7.105608e-02 -1.051208e+01
650 3.247500e-01 1 1   3.459424e+00 -6.968065e-02 -1.157864e+01
651 3.252500e-01 1 1   3.459735e+00 -6.828387e-02 -1.264816e+01
652 3.257500e-01 1 1   3.462103e+00 -6.686935e-02 -1.372060e+01
653 3.262500e-01 1 1   3.466585e+00 -6.543333e-02 -1.479593e+01
654 3.267500e-01 1 1   3.473226e+00 -6.397515e-02 -1.587416e+01
655 3.272500e-01 1 1   3.482099e+00 -6.250440e-02 -1.695478e+01
656 3.277500e-01 1 1   3.493244e+00 -6.101890e-02 -1.803793e+01
657 3.282500e-01 1 1   3.506705e+00 -5.951242e-02 -1.912400e+01
658 3.287500e-01 1 1   3.522536e+00 -5.798745e-02 -2.021296e+01
659 3.292500e-01 1 1   3.540797e+00 -5.644860e-02 -2.130444e+01
660 3.297500e-01 1 1   3.561536e+00 -5.489520e-02 -2.239831e+01
661 3.302500e-01 1 1   3.584811e+00 -5.332371e-02 -2.349462e+01
662 3.307500e-01 1 1   3.610671e+00 -5.173942e-02 -2.459339e+01
663 3.312500e-01 1 1   3.639167e+00 -5.014280e-02 -2.569458e+01
664 3.317500e-01 1 1   3.670340e+00 -4.853005e-02 -2.679810e+01
665 3.322500e-01 1 1   3.704252e+00 -4.690380e-02 -2.790392e+01
666 3.327500e-01 1 1   3.740954e+00 -4.527244e-02 -2.901125e+01
667 3.332500e-01 1 1   3.780492e+00 -4.362472e-02 -3.012062e+01
668 3.337500e-01 1 1   3.822914e+00 -4.195870e-02 -3.123250e+01
669 3.342500e-01 1 1   3.868271e+00 -4.027804e-02 -3.234644e+01
670 3.347500e-01 1 1   3.916604e+00 -3.858912e-02 -3.346208e+01
671 3.352500e-01 1 1   3.967965e+00 -3.688675e-02 -3.457938e+01
672 3.357500e-01 1 1   4.022397e+00 -3.517324e-02 -3.569834e+01
673 3.362500e-01 1 1   4.079944e+00 -3.344887e-02 -3.681890e+01
674 3.367500e-01 1 1   4.140650e+00 -3.171275e-02 -3.794092e+01
675 3.372500e-01 1 1   4.204560e+00 -2.997115e-02 -3.906416e+01
676 3.377500e-01 1 1   4.271704e+00 -2.821514e-02 -4.018859e+01
677 3.382500e-01 1 1   4.342125e+00 -2.644624e-02 -4.131418e+01
678 3.387500e-01 1 1   4.415865e+00 -2.467050e-02 -4.244082e+01
679 3.392500e-01 1 1   4.492955e+00 -2.288613e-02 -4.356830e+01
680 3.397500e-01 1 1   4.573437e+00 -2.109385e-02 -4.469646e+01
681 3.402500e-01 1 1   4.657336e+00 -1.929892e-02 -4.582517e+01
682 3.407500e-01 1 1   4.744687e+00 -1.749309e-02 -4.695432e+01
683 3.412500e-01 1 1   4.835510e+00 -1.567977e-02 -4.808376e+01
684 3.417500e-01 1 1   4.929837e+00 -1.385717e-02 -4.921328e+01
685 3.422500e-01 1 1   5.027681e+00 -1.202389e-02 -5.034196e+01
686 3.427500e-01 1 1   5.129090e+00 -1.019378e-02 -5.147111e+01
687 3.432500e-01 1 1   5.234060e+00 -8.361210e-03 -5.259947e+01
688 3.437500e-01 1 1   5.342611e+00 -6.528089e-03 -5.372690e+01
689 3.442500e-01 1 1   5.454767e+00 -4.691800e-03 -5.485344e+01
690 3.447500e-01 1 1   5.570547e+00 -2.851404e-03 -5.597905e+01
691 3.452500e-01 1 1   5.689965e+00 -1.013007e-03 -5.710403e+01
692 3.457500e-01 1 1   5.812987e+00  8.296052e-04 -5.822646e+01
693 3.462500e-01 1 1   5.939653e+00  2.668687e-03 -5.934705e+01
694 3.467500e-01 1 1   6.069962e+00  4.503869e-03 -6.046601e+01
695 3.472500e-01 1 1   6.203893e+00  6.340097e-03 -6.158235e+01
696 3.477500e-01 1 1   6.341463e+00  8.173928e-03 -6.269613e+01
697 3.482500e-01 1 1   6.482657e+00  1.000031e-02 -6.380718e+01
698 3.487500e-01 1 1   6.627451e+00  1.182061e-02 -6.491504e+01
699 3.492500e-01 1 1   6.775839e+00  1.363447e-02 -6.601945e+01
700 3.497500e-01 1 1   6.927802e+00  1.543428e-02 -6.712016e+01
701 3.502500e-01 1 1   7.083315e+00  1.722725e-02 -6.821686e+01
702 3.507500e-01 1 1   7.242350e+00  1.901004e-02 -6.930925e+01
703 3.512500e-01 1 1   7.404885e+00  2.077683e-02 -7.039708e+01
704 3.517500e-01 1 1   7.570891e+00  2.252155e-02 -7.148003e+01
705 3.522500e-01 1 1   7.740323e+00  2.425205e-02 -7.255779e+01
706 3.527500e-01 1 1   7.913140e+00  2.596590e-02 -7.363003e+01
707 3.532500e-01 1 1   8.089302e+00  2.766122e-02 -7.469643e+01
708 3.537500e-01 1 1   8.268754e+00  2.933052e-02 -7.575665e+01
709 3.542500e-01 1 1   8.451443e+00  3.097205e-02 -7.681038e+01
710 3.547500e-01 1 1   8.637320e+00  3.259169e-02 -7.785730e+01
711 3.552500e-01 1 1   8.826327e+00  3.418054e-02 -7.889711e+01
712 3.557500e-01 1 1   9.018393e+00  3.573830e-02 -7.992950e+01
713 3.562500e-01 1 1   9.213460e+00  3.726697e-02 -8.095413e+01
714 3.567500e-01 1 1   9.411452e+00  3.875790e-02 -8.197062e+01
715 3.572500e-01 1 1   9.612289e+00  4.021333e-02 -8.297863e+01
716 3.577500e-01 1 1   9.815895e+00  4.163113e-02 -8.397782e+01
717 3.582500e-01 1 1   1.002219e+01  4.300743e-02 -8.496787e+01
718 3.587500e-01 1 1   1.023108e+01  4.433970e-02 -8.594846e+01
719 3.592500e-01 1 1   1.044249e+01  4.562672e-02 -8.691925e+01
720 3.597500e-01 1 1   1.065632e+01  4.686259e-02 -8.787990e+01
721 3.602500e-01 1 1   1.087247e+01  4.804899e-02 -8.883008e+01
722 3.607500e-01 1 1   1.109083e+01  4.918144e-02 -8.976948e+01
723 3.612500e-01 1 1   1.131133e+01  5.024971e-02 -9.069772e+01
724 3.617500e-01 1 1   1.153386e+01  5.125850e-02 -9.161471e+01
725 3.622500e-01 1 1   1.175830e+01  5.222201e-02 -9.252013e+01
726 3.627500e-01 1 1   1.198443e+01  5.310476e-02 -9.341255e+01
727 3.632500e-01 1 1   1.221226e+01  5.392877e-02 -9.429305e+01
728 3.637500e-01 1 1   1.244161e+01  5.468343e-02 -9.516053e+01
729 3.642500e-01 1 1   1.267237e+01  5.536646e-02 -9.601504e+01
730 3.647500e-01 1 1   1.290446e+01  5.597434e-02 -9.685644e+01
731 3.652500e-01 1 1   1.313772e+01  5.650462e-02 -9.768423e+01
732 3.657500e-01 1 1   1.337200e+01  5.696315e-02 -9.849811e+01
733 3.662500e-01 1 1   1.360710e+01  5.733167e-02 -9.929720e+01
734 3.667500e-01 1 1   1.384298e+01  5.760844e-02 -1.000818e+02
735 3.672500e-01 1 1   1.407951e+01  5.780517e-02 -1.008519e+02
736 3.677500e-01 1 1   1.431655e+01  5.792925e-02 -1.016071e+02
737 3.682500e-01 1 1   1.455389e+01  5.796293e-02 -1.023467e+02
738 3.687500e-01 1 1   1.479138e+01  5.788830e-02 -1.030705e+02
739 3.692500e-01 1 1   1.502893e+01  5.771670e-02 -1.037784e+02
740 3.697500e-01 1 1   1.526635e+01  5.745685e-02 -1.044702e+02
741 3.702500e-01 1 1   1.550350e+01  5.709837e-02 -1.051456e+02
742 3.707500e-01 1 1   1.574020e+01  5.663890e-02 -1.058042e+02
743 3.712500e-01 1 1   1.597632e+01  5.607367e-02 -1.064458e+02
744 3.717500e-01 1 1   1.621170e+01  5.540203e-02 -1.070703e+02
745 3.722500e-01 1 1   1.644619e+01  5.462400e-02 -1.076774e+02
746 3.727500e-01 1 1   1.667960e+01  5.374103e-02 -1.082669e+02
747 3.732500e-01 1 1   1.691178e+01  5.275317e-02 -1.088384e+02
748 3.737500e-01 1 1   1.714260e+01  5.165955e-02 -1.093920e+02
749 3.742500e-01 1 1   1.737189e+01  5.045456e-02 -1.099274e+02
750 3.747500e-01 1 1   1.759947e+01  4.914182e-02 -1.104444e+02
751 3.752500e-01 1 1   1.782516e+01  4.772066e-02 -1.109425e+02
752 3.757500e-01 1 1   1.804883e+01  4.618375e-02 -1.114219e+02
753 3.762500e-01 1 1   1.827033e+01  4.453416e-02 -1.118824e+02
754 3.767500e-01 1 1   1.848948e+01  4.277564e-02 -1.123239e+02
755 3.772500e-01 1 1   1.870609e+01  4.090820e-02 -1.127457e+02
756 3.777500e-01 1 1   1.892002e+01  3.892819e-02 -1.131481e+02
757 3.782500e-01 1 1   1.913114e+01  3.683821e-02 -1.135310e+02
758 3.787500e-01 1 1   1.933907e+01  3.465411e-02 -1.138932e+02
759 3.792500e-01 1 1   1.954393e+01  3.235528e-02 -1.142361e+02
760 3.797500e-01 1 1   1.974562e+01  2.993488e-02 -1.145595e+02
761 3.802500e-01 1 1   1.994386e+01  2.741644e-02 -1.148631e+02
762 3.807500e-01 1 1   2.013848e+01  2.478916e-02 -1.151463e+02
763 3.812500e-01 1 1   2.032930e+01  2.205810e-02 -1.154090e+02
764 3.817500e-01 1 1   2.051619e+01  1.922218e-02 -1.156511e+02
765 3.822500e-01 1 1   2.069901e+01  1.628813e-02 -1.158727e+02
766 3.827500e-01 1 1   2.087762e+01  1.326569e-02 -1.160737e+02
767 3.832500e-01 1 1   2.105189e+01  1.015289e-02 -1.162541e+02
768 3.837500e-01 1 1   2.122167e+01  6.950442e-03 -1.164138e+02
769 3.842500e-01 1 1   2.138684e+01  3.658347e-03 -1.165527e+02
770 3.847500e-01 1 1   2.154725e+01  2.753838e-04 -1.166708e+02
771 3.852500e-01 1 1   2.170278e+01 -3.191888e-03 -1.167680e+02
772 3.857500e-01 1 1   2.185328e+01 -6.739675e-03 -1.168443e+02
773 3.862500e-01 1 1   2.199863e+01 -1.036424e-02 -1.168997e+02
774 3.867500e-01 1 1   2.213872e+01 -1.406072e-02 -1.169341e+02
775 3.872500e-01 1 1   2.227344e+01 -1.782380e-02 -1.169476e+02
776 3.877500e-01 1 1   2.240267e+01 -2.165187e-02 -1.169401e+02
777 3.882500e-01 1 1   2.252631e+01 -2.553750e-02 -1.169117e+02
778 3.887500e-01 1 1   2.264426e+01 -2.948146e-02 -1.168624e+02
779 3.892500e-01 1 1   2.275642e+01 -3.347918e-02 -1.167922e+02
780 3.897500e-01 1 1   2.286269e+01 -3.752590e-02 -1.167012e+02
781 3.902500e-01 1 1   2.296299e+01 -4.161649e-02 -1.165893e+02
782 3.907500e-01 1 1   2.305723e+01 -4.577187e-02 -1.164566e+02
783 3.912500e-01 1 1   2.314533e+01 -4.994116e-02 -1.163032e+02
784 3.917500e-01 1 1   2.322719e+01 -5.412420e-02 -1.161291e+02
785 3.922500e-01 1 1   2.330277e+01 -5.833561e-02 -1.159344e+02
786 3.927500e-01 1 1   2.337201e+01 -6.257890e-02 -1.157191e+02
787 3.932500e-01 1 1   2.343504e+01 -6.687010e-02 -1.154841e+02
788 3.937500e-01 1 1   2.349155e+01 -7.115848e-02 -1.152285e+02
789 3.942500e-01 1 1   2.354142e+01 -7.543178e-02 -1.149521e+02
790 3.947500e-01 1 1   2.358469e+01 -7.969380e-02 -1.146553e+02
791 3.952500e-01 1 1   2.362139e+01 -8.395770e-02 -1.143385e+02
792 3.957500e-01 1 1   2.365168e+01 -8.823588e-02 -1.140026e+02
793 3.962500e-01 1 1   2.367534e+01 -9.250655e-02 -1.136469e+02
794 3.967500e-01 1 1   2.369211e+01 -9.673831e-02 -1.132705e+02
795 3.972500e-01 1 1   2.370212e+01 -1.009351e-01 -1.128742e+02
796 3.977500e-01 1 1   2.370550e+01 -1.051030e-01 -1.124586e+02
797 3.982500e-01 1 1   2.370247e+01 -1.092541e-01 -1.120249e+02
798 3.987500e-01 1 1   2.369268e+01 -1.133727e-01 -1.115718e+02
799 3.992500e-01 1 1   2.367593e+01 -1.174418e-01 -1.110984e+02
800 3.997500e-01 1 1   2.365243e+01 -1.214545e-01 -1.106059e+02
801 4.002500e-01 1 1   2.362237e+01 -1.254134e-01 -1.100949e+02
802 4.007500e-01 1 1   2.358596e+01 -1.293210e-01 -1.095667e+02
803 4.012500e-01 1 1   2.354282e+01 -1.331707e-01 -1.090195e+02
804 4.017500e-01 1 1   2.349279e+01 -1.369581e-01 -1.084528e+02
805 4.022500e-01 1 1   2.343613e+01 -1.406685e-01 -1.078676e+02
806 4.027500e-01 1 1   2.337314e+01 -1.442965e-01 -1.072651e+02
807 4.032500e-01 1 1   2.330398e+01 -1.478587e-01 -1.066461e+02
808 4.037500e-01 1 1   2.322811e+01 -1.513377e-01 -1.060084e+02
809 4.042500e-01 1 1   2.314560e+01 -1.547372e-01 -1.053519e+02
810 4.047500e-01 1 1   2.305676e+01 -1.580416e-01 -1.046781e+02
811 4.052500e-01 1 1   2.296192e+01 -1.612487e-01 -1.039882e+02
812 4.057500e-01 1 1   2.286091e+01 -1.643416e-01 -1.032814e+02
813 4.062500e-01 1 1   2.275360e+01 -1.673619e-01 -1.025570e+02
814 4.067500e-01 1 1   2.264026e+01 -1.702800e-01 -1.018161e+02
815 4.072500e-01 1 2   2.252033e+01 -1.729664e-01 -1.010567e+02
816 4.077500e-01 1 1   2.239552e+01 -1.757898e-01 -1.002840e+02
817 4.082500e-01 1 1   2.226466e+01 -1.784794e-01 -9.949471e+01
818 4.087500e-01 1 1   2.212763e+01 -1.809612e-01 -9.868770e+01
819 4.092500e-01 1 1   2.198500e+01 -1.832999e-01 -9.786504e+01
820 4.097500e-01 1 1   2.183687e+01 -1.855552e-01 -9.702683e+01
821 4.102500e-01 1 1   2.168341e+01 -1.877294e-01 -9.617359e+01
822 4.107500e-01 1 1   2.152465e+01 -1.897969e-01 -9.530521e+01
823 4.112500e-01 1 1   2.136062e+01 -1.917407e-01 -9.442166e+01
824 4.117500e-01 1 1   2.119143e+01 -1.935605e-01 -9.352304e+01
825 4.122500e-01 1 1   2.101717e+01 -1.952653e-01 -9.260948e+01
826 4.127500e-01 1 1   2.083796e+01 -1.968590e-01 -9.168118e+01
827 4.132500e-01 1 1   2.065391e+01 -1.983434e-01 -9.073827e+01
828 4.137500e-01 1 1   2.046513e+01 -1.997169e-01 -8.978095e+01
829 4.142500e-01 1 1   2.027174e+01 -2.009808e-01 -8.880937e+01
830 4.147500e-01 1 1   2.007388e+01 -2.021333e-01 -8.782378e+01
831 4.152500e-01 1 1   1.987169e+01 -2.031739e-01 -8.682446e+01
832 4.157500e-01 1 1   1.966485e+01 -2.041251e-01 -8.580956e+01
833 4.162500e-01 1 1   1.945433e+01 -2.049555e-01 -8.478295e+01
834 4.167500e-01 1 1   1.923992e+01 -2.056616e-01 -8.374331e+01
835 4.172500e-01 1 1   1.902154e+01 -2.062702e-01 -8.268993e+01
836 4.177500e-01 1 1   1.879936e+01 -2.067875e-01 -8.162316e+01
837 4.182500e-01 1 1   1.857359e+01 -2.072006e-01 -8.054349e+01
838 4.187500e-01 1 1   1.834436e+01 -2.075046e-01 -7.945113e+01
839 4.192500e-01 1 1   1.811180e+01 -2.077065e-01 -7.834614e+01
840 4.197500e-01 1 1   1.787602e+01 -2.078184e-01 -7.722861e+01
841 4.202500e-01 1 1   1.763713e+01 -2.078441e-01 -7.609863e+01
842 4.207500e-01 1 1   1.739527e+01 -2.077788e-01 -7.495636e+01
843 4.212500e-01 1 1   1.715057e+01 -2.076236e-01 -7.380195e+01
844 4.217500e-01 1 1   1.690316e+01 -2.073810e-01 -7.263553e+01
845 4.222500e-01 1 1   1.665320e+01 -2.070512e-01 -7.145725e+01
846 4.227500e-01 1 1   1.640079e+01 -2.066349e-01 -7.026724e+01
847 4.232500e-01 1 1   1.614609e+01 -2.061332e-01 -6.906563e+01
848 4.237500e-01 1 1   1.588922e+01 -2.055495e-01 -6.785256e+01
849 4.242500e-01 1 1   1.563030e+01 -2.048835e-01 -6.662815e+01
850 4.247500e-01 1 1   1.536948e+01 -2.041334e-01 -6.539250e+01
851 4.252500e-01 1 1   1.510688e+01 -2.033037e-01 -6.414577e+01
852 4.257500e-01 1 1   1.484262e+01 -2.023927e-01 -6.288800e+01
853 4.262500e-01 1 1   1.457684e+01 -2.014024e-01 -6.161940e+01
854 4.267500e-01 1 1   1.430964e+01 -2.003352e-01 -6.033992e+01
855 4.272500e-01 1 1   1.404120e+01 -1.991860e-01 -5.904994e+01
856 4.277500e-01 1 1   1.377162e+01 -1.979559e-01 -5.774941e+01
857 4.282500e-01 1 1   1.350063e+01 -1.966648e-01 -5.643663e+01
858 4.287500e-01 1 1   1.322909e+01 -1.952803e-01 -5.511507e+01
859 4.292500e-01 1 1   1.295698e+01 -1.937918e-01 -5.378417e+01
860 4.297500e-01 1 1   1.268410e+01 -1.922283e-01 -5.244256e+01
861 4.302500e-01 1 1   1.241061e+01 -1.905919e-01 -5.109047e+01
862 4.307500e-01 1 1   1.213672e+01 -1.888726e-01 -4.972846e+01
863 4.312500e-01 1 1   1.186257e+01 -1.870572e-01 -4.835668e+01
864 4.317500e-01 1 1   1.158825e+01 -1.851453e-01 -4.697510e+01
865 4.322500e-01 1 1   1.131387e+01 -1.831511e-01 -4.558373e+01
866 4.327500e-01 1 1   1.103952e+01 -1.810772e-01 -4.418262e+01
867 4.332500e-01 1 1   1.076535e+01 -1.789177e-01 -4.277189e+01
868 4.337500e-01 1 1   1.049146e+01 -1.766615e-01 -4.135161e+01
869 4.342500e-01 1 1   1.021797e+01 -1.743115e-01 -3.992189e+01
870 4.347500e-01 1 1   9.945003e+00 -1.718604e-01 -3.848281e+01
871 4.352500e-01 1 1   9.672672e+00 -1.693101e-01 -3.703448e+01
872 4.357500e-01 1 1   9.401095e+00 -1.666587e-01 -3.557696e+01
873 4.362500e-01 1 1   9.130388e+00 -1.639104e-01 -3.411035e+01
874 4.367500e-01 1 1   8.860669e+00 -1.610610e-01 -3.263474e+01
875 4.372500e-01 1 1   8.592013e+00 -1.581116e-01 -3.115002e+01
876 4.377500e-01 1 1   8.324313e+00 -1.550706e-01 -2.965506e+01
877 4.382500e-01 1 1   8.058306e+00 -1.519119e-01 -2.815330e+01
878 4.387500e-01 1 1   7.793772e+00 -1.486357e-01 -2.664300e+01
879 4.392500e-01 1 1   7.530676e+00 -1.452724e-01 -2.512348e+01
880 4.397500e-01 1 1   7.269222e+00 -1.418170e-01 -2.359530e+01
881 4.402500e-01 1 1   7.009500e+00 -1.382516e-01 -2.205843e+01
882 4.407500e-01 1 1   6.751611e+00 -1.345750e-01 -2.051282e+01
883 4.412500e-01 1 1   6.495737e+00 -1.307909e-01 -1.895894e+01
884 4.417500e-01 1 1   6.242014e+00 -1.269071e-01 -1.739699e+01
885 4.422500e-01 1 1   5.990531e+00 -1.229174e-01 -1.582694e+01
886 4.427500e-01 1 1   5.741416e+00 -1.188243e-01 -1.424888e+01
887 4.432500e-01 1 1   5.494802e+00 -1.146317e-01 -1.266306e+01
888 4.437500e-01 1 1   5.250851e+00 -1.103258e-01 -1.106977e+01
889 4.442500e-01 1 1   5.009094e+00 -1.058844e-01 -9.465593e+00
890 4.447500e-01 1 1   4.770457e+00 -1.013618e-01 -7.855498e+00
891 4.452500e-01 1 1   4.534901e+00 -9.676830e-02 -6.238637e+00
892 4.457500e-01 1 1   4.302363e+00 -9.206805e-02 -4.614066e+00
893 4.462500e-01 1 1   4.072920e+00 -8.725207e-02 -2.981493e+00
894 4.467500e-01 1 1   3.846724e+00 -8.233564e-02 -1.341172e+00
895 4.472500e-01 1 1   3.624341e+00 -7.735810e-02  3.038080e-01
896 4.477500e-01 1 1   3.404806e+00 -7.223000e-02  1.960579e+00
897 4.482500e-01 1 1   3.189100e+00 -6.696405e-02  3.623390e+00
898 4.487500e-01 1 1   2.977904e+00 -6.166402e-02  5.288388e+00
899 4.492500e-01 1 2   2.767816e+00 -5.604471e-02  6.969265e+00
900 4.497500e-01 1 1   2.566193e+00 -5.069370e-02  8.645960e+00
901 4.502500e-01 1 1   2.367249e+00 -4.521350e-02  1.033148e+01
902 4.507500e-01 1 1   2.171262e+00 -3.942600e-02  1.203151e+01
903 4.512500e-01 1 1   1.980420e+00 -3.349391e-02  1.373271e+01
904 4.517500e-01 1 1   1.794369e+00 -2.752905e-02  1.543869e+01
905 4.522500e-01 1 1   1.612997e+00 -2.151612e-02  1.715065e+01
906 4.527500e-01 1 1   1.436405e+00 -1.541562e-02  1.886871e+01
907 4.532500e-01 1 1   1.264787e+00 -9.205514e-03  2.059226e+01
908 4.537500e-01 1 1   1.098306e+00 -2.890776e-03  2.232086e+01
909 4.542500e-01 1 1   9.370875e-01  3.518893e-03  2.405428e+01
910 4.547500e-01 1 1   7.811725e-01  1.001694e-02  2.579314e+01
911 4.552500e-01 1 1   6.307157e-01  1.661578e-02  2.753693e+01
912 4.557500e-01 1 1   4.858834e-01  2.330961e-02  2.928507e+01
913 4.562500e-01 1 1   3.467093e-01  3.009839e-02  3.103825e+01
914 4.567500e-01 1 1   2.137201e-01  3.696786e-02  3.279250e+01
915 4.572500e-01 1 1   8.679056e-02  4.392444e-02  3.455001e+01
916 4.577500e-01 1 1  -3.422909e-02  5.097629e-02  3.631292e+01
917 4.582500e-01 1 1  -1.490107e-01  5.811209e-02  3.807936e+01
918 4.587500e-01 1 1  -2.573701e-01  6.532354e-02  3.984818e+01
919 4.592500e-01 1 1  -3.592080e-01  7.261773e-02  4.161911e+01
920 4.597500e-01 1 1  -4.544078e-01  7.998980e-02  4.339199e+01
921 4.602500e-01 1 1  -5.429002e-01  8.743808e-02  4.516670e+01
922 4.607500e-01 1 1  -6.245554e-01  9.495247e-02  4.694300e+01
923 4.612500e-01 1 1  -6.992560e-01  1.025544e-01  4.872058e+01
924 4.617500e-01 1 1  -7.669334e-01  1.102245e-01  5.049909e+01
925 4.622500e-01 1 1  -8.274777e-01  1.179659e-01  5.227814e+01
926 4.627500e-01 1 1  -8.807789e-01  1.257702e-01  5.405735e+01
927 4.632500e-01 1 1  -9.267486e-01  1.336426e-01  5.583627e+01
928 4.637500e-01 1 1  -9.652988e-01  1.415684e-01  5.761445e+01
929 4.642500e-01 1 1  -9.963588e-01  1.495431e-01  5.939164e+01
930 4.647500e-01 1 1  -1.019842e+00  1.575760e-01  6.116746e+01
931 4.652500e-01 1 1  -1.035853e+00  1.656846e-01  6.294462e+01
932 4.657500e-01 1 1  -1.044009e+00  1.738386e-01  6.471734e+01
933 4.662500e-01 1 1  -1.044331e+00  1.820220e-01  6.648627e+01
934 4.667500e-01 1 1  -1.036860e+00  1.902367e-01  6.825248e+01
935 4.672500e-01 1 1  -1.021543e+00  1.984854e-01  7.001588e+01
936 4.677500e-01 1 1  -9.983286e-01  2.067679e-01  7.177617e+01
937 4.682500e-01 1 2  -9.693863e-01  2.152068e-01  7.353472e+01
938 4.687500e-01 1 1  -9.281463e-01  2.234220e-01  7.528271e+01
939 4.692500e-01 1 1  -8.806466e-01  2.317292e-01  7.702669e+01
940 4.697500e-01 1 1  -8.254980e-01  2.401324e-01  7.876813e+01
941 4.702500e-01 1 1  -7.623161e-01  2.485601e-01  8.050498e+01
942 4.707500e-01 1 1  -6.910402e-01  2.569766e-01  8.223479e+01
943 4.712500e-01 1 1  -6.116878e-01  2.653867e-01  8.395681e+01
944 4.717500e-01 1 1  -5.242935e-01  2.737864e-01  8.567105e+01
945 4.722500e-01 1 1  -4.288779e-01  2.821968e-01  8.737812e+01
946 4.727500e-01 1 1  -3.254559e-01  2.905983e-01  8.907722e+01
947 4.732500e-01 1 1  -2.140526e-01  2.989859e-01  9.076766e+01
948 4.737500e-01 1 1  -9.471228e-02  3.073632e-01  9.244902e+01
949 4.742500e-01 1 1   3.253201e-02  3.157277e-01  9.412111e+01
950 4.747500e-01 1 1   1.676295e-01  3.240465e-01  9.578259e+01
951 4.752500e-01 1 1   3.105183e-01  3.323390e-01  9.743373e+01
952 4.757500e-01 1 1   4.611545e-01  3.406056e-01  9.907436e+01
953 4.762500e-01 1 1   6.194753e-01  3.488395e-01  1.007036e+02
954 4.767500e-01 1 1   7.854054e-01  3.570299e-01  1.023209e+02
955 4.772500e-01 1 1   9.588534e-01  3.651698e-01  1.039258e+02
956 4.777500e-01 1 1   1.139752e+00  3.732844e-01  1.055184e+02
957 4.782500e-01 1 1   1.327977e+00  3.813135e-01  1.070969e+02
958 4.787500e-01 1 1   1.523433e+00  3.892763e-01  1.086619e+02
959 4.792500e-01 1 1   1.726043e+00  3.971700e-01  1.102129e+02
960 4.797500e-01 1 1   1.935708e+00  4.050146e-01  1.117496e+02
961 4.802500e-01 1 1   2.152283e+00  4.128118e-01  1.132711e+02
962 4.807500e-01 1 1   2.375621e+00  4.205225e-01  1.147767e+02
963 4.812500e-01 1 1   2.605593e+00  4.281259e-01  1.162659e+02
964 4.817500e-01 1 1   2.842098e+00  4.356131e-01  1.177387e+02
965 4.822500e-01 1 1   3.084985e+00  4.430388e-01  1.191951e+02
966 4.827500e-01 1 1   3.334120e+00  4.503653e-01  1.206338e+02
967 4.832500e-01 1 1   3.589343e+00  4.575990e-01  1.220546e+02
968 4.837500e-01 1 1   3.850517e+00  4.647305e-01  1.234574e+02
969 4.842500e-01 1 1   4.117473e+00  4.717528e-01  1.248414e+02
970 4.847500e-01 1 1   4.390025e+00  4.786464e-01  1.262060e+02
971 4.852500e-01 1 1   4.668008e+00  4.854158e-01  1.275511e+02
972 4.857500e-01 1 1   4.951125e+00  4.920942e-01  1.288749e+02
973 4.862500e-01 1 1   5.239550e+00  4.985941e-01  1.301811e+02
974 4.867500e-01 1 1   5.532826e+00  5.049836e-01  1.314662e+02
975 4.872500e-01 1 2   5.829197e+00  5.112816e-01  1.327305e+02
976 4.877500e-01 1 1   6.132617e+00  5.174488e-01  1.339669e+02
977 4.882500e-01 1 1   6.439324e+00  5.234948e-01  1.351836e+02
978 4.887500e-01 1 1   6.750280e+00  5.293081e-01  1.363821e+02
979 4.892500e-01 1 1   7.065299e+00  5.349107e-01  1.375595e+02
980 4.897500e-01 1 1   7.383822e+00  5.403929e-01  1.387121e+02
981 4.902500e-01 1 1   7.705624e+00  5.457738e-01  1.398395e+02
982 4.907500e-01 1 1   8.030651e+00  5.510077e-01  1.409427e+02
983 4.912500e-01 1 1   8.358764e+00  5.560600e-01  1.420220e+02
984 4.917500e-01 1 1   8.689748e+00  5.609199e-01  1.430772e+02
985 4.922500e-01 1 1   9.023335e+00  5.656063e-01  1.441079e+02
986 4.927500e-01 1 1   9.359222e+00  5.701298e-01  1.451133e+02
987 4.932500e-01 1 1   9.697191e+00  5.744720e-01  1.460930e+02
988 4.937500e-01 1 1   1.003701e+01  5.786260e-01  1.470469e+02
989 4.942500e-01 1 1   1.037850e+01  5.825903e-01  1.479752e+02
990 4.947500e-01 1 1   1.072139e+01  5.863811e-01  1.488773e+02
991 4.952500e-01 1 1   1.106542e+01  5.899936e-01  1.497529e+02
992 4.957500e-01 1 1   1.141035e+01  5.934178e-01  1.506017e+02
993 4.962500e-01 1 1   1.175548e+01  5.966593e-01  1.514201e+02
994 4.967500e-01 1 1   1.210143e+01  5.997068e-01  1.522143e+02
995 4.972500e-01 1 1   1.244790e+01  6.025485e-01  1.529839e+02
996 4.977500e-01 1 1   1.279429e+01  6.051823e-01  1.537263e+02
997 4.982500e-01 1 1   1.313999e+01  6.076042e-01  1.544392e+02
998 4.987500e-01 1 1   1.348484e+01  6.097984e-01  1.551229e+02
