#TimeIteration Time SubCycles NewtonSteps Drag CrossFlowLift Lift
0 0.000000e+00 0 0   4.277581e+00  1.127843e-01  4.140041e+01
1 5.000000e-04 1 1   4.289900e+00  1.120620e-01  4.177107e+01
2 1.500000e-03 1 2   4.179984e+00  1.126059e-01  3.849903e+01
3 2.500000e-03 1 2   4.209520e+00  1.106383e-01  3.785488e+01
4 3.500000e-03 1 1   4.252117e+00  1.107169e-01  3.800078e+01
5 4.500000e-03 1 1   4.292770e+00  1.115246e-01  3.812266e+01
6 5.500000e-03 1 1   4.307022e+00  1.122481e-01  3.762823e+01
7 6.500000e-03 1 2   4.313163e+00  1.120352e-01  3.696509e+01
8 7.500000e-03 1 2   4.327667e+00  1.104716e-01  3.649356e+01
9 8.500000e-03 1 2   4.353070e+00  1.081561e-01  3.626653e+01
10 9.500000e-03 1 1   4.382737e+00  1.062025e-01  3.614557e+01
11 1.050000e-02 1 1   4.408027e+00  1.056439e-01  3.596355e+01
12 1.150000e-02 1 1   4.425244e+00  1.065588e-01  3.564299e+01
13 1.250000e-02 1 1   4.436881e+00  1.081432e-01  3.522669e+01
14 1.350000e-02 1 1   4.448376e+00  1.090821e-01  3.481825e+01
15 1.450000e-02 1 1   4.463304e+00  1.084857e-01  3.449077e+01
16 1.550000e-02 1 1   4.481060e+00  1.063937e-01  3.423700e+01
17 1.650000e-02 1 1   4.498521e+00  1.038351e-01  3.399844e+01
18 1.750000e-02 1 1   4.513043e+00  1.020829e-01  3.372266e+01
19 1.850000e-02 1 1   4.524167e+00  1.017927e-01  3.339783e+01
20 1.950000e-02 1 2   4.533015e+00  1.027829e-01  3.304428e+01
21 2.050000e-02 1 1   4.541267e+00  1.037731e-01  3.268735e+01
22 2.150000e-02 1 2   4.549173e+00  1.041088e-01  3.233703e+01
23 2.250000e-02 1 1   4.556792e+00  1.031528e-01  3.198998e+01
24 2.350000e-02 1 1   4.563155e+00  1.015191e-01  3.163329e+01
25 2.450000e-02 1 2   4.567417e+00  1.001323e-01  3.125235e+01
26 2.550000e-02 1 2   4.569114e+00  9.938263e-02  3.083387e+01
27 2.650000e-02 1 2   4.567930e+00  9.931280e-02  3.037018e+01
28 2.750000e-02 1 2   4.564352e+00  9.952325e-02  2.986690e+01
29 2.850000e-02 1 3   4.559455e+00  9.945944e-02  2.934169e+01
30 2.950000e-02 2 2   4.621385e+00  9.943793e-02  3.028894e+01
31 3.050000e-02 2 2   4.607559e+00  9.866810e-02  2.959411e+01
32 3.150000e-02 1 1   4.503440e+00  9.704666e-02  2.686936e+01
33 3.250000e-02 1 1   4.528115e+00  9.684577e-02  2.699892e+01
34 3.350000e-02 1 2   4.525314e+00  9.659869e-02  2.653805e+01
35 3.450000e-02 1 1   4.509103e+00  9.648139e-02  2.580255e+01
36 3.550000e-02 1 2   4.486633e+00  9.642282e-02  2.493870e+01
37 3.650000e-02 1 2   4.466541e+00  9.594929e-02  2.410917e+01
38 3.750000e-02 1 2   4.450000e+00  9.506877e-02  2.333738e+01
39 3.850000e-02 1 2   4.434363e+00  9.411465e-02  2.256672e+01
40 3.950000e-02 1 2   4.416745e+00  9.345302e-02  2.173679e+01
41 4.050000e-02 1 2   4.396377e+00  9.325932e-02  2.083222e+01
42 4.150000e-02 1 1   4.374954e+00  9.341159e-02  1.988085e+01
43 4.250000e-02 1 1   4.353321e+00  9.361476e-02  1.891233e+01
44 4.350000e-02 1 2   4.331725e+00  9.350151e-02  1.792969e+01
45 4.450000e-02 1 2   4.310526e+00  9.293041e-02  1.691634e+01
46 4.550000e-02 1 1   4.289498e+00  9.208586e-02  1.585977e+01
47 4.650000e-02 1 1   4.268092e+00  9.125195e-02  1.477067e+01
48 4.750000e-02 1 1   4.247686e+00  9.074401e-02  1.367336e+01
49 4.850000e-02 1 1   4.228620e+00  9.073578e-02  1.257568e+01
50 4.950000e-02 1 1   4.210393e+00  9.109440e-02  1.146432e+01
51 5.050000e-02 1 2   4.191563e+00  9.145620e-02  1.031772e+01
52 5.150000e-02 1 2   4.173492e+00  9.154332e-02  9.133030e+00
53 5.250000e-02 1 1   4.157076e+00  9.126701e-02  7.927813e+00
54 5.350000e-02 1 1   4.141669e+00  9.068083e-02  6.726308e+00
55 5.450000e-02 1 2   4.127424e+00  9.007802e-02  5.538340e+00
56 5.550000e-02 1 2   4.115520e+00  8.986525e-02  4.353225e+00
57 5.650000e-02 1 2   4.104624e+00  9.006598e-02  3.155332e+00
58 5.750000e-02 1 2   4.094553e+00  9.046175e-02  1.939698e+00
59 5.850000e-02 1 2   4.085710e+00  9.080918e-02  7.170794e-01
60 5.950000e-02 1 2   4.078602e+00  9.091253e-02 -4.962866e-01
61 6.050000e-02 1 2   4.073400e+00  9.074604e-02 -1.692048e+00
62 6.150000e-02 1 2   4.069869e+00  9.047942e-02 -2.873468e+00
63 6.250000e-02 1 2   4.067695e+00  9.032237e-02 -4.048311e+00
64 6.350000e-02 2 2   4.073773e+00  9.118114e-02 -5.513395e+00
65 6.450000e-02 2 2   4.074894e+00  9.142881e-02 -6.746662e+00
66 6.550000e-02 1 2   4.064921e+00  9.056691e-02 -7.289823e+00
67 6.650000e-02 1 2   4.073541e+00  9.130158e-02 -8.627870e+00
68 6.750000e-02 1 2   4.078893e+00  9.145699e-02 -9.769547e+00
69 6.850000e-02 1 2   4.085151e+00  9.139507e-02 -1.085581e+01
70 6.950000e-02 1 2   4.092490e+00  9.124477e-02 -1.192114e+01
71 7.050000e-02 1 2   4.101534e+00  9.117092e-02 -1.296501e+01
72 7.150000e-02 1 2   4.112336e+00  9.126140e-02 -1.397349e+01
73 7.250000e-02 1 2   4.124516e+00  9.147561e-02 -1.495630e+01
74 7.350000e-02 1 2   4.137745e+00  9.169339e-02 -1.593092e+01
75 7.450000e-02 1 2   4.151986e+00  9.180716e-02 -1.689896e+01
76 7.550000e-02 1 2   4.167405e+00  9.178629e-02 -1.784569e+01
77 7.650000e-02 1 2   4.184128e+00  9.165104e-02 -1.875635e+01
78 7.750000e-02 1 2   4.202094e+00  9.147933e-02 -1.962972e+01
79 7.850000e-02 1 3   4.221147e+00  9.133228e-02 -2.047725e+01
80 7.950000e-02 1 2   4.241217e+00  9.123130e-02 -2.131123e+01
81 8.050000e-02 1 2   4.262389e+00  9.114579e-02 -2.213496e+01
82 8.150000e-02 1 2   4.284791e+00  9.103817e-02 -2.294294e+01
83 8.250000e-02 1 2   4.308470e+00  9.087175e-02 -2.372892e+01
84 8.350000e-02 1 2   4.333366e+00  9.064691e-02 -2.449248e+01
85 8.450000e-02 1 2   4.359415e+00  9.037976e-02 -2.523893e+01
86 8.550000e-02 1 2   4.386647e+00  9.008775e-02 -2.597401e+01
87 8.650000e-02 1 2   4.415178e+00  8.978950e-02 -2.669990e+01
88 8.750000e-02 1 2   4.445129e+00  8.948332e-02 -2.741572e+01
89 8.850000e-02 1 2   4.476558e+00  8.916108e-02 -2.812077e+01
90 8.950000e-02 1 2   4.509461e+00  8.881072e-02 -2.881661e+01
91 9.050000e-02 1 2   4.543825e+00  8.843003e-02 -2.950575e+01
92 9.150000e-02 1 2   4.579664e+00  8.801864e-02 -3.018955e+01
93 9.250000e-02 1 2   4.617025e+00  8.758996e-02 -3.086775e+01
94 9.350000e-02 1 2   4.655976e+00  8.713781e-02 -3.154027e+01
95 9.450000e-02 1 2   4.696591e+00  8.664220e-02 -3.220864e+01
96 9.550000e-02 1 2   4.738937e+00  8.611658e-02 -3.287556e+01
97 9.650000e-02 1 2   4.783062e+00  8.555798e-02 -3.354330e+01
98 9.750000e-02 1 2   4.828966e+00  8.497468e-02 -3.421146e+01
99 9.850000e-02 1 2   4.876651e+00  8.437234e-02 -3.487871e+01
100 9.950000e-02 1 2   4.926118e+00  8.376247e-02 -3.554381e+01
101 1.005000e-01 1 2   4.977435e+00  8.312484e-02 -3.620778e+01
102 1.015000e-01 1 2   5.030700e+00  8.246295e-02 -3.687292e+01
103 1.025000e-01 1 2   5.086049e+00  8.176105e-02 -3.754176e+01
104 1.035000e-01 1 2   5.143547e+00  8.103972e-02 -3.821461e+01
105 1.045000e-01 1 2   5.203228e+00  8.031011e-02 -3.889051e+01
106 1.055000e-01 1 1   5.265461e+00  7.954762e-02 -3.956862e+01
107 1.065000e-01 1 2   5.329272e+00  7.889073e-02 -4.024786e+01
108 1.075000e-01 1 2   5.395724e+00  7.818386e-02 -4.092954e+01
109 1.085000e-01 1 2   5.464655e+00  7.745899e-02 -4.161453e+01
110 1.095000e-01 1 2   5.536103e+00  7.670925e-02 -4.230273e+01
111 1.105000e-01 1 2   5.610116e+00  7.591282e-02 -4.299355e+01
112 1.115000e-01 1 2   5.686740e+00  7.510982e-02 -4.368630e+01
113 1.125000e-01 1 2   5.766026e+00  7.432932e-02 -4.438087e+01
114 1.135000e-01 1 2   5.848008e+00  7.359001e-02 -4.507682e+01
115 1.145000e-01 1 2   5.932722e+00  7.285743e-02 -4.577400e+01
116 1.155000e-01 1 2   6.020139e+00  7.212845e-02 -4.647098e+01
117 1.165000e-01 1 2   6.110217e+00  7.136848e-02 -4.716642e+01
118 1.175000e-01 2 2   6.381002e+00  7.195721e-02 -5.066679e+01
119 1.185000e-01 2 2   6.469417e+00  7.118223e-02 -5.114006e+01
120 1.195000e-01 1 2   6.283203e+00  6.820664e-02 -4.757134e+01
121 1.205000e-01 1 2   6.489814e+00  6.798520e-02 -4.973124e+01
122 1.215000e-01 1 1   6.614925e+00  6.720080e-02 -5.076901e+01
123 1.225000e-01 1 1   6.713465e+00  6.645733e-02 -5.136033e+01
124 1.235000e-01 1 1   6.806831e+00  6.579426e-02 -5.182147e+01
125 1.245000e-01 1 2   6.910029e+00  6.510543e-02 -5.239345e+01
126 1.255000e-01 1 2   7.022194e+00  6.424640e-02 -5.306602e+01
127 1.265000e-01 1 2   7.137162e+00  6.320643e-02 -5.375022e+01
128 1.275000e-01 1 2   7.250282e+00  6.209701e-02 -5.437409e+01
129 1.285000e-01 1 1   7.360568e+00  6.103626e-02 -5.492309e+01
130 1.295000e-01 1 2   7.469331e+00  6.023453e-02 -5.543541e+01
131 1.305000e-01 1 2   7.580042e+00  5.952308e-02 -5.595464e+01
132 1.315000e-01 1 3   7.692481e+00  5.870435e-02 -5.648415e+01
133 1.325000e-01 1 2   7.804140e+00  5.768025e-02 -5.699137e+01
134 1.335000e-01 1 2   7.912534e+00  5.645117e-02 -5.744507e+01
135 1.345000e-01 1 1   8.017458e+00  5.510899e-02 -5.784370e+01
136 1.355000e-01 1 1   8.120017e+00  5.373555e-02 -5.821271e+01
137 1.365000e-01 1 1   8.221370e+00  5.251342e-02 -5.856916e+01
138 1.375000e-01 1 1   8.320521e+00  5.146232e-02 -5.890515e+01
139 1.385000e-01 1 1   8.415351e+00  5.040353e-02 -5.919849e+01
140 1.395000e-01 1 1   8.504301e+00  4.919976e-02 -5.943422e+01
141 1.405000e-01 1 1   8.587412e+00  4.781013e-02 -5.961645e+01
142 1.415000e-01 1 1   8.665595e+00  4.631054e-02 -5.975946e+01
143 1.425000e-01 1 1   8.739290e+00  4.473221e-02 -5.987168e+01
144 1.435000e-01 1 1   8.807616e+00  4.317959e-02 -5.994644e+01
145 1.445000e-01 1 1   8.869118e+00  4.168296e-02 -5.997073e+01
146 1.455000e-01 1 1   8.922822e+00  4.020418e-02 -5.993724e+01
147 1.465000e-01 1 1   8.968656e+00  3.867715e-02 -5.984824e+01
148 1.475000e-01 1 1   9.006976e+00  3.705023e-02 -5.970976e+01
149 1.485000e-01 1 1   9.037864e+00  3.526734e-02 -5.952397e+01
150 1.495000e-01 1 1   9.060880e+00  3.338809e-02 -5.928711e+01
151 1.505000e-01 1 1   9.075536e+00  3.152065e-02 -5.899496e+01
152 1.515000e-01 1 1   9.081717e+00  2.971962e-02 -5.864721e+01
153 1.525000e-01 1 1   9.079475e+00  2.796238e-02 -5.824589e+01
154 1.535000e-01 1 1   9.068715e+00  2.624922e-02 -5.779070e+01
155 1.545000e-01 1 1   9.049137e+00  2.450326e-02 -5.727849e+01
156 1.555000e-01 1 1   9.020593e+00  2.262069e-02 -5.670680e+01
157 1.565000e-01 1 1   8.983153e+00  2.066142e-02 -5.607504e+01
158 1.575000e-01 1 1   8.937534e+00  1.862440e-02 -5.538895e+01
159 1.585000e-01 1 1   8.884178e+00  1.666668e-02 -5.465193e+01
160 1.595000e-01 1 1   8.823032e+00  1.489686e-02 -5.386247e+01
161 1.605000e-01 1 1   8.754078e+00  1.319567e-02 -5.301857e+01
162 1.615000e-01 1 1   8.676951e+00  1.154225e-02 -5.211491e+01
163 1.625000e-01 1 1   8.591915e+00  9.841863e-03 -5.115193e+01
164 1.635000e-01 1 1   8.499790e+00  8.047606e-03 -5.013515e+01
165 1.645000e-01 1 1   8.401394e+00  6.226999e-03 -4.907032e+01
166 1.655000e-01 1 2   8.296737e+00  4.432006e-03 -4.795853e+01
167 1.665000e-01 1 2   8.186795e+00  2.729524e-03 -4.680032e+01
168 1.675000e-01 1 2   8.071110e+00  1.246759e-03 -4.559171e+01
169 1.685000e-01 1 2   7.949888e+00 -2.820324e-05 -4.433256e+01
170 1.695000e-01 1 2   7.823845e+00 -1.231561e-03 -4.302742e+01
171 1.705000e-01 1 2   7.693790e+00 -2.450151e-03 -4.168187e+01
172 1.715000e-01 1 1   7.560976e+00 -3.608832e-03 -4.029927e+01
173 1.725000e-01 1 1   7.424069e+00 -4.634013e-03 -3.887660e+01
174 1.735000e-01 1 1   7.284094e+00 -5.641576e-03 -3.741597e+01
175 1.745000e-01 1 2   7.140563e+00 -6.638448e-03 -3.591889e+01
176 1.755000e-01 1 2   6.995817e+00 -7.445086e-03 -3.439104e+01
177 1.765000e-01 1 2   6.849631e+00 -8.055212e-03 -3.283572e+01
178 1.775000e-01 1 2   6.702285e+00 -8.505098e-03 -3.125469e+01
179 1.785000e-01 1 2   6.554000e+00 -8.877448e-03 -2.964858e+01
180 1.795000e-01 1 2   6.405010e+00 -9.202869e-03 -2.801814e+01
181 1.805000e-01 1 2   6.255612e+00 -9.386080e-03 -2.636527e+01
182 1.815000e-01 1 2   6.106303e+00 -9.456466e-03 -2.469387e+01
183 1.825000e-01 1 3   5.957508e+00 -9.371724e-03 -2.300770e+01
184 1.835000e-01 1 2   5.809545e+00 -9.148949e-03 -2.130922e+01
185 1.845000e-01 1 2   5.662581e+00 -8.816385e-03 -1.959916e+01
186 1.855000e-01 1 2   5.516747e+00 -8.404275e-03 -1.787780e+01
187 1.865000e-01 1 2   5.372236e+00 -7.918428e-03 -1.614630e+01
188 1.875000e-01 1 2   5.229362e+00 -7.353956e-03 -1.440714e+01
189 1.885000e-01 1 2   5.088456e+00 -6.696183e-03 -1.266328e+01
190 1.895000e-01 1 2   4.949790e+00 -5.924555e-03 -1.091681e+01
191 1.905000e-01 1 2   4.813529e+00 -5.048536e-03 -9.168435e+00
192 1.915000e-01 1 2   4.679784e+00 -4.098644e-03 -7.418043e+00
193 1.925000e-01 1 2   4.548704e+00 -3.063154e-03 -5.665826e+00
194 1.935000e-01 1 2   4.420502e+00 -1.994423e-03 -3.912804e+00
195 1.945000e-01 1 2   4.295424e+00 -8.853126e-04 -2.160533e+00
196 1.955000e-01 1 2   4.173704e+00  2.577557e-04 -4.103359e-01
197 1.965000e-01 1 2   4.055525e+00  1.465699e-03  1.337320e+00
198 1.975000e-01 1 2   3.941034e+00  2.726213e-03  3.082647e+00
199 1.985000e-01 1 2   3.830367e+00  4.043899e-03  4.826082e+00
200 1.995000e-01 1 2   3.723685e+00  5.396457e-03  6.567659e+00
201 2.005000e-01 1 2   3.621182e+00  6.763084e-03  8.306982e+00
202 2.015000e-01 1 2   3.523052e+00  8.134720e-03  1.004362e+01
203 2.025000e-01 1 2   3.429466e+00  9.508269e-03  1.177747e+01
204 2.035000e-01 1 1   3.342036e+00  1.102445e-02  1.351051e+01
205 2.045000e-01 1 1   3.258046e+00  1.241994e-02  1.524064e+01
206 2.055000e-01 1 2   3.177428e+00  1.369266e-02  1.696798e+01
207 2.065000e-01 1 2   3.103384e+00  1.509909e-02  1.869528e+01
208 2.075000e-01 1 2   3.034756e+00  1.646238e-02  2.042116e+01
209 2.085000e-01 1 2   2.971558e+00  1.788881e-02  2.214594e+01
210 2.095000e-01 1 2   2.913920e+00  1.928275e-02  2.387005e+01
211 2.105000e-01 1 2   2.861962e+00  2.066943e-02  2.559431e+01
212 2.115000e-01 1 2   2.815810e+00  2.204854e-02  2.731925e+01
213 2.125000e-01 1 1   2.777175e+00  2.357063e-02  2.904689e+01
214 2.135000e-01 1 2   2.741502e+00  2.477293e-02  3.077243e+01
215 2.145000e-01 1 2   2.713461e+00  2.610902e-02  3.249994e+01
216 2.155000e-01 1 2   2.691871e+00  2.742160e-02  3.422888e+01
217 2.165000e-01 1 1   2.678378e+00  2.884325e-02  3.596089e+01
218 2.175000e-01 1 1   2.669873e+00  3.010173e-02  3.769344e+01
219 2.185000e-01 1 2   2.666231e+00  3.124934e-02  3.942613e+01
220 2.195000e-01 1 1   2.672730e+00  3.259449e-02  4.116374e+01
221 2.205000e-01 1 1   2.684646e+00  3.378730e-02  4.290186e+01
222 2.215000e-01 1 1   2.703483e+00  3.498939e-02  4.464059e+01
223 2.225000e-01 1 1   2.729474e+00  3.613835e-02  4.637957e+01
224 2.235000e-01 1 2   2.760980e+00  3.714648e-02  4.811720e+01
225 2.245000e-01 1 1   2.803354e+00  3.837364e-02  4.985814e+01
226 2.255000e-01 1 1   2.851623e+00  3.945522e-02  5.159716e+01
227 2.265000e-01 1 2   2.905518e+00  4.044620e-02  5.333269e+01
228 2.275000e-01 1 2   2.968859e+00  4.150555e-02  5.506649e+01
229 2.285000e-01 1 2   3.040104e+00  4.250287e-02  5.679642e+01
230 2.295000e-01 1 2   3.119173e+00  4.349408e-02  5.852131e+01
231 2.305000e-01 1 3   3.206147e+00  4.444834e-02  6.024019e+01
232 2.315000e-01 1 2   3.301086e+00  4.536869e-02  6.195164e+01
233 2.325000e-01 1 1   3.405926e+00  4.629387e-02  6.365625e+01
234 2.335000e-01 1 2   3.515042e+00  4.700341e-02  6.534505e+01
235 2.345000e-01 1 2   3.633851e+00  4.774349e-02  6.702244e+01
236 2.355000e-01 1 2   3.760799e+00  4.838261e-02  6.868550e+01
237 2.365000e-01 1 2   3.895626e+00  4.896448e-02  7.033132e+01
238 2.375000e-01 1 2   4.038232e+00  4.947261e-02  7.195777e+01
239 2.385000e-01 1 2   4.188487e+00  4.990665e-02  7.356279e+01
240 2.395000e-01 1 3   4.346223e+00  5.025423e-02  7.514393e+01
241 2.405000e-01 1 2   4.511221e+00  5.049413e-02  7.669863e+01
242 2.415000e-01 1 2   4.683221e+00  5.064498e-02  7.822455e+01
243 2.425000e-01 1 2   4.861935e+00  5.068504e-02  7.971928e+01
244 2.435000e-01 1 2   5.047020e+00  5.061021e-02  8.118036e+01
245 2.445000e-01 1 2   5.238084e+00  5.040836e-02  8.260522e+01
246 2.455000e-01 1 2   5.434675e+00  5.007032e-02  8.399124e+01
247 2.465000e-01 1 1   5.637842e+00  4.958987e-02  8.533696e+01
248 2.475000e-01 1 2   5.842524e+00  4.894984e-02  8.663748e+01
249 2.485000e-01 1 2   6.052472e+00  4.821648e-02  8.789195e+01
250 2.495000e-01 1 2   6.265890e+00  4.726618e-02  8.909801e+01
251 2.505000e-01 1 2   6.481950e+00  4.619804e-02  9.025317e+01
252 2.515000e-01 1 2   6.699958e+00  4.497292e-02  9.135514e+01
253 2.525000e-01 1 4   6.919185e+00  4.356331e-02  9.240169e+01
254 2.535000e-01 2 2   7.620173e+00  4.702914e-02  9.871477e+01
255 2.545000e-01 2 2   7.808008e+00  4.468724e-02  9.919606e+01
256 2.555000e-01 1 3   7.274258e+00  3.580482e-02  9.204725e+01
257 2.565000e-01 1 2   7.770928e+00  3.508671e-02  9.562877e+01
258 2.575000e-01 1 3   8.062734e+00  3.259206e-02  9.707301e+01
259 2.585000e-01 1 2   8.258664e+00  3.019749e-02  9.763275e+01
260 2.595000e-01 1 2   8.419825e+00  2.853718e-02  9.786420e+01
261 2.605000e-01 1 2   8.599870e+00  2.694654e-02  9.823702e+01
262 2.615000e-01 1 1   8.801429e+00  2.420092e-02  9.876375e+01
263 2.625000e-01 1 2   9.003854e+00  1.991161e-02  9.928199e+01
264 2.635000e-01 1 2   9.190741e+00  1.448546e-02  9.965347e+01
265 2.645000e-01 1 1   9.356959e+00  9.187329e-03  9.984893e+01
266 2.655000e-01 1 1   9.509630e+00  5.184977e-03  9.993894e+01
267 2.665000e-01 1 1   9.658638e+00  2.523170e-03  1.000028e+02
268 2.675000e-01 1 1   9.804622e+00  1.852433e-04  1.000469e+02
269 2.685000e-01 1 1   9.939699e+00 -3.092572e-03  1.000137e+02
270 2.695000e-01 1 1   1.005666e+01 -7.965010e-03  9.985181e+01
271 2.705000e-01 1 1   1.015622e+01 -1.415648e-02  9.956921e+01
272 2.715000e-01 1 1   1.024511e+01 -2.061565e-02  9.921707e+01
273 2.725000e-01 1 1   1.032734e+01 -2.643291e-02  9.882703e+01
274 2.735000e-01 1 1   1.040010e+01 -3.121803e-02  9.838304e+01
275 2.745000e-01 1 2   1.045675e+01 -3.529372e-02  9.784239e+01
276 2.755000e-01 1 1   1.049337e+01 -3.974806e-02  9.717893e+01
277 2.765000e-01 1 1   1.051257e+01 -4.463779e-02  9.641053e+01
278 2.775000e-01 1 1   1.051988e+01 -5.032595e-02  9.557295e+01
279 2.785000e-01 1 2   1.051786e+01 -5.648201e-02  9.468375e+01
280 2.795000e-01 1 2   1.050488e+01 -6.284133e-02  9.373254e+01
281 2.805000e-01 2 2   1.118360e+01 -6.938543e-02  9.765092e+01
282 2.815000e-01 2 2   1.106336e+01 -7.438365e-02  9.600147e+01
283 2.825000e-01 2 2   1.096951e+01 -7.981512e-02  9.448514e+01
284 2.835000e-01 2 2   1.089476e+01 -8.531003e-02  9.309313e+01
285 2.845000e-01 2 2   1.081709e+01 -9.175946e-02  9.169916e+01
286 2.855000e-01 2 2   1.071983e+01 -9.879730e-02  9.019139e+01
287 2.865000e-01 2 2   1.059523e+01 -1.048509e-01  8.851385e+01
288 2.875000e-01 2 2   1.044649e+01 -1.086367e-01  8.668477e+01
289 2.885000e-01 2 2   1.028560e+01 -1.105308e-01  8.478010e+01
290 2.895000e-01 2 2   1.012214e+01 -1.123475e-01  8.286093e+01
291 2.905000e-01 2 2   9.954163e+00 -1.161571e-01  8.091351e+01
292 2.915000e-01 2 2   9.772400e+00 -1.226306e-01  7.887467e+01
293 2.925000e-01 2 2   9.572236e+00 -1.306290e-01  7.670832e+01
294 2.935000e-01 2 2   9.359756e+00 -1.374202e-01  7.444800e+01
295 2.945000e-01 2 2   9.145926e+00 -1.406753e-01  7.216359e+01
296 2.955000e-01 2 2   8.933885e+00 -1.401080e-01  6.987700e+01
297 2.965000e-01 2 2   8.715999e+00 -1.376631e-01  6.753834e+01
298 2.975000e-01 2 2   8.482077e+00 -1.362956e-01  6.507445e+01
299 2.985000e-01 2 2   8.231750e+00 -1.381847e-01  6.247348e+01
300 2.995000e-01 2 2   7.975989e+00 -1.432102e-01  5.980103e+01
301 3.005000e-01 2 2   7.727135e+00 -1.490469e-01  5.713964e+01
302 3.015000e-01 2 2   7.486909e+00 -1.526069e-01  5.450450e+01
303 3.025000e-01 2 2   7.245189e+00 -1.520622e-01  5.182631e+01
304 3.035000e-01 2 2   6.991280e+00 -1.477011e-01  4.902247e+01
305 3.045000e-01 2 2   6.725260e+00 -1.421210e-01  4.608063e+01
306 3.055000e-01 2 2   6.458581e+00 -1.382006e-01  4.307335e+01
307 3.065000e-01 2 2   6.203047e+00 -1.374056e-01  4.008584e+01
308 3.075000e-01 2 2   5.960176e+00 -1.389202e-01  3.713479e+01
309 3.085000e-01 2 3   5.720958e+00 -1.402830e-01  3.415425e+01
310 3.095000e-01 2 2   5.477099e+00 -1.388100e-01  3.106775e+01
311 3.105000e-01 2 2   5.227992e+00 -1.334834e-01  2.785408e+01
312 3.115000e-01 1 2   4.756974e+00 -1.220275e-01  2.280451e+01
313 3.125000e-01 1 2   4.630745e+00 -1.175367e-01  2.041006e+01
314 3.135000e-01 1 3   4.450386e+00 -1.135770e-01  1.751333e+01
315 3.145000e-01 1 2   4.250737e+00 -1.114289e-01  1.435686e+01
316 3.155000e-01 1 2   4.047735e+00 -1.088214e-01  1.105607e+01
317 3.165000e-01 1 1   3.868861e+00 -1.036166e-01  7.800616e+00
318 3.175000e-01 1 1   3.708522e+00 -9.597490e-02  4.638480e+00
319 3.185000e-01 1 2   3.556005e+00 -8.750787e-02  1.474023e+00
320 3.195000e-01 1 2   3.413052e+00 -7.956392e-02 -1.800192e+00
321 3.205000e-01 1 2   3.275626e+00 -7.288852e-02 -5.187984e+00
322 3.215000e-01 1 1   3.157935e+00 -6.719673e-02 -8.608583e+00
323 3.225000e-01 1 1   3.055568e+00 -6.139736e-02 -1.198211e+01
324 3.235000e-01 1 2   2.967686e+00 -5.452148e-02 -1.531015e+01
325 3.245000e-01 1 2   2.902336e+00 -4.589806e-02 -1.866013e+01
326 3.255000e-01 1 2   2.850972e+00 -3.584781e-02 -2.209067e+01
327 3.265000e-01 1 2   2.815248e+00 -2.577028e-02 -2.559592e+01
328 3.275000e-01 1 2   2.799987e+00 -1.664829e-02 -2.911968e+01
329 3.285000e-01 1 2   2.808360e+00 -8.577114e-03 -3.261552e+01
330 3.295000e-01 2 2   2.830651e+00  5.717002e-03 -3.840800e+01
331 3.305000e-01 2 3   2.895474e+00  1.367757e-02 -4.186274e+01
332 3.315000e-01 1 1   2.970927e+00  1.215932e-02 -4.161044e+01
333 3.325000e-01 1 2   3.076231e+00  2.672233e-02 -4.654758e+01
334 3.335000e-01 1 2   3.202757e+00  3.902353e-02 -5.041546e+01
335 3.345000e-01 1 2   3.356062e+00  4.931325e-02 -5.392336e+01
336 3.355000e-01 1 2   3.537003e+00  5.808404e-02 -5.737530e+01
337 3.365000e-01 1 2   3.747396e+00  6.667796e-02 -6.091582e+01
338 3.375000e-01 1 2   3.987054e+00  7.595572e-02 -6.450474e+01
339 3.385000e-01 1 2   4.256658e+00  8.616967e-02 -6.811102e+01
340 3.395000e-01 1 2   4.557823e+00  9.701458e-02 -7.172587e+01
341 3.405000e-01 1 1   4.898923e+00  1.078735e-01 -7.533535e+01
342 3.415000e-01 1 2   5.257772e+00  1.185404e-01 -7.893032e+01
343 3.425000e-01 1 2   5.655869e+00  1.284708e-01 -8.250859e+01
344 3.435000e-01 1 1   6.095047e+00  1.382025e-01 -8.607421e+01
345 3.445000e-01 1 2   6.553615e+00  1.481889e-01 -8.963562e+01
346 3.455000e-01 1 2   7.053877e+00  1.580331e-01 -9.318856e+01
347 3.465000e-01 1 2   7.590037e+00  1.680405e-01 -9.672432e+01
348 3.475000e-01 1 2   8.161588e+00  1.779040e-01 -1.002398e+02
349 3.485000e-01 1 2   8.768625e+00  1.874819e-01 -1.037337e+02
350 3.495000e-01 1 2   9.410993e+00  1.968441e-01 -1.072020e+02
351 3.505000e-01 1 2   1.008831e+01  2.060664e-01 -1.106384e+02
352 3.515000e-01 1 1   1.080700e+01  2.149739e-01 -1.140363e+02
353 3.525000e-01 1 1   1.155357e+01  2.237150e-01 -1.173950e+02
354 3.535000e-01 1 1   1.233452e+01  2.320456e-01 -1.207175e+02
355 3.545000e-01 1 1   1.314993e+01  2.400750e-01 -1.239988e+02
356 3.555000e-01 1 1   1.399906e+01  2.475665e-01 -1.272348e+02
357 3.565000e-01 1 2   1.487425e+01  2.548066e-01 -1.304152e+02
358 3.575000e-01 1 1   1.579223e+01  2.612834e-01 -1.335393e+02
359 3.585000e-01 1 3   1.672727e+01  2.677697e-01 -1.365866e+02
360 3.595000e-01 1 1   1.770241e+01  2.732847e-01 -1.395782e+02
361 3.605000e-01 1 1   1.869935e+01  2.782028e-01 -1.424956e+02
362 3.615000e-01 1 1   1.972320e+01  2.821372e-01 -1.453504e+02
363 3.625000e-01 1 1   2.077240e+01  2.852954e-01 -1.481343e+02
364 3.635000e-01 1 1   2.184399e+01  2.876716e-01 -1.508370e+02
365 3.645000e-01 1 1   2.293500e+01  2.893102e-01 -1.534497e+02
366 3.655000e-01 1 1   2.404396e+01  2.900516e-01 -1.559730e+02
367 3.665000e-01 1 1   2.516834e+01  2.899943e-01 -1.584022e+02
368 3.675000e-01 1 2   2.630171e+01  2.894586e-01 -1.607265e+02
369 3.685000e-01 1 1   2.745693e+01  2.871407e-01 -1.629738e+02
370 3.695000e-01 1 1   2.861646e+01  2.832177e-01 -1.651109e+02
371 3.705000e-01 1 2   2.977909e+01  2.782651e-01 -1.671384e+02
372 3.715000e-01 1 1   3.095545e+01  2.720800e-01 -1.690843e+02
373 3.725000e-01 1 2   3.212213e+01  2.651267e-01 -1.708904e+02
374 3.735000e-01 1 2   3.329102e+01  2.568504e-01 -1.725940e+02
375 3.745000e-01 1 2   3.445399e+01  2.472182e-01 -1.741784e+02
376 3.755000e-01 1 2   3.560861e+01  2.356186e-01 -1.756442e+02
377 3.765000e-01 1 1   3.675736e+01  2.214077e-01 -1.770087e+02
378 3.775000e-01 1 1   3.788692e+01  2.057332e-01 -1.782364e+02
379 3.785000e-01 1 2   3.899547e+01  1.891704e-01 -1.793263e+02
380 3.795000e-01 1 1   4.009401e+01  1.703866e-01 -1.803260e+02
381 3.805000e-01 1 1   4.116052e+01  1.499557e-01 -1.811715e+02
382 3.815000e-01 1 1   4.219860e+01  1.279622e-01 -1.818820e+02
383 3.825000e-01 1 1   4.320671e+01  1.039104e-01 -1.824627e+02
384 3.835000e-01 1 2   4.417569e+01  7.830381e-02 -1.828918e+02
385 3.845000e-01 1 1   4.511794e+01  4.909210e-02 -1.832224e+02
386 3.855000e-01 1 1   4.601131e+01  1.817943e-02 -1.833910e+02
387 3.865000e-01 1 2   4.685511e+01 -1.408436e-02 -1.834015e+02
388 3.875000e-01 1 1   4.766186e+01 -4.919018e-02 -1.833088e+02
389 3.885000e-01 1 1   4.841091e+01 -8.608733e-02 -1.830557e+02
390 3.895000e-01 1 1   4.910550e+01 -1.250228e-01 -1.826601e+02
391 3.905000e-01 1 1   4.974338e+01 -1.659704e-01 -1.821253e+02
392 3.915000e-01 1 1   5.032099e+01 -2.096964e-01 -1.814504e+02
393 3.925000e-01 1 1   5.083435e+01 -2.560007e-01 -1.806331e+02
394 3.935000e-01 1 1   5.128102e+01 -3.050488e-01 -1.796758e+02
395 3.945000e-01 1 1   5.165706e+01 -3.565904e-01 -1.785768e+02
396 3.955000e-01 1 2   5.195694e+01 -4.100614e-01 -1.773290e+02
397 3.965000e-01 1 2   5.218640e+01 -4.671296e-01 -1.759611e+02
398 3.975000e-01 1 2   5.233338e+01 -5.255071e-01 -1.744501e+02
399 3.985000e-01 1 2   5.239698e+01 -5.853838e-01 -1.728030e+02
400 3.995000e-01 1 2   5.237404e+01 -6.450735e-01 -1.710246e+02
401 4.005000e-01 1 2   5.225711e+01 -7.011120e-01 -1.691092e+02
402 4.015000e-01 1 2   5.203779e+01 -7.492065e-01 -1.670465e+02
403 4.025000e-01 1 2   5.170987e+01 -7.853491e-01 -1.648256e+02
404 4.035000e-01 1 2   5.127199e+01 -8.078560e-01 -1.624379e+02
405 4.045000e-01 1 2   5.072901e+01 -8.186794e-01 -1.598826e+02
406 4.055000e-01 1 2   5.008794e+01 -8.218981e-01 -1.571638e+02
407 4.065000e-01 1 2   4.935423e+01 -8.213632e-01 -1.542848e+02
408 4.075000e-01 1 2   4.853189e+01 -8.194695e-01 -1.512468e+02
409 4.085000e-01 1 2   4.762472e+01 -8.175249e-01 -1.480503e+02
410 4.095000e-01 1 2   4.663669e+01 -8.164559e-01 -1.446977e+02
411 4.105000e-01 1 2   4.557218e+01 -8.168708e-01 -1.411934e+02
412 4.115000e-01 1 2   4.443542e+01 -8.184024e-01 -1.375416e+02
413 4.125000e-01 1 2   4.323071e+01 -8.200437e-01 -1.337471e+02
414 4.135000e-01 1 2   4.196372e+01 -8.211052e-01 -1.298183e+02
415 4.145000e-01 1 2   4.064114e+01 -8.209093e-01 -1.257667e+02
416 4.155000e-01 1 2   3.926889e+01 -8.174708e-01 -1.216028e+02
417 4.165000e-01 1 2   3.785304e+01 -8.074007e-01 -1.173387e+02
418 4.175000e-01 1 2   3.639984e+01 -7.866433e-01 -1.129857e+02
419 4.185000e-01 1 2   3.491593e+01 -7.512927e-01 -1.085548e+02
420 4.195000e-01 1 2   3.340883e+01 -6.986241e-01 -1.040587e+02
421 4.205000e-01 1 2   3.188552e+01 -6.268777e-01 -9.950838e+01
422 4.215000e-01 1 2   3.035191e+01 -5.345954e-01 -9.491195e+01
423 4.225000e-01 1 2   2.881444e+01 -4.219343e-01 -9.027899e+01
424 4.235000e-01 1 2   2.727836e+01 -2.889732e-01 -8.561472e+01
425 4.245000e-01 1 2   2.574765e+01 -1.361377e-01 -8.091895e+01
426 4.255000e-01 1 2   2.422425e+01  3.624105e-02 -7.618475e+01
427 4.265000e-01 1 2   2.270749e+01  2.271431e-01 -7.139855e+01
428 4.275000e-01 1 2   2.119715e+01  4.323421e-01 -6.654979e+01
429 4.285000e-01 1 2   1.969750e+01  6.412095e-01 -6.164406e+01
430 4.295000e-01 1 2   1.821906e+01  8.367989e-01 -5.670855e+01
431 4.305000e-01 1 2   1.677755e+01  9.967416e-01 -5.179112e+01
432 4.315000e-01 1 2   1.538919e+01  1.099949e+00 -4.694656e+01
433 4.325000e-01 1 2   1.406415e+01  1.132711e+00 -4.221489e+01
434 4.335000e-01 1 2   1.280216e+01  1.093754e+00 -3.760170e+01
435 4.345000e-01 1 2   1.159173e+01  9.979377e-01 -3.306610e+01
436 4.355000e-01 1 2   1.041466e+01  8.728092e-01 -2.852907e+01
437 4.365000e-01 1 2   9.254810e+00  7.476066e-01 -2.390626e+01
438 4.375000e-01 1 2   8.105397e+00  6.434183e-01 -1.914357e+01
439 4.385000e-01 1 1   6.992562e+00  5.581182e-01 -1.430709e+01
440 4.395000e-01 1 1   5.882452e+00  4.992329e-01 -9.280348e+00
441 4.405000e-01 1 1   4.808365e+00  4.558023e-01 -4.154747e+00
442 4.415000e-01 1 2   3.754244e+00  4.238205e-01  1.106941e+00
443 4.425000e-01 1 2   2.761077e+00  4.008140e-01  6.408204e+00
444 4.435000e-01 1 2   1.805505e+00  3.912812e-01  1.182382e+01
445 4.445000e-01 1 1   9.156621e-01  3.963022e-01  1.729046e+01
446 4.455000e-01 1 2   3.683819e-02  4.070200e-01  2.291384e+01
447 4.465000e-01 1 2  -7.530561e-01  4.198479e-01  2.848866e+01
448 4.475000e-01 1 2  -1.474557e+00  4.288456e-01  3.405775e+01
449 4.485000e-01 1 2  -2.130861e+00  4.366703e-01  3.965248e+01
450 4.495000e-01 1 2  -2.721966e+00  4.485787e-01  4.529576e+01
451 4.505000e-01 1 2  -3.247216e+00  4.680540e-01  5.100286e+01
452 4.515000e-01 1 1  -3.683530e+00  4.989770e-01  5.674856e+01
453 4.525000e-01 1 1  -4.070242e+00  5.327729e-01  6.257351e+01
454 4.535000e-01 1 1  -4.382135e+00  5.679485e-01  6.841258e+01
455 4.545000e-01 1 2  -4.637838e+00  5.998925e-01  7.425535e+01
456 4.555000e-01 1 2  -4.795283e+00  6.314461e-01  8.006495e+01
457 4.565000e-01 1 2  -4.875246e+00  6.627860e-01  8.586568e+01
458 4.575000e-01 1 2  -4.879470e+00  6.952316e-01  9.167337e+01
459 4.585000e-01 1 2  -4.807055e+00  7.311233e-01  9.749560e+01
460 4.595000e-01 1 1  -4.634621e+00  7.726167e-01  1.033416e+02
461 4.605000e-01 1 2  -4.424547e+00  8.167423e-01  1.091507e+02
462 4.615000e-01 1 1  -4.091306e+00  8.665874e-01  1.149688e+02
463 4.625000e-01 1 2  -3.717395e+00  9.183748e-01  1.207158e+02
464 4.635000e-01 1 1  -3.216627e+00  9.758998e-01  1.264754e+02
465 4.645000e-01 1 2  -2.674003e+00  1.034934e+00  1.321779e+02
466 4.655000e-01 1 2  -2.023484e+00  1.098005e+00  1.378913e+02
467 4.665000e-01 1 2  -1.280063e+00  1.163639e+00  1.436005e+02
468 4.675000e-01 1 2  -4.441608e-01  1.230895e+00  1.492842e+02
469 4.685000e-01 1 2   4.850048e-01  1.299548e+00  1.549224e+02
470 4.695000e-01 1 3   1.508145e+00  1.369128e+00  1.604995e+02
471 4.705000e-01 1 5   2.626206e+00  1.439429e+00  1.660097e+02
