#TimeIteration Time SubCycles NewtonSteps Drag CrossFlowLift Lift
0 0.000000e+00 0 0   4.830304e+00  1.311888e-01  4.931866e+01
1 5.000000e-04 1 2   4.841474e+00  1.304623e-01  4.969686e+01
2 1.500000e-03 1 1   4.724560e+00  1.304870e-01  4.594832e+01
3 2.500000e-03 1 2   4.757753e+00  1.285008e-01  4.508365e+01
4 3.500000e-03 1 2   4.813802e+00  1.285687e-01  4.524769e+01
5 4.500000e-03 1 3   4.866568e+00  1.296883e-01  4.538703e+01
6 5.500000e-03 1 2   4.887085e+00  1.308167e-01  4.477803e+01
7 6.500000e-03 1 1   4.897945e+00  1.305308e-01  4.396394e+01
8 7.500000e-03 1 2   4.918379e+00  1.284777e-01  4.337939e+01
9 8.500000e-03 1 2   4.952987e+00  1.252918e-01  4.310944e+01
10 9.500000e-03 1 1   4.993657e+00  1.226345e-01  4.298863e+01
11 1.050000e-02 1 1   5.029270e+00  1.218764e-01  4.280345e+01
12 1.150000e-02 1 2   5.054492e+00  1.231910e-01  4.244604e+01
13 1.250000e-02 1 1   5.072460e+00  1.253422e-01  4.196370e+01
14 1.350000e-02 1 1   5.089986e+00  1.266562e-01  4.148966e+01
15 1.450000e-02 1 2   5.111926e+00  1.259470e-01  4.112038e+01
16 1.550000e-02 1 2   5.137997e+00  1.231655e-01  4.085206e+01
17 1.650000e-02 1 2   5.164064e+00  1.196920e-01  4.060982e+01
18 1.750000e-02 1 2   5.186476e+00  1.173106e-01  4.032353e+01
19 1.850000e-02 1 2   5.204395e+00  1.169665e-01  3.997449e+01
20 1.950000e-02 1 2   5.219356e+00  1.182273e-01  3.958813e+01
21 2.050000e-02 1 2   5.233327e+00  1.197094e-01  3.919802e+01
22 2.150000e-02 1 2   5.247197e+00  1.200658e-01  3.881946e+01
23 2.250000e-02 1 2   5.260606e+00  1.188271e-01  3.844712e+01
24 2.350000e-02 1 2   5.272471e+00  1.166201e-01  3.806365e+01
25 2.450000e-02 1 2   5.281556e+00  1.145824e-01  3.764811e+01
26 2.550000e-02 1 2   5.286871e+00  1.135429e-01  3.718190e+01
27 2.650000e-02 1 1   5.288269e+00  1.134355e-01  3.665692e+01
28 2.750000e-02 1 1   5.286231e+00  1.137487e-01  3.608088e+01
29 2.850000e-02 1 2   5.282193e+00  1.137919e-01  3.547705e+01
30 2.950000e-02 1 2   5.277657e+00  1.129956e-01  3.486781e+01
31 3.050000e-02 1 2   5.272364e+00  1.117124e-01  3.425110e+01
32 3.150000e-02 1 1   5.264993e+00  1.105581e-01  3.360137e+01
33 3.250000e-02 1 2   5.253248e+00  1.101683e-01  3.288480e+01
34 3.350000e-02 1 3   5.236994e+00  1.101978e-01  3.208876e+01
35 3.450000e-02 2 2   5.297532e+00  1.104474e-01  3.291845e+01
36 3.550000e-02 2 2   5.265924e+00  1.100703e-01  3.183267e+01
37 3.650000e-02 1 2   5.124831e+00  1.083996e-01  2.837019e+01
38 3.750000e-02 1 2   5.142772e+00  1.071634e-01  2.825952e+01
39 3.850000e-02 1 2   5.131013e+00  1.055179e-01  2.751283e+01
40 3.950000e-02 1 2   5.104555e+00  1.049816e-01  2.646629e+01
41 4.050000e-02 1 3   5.069904e+00  1.056937e-01  2.524098e+01
42 4.150000e-02 1 2   5.035431e+00  1.067650e-01  2.400198e+01
43 4.250000e-02 1 2   5.003533e+00  1.071233e-01  2.278965e+01
44 4.350000e-02 1 2   4.972968e+00  1.062508e-01  2.156802e+01
45 4.450000e-02 1 2   4.941804e+00  1.044268e-01  2.029096e+01
46 4.550000e-02 1 2   4.909534e+00  1.024971e-01  1.894824e+01
47 4.650000e-02 1 2   4.877273e+00  1.013511e-01  1.756726e+01
48 4.750000e-02 1 2   4.846245e+00  1.013887e-01  1.617584e+01
49 4.850000e-02 1 3   4.816470e+00  1.023457e-01  1.477070e+01
50 4.950000e-02 1 2   4.787041e+00  1.034885e-01  1.332383e+01
51 5.050000e-02 1 2   4.757470e+00  1.040612e-01  1.181707e+01
52 5.150000e-02 1 2   4.728488e+00  1.037164e-01  1.026409e+01
53 5.250000e-02 1 2   4.701503e+00  1.026597e-01  8.698551e+00
54 5.350000e-02 1 5   4.677364e+00  1.015002e-01  7.142551e+00
55 5.450000e-02 1 2   4.655806e+00  1.008478e-01  5.589835e+00
56 5.550000e-02 1 2   4.635958e+00  1.010205e-01  4.016804e+00
57 5.650000e-02 1 2   4.617441e+00  1.018384e-01  2.410659e+00
58 5.750000e-02 1 1   4.601978e+00  1.028449e-01  7.815557e-01
59 5.850000e-02 1 1   4.587975e+00  1.035229e-01 -8.469317e-01
60 5.950000e-02 1 1   4.577110e+00  1.036935e-01 -2.457351e+00
61 6.050000e-02 1 2   4.568006e+00  1.035172e-01 -4.051268e+00
62 6.150000e-02 1 2   4.562650e+00  1.033522e-01 -5.643260e+00
63 6.250000e-02 1 2   4.559614e+00  1.034622e-01 -7.242576e+00
64 6.350000e-02 1 2   4.559054e+00  1.038858e-01 -8.844628e+00
65 6.450000e-02 1 2   4.561386e+00  1.044863e-01 -1.043517e+01
66 6.550000e-02 1 2   4.566782e+00  1.050528e-01 -1.200130e+01
67 6.650000e-02 1 2   4.575075e+00  1.054455e-01 -1.353882e+01
68 6.750000e-02 1 2   4.585979e+00  1.057043e-01 -1.505101e+01
69 6.850000e-02 1 2   4.599369e+00  1.059740e-01 -1.654282e+01
70 6.950000e-02 1 2   4.615318e+00  1.063554e-01 -1.801628e+01
71 7.050000e-02 1 2   4.633949e+00  1.068501e-01 -1.947007e+01
72 7.150000e-02 1 2   4.655248e+00  1.073431e-01 -2.090104e+01
73 7.250000e-02 1 2   4.679040e+00  1.077247e-01 -2.230518e+01
74 7.350000e-02 1 2   4.705101e+00  1.079560e-01 -2.367819e+01
75 7.450000e-02 1 1   4.734167e+00  1.080866e-01 -2.501690e+01
76 7.550000e-02 1 2   4.763567e+00  1.082538e-01 -2.631990e+01
77 7.650000e-02 1 1   4.796761e+00  1.084704e-01 -2.759120e+01
78 7.750000e-02 1 2   4.830484e+00  1.088000e-01 -2.883446e+01
79 7.850000e-02 1 2   4.867081e+00  1.090607e-01 -3.005398e+01
80 7.950000e-02 1 2   4.905759e+00  1.092305e-01 -3.124950e+01
81 8.050000e-02 1 2   4.946397e+00  1.092415e-01 -3.241793e+01
82 8.150000e-02 1 2   4.988969e+00  1.091279e-01 -3.355715e+01
83 8.250000e-02 1 2   5.033463e+00  1.089536e-01 -3.466806e+01
84 8.350000e-02 1 2   5.079894e+00  1.087699e-01 -3.575406e+01
85 8.450000e-02 1 2   5.128311e+00  1.085969e-01 -3.681872e+01
86 8.550000e-02 1 2   5.178800e+00  1.084106e-01 -3.786399e+01
87 8.650000e-02 1 2   5.231438e+00  1.081855e-01 -3.889026e+01
88 8.750000e-02 1 2   5.286298e+00  1.078889e-01 -3.989819e+01
89 8.850000e-02 1 2   5.343441e+00  1.075132e-01 -4.088967e+01
90 8.950000e-02 1 2   5.402933e+00  1.070657e-01 -4.186740e+01
91 9.050000e-02 1 2   5.464844e+00  1.065568e-01 -4.283328e+01
92 9.150000e-02 1 2   5.529235e+00  1.059845e-01 -4.378777e+01
93 9.250000e-02 1 2   5.596157e+00  1.053511e-01 -4.473056e+01
94 9.350000e-02 1 2   5.665660e+00  1.046548e-01 -4.566174e+01
95 9.450000e-02 1 2   5.737823e+00  1.038861e-01 -4.658332e+01
96 9.550000e-02 1 2   5.812752e+00  1.030577e-01 -4.749788e+01
97 9.650000e-02 1 2   5.890561e+00  1.021709e-01 -4.840744e+01
98 9.750000e-02 1 2   5.971330e+00  1.012379e-01 -4.931247e+01
99 9.850000e-02 1 2   6.055144e+00  1.002423e-01 -5.021319e+01
100 9.950000e-02 1 2   6.142070e+00  9.918273e-02 -5.110978e+01
101 1.005000e-01 1 2   6.232191e+00  9.804521e-02 -5.200322e+01
102 1.015000e-01 1 2   6.325601e+00  9.683340e-02 -5.289468e+01
103 1.025000e-01 1 2   6.422403e+00  9.556608e-02 -5.378519e+01
104 1.035000e-01 1 2   6.522699e+00  9.424993e-02 -5.467514e+01
105 1.045000e-01 1 2   6.626556e+00  9.292236e-02 -5.556415e+01
106 1.055000e-01 1 2   6.734089e+00  9.156884e-02 -5.645257e+01
107 1.065000e-01 1 2   6.845455e+00  9.016046e-02 -5.734165e+01
108 1.075000e-01 1 2   6.960779e+00  8.871615e-02 -5.823225e+01
109 1.085000e-01 1 2   7.080220e+00  8.720986e-02 -5.912546e+01
110 1.095000e-01 1 2   7.203819e+00  8.568019e-02 -6.002049e+01
111 1.105000e-01 1 2   7.331604e+00  8.413548e-02 -6.091628e+01
112 1.115000e-01 1 2   7.463609e+00  8.258437e-02 -6.181202e+01
113 1.125000e-01 1 2   7.599911e+00  8.102293e-02 -6.270777e+01
114 1.135000e-01 1 2   7.740576e+00  7.943692e-02 -6.360367e+01
115 1.145000e-01 1 2   7.885654e+00  7.781542e-02 -6.449954e+01
116 1.155000e-01 1 2   8.035175e+00  7.614651e-02 -6.539509e+01
117 1.165000e-01 1 2   8.189094e+00  7.445019e-02 -6.628928e+01
118 1.175000e-01 1 1   8.347667e+00  7.270443e-02 -6.717975e+01
119 1.185000e-01 1 2   8.509655e+00  7.105924e-02 -6.806681e+01
120 1.195000e-01 1 2   8.676018e+00  6.942423e-02 -6.894782e+01
121 1.205000e-01 1 1   8.846626e+00  6.773343e-02 -6.982068e+01
122 1.215000e-01 1 2   9.020136e+00  6.610058e-02 -7.068564e+01
123 1.225000e-01 1 3   9.197476e+00  6.435556e-02 -7.154045e+01
124 1.235000e-01 1 2   9.377906e+00  6.258792e-02 -7.238208e+01
125 1.245000e-01 1 2   9.561031e+00  6.077258e-02 -7.320843e+01
126 1.255000e-01 1 2   9.746512e+00  5.893687e-02 -7.401775e+01
127 1.265000e-01 1 4   9.933958e+00  5.711080e-02 -7.480809e+01
128 1.275000e-01 1 2   1.012291e+01  5.528653e-02 -7.557719e+01
129 1.285000e-01 1 3   1.031285e+01  5.342947e-02 -7.632236e+01
130 1.295000e-01 1 2   1.050317e+01  5.152572e-02 -7.704064e+01
131 1.305000e-01 1 2   1.069324e+01  4.956777e-02 -7.772907e+01
132 1.315000e-01 1 2   1.088241e+01  4.755026e-02 -7.838486e+01
133 1.325000e-01 1 2   1.107000e+01  4.546746e-02 -7.900539e+01
134 1.335000e-01 1 2   1.125531e+01  4.334246e-02 -7.958804e+01
135 1.345000e-01 1 2   1.143761e+01  4.119046e-02 -8.013016e+01
136 1.355000e-01 1 2   1.161612e+01  3.900779e-02 -8.062895e+01
137 1.365000e-01 1 2   1.179001e+01  3.677097e-02 -8.108142e+01
138 1.375000e-01 1 2   1.195842e+01  3.446901e-02 -8.148458e+01
139 1.385000e-01 1 2   1.212052e+01  3.209217e-02 -8.183561e+01
140 1.395000e-01 1 2   1.227545e+01  2.963088e-02 -8.213186e+01
141 1.405000e-01 1 2   1.242235e+01  2.709980e-02 -8.237065e+01
142 1.415000e-01 1 2   1.256038e+01  2.451531e-02 -8.254941e+01
143 1.425000e-01 1 2   1.268873e+01  2.187636e-02 -8.266563e+01
144 1.435000e-01 1 2   1.280657e+01  1.918472e-02 -8.271680e+01
145 1.445000e-01 1 2   1.291312e+01  1.644484e-02 -8.270058e+01
146 1.455000e-01 1 1   1.300784e+01  1.369076e-02 -8.261495e+01
147 1.465000e-01 1 2   1.308956e+01  1.069311e-02 -8.245785e+01
148 1.475000e-01 1 2   1.315790e+01  7.831642e-03 -8.222611e+01
149 1.485000e-01 1 2   1.321218e+01  4.990566e-03 -8.191804e+01
150 1.495000e-01 1 2   1.325191e+01  2.042530e-03 -8.153228e+01
151 1.505000e-01 1 2   1.327658e+01 -9.679623e-04 -8.106701e+01
152 1.515000e-01 1 2   1.328574e+01 -3.983099e-03 -8.052047e+01
153 1.525000e-01 1 2   1.327904e+01 -6.993127e-03 -7.989129e+01
154 1.535000e-01 1 2   1.325621e+01 -9.994608e-03 -7.917822e+01
155 1.545000e-01 1 2   1.321704e+01 -1.297488e-02 -7.838008e+01
156 1.555000e-01 1 2   1.316140e+01 -1.591671e-02 -7.749577e+01
157 1.565000e-01 1 2   1.308923e+01 -1.882053e-02 -7.652453e+01
158 1.575000e-01 1 2   1.300055e+01 -2.162724e-02 -7.546553e+01
159 1.585000e-01 1 2   1.289551e+01 -2.438711e-02 -7.431869e+01
160 1.595000e-01 1 2   1.277431e+01 -2.706219e-02 -7.308375e+01
161 1.605000e-01 1 1   1.263759e+01 -2.961726e-02 -7.176110e+01
162 1.615000e-01 1 2   1.248436e+01 -3.194273e-02 -7.034824e+01
163 1.625000e-01 1 2   1.231654e+01 -3.431140e-02 -6.884929e+01
164 1.635000e-01 1 2   1.213421e+01 -3.654804e-02 -6.726419e+01
165 1.645000e-01 1 2   1.193780e+01 -3.854662e-02 -6.559298e+01
166 1.655000e-01 1 2   1.172793e+01 -4.030216e-02 -6.383660e+01
167 1.665000e-01 1 2   1.150536e+01 -4.184787e-02 -6.199671e+01
168 1.675000e-01 1 2   1.127087e+01 -4.319779e-02 -6.007518e+01
169 1.685000e-01 1 2   1.102527e+01 -4.432612e-02 -5.807376e+01
170 1.695000e-01 1 2   1.076938e+01 -4.522183e-02 -5.599436e+01
171 1.705000e-01 1 2   1.050410e+01 -4.585725e-02 -5.383923e+01
172 1.715000e-01 1 2   1.023034e+01 -4.623214e-02 -5.161091e+01
173 1.725000e-01 1 2   9.949062e+00 -4.632739e-02 -4.931202e+01
174 1.735000e-01 1 2   9.661257e+00 -4.614762e-02 -4.694565e+01
175 1.745000e-01 1 2   9.367875e+00 -4.566911e-02 -4.451454e+01
176 1.755000e-01 1 2   9.069917e+00 -4.491564e-02 -4.202194e+01
177 1.765000e-01 1 2   8.768326e+00 -4.385017e-02 -3.947082e+01
178 1.775000e-01 1 2   8.464058e+00 -4.248109e-02 -3.686448e+01
179 1.785000e-01 1 2   8.158106e+00 -4.083700e-02 -3.420655e+01
180 1.795000e-01 1 2   7.851378e+00 -3.889437e-02 -3.150023e+01
181 1.805000e-01 1 2   7.544792e+00 -3.662674e-02 -2.874894e+01
182 1.815000e-01 1 2   7.239276e+00 -3.410306e-02 -2.595630e+01
183 1.825000e-01 1 2   6.935666e+00 -3.127851e-02 -2.312562e+01
184 1.835000e-01 1 2   6.634788e+00 -2.816504e-02 -2.026027e+01
185 1.845000e-01 1 2   6.337444e+00 -2.476600e-02 -1.736353e+01
186 1.855000e-01 1 2   6.044420e+00 -2.111350e-02 -1.443867e+01
187 1.865000e-01 1 2   5.756445e+00 -1.720542e-02 -1.148874e+01
188 1.875000e-01 1 2   5.474240e+00 -1.304778e-02 -8.516722e+00
189 1.885000e-01 1 2   5.198490e+00 -8.664987e-03 -5.525518e+00
190 1.895000e-01 1 2   4.929864e+00 -4.051438e-03 -2.517910e+00
191 1.905000e-01 1 2   4.669006e+00  7.637990e-04  5.034894e-01
192 1.915000e-01 1 3   4.416526e+00  5.777766e-03  3.536269e+00
193 1.925000e-01 1 2   4.173006e+00  1.096713e-02  6.578131e+00
194 1.935000e-01 1 2   3.939014e+00  1.634649e-02  9.627014e+00
195 1.945000e-01 1 2   3.715129e+00  2.187751e-02  1.268089e+01
196 1.955000e-01 1 2   3.501888e+00  2.754066e-02  1.573798e+01
197 1.965000e-01 1 2   3.299814e+00  3.330866e-02  1.879662e+01
198 1.975000e-01 1 2   3.109418e+00  3.918989e-02  2.185532e+01
199 1.985000e-01 1 2   2.931201e+00  4.514004e-02  2.491268e+01
200 1.995000e-01 1 2   2.765646e+00  5.116960e-02  2.796753e+01
201 2.005000e-01 1 2   2.613233e+00  5.725397e-02  3.101873e+01
202 2.015000e-01 1 2   2.474405e+00  6.336652e-02  3.406532e+01
203 2.025000e-01 1 1   2.353586e+00  6.967704e-02  3.710942e+01
204 2.035000e-01 1 2   2.239389e+00  7.557537e-02  4.014181e+01
205 2.045000e-01 1 2   2.143655e+00  8.171285e-02  4.316925e+01
206 2.055000e-01 1 2   2.063451e+00  8.784266e-02  4.619015e+01
207 2.065000e-01 1 2   1.998867e+00  9.393620e-02  4.920269e+01
208 2.075000e-01 1 5   1.950261e+00  9.998547e-02  5.220636e+01
209 2.085000e-01 1 3   1.917979e+00  1.059837e-01  5.520103e+01
210 2.095000e-01 1 2   1.902357e+00  1.119034e-01  5.818640e+01
211 2.105000e-01 1 2   1.903728e+00  1.177426e-01  6.116212e+01
212 2.115000e-01 1 2   1.922394e+00  1.234936e-01  6.412785e+01
213 2.125000e-01 1 2   1.958627e+00  1.291446e-01  6.708334e+01
214 2.135000e-01 1 2   2.012698e+00  1.346700e-01  7.002827e+01
215 2.145000e-01 1 2   2.084849e+00  1.400840e-01  7.296233e+01
216 2.155000e-01 1 2   2.175334e+00  1.453621e-01  7.588519e+01
217 2.165000e-01 1 1   2.288740e+00  1.507277e-01  7.880157e+01
218 2.175000e-01 1 1   2.416805e+00  1.556870e-01  8.170122e+01
219 2.185000e-01 1 2   2.559058e+00  1.603637e-01  8.458287e+01
220 2.195000e-01 1 2   2.724728e+00  1.650321e-01  8.745731e+01
221 2.205000e-01 1 2   2.910060e+00  1.695164e-01  9.031951e+01
222 2.215000e-01 1 1   3.119335e+00  1.740337e-01  9.317160e+01
223 2.225000e-01 1 2   3.339311e+00  1.780536e-01  9.599898e+01
224 2.235000e-01 1 2   3.582991e+00  1.820832e-01  9.881473e+01
225 2.245000e-01 1 1   3.851578e+00  1.860032e-01  1.016214e+02
226 2.255000e-01 1 2   4.131148e+00  1.894495e-01  1.043998e+02
227 2.265000e-01 1 2   4.434687e+00  1.928401e-01  1.071626e+02
228 2.275000e-01 1 2   4.758751e+00  1.959846e-01  1.099067e+02
229 2.285000e-01 1 2   5.102898e+00  1.989035e-01  1.126291e+02
230 2.295000e-01 1 2   5.467091e+00  2.016226e-01  1.153280e+02
231 2.305000e-01 1 2   5.851315e+00  2.040879e-01  1.180017e+02
232 2.315000e-01 1 2   6.255491e+00  2.062987e-01  1.206484e+02
233 2.325000e-01 1 2   6.679484e+00  2.082158e-01  1.232658e+02
234 2.335000e-01 1 4   7.123088e+00  2.098369e-01  1.258516e+02
235 2.345000e-01 1 2   7.586064e+00  2.112108e-01  1.284035e+02
236 2.355000e-01 1 2   8.068074e+00  2.122635e-01  1.309186e+02
237 2.365000e-01 1 2   8.568725e+00  2.129753e-01  1.333940e+02
238 2.375000e-01 1 2   9.087537e+00  2.134117e-01  1.358268e+02
239 2.385000e-01 1 2   9.623973e+00  2.134864e-01  1.382141e+02
240 2.395000e-01 1 2   1.017739e+01  2.132171e-01  1.405525e+02
241 2.405000e-01 1 2   1.074704e+01  2.125879e-01  1.428388e+02
242 2.415000e-01 1 2   1.133207e+01  2.115965e-01  1.450696e+02
243 2.425000e-01 1 2   1.193153e+01  2.102257e-01  1.472414e+02
244 2.435000e-01 1 2   1.254436e+01  2.084846e-01  1.493505e+02
245 2.445000e-01 1 2   1.316938e+01  2.063295e-01  1.513933e+02
246 2.455000e-01 1 1   1.380889e+01  2.036999e-01  1.533710e+02
247 2.465000e-01 1 1   1.445463e+01  2.005482e-01  1.552722e+02
248 2.475000e-01 1 2   1.510467e+01  1.971779e-01  1.570907e+02
249 2.485000e-01 1 2   1.576411e+01  1.934769e-01  1.588310e+02
250 2.495000e-01 1 1   1.643155e+01  1.891041e-01  1.604911e+02
251 2.505000e-01 1 2   1.709665e+01  1.842204e-01  1.620590e+02
252 2.515000e-01 1 2   1.776455e+01  1.791927e-01  1.635355e+02
253 2.525000e-01 1 2   1.843162e+01  1.737291e-01  1.649167e+02
254 2.535000e-01 2 2   2.071708e+01  1.797624e-01  1.756423e+02
255 2.545000e-01 2 2   2.125709e+01  1.722639e-01  1.759912e+02
256 2.555000e-01 2 2   2.191209e+01  1.641482e-01  1.767671e+02
