#TimeIteration Time SubCycles NewtonSteps Drag CrossFlowLift Lift
0 0.000000e+00 0 0   5.389539e+00  1.463779e-01  5.502858e+01
1 5.000000e-04 1 1   5.401634e+00  1.455354e-01  5.544772e+01
2 1.500000e-03 1 2   5.264725e+00  1.457784e-01  5.095098e+01
3 2.500000e-03 1 2   5.303750e+00  1.431694e-01  4.988141e+01
4 3.500000e-03 1 2   5.374866e+00  1.431809e-01  5.013392e+01
5 4.500000e-03 1 1   5.440182e+00  1.446429e-01  5.032184e+01
6 5.500000e-03 1 1   5.464719e+00  1.459432e-01  4.956884e+01
7 6.500000e-03 1 1   5.477974e+00  1.455025e-01  4.858171e+01
8 7.500000e-03 1 2   5.504351e+00  1.429168e-01  4.790713e+01
9 8.500000e-03 1 2   5.548092e+00  1.391014e-01  4.762019e+01
10 9.500000e-03 1 2   5.598174e+00  1.360383e-01  4.749754e+01
11 1.050000e-02 1 3   5.641521e+00  1.352505e-01  4.728171e+01
12 1.150000e-02 1 2   5.672458e+00  1.368659e-01  4.685931e+01
13 1.250000e-02 1 3   5.695089e+00  1.394411e-01  4.630208e+01
14 1.350000e-02 1 2   5.717891e+00  1.408408e-01  4.576850e+01
15 1.450000e-02 1 2   5.746149e+00  1.396805e-01  4.536227e+01
16 1.550000e-02 1 2   5.778823e+00  1.362303e-01  4.506851e+01
17 1.650000e-02 1 2   5.811135e+00  1.322008e-01  4.479876e+01
18 1.750000e-02 1 2   5.839105e+00  1.295808e-01  4.447704e+01
19 1.850000e-02 1 2   5.861986e+00  1.293284e-01  4.408705e+01
20 1.950000e-02 1 3   5.881555e+00  1.308116e-01  4.365851e+01
21 2.050000e-02 1 2   5.899930e+00  1.323908e-01  4.322680e+01
22 2.150000e-02 1 3   5.918031e+00  1.325548e-01  4.280699e+01
23 2.250000e-02 1 2   5.935422e+00  1.309131e-01  4.239264e+01
24 2.350000e-02 1 2   5.950865e+00  1.282764e-01  4.196449e+01
25 2.450000e-02 1 2   5.962870e+00  1.259776e-01  4.149825e+01
26 2.550000e-02 1 2   5.970226e+00  1.249036e-01  4.097219e+01
27 2.650000e-02 1 2   5.972656e+00  1.249451e-01  4.037777e+01
28 2.750000e-02 1 2   5.971144e+00  1.252602e-01  3.972725e+01
29 2.850000e-02 1 2   5.967404e+00  1.249826e-01  3.904714e+01
30 2.950000e-02 1 2   5.962622e+00  1.238506e-01  3.835770e+01
31 3.050000e-02 1 3   5.956431e+00  1.223241e-01  3.765388e+01
32 3.150000e-02 1 2   5.947046e+00  1.211205e-01  3.690566e+01
33 3.250000e-02 1 3   5.932572e+00  1.206237e-01  3.607912e+01
34 3.350000e-02 1 2   5.912443e+00  1.206279e-01  3.516098e+01
35 3.450000e-02 1 2   5.887784e+00  1.205098e-01  3.416547e+01
36 3.550000e-02 1 2   5.860524e+00  1.197562e-01  3.312005e+01
37 3.650000e-02 1 2   5.832046e+00  1.183388e-01  3.204295e+01
38 3.750000e-02 1 2   5.802518e+00  1.167367e-01  3.093265e+01
39 3.850000e-02 1 2   5.771229e+00  1.155753e-01  2.977424e+01
40 3.950000e-02 1 2   5.737444e+00  1.151906e-01  2.855380e+01
41 4.050000e-02 1 2   5.700989e+00  1.154280e-01  2.726673e+01
42 4.150000e-02 1 2   5.662270e+00  1.157552e-01  2.591614e+01
43 4.250000e-02 1 2   5.621941e+00  1.156257e-01  2.450651e+01
44 4.350000e-02 1 2   5.580649e+00  1.147932e-01  2.304124e+01
45 4.450000e-02 1 2   5.539001e+00  1.134408e-01  2.152511e+01
46 4.550000e-02 1 2   5.497572e+00  1.120614e-01  1.996605e+01
47 4.650000e-02 1 2   5.456791e+00  1.111562e-01  1.837197e+01
48 4.750000e-02 1 2   5.416810e+00  1.109740e-01  1.674500e+01
49 4.850000e-02 1 2   5.377531e+00  1.113956e-01  1.507953e+01
50 4.950000e-02 1 2   5.338880e+00  1.120217e-01  1.336762e+01
51 5.050000e-02 2 3   5.341874e+00  1.128794e-01  1.259452e+01
52 5.150000e-02 2 2   5.297259e+00  1.129287e-01  1.058077e+01
53 5.250000e-02 1 2   5.209095e+00  1.112820e-01  7.422352e+00
54 5.350000e-02 1 3   5.197387e+00  1.109756e-01  6.047499e+00
55 5.450000e-02 1 2   5.174222e+00  1.103400e-01  4.353294e+00
56 5.550000e-02 1 2   5.148196e+00  1.104919e-01  2.486272e+00
57 5.650000e-02 1 2   5.122520e+00  1.113874e-01  5.225110e-01
58 5.750000e-02 1 2   5.100987e+00  1.124766e-01 -1.434227e+00
59 5.850000e-02 1 2   5.084768e+00  1.132197e-01 -3.352488e+00
60 5.950000e-02 1 2   5.073246e+00  1.134176e-01 -5.242379e+00
61 6.050000e-02 1 2   5.065274e+00  1.132661e-01 -7.126425e+00
62 6.150000e-02 1 1   5.061881e+00  1.132331e-01 -9.019457e+00
63 6.250000e-02 1 1   5.060335e+00  1.135973e-01 -1.091947e+01
64 6.350000e-02 1 2   5.061309e+00  1.143962e-01 -1.281452e+01
65 6.450000e-02 1 2   5.068313e+00  1.154785e-01 -1.469338e+01
66 6.550000e-02 1 2   5.079605e+00  1.164322e-01 -1.655274e+01
67 6.650000e-02 1 2   5.094707e+00  1.170428e-01 -1.839098e+01
68 6.750000e-02 1 2   5.113489e+00  1.174164e-01 -2.020410e+01
69 6.850000e-02 1 2   5.136059e+00  1.177695e-01 -2.198704e+01
70 6.950000e-02 1 2   5.162542e+00  1.182740e-01 -2.373811e+01
71 7.050000e-02 1 2   5.192895e+00  1.189515e-01 -2.546030e+01
72 7.150000e-02 1 3   5.226939e+00  1.196946e-01 -2.715711e+01
73 7.250000e-02 1 2   5.264479e+00  1.203547e-01 -2.882750e+01
74 7.350000e-02 1 2   5.305349e+00  1.208509e-01 -3.046533e+01
75 7.450000e-02 1 1   5.350512e+00  1.212007e-01 -3.206428e+01
76 7.550000e-02 1 1   5.397490e+00  1.215057e-01 -3.362012e+01
77 7.650000e-02 1 2   5.446214e+00  1.218356e-01 -3.513452e+01
78 7.750000e-02 1 2   5.498819e+00  1.221881e-01 -3.661315e+01
79 7.850000e-02 1 1   5.555241e+00  1.224906e-01 -3.805946e+01
80 7.950000e-02 1 2   5.612489e+00  1.227254e-01 -3.947267e+01
81 8.050000e-02 1 2   5.673485e+00  1.227809e-01 -4.085588e+01
82 8.150000e-02 1 2   5.737163e+00  1.227352e-01 -4.220817e+01
83 8.250000e-02 1 2   5.803209e+00  1.225810e-01 -4.352735e+01
84 8.350000e-02 1 2   5.871556e+00  1.223522e-01 -4.481213e+01
85 8.450000e-02 1 2   5.942293e+00  1.220673e-01 -4.606309e+01
86 8.550000e-02 1 2   6.015612e+00  1.217225e-01 -4.728372e+01
87 8.650000e-02 1 2   6.091718e+00  1.213014e-01 -4.847989e+01
88 8.750000e-02 1 2   6.170741e+00  1.207898e-01 -4.965686e+01
89 8.850000e-02 1 2   6.252685e+00  1.201862e-01 -5.081609e+01
90 8.950000e-02 1 2   6.337473e+00  1.194822e-01 -5.195491e+01
91 9.050000e-02 1 2   6.425039e+00  1.186744e-01 -5.306984e+01
92 9.150000e-02 1 2   6.515424e+00  1.177598e-01 -5.416037e+01
93 9.250000e-02 1 2   6.608807e+00  1.167363e-01 -5.523033e+01
94 9.350000e-02 1 3   6.705434e+00  1.155914e-01 -5.628578e+01
95 9.450000e-02 1 2   6.805483e+00  1.143453e-01 -5.733018e+01
96 9.550000e-02 1 2   6.909046e+00  1.129890e-01 -5.836452e+01
97 9.650000e-02 1 2   7.016064e+00  1.115659e-01 -5.938556e+01
98 9.750000e-02 1 2   7.126526e+00  1.100656e-01 -6.039213e+01
99 9.850000e-02 1 2   7.240518e+00  1.084596e-01 -6.138556e+01
100 9.950000e-02 1 2   7.358220e+00  1.067337e-01 -6.236919e+01
101 1.005000e-01 1 2   7.479830e+00  1.048868e-01 -6.334608e+01
102 1.015000e-01 1 2   7.605487e+00  1.029140e-01 -6.431727e+01
103 1.025000e-01 1 2   7.735222e+00  1.008728e-01 -6.528167e+01
104 1.035000e-01 1 2   7.869114e+00  9.876748e-02 -6.623910e+01
105 1.045000e-01 1 2   8.007242e+00  9.663752e-02 -6.719010e+01
106 1.055000e-01 1 2   8.149781e+00  9.445307e-02 -6.813668e+01
107 1.065000e-01 1 2   8.296887e+00  9.219773e-02 -6.908038e+01
108 1.075000e-01 1 2   8.448696e+00  8.984289e-02 -7.002190e+01
109 1.085000e-01 1 2   8.605281e+00  8.738071e-02 -7.096079e+01
110 1.095000e-01 1 2   8.766594e+00  8.488677e-02 -7.189538e+01
111 1.105000e-01 1 2   8.932779e+00  8.235023e-02 -7.282661e+01
112 1.115000e-01 1 2   9.103940e+00  7.982459e-02 -7.375541e+01
113 1.125000e-01 1 2   9.280170e+00  7.730456e-02 -7.468245e+01
114 1.135000e-01 1 2   9.461524e+00  7.474168e-02 -7.560777e+01
115 1.145000e-01 1 2   9.647909e+00  7.213016e-02 -7.652972e+01
116 1.155000e-01 1 3   9.839214e+00  6.945917e-02 -7.744665e+01
117 1.165000e-01 1 1   1.003575e+01  6.672171e-02 -7.835720e+01
118 1.175000e-01 1 1   1.023673e+01  6.394714e-02 -7.926297e+01
119 1.185000e-01 1 2   1.044209e+01  6.122754e-02 -8.016411e+01
120 1.195000e-01 1 2   1.065217e+01  5.867657e-02 -8.105558e+01
121 1.205000e-01 1 2   1.086648e+01  5.612065e-02 -8.193648e+01
122 1.215000e-01 1 2   1.108472e+01  5.345866e-02 -8.280581e+01
123 1.225000e-01 1 2   1.130653e+01  5.070411e-02 -8.366145e+01
124 1.235000e-01 1 2   1.153145e+01  4.793071e-02 -8.450095e+01
125 1.245000e-01 1 2   1.175911e+01  4.515037e-02 -8.532247e+01
126 1.255000e-01 1 2   1.198905e+01  4.238402e-02 -8.612416e+01
127 1.265000e-01 1 2   1.222076e+01  3.964915e-02 -8.690360e+01
128 1.275000e-01 1 2   1.245359e+01  3.692871e-02 -8.765765e+01
129 1.285000e-01 1 2   1.268684e+01  3.419671e-02 -8.838283e+01
130 1.295000e-01 1 2   1.291976e+01  3.142879e-02 -8.907596e+01
131 1.305000e-01 1 2   1.315161e+01  2.860001e-02 -8.973422e+01
132 1.315000e-01 1 2   1.338162e+01  2.570480e-02 -9.035480e+01
133 1.325000e-01 1 3   1.360895e+01  2.277284e-02 -9.093464e+01
134 1.335000e-01 1 4   1.383267e+01  1.980947e-02 -9.147031e+01
135 1.345000e-01 1 2   1.405179e+01  1.684287e-02 -9.195809e+01
136 1.355000e-01 1 2   1.426531e+01  1.385487e-02 -9.239455e+01
137 1.365000e-01 1 2   1.447221e+01  1.083902e-02 -9.277637e+01
138 1.375000e-01 1 2   1.467147e+01  7.732134e-03 -9.310048e+01
139 1.385000e-01 1 2   1.486200e+01  4.540756e-03 -9.336344e+01
140 1.395000e-01 1 2   1.504270e+01  1.274995e-03 -9.356184e+01
141 1.405000e-01 1 2   1.521244e+01 -2.044990e-03 -9.369219e+01
142 1.415000e-01 1 2   1.537013e+01 -5.398741e-03 -9.375115e+01
143 1.425000e-01 1 3   1.551470e+01 -8.772318e-03 -9.373567e+01
144 1.435000e-01 1 2   1.564512e+01 -1.217253e-02 -9.364291e+01
145 1.445000e-01 1 2   1.576038e+01 -1.562317e-02 -9.347000e+01
146 1.455000e-01 1 2   1.585948e+01 -1.911953e-02 -9.321391e+01
147 1.465000e-01 1 3   1.594143e+01 -2.267148e-02 -9.287157e+01
148 1.475000e-01 1 3   1.600532e+01 -2.624590e-02 -9.244011e+01
149 1.485000e-01 1 2   1.605034e+01 -2.982669e-02 -9.191699e+01
150 1.495000e-01 1 2   1.607576e+01 -3.338461e-02 -9.129994e+01
151 1.505000e-01 1 5   1.608094e+01 -3.692961e-02 -9.058685e+01
152 1.515000e-01 1 2   1.606529e+01 -4.040417e-02 -8.977552e+01
153 1.525000e-01 1 3   1.602829e+01 -4.385035e-02 -8.886386e+01
154 1.535000e-01 1 2   1.596953e+01 -4.724765e-02 -8.784983e+01
155 1.545000e-01 1 2   1.588869e+01 -5.056668e-02 -8.673169e+01
156 1.555000e-01 1 2   1.578559e+01 -5.378902e-02 -8.550811e+01
157 1.565000e-01 1 2   1.566016e+01 -5.688205e-02 -8.417797e+01
158 1.575000e-01 1 2   1.551245e+01 -5.982529e-02 -8.274034e+01
159 1.585000e-01 1 2   1.534259e+01 -6.258850e-02 -8.119434e+01
160 1.595000e-01 1 2   1.515081e+01 -6.516909e-02 -7.953935e+01
161 1.605000e-01 1 2   1.493747e+01 -6.753286e-02 -7.777481e+01
162 1.615000e-01 1 2   1.470304e+01 -6.967949e-02 -7.590082e+01
163 1.625000e-01 1 2   1.444816e+01 -7.157732e-02 -7.391778e+01
164 1.635000e-01 1 2   1.417353e+01 -7.318738e-02 -7.182619e+01
165 1.645000e-01 1 2   1.387998e+01 -7.449420e-02 -6.962695e+01
166 1.655000e-01 1 5   1.356839e+01 -7.545555e-02 -6.732097e+01
167 1.665000e-01 1 2   1.323978e+01 -7.606158e-02 -6.490963e+01
168 1.675000e-01 1 2   1.289526e+01 -7.631450e-02 -6.239471e+01
169 1.685000e-01 1 2   1.253601e+01 -7.619427e-02 -5.977820e+01
170 1.695000e-01 1 2   1.216332e+01 -7.568897e-02 -5.706243e+01
171 1.705000e-01 1 2   1.177847e+01 -7.476308e-02 -5.424956e+01
172 1.715000e-01 1 2   1.138291e+01 -7.342129e-02 -5.134294e+01
173 1.725000e-01 1 2   1.097807e+01 -7.164321e-02 -4.834535e+01
174 1.735000e-01 1 2   1.056542e+01 -6.939922e-02 -4.526001e+01
175 1.745000e-01 1 2   1.014647e+01 -6.671414e-02 -4.209058e+01
176 1.755000e-01 1 2   9.722777e+00 -6.358523e-02 -3.884076e+01
177 1.765000e-01 1 3   9.295806e+00 -5.993408e-02 -3.551413e+01
178 1.775000e-01 1 2   8.867235e+00 -5.593927e-02 -3.211532e+01
179 1.785000e-01 1 2   8.438470e+00 -5.139556e-02 -2.864783e+01
180 1.795000e-01 1 2   8.011105e+00 -4.644019e-02 -2.511614e+01
181 1.805000e-01 1 2   7.586629e+00 -4.103936e-02 -2.152467e+01
182 1.815000e-01 1 3   7.166507e+00 -3.517489e-02 -1.787776e+01
183 1.825000e-01 1 2   6.752179e+00 -2.888029e-02 -1.417982e+01
184 1.835000e-01 1 2   6.345033e+00 -2.217636e-02 -1.043525e+01
185 1.845000e-01 1 2   5.946403e+00 -1.504419e-02 -6.648297e+00
186 1.855000e-01 1 2   5.557618e+00 -7.532934e-03 -2.823320e+00
187 1.865000e-01 1 2   5.179921e+00  3.543602e-04  1.035470e+00
188 1.875000e-01 1 2   4.814504e+00  8.617426e-03  4.923906e+00
189 1.885000e-01 1 2   4.462532e+00  1.720521e-02  8.837843e+00
190 1.895000e-01 1 2   4.125100e+00  2.614644e-02  1.277347e+01
191 1.905000e-01 1 2   3.803302e+00  3.536557e-02  1.672690e+01
192 1.915000e-01 1 2   3.498112e+00  4.488400e-02  2.069470e+01
193 1.925000e-01 1 2   3.210516e+00  5.463489e-02  2.467331e+01
194 1.935000e-01 1 2   2.941424e+00  6.459518e-02  2.865947e+01
195 1.945000e-01 1 2   2.691741e+00  7.475587e-02  3.265001e+01
196 1.955000e-01 1 2   2.462308e+00  8.505947e-02  3.664189e+01
197 1.965000e-01 1 4   2.253916e+00  9.550478e-02  4.063245e+01
198 1.975000e-01 1 2   2.067335e+00  1.060519e-01  4.461898e+01
199 1.985000e-01 1 2   1.903307e+00  1.166778e-01  4.859900e+01
200 1.995000e-01 1 4   1.762489e+00  1.273640e-01  5.257017e+01
201 2.005000e-01 1 2   1.645529e+00  1.380485e-01  5.653023e+01
202 2.015000e-01 1 2   1.553043e+00  1.487439e-01  6.047724e+01
203 2.025000e-01 1 2   1.485619e+00  1.593709e-01  6.440915e+01
204 2.035000e-01 1 2   1.443791e+00  1.699482e-01  6.832420e+01
205 2.045000e-01 1 2   1.428065e+00  1.803986e-01  7.222061e+01
206 2.055000e-01 1 2   1.438896e+00  1.907355e-01  7.609691e+01
207 2.065000e-01 1 2   1.476708e+00  2.009249e-01  7.995151e+01
208 2.075000e-01 1 2   1.541898e+00  2.109473e-01  8.378304e+01
209 2.085000e-01 1 3   1.634804e+00  2.207294e-01  8.759007e+01
210 2.095000e-01 1 2   1.755724e+00  2.303362e-01  9.137159e+01
211 2.105000e-01 1 2   1.904940e+00  2.396317e-01  9.512615e+01
212 2.115000e-01 1 2   2.082694e+00  2.487116e-01  9.885289e+01
213 2.125000e-01 1 2   2.289194e+00  2.574953e-01  1.025506e+02
214 2.135000e-01 1 2   2.524628e+00  2.659216e-01  1.062180e+02
215 2.145000e-01 1 2   2.789127e+00  2.740747e-01  1.098544e+02
216 2.155000e-01 1 2   3.082830e+00  2.818155e-01  1.134585e+02
217 2.165000e-01 1 2   3.405820e+00  2.892445e-01  1.170296e+02
218 2.175000e-01 1 2   3.758173e+00  2.962082e-01  1.205665e+02
219 2.185000e-01 1 2   4.139893e+00  3.028554e-01  1.240684e+02
220 2.195000e-01 1 2   4.551025e+00  3.090436e-01  1.275340e+02
221 2.205000e-01 1 3   4.991510e+00  3.147997e-01  1.309625e+02
222 2.215000e-01 1 1   5.467977e+00  3.202754e-01  1.343599e+02
223 2.225000e-01 1 1   5.967448e+00  3.250645e-01  1.377102e+02
224 2.235000e-01 1 1   6.495448e+00  3.294491e-01  1.410187e+02
225 2.245000e-01 1 2   7.045976e+00  3.330943e-01  1.442789e+02
226 2.255000e-01 1 2   7.631554e+00  3.364550e-01  1.475037e+02
227 2.265000e-01 1 2   8.246325e+00  3.393435e-01  1.506849e+02
228 2.275000e-01 1 2   8.889237e+00  3.417314e-01  1.538177e+02
229 2.285000e-01 1 2   9.560011e+00  3.436854e-01  1.569013e+02
230 2.295000e-01 1 2   1.025839e+01  3.450659e-01  1.599343e+02
231 2.305000e-01 1 2   1.098395e+01  3.459034e-01  1.629147e+02
232 2.315000e-01 1 2   1.173617e+01  3.462141e-01  1.658401e+02
233 2.325000e-01 1 2   1.251444e+01  3.459209e-01  1.687079e+02
234 2.335000e-01 1 1   1.332399e+01  3.449274e-01  1.715203e+02
235 2.345000e-01 1 2   1.414670e+01  3.437233e-01  1.742589e+02
236 2.355000e-01 1 2   1.499795e+01  3.417431e-01  1.769365e+02
237 2.365000e-01 1 3   1.587269e+01  3.390702e-01  1.795473e+02
238 2.375000e-01 1 2   1.676889e+01  3.359178e-01  1.820854e+02
239 2.385000e-01 1 1   1.769048e+01  3.321764e-01  1.845539e+02
240 2.395000e-01 1 1   1.862621e+01  3.276889e-01  1.869382e+02
241 2.405000e-01 1 2   1.957375e+01  3.226613e-01  1.892335e+02
242 2.415000e-01 1 1   2.054522e+01  3.174151e-01  1.914478e+02
243 2.425000e-01 1 2   2.152342e+01  3.110742e-01  1.935689e+02
244 2.435000e-01 1 1   2.252006e+01  3.046034e-01  1.955992e+02
245 2.445000e-01 2 2   2.573784e+01  3.170921e-01  2.098466e+02
