#TimeIteration Time SubCycles NewtonSteps Drag CrossFlowLift Lift
0 0.000000e+00 0 0   3.350030e+00  8.515615e-02  3.056488e+01
1 5.000000e-04 1 1   3.362367e+00  8.453728e-02  3.089181e+01
2 1.500000e-03 1 2   3.273728e+00  8.524217e-02  2.851807e+01
3 2.500000e-03 1 2   3.297849e+00  8.373600e-02  2.817468e+01
4 3.500000e-03 1 3   3.321519e+00  8.375529e-02  2.824872e+01
5 4.500000e-03 1 2   3.346044e+00  8.422140e-02  2.832560e+01
6 5.500000e-03 1 3   3.353588e+00  8.468313e-02  2.800681e+01
7 6.500000e-03 1 2   3.355655e+00  8.455396e-02  2.757170e+01
8 7.500000e-03 1 1   3.362688e+00  8.362507e-02  2.724764e+01
9 8.500000e-03 1 3   3.376385e+00  8.225811e-02  2.707426e+01
10 9.500000e-03 2 2   3.447998e+00  8.160138e-02  2.854929e+01
11 1.050000e-02 2 2   3.454024e+00  8.113779e-02  2.819576e+01
12 1.150000e-02 1 2   3.383292e+00  8.114335e-02  2.568501e+01
13 1.250000e-02 1 2   3.418407e+00  8.219614e-02  2.619499e+01
14 1.350000e-02 1 2   3.431021e+00  8.287654e-02  2.607604e+01
15 1.450000e-02 1 2   3.436009e+00  8.256873e-02  2.578003e+01
16 1.550000e-02 1 2   3.440772e+00  8.130020e-02  2.548612e+01
17 1.650000e-02 1 2   3.448056e+00  7.967672e-02  2.526333e+01
18 1.750000e-02 1 2   3.455663e+00  7.851934e-02  2.506044e+01
19 1.850000e-02 1 3   3.461499e+00  7.829447e-02  2.483048e+01
20 1.950000e-02 1 2   3.465125e+00  7.885498e-02  2.456327e+01
21 2.050000e-02 1 1   3.467327e+00  7.952732e-02  2.427224e+01
22 2.150000e-02 1 1   3.469098e+00  7.979877e-02  2.397876e+01
23 2.250000e-02 1 1   3.471094e+00  7.936716e-02  2.369585e+01
24 2.350000e-02 1 1   3.473032e+00  7.841121e-02  2.341891e+01
25 2.450000e-02 1 1   3.473988e+00  7.744200e-02  2.312942e+01
26 2.550000e-02 1 1   3.473081e+00  7.687045e-02  2.280797e+01
27 2.650000e-02 1 1   3.470166e+00  7.678417e-02  2.244906e+01
28 2.750000e-02 1 1   3.465921e+00  7.694023e-02  2.206380e+01
29 2.850000e-02 1 1   3.461319e+00  7.700885e-02  2.167063e+01
30 2.950000e-02 1 1   3.456914e+00  7.676784e-02  2.128035e+01
31 3.050000e-02 1 1   3.452478e+00  7.629403e-02  2.088849e+01
32 3.150000e-02 1 2   3.447133e+00  7.586967e-02  2.047904e+01
33 3.250000e-02 1 1   3.440495e+00  7.555330e-02  2.003726e+01
34 3.350000e-02 1 2   3.431962e+00  7.550695e-02  1.955613e+01
35 3.450000e-02 1 2   3.422347e+00  7.546690e-02  1.904415e+01
36 3.550000e-02 1 2   3.412288e+00  7.527080e-02  1.851351e+01
37 3.650000e-02 1 2   3.402310e+00  7.485121e-02  1.797302e+01
38 3.750000e-02 1 2   3.392515e+00  7.430182e-02  1.742355e+01
39 3.850000e-02 1 1   3.382872e+00  7.380586e-02  1.686008e+01
40 3.950000e-02 1 1   3.372715e+00  7.356170e-02  1.627510e+01
41 4.050000e-02 1 1   3.362086e+00  7.355585e-02  1.566612e+01
42 4.150000e-02 1 1   3.351090e+00  7.366906e-02  1.503390e+01
43 4.250000e-02 1 2   3.339649e+00  7.371341e-02  1.438042e+01
44 4.350000e-02 1 2   3.328482e+00  7.352142e-02  1.370894e+01
45 4.450000e-02 1 2   3.317555e+00  7.309791e-02  1.302145e+01
46 4.550000e-02 1 2   3.307011e+00  7.254416e-02  1.232109e+01
47 4.650000e-02 1 2   3.296968e+00  7.204817e-02  1.161156e+01
48 4.750000e-02 1 2   3.287459e+00  7.177035e-02  1.089480e+01
49 4.850000e-02 1 2   3.278409e+00  7.175301e-02  1.016951e+01
50 4.950000e-02 1 2   3.269714e+00  7.190397e-02  9.432544e+00
51 5.050000e-02 1 2   3.261333e+00  7.205270e-02  8.681940e+00
52 5.150000e-02 1 2   3.253354e+00  7.204000e-02  7.919439e+00
53 5.250000e-02 1 2   3.245961e+00  7.180888e-02  7.150572e+00
54 5.350000e-02 1 2   3.239308e+00  7.142460e-02  6.381344e+00
55 5.450000e-02 1 1   3.233891e+00  7.107915e-02  5.614651e+00
56 5.550000e-02 1 2   3.228275e+00  7.084716e-02  4.849846e+00
57 5.650000e-02 1 1   3.224139e+00  7.086567e-02  4.084613e+00
58 5.750000e-02 1 1   3.220105e+00  7.104217e-02  3.317972e+00
59 5.850000e-02 1 1   3.216623e+00  7.119863e-02  2.552576e+00
60 5.950000e-02 1 1   3.213792e+00  7.124567e-02  1.792478e+00
61 6.050000e-02 1 1   3.211658e+00  7.114737e-02  1.042239e+00
62 6.150000e-02 1 1   3.210176e+00  7.094263e-02  3.018552e-01
63 6.250000e-02 1 1   3.209283e+00  7.075711e-02 -4.292515e-01
64 6.350000e-02 1 1   3.208897e+00  7.066865e-02 -1.154467e+00
65 6.450000e-02 1 1   3.209004e+00  7.064267e-02 -1.873121e+00
66 6.550000e-02 1 1   3.209670e+00  7.067284e-02 -2.580759e+00
67 6.650000e-02 1 1   3.210925e+00  7.068325e-02 -3.273587e+00
68 6.750000e-02 1 1   3.212761e+00  7.063136e-02 -3.949646e+00
69 6.850000e-02 1 1   3.215135e+00  7.052802e-02 -4.609605e+00
70 6.950000e-02 1 1   3.217992e+00  7.041569e-02 -5.255791e+00
71 7.050000e-02 1 1   3.221316e+00  7.033000e-02 -5.890089e+00
72 7.150000e-02 1 1   3.225125e+00  7.027190e-02 -6.512340e+00
73 7.250000e-02 1 1   3.229451e+00  7.021512e-02 -7.120558e+00
74 7.350000e-02 1 1   3.234305e+00  7.013780e-02 -7.712373e+00
75 7.450000e-02 1 1   3.239670e+00  7.002198e-02 -8.286683e+00
76 7.550000e-02 1 1   3.245523e+00  6.988324e-02 -8.844132e+00
77 7.650000e-02 1 1   3.251833e+00  6.973553e-02 -9.386156e+00
78 7.750000e-02 1 1   3.258603e+00  6.958650e-02 -9.914169e+00
79 7.850000e-02 1 1   3.265858e+00  6.944097e-02 -1.042884e+01
80 7.950000e-02 1 1   3.273629e+00  6.928890e-02 -1.093064e+01
81 8.050000e-02 1 1   3.281921e+00  6.911315e-02 -1.142043e+01
82 8.150000e-02 1 1   3.290733e+00  6.891600e-02 -1.189923e+01
83 8.250000e-02 1 1   3.300056e+00  6.870220e-02 -1.236826e+01
84 8.350000e-02 1 1   3.309895e+00  6.848143e-02 -1.282816e+01
85 8.450000e-02 1 1   3.320273e+00  6.825138e-02 -1.327936e+01
86 8.550000e-02 1 1   3.331205e+00  6.801936e-02 -1.372234e+01
87 8.650000e-02 1 1   3.342709e+00  6.778711e-02 -1.415823e+01
88 8.750000e-02 1 1   3.354807e+00  6.756253e-02 -1.458861e+01
89 8.850000e-02 1 1   3.367519e+00  6.733625e-02 -1.501536e+01
90 8.950000e-02 1 1   3.380868e+00  6.710888e-02 -1.544001e+01
91 9.050000e-02 1 1   3.394863e+00  6.686374e-02 -1.586310e+01
92 9.150000e-02 1 1   3.409504e+00  6.663187e-02 -1.628427e+01
93 9.250000e-02 1 1   3.424804e+00  6.637784e-02 -1.670351e+01
94 9.350000e-02 1 1   3.440760e+00  6.612392e-02 -1.712112e+01
95 9.450000e-02 1 1   3.457390e+00  6.585987e-02 -1.753817e+01
96 9.550000e-02 1 1   3.474699e+00  6.559143e-02 -1.795559e+01
97 9.650000e-02 1 1   3.492705e+00  6.531852e-02 -1.837401e+01
98 9.750000e-02 1 1   3.511422e+00  6.503876e-02 -1.879372e+01
99 9.850000e-02 1 1   3.530857e+00  6.475852e-02 -1.921467e+01
100 9.950000e-02 1 1   3.551027e+00  6.447575e-02 -1.963695e+01
101 1.005000e-01 1 1   3.571955e+00  6.418458e-02 -2.006114e+01
102 1.015000e-01 1 1   3.593659e+00  6.389057e-02 -2.048746e+01
103 1.025000e-01 1 1   3.616161e+00  6.359079e-02 -2.091596e+01
104 1.035000e-01 1 1   3.639486e+00  6.328414e-02 -2.134647e+01
105 1.045000e-01 1 1   3.663645e+00  6.298226e-02 -2.177845e+01
106 1.055000e-01 1 1   3.688676e+00  6.269408e-02 -2.221195e+01
107 1.065000e-01 1 1   3.714632e+00  6.240476e-02 -2.264758e+01
108 1.075000e-01 1 1   3.741551e+00  6.212495e-02 -2.308561e+01
109 1.085000e-01 1 1   3.769473e+00  6.184758e-02 -2.352612e+01
110 1.095000e-01 1 1   3.798429e+00  6.157404e-02 -2.396864e+01
111 1.105000e-01 1 1   3.828440e+00  6.130149e-02 -2.441253e+01
112 1.115000e-01 1 1   3.859513e+00  6.103917e-02 -2.485691e+01
113 1.125000e-01 1 1   3.891665e+00  6.078149e-02 -2.530132e+01
114 1.135000e-01 1 1   3.924914e+00  6.052645e-02 -2.574560e+01
115 1.145000e-01 1 1   3.959285e+00  6.027608e-02 -2.618969e+01
116 1.155000e-01 1 1   3.994789e+00  6.002521e-02 -2.663350e+01
117 1.165000e-01 1 1   4.031373e+00  5.978231e-02 -2.707514e+01
118 1.175000e-01 1 1   4.069036e+00  5.954133e-02 -2.751415e+01
119 1.185000e-01 1 1   4.107737e+00  5.929204e-02 -2.794982e+01
120 1.195000e-01 1 1   4.147458e+00  5.902870e-02 -2.838211e+01
121 1.205000e-01 1 1   4.188088e+00  5.877977e-02 -2.880902e+01
122 1.215000e-01 1 1   4.229585e+00  5.853612e-02 -2.923019e+01
123 1.225000e-01 1 1   4.271864e+00  5.828720e-02 -2.964439e+01
124 1.235000e-01 1 1   4.314867e+00  5.800391e-02 -3.005164e+01
125 1.245000e-01 1 1   4.358429e+00  5.772203e-02 -3.044965e+01
126 1.255000e-01 1 1   4.402454e+00  5.741653e-02 -3.083777e+01
127 1.265000e-01 1 1   4.446807e+00  5.712049e-02 -3.121522e+01
128 1.275000e-01 1 1   4.491329e+00  5.681928e-02 -3.158068e+01
129 1.285000e-01 1 1   4.535928e+00  5.653023e-02 -3.193303e+01
130 1.295000e-01 1 1   4.580452e+00  5.622329e-02 -3.227252e+01
131 1.305000e-01 1 1   4.624710e+00  5.584190e-02 -3.259728e+01
132 1.315000e-01 1 1   4.668492e+00  5.547226e-02 -3.290586e+01
133 1.325000e-01 1 2   4.711542e+00  5.510497e-02 -3.319805e+01
134 1.335000e-01 1 2   4.753871e+00  5.472324e-02 -3.347169e+01
135 1.345000e-01 1 2   4.795180e+00  5.430213e-02 -3.372623e+01
136 1.355000e-01 1 2   4.835308e+00  5.383987e-02 -3.396137e+01
137 1.365000e-01 1 2   4.874075e+00  5.336153e-02 -3.417630e+01
138 1.375000e-01 1 2   4.911290e+00  5.287426e-02 -3.437009e+01
139 1.385000e-01 1 1   4.946853e+00  5.236167e-02 -3.454185e+01
140 1.395000e-01 1 1   4.980441e+00  5.181241e-02 -3.469141e+01
141 1.405000e-01 1 1   5.011982e+00  5.125835e-02 -3.481799e+01
142 1.415000e-01 1 1   5.041288e+00  5.071860e-02 -3.492041e+01
143 1.425000e-01 1 1   5.068214e+00  5.014795e-02 -3.499809e+01
144 1.435000e-01 1 1   5.092627e+00  4.954787e-02 -3.505052e+01
145 1.445000e-01 1 2   5.114367e+00  4.893581e-02 -3.507719e+01
146 1.455000e-01 1 2   5.133446e+00  4.832137e-02 -3.507787e+01
147 1.465000e-01 1 1   5.149775e+00  4.768254e-02 -3.505247e+01
148 1.475000e-01 1 1   5.163218e+00  4.696232e-02 -3.500090e+01
149 1.485000e-01 1 1   5.173751e+00  4.622791e-02 -3.492264e+01
150 1.495000e-01 1 1   5.181308e+00  4.550557e-02 -3.481702e+01
151 1.505000e-01 1 1   5.185888e+00  4.475639e-02 -3.468414e+01
152 1.515000e-01 1 1   5.187483e+00  4.396994e-02 -3.452395e+01
153 1.525000e-01 1 1   5.186137e+00  4.317057e-02 -3.433663e+01
154 1.535000e-01 1 1   5.181880e+00  4.235350e-02 -3.412221e+01
155 1.545000e-01 1 1   5.174764e+00  4.151327e-02 -3.388085e+01
156 1.555000e-01 1 1   5.164852e+00  4.065570e-02 -3.361279e+01
157 1.565000e-01 1 1   5.152216e+00  3.978296e-02 -3.331818e+01
158 1.575000e-01 1 1   5.136948e+00  3.889267e-02 -3.299739e+01
159 1.585000e-01 1 1   5.119129e+00  3.798958e-02 -3.265058e+01
160 1.595000e-01 1 1   5.098872e+00  3.707650e-02 -3.227824e+01
161 1.605000e-01 1 1   5.076284e+00  3.616583e-02 -3.188078e+01
162 1.615000e-01 1 1   5.051543e+00  3.522294e-02 -3.145932e+01
163 1.625000e-01 1 1   5.024769e+00  3.427132e-02 -3.101446e+01
164 1.635000e-01 1 1   4.996082e+00  3.331595e-02 -3.054672e+01
165 1.645000e-01 1 1   4.965627e+00  3.235918e-02 -3.005691e+01
166 1.655000e-01 1 1   4.933552e+00  3.139910e-02 -2.954600e+01
167 1.665000e-01 1 1   4.900008e+00  3.043689e-02 -2.901503e+01
168 1.675000e-01 1 1   4.865128e+00  2.948023e-02 -2.846493e+01
169 1.685000e-01 1 1   4.829051e+00  2.853064e-02 -2.789669e+01
170 1.695000e-01 1 1   4.791916e+00  2.759173e-02 -2.731154e+01
171 1.705000e-01 1 1   4.753861e+00  2.664827e-02 -2.671053e+01
172 1.715000e-01 1 1   4.714989e+00  2.572894e-02 -2.609483e+01
173 1.725000e-01 1 1   4.675434e+00  2.481840e-02 -2.546562e+01
174 1.735000e-01 1 1   4.635304e+00  2.392632e-02 -2.482420e+01
175 1.745000e-01 1 1   4.594703e+00  2.305148e-02 -2.417175e+01
176 1.755000e-01 1 1   4.553729e+00  2.219371e-02 -2.350947e+01
177 1.765000e-01 1 1   4.512432e+00  2.137129e-02 -2.283820e+01
178 1.775000e-01 1 1   4.470966e+00  2.055861e-02 -2.216004e+01
179 1.785000e-01 1 1   4.429362e+00  1.975001e-02 -2.147567e+01
180 1.795000e-01 1 1   4.387650e+00  1.899698e-02 -2.078585e+01
181 1.805000e-01 1 1   4.345904e+00  1.826848e-02 -2.009169e+01
182 1.815000e-01 1 1   4.304182e+00  1.756103e-02 -1.939433e+01
183 1.825000e-01 1 1   4.262524e+00  1.688077e-02 -1.869470e+01
184 1.835000e-01 1 1   4.220956e+00  1.622774e-02 -1.799348e+01
185 1.845000e-01 1 1   4.179515e+00  1.560513e-02 -1.729152e+01
186 1.855000e-01 1 1   4.138231e+00  1.500877e-02 -1.658952e+01
187 1.865000e-01 1 1   4.097130e+00  1.443587e-02 -1.588807e+01
188 1.875000e-01 1 1   4.056233e+00  1.388488e-02 -1.518763e+01
189 1.885000e-01 1 1   4.015557e+00  1.335508e-02 -1.448860e+01
190 1.895000e-01 1 1   3.975122e+00  1.284757e-02 -1.379130e+01
191 1.905000e-01 1 1   3.934945e+00  1.236255e-02 -1.309589e+01
192 1.915000e-01 1 1   3.895049e+00  1.189492e-02 -1.240257e+01
193 1.925000e-01 1 1   3.855451e+00  1.144377e-02 -1.171137e+01
194 1.935000e-01 1 1   3.816167e+00  1.100249e-02 -1.102233e+01
195 1.945000e-01 1 1   3.777207e+00  1.058320e-02 -1.033515e+01
196 1.955000e-01 1 1   3.738596e+00  1.017026e-02 -9.649772e+00
197 1.965000e-01 1 1   3.700348e+00  9.767691e-03 -8.965939e+00
198 1.975000e-01 1 1   3.662475e+00  9.371277e-03 -8.283292e+00
199 1.985000e-01 1 1   3.624995e+00  8.982671e-03 -7.601569e+00
200 1.995000e-01 1 1   3.587915e+00  8.601645e-03 -6.920195e+00
201 2.005000e-01 1 1   3.551256e+00  8.219101e-03 -6.238868e+00
202 2.015000e-01 1 1   3.515027e+00  7.847774e-03 -5.557095e+00
203 2.025000e-01 1 1   3.479231e+00  7.476504e-03 -4.874224e+00
204 2.035000e-01 1 1   3.443891e+00  7.108747e-03 -4.189859e+00
205 2.045000e-01 1 1   3.409023e+00  6.737660e-03 -3.503570e+00
206 2.055000e-01 1 2   3.374345e+00  6.299429e-03 -2.815332e+00
207 2.065000e-01 1 2   3.340427e+00  5.935247e-03 -2.123654e+00
208 2.075000e-01 1 2   3.307034e+00  5.568780e-03 -1.428384e+00
209 2.085000e-01 1 2   3.274156e+00  5.210068e-03 -7.290391e-01
210 2.095000e-01 1 1   3.242104e+00  4.920373e-03 -2.449668e-02
211 2.105000e-01 1 2   3.210003e+00  4.485217e-03  6.840583e-01
212 2.115000e-01 1 1   3.179056e+00  4.197098e-03  1.398977e+00
213 2.125000e-01 1 2   3.148095e+00  3.758103e-03  2.118829e+00
214 2.135000e-01 1 2   3.118055e+00  3.378181e-03  2.844696e+00
215 2.145000e-01 1 2   3.088686e+00  3.003125e-03  3.576919e+00
216 2.155000e-01 1 1   3.060330e+00  2.703468e-03  4.316360e+00
217 2.165000e-01 1 1   3.032350e+00  2.330994e-03  5.062428e+00
218 2.175000e-01 1 1   3.005099e+00  1.961191e-03  5.815278e+00
219 2.185000e-01 1 1   2.978655e+00  1.584086e-03  6.574961e+00
220 2.195000e-01 1 1   2.953075e+00  1.188853e-03  7.340762e+00
221 2.205000e-01 1 1   2.928382e+00  8.129830e-04  8.113288e+00
222 2.215000e-01 1 2   2.904245e+00  3.810542e-04  8.891836e+00
223 2.225000e-01 1 2   2.881523e+00 -1.758683e-06  9.675990e+00
224 2.235000e-01 1 1   2.860317e+00 -3.052949e-04  1.046571e+01
225 2.245000e-01 1 5   2.839380e+00 -7.249314e-04  1.126124e+01
226 2.255000e-01 1 3   2.820021e+00 -1.062730e-03  1.206106e+01
227 2.265000e-01 1 1   2.802401e+00 -1.420515e-03  1.286550e+01
228 2.275000e-01 1 2   2.785235e+00 -1.770751e-03  1.367101e+01
229 2.285000e-01 1 2   2.769807e+00 -2.099445e-03  1.448062e+01
230 2.295000e-01 1 2   2.755864e+00 -2.434307e-03  1.529199e+01
231 2.305000e-01 1 2   2.743435e+00 -2.761121e-03  1.610342e+01
232 2.315000e-01 1 2   2.732559e+00 -3.085323e-03  1.691405e+01
233 2.325000e-01 1 2   2.723284e+00 -3.410302e-03  1.772308e+01
234 2.335000e-01 1 2   2.715655e+00 -3.732229e-03  1.852937e+01
235 2.345000e-01 1 2   2.709713e+00 -4.058326e-03  1.933162e+01
236 2.355000e-01 1 2   2.705486e+00 -4.382752e-03  2.012850e+01
237 2.365000e-01 1 1   2.703498e+00 -4.681283e-03  2.091958e+01
238 2.375000e-01 1 1   2.702771e+00 -5.014192e-03  2.170200e+01
239 2.385000e-01 1 1   2.703762e+00 -5.360382e-03  2.247506e+01
240 2.395000e-01 1 2   2.706013e+00 -5.741797e-03  2.323654e+01
241 2.405000e-01 1 2   2.710492e+00 -6.104234e-03  2.398616e+01
242 2.415000e-01 1 2   2.716703e+00 -6.458978e-03  2.472198e+01
243 2.425000e-01 1 2   2.724556e+00 -6.796515e-03  2.544275e+01
244 2.435000e-01 1 2   2.734000e+00 -7.139915e-03  2.614735e+01
245 2.445000e-01 1 2   2.744969e+00 -7.484813e-03  2.683446e+01
246 2.455000e-01 1 2   2.757387e+00 -7.839440e-03  2.750269e+01
247 2.465000e-01 1 2   2.771164e+00 -8.208237e-03  2.815078e+01
248 2.475000e-01 1 2   2.786201e+00 -8.591678e-03  2.877758e+01
249 2.485000e-01 1 1   2.802787e+00 -8.976414e-03  2.938250e+01
250 2.495000e-01 1 1   2.820009e+00 -9.404135e-03  2.996394e+01
251 2.505000e-01 1 1   2.838113e+00 -9.858123e-03  3.052101e+01
252 2.515000e-01 1 1   2.857019e+00 -1.034455e-02  3.105280e+01
253 2.525000e-01 1 2   2.876279e+00 -1.086263e-02  3.155785e+01
254 2.535000e-01 1 2   2.896392e+00 -1.139116e-02  3.203618e+01
255 2.545000e-01 1 2   2.916915e+00 -1.193132e-02  3.248688e+01
256 2.555000e-01 1 2   2.937679e+00 -1.248152e-02  3.290939e+01
257 2.565000e-01 1 2   2.958554e+00 -1.304855e-02  3.330336e+01
258 2.575000e-01 1 1   2.979626e+00 -1.363540e-02  3.366875e+01
259 2.585000e-01 1 1   3.000323e+00 -1.426489e-02  3.400436e+01
260 2.595000e-01 1 1   3.020738e+00 -1.493445e-02  3.431022e+01
261 2.605000e-01 1 1   3.040792e+00 -1.563751e-02  3.458593e+01
262 2.615000e-01 1 1   3.060362e+00 -1.637932e-02  3.483127e+01
263 2.625000e-01 1 1   3.079341e+00 -1.714641e-02  3.504609e+01
264 2.635000e-01 1 1   3.097639e+00 -1.793220e-02  3.523047e+01
265 2.645000e-01 1 1   3.115168e+00 -1.874734e-02  3.538444e+01
266 2.655000e-01 1 1   3.131848e+00 -1.958694e-02  3.550798e+01
267 2.665000e-01 1 1   3.147607e+00 -2.044819e-02  3.560117e+01
268 2.675000e-01 1 1   3.162386e+00 -2.133235e-02  3.566414e+01
269 2.685000e-01 1 2   3.176089e+00 -2.225568e-02  3.569682e+01
270 2.695000e-01 1 2   3.188770e+00 -2.317898e-02  3.569971e+01
271 2.705000e-01 1 2   3.200347e+00 -2.411020e-02  3.567294e+01
272 2.715000e-01 1 1   3.210807e+00 -2.504034e-02  3.561699e+01
273 2.725000e-01 1 2   3.220072e+00 -2.603449e-02  3.553197e+01
274 2.735000e-01 1 2   3.228191e+00 -2.703008e-02  3.541819e+01
275 2.745000e-01 1 2   3.235161e+00 -2.802498e-02  3.527625e+01
276 2.755000e-01 1 1   3.240957e+00 -2.902714e-02  3.510598e+01
277 2.765000e-01 1 1   3.245657e+00 -3.005276e-02  3.490961e+01
278 2.775000e-01 1 1   3.249257e+00 -3.108437e-02  3.468665e+01
279 2.785000e-01 1 2   3.251730e+00 -3.210112e-02  3.443621e+01
280 2.795000e-01 1 1   3.253241e+00 -3.316591e-02  3.416168e+01
281 2.805000e-01 1 2   3.253642e+00 -3.416400e-02  3.385983e+01
282 2.815000e-01 1 2   3.253128e+00 -3.519653e-02  3.353438e+01
283 2.825000e-01 1 2   3.251719e+00 -3.622785e-02  3.318546e+01
284 2.835000e-01 1 2   3.249445e+00 -3.724069e-02  3.281302e+01
285 2.845000e-01 1 2   3.246361e+00 -3.824459e-02  3.241778e+01
286 2.855000e-01 1 2   3.242530e+00 -3.923944e-02  3.200052e+01
287 2.865000e-01 1 2   3.238016e+00 -4.022531e-02  3.156199e+01
288 2.875000e-01 1 2   3.232872e+00 -4.119661e-02  3.110280e+01
289 2.885000e-01 1 2   3.227156e+00 -4.215217e-02  3.062357e+01
290 2.895000e-01 1 2   3.220923e+00 -4.309046e-02  3.012491e+01
291 2.905000e-01 1 2   3.214227e+00 -4.401042e-02  2.960747e+01
292 2.915000e-01 1 2   3.207124e+00 -4.491087e-02  2.907185e+01
293 2.925000e-01 1 2   3.199659e+00 -4.579119e-02  2.851860e+01
294 2.935000e-01 1 2   3.191881e+00 -4.664693e-02  2.794829e+01
295 2.945000e-01 1 2   3.183833e+00 -4.748143e-02  2.736146e+01
296 2.955000e-01 1 2   3.175555e+00 -4.829194e-02  2.675861e+01
297 2.965000e-01 1 1   3.167305e+00 -4.904677e-02  2.614029e+01
298 2.975000e-01 1 1   3.158661e+00 -4.976552e-02  2.550524e+01
299 2.985000e-01 1 1   3.149923e+00 -5.050483e-02  2.485654e+01
300 2.995000e-01 1 1   3.141106e+00 -5.120753e-02  2.419372e+01
301 3.005000e-01 1 1   3.132225e+00 -5.186742e-02  2.351697e+01
302 3.015000e-01 1 1   3.123306e+00 -5.249823e-02  2.282641e+01
303 3.025000e-01 1 1   3.114384e+00 -5.310493e-02  2.212254e+01
304 3.035000e-01 1 1   3.105481e+00 -5.368496e-02  2.140551e+01
305 3.045000e-01 1 1   3.096632e+00 -5.423616e-02  2.067560e+01
306 3.055000e-01 1 1   3.087866e+00 -5.475694e-02  1.993290e+01
307 3.065000e-01 1 1   3.079216e+00 -5.524727e-02  1.917757e+01
308 3.075000e-01 1 1   3.070718e+00 -5.570805e-02  1.840964e+01
309 3.085000e-01 1 1   3.062406e+00 -5.612886e-02  1.762932e+01
310 3.095000e-01 1 1   3.054331e+00 -5.653327e-02  1.683712e+01
311 3.105000e-01 1 1   3.046528e+00 -5.690902e-02  1.603278e+01
312 3.115000e-01 1 2   3.038609e+00 -5.726531e-02  1.521715e+01
313 3.125000e-01 1 2   3.031478e+00 -5.759407e-02  1.438912e+01
314 3.135000e-01 1 2   3.024795e+00 -5.786443e-02  1.354885e+01
315 3.145000e-01 1 2   3.018599e+00 -5.811254e-02  1.269653e+01
316 3.155000e-01 1 2   3.012964e+00 -5.834046e-02  1.183217e+01
317 3.165000e-01 1 2   3.007969e+00 -5.853520e-02  1.095581e+01
318 3.175000e-01 1 2   3.003693e+00 -5.869400e-02  1.006749e+01
319 3.185000e-01 1 2   3.000221e+00 -5.881782e-02  9.167268e+00
320 3.195000e-01 1 2   2.997645e+00 -5.891418e-02  8.255135e+00
321 3.205000e-01 1 2   2.996062e+00 -5.897883e-02  7.331130e+00
322 3.215000e-01 1 2   2.995575e+00 -5.901182e-02  6.395258e+00
323 3.225000e-01 1 2   2.996292e+00 -5.901549e-02  5.447505e+00
324 3.235000e-01 1 2   2.998327e+00 -5.898861e-02  4.487868e+00
325 3.245000e-01 1 2   3.001799e+00 -5.893233e-02  3.516344e+00
326 3.255000e-01 1 2   3.006837e+00 -5.884305e-02  2.533032e+00
327 3.265000e-01 1 2   3.013565e+00 -5.872481e-02  1.537942e+00
328 3.275000e-01 1 2   3.022110e+00 -5.857789e-02  5.310788e-01
329 3.285000e-01 1 2   3.032612e+00 -5.839908e-02 -4.873738e-01
330 3.295000e-01 1 1   3.045948e+00 -5.820704e-02 -1.517805e+00
331 3.305000e-01 1 1   3.060814e+00 -5.792831e-02 -2.560556e+00
332 3.315000e-01 1 1   3.078004e+00 -5.765357e-02 -3.613752e+00
333 3.325000e-01 1 1   3.097706e+00 -5.733062e-02 -4.678040e+00
334 3.335000e-01 1 1   3.120044e+00 -5.696217e-02 -5.753122e+00
335 3.345000e-01 1 1   3.145143e+00 -5.655004e-02 -6.838771e+00
336 3.355000e-01 1 2   3.172284e+00 -5.609755e-02 -7.934216e+00
337 3.365000e-01 1 1   3.204099e+00 -5.567506e-02 -9.038696e+00
338 3.375000e-01 1 1   3.238278e+00 -5.515479e-02 -1.015360e+01
339 3.385000e-01 1 1   3.275641e+00 -5.463914e-02 -1.127798e+01
340 3.395000e-01 1 1   3.316349e+00 -5.408183e-02 -1.241060e+01
341 3.405000e-01 1 1   3.360494e+00 -5.347684e-02 -1.355050e+01
342 3.415000e-01 1 1   3.408150e+00 -5.284579e-02 -1.469729e+01
343 3.425000e-01 1 1   3.459389e+00 -5.216324e-02 -1.585024e+01
344 3.435000e-01 1 1   3.514269e+00 -5.145381e-02 -1.700834e+01
345 3.445000e-01 1 1   3.572839e+00 -5.070564e-02 -1.817105e+01
346 3.455000e-01 1 1   3.635125e+00 -4.992603e-02 -1.933704e+01
347 3.465000e-01 1 1   3.701133e+00 -4.911406e-02 -2.050497e+01
348 3.475000e-01 1 1   3.770897e+00 -4.827205e-02 -2.167462e+01
349 3.485000e-01 1 1   3.844387e+00 -4.739836e-02 -2.284462e+01
350 3.495000e-01 1 1   3.921547e+00 -4.650362e-02 -2.401264e+01
351 3.505000e-01 1 1   4.002368e+00 -4.557817e-02 -2.517845e+01
352 3.515000e-01 1 1   4.086757e+00 -4.464347e-02 -2.634021e+01
353 3.525000e-01 1 1   4.174631e+00 -4.368785e-02 -2.749624e+01
354 3.535000e-01 1 1   4.265927e+00 -4.272377e-02 -2.864617e+01
355 3.545000e-01 1 1   4.360515e+00 -4.175499e-02 -2.978805e+01
356 3.555000e-01 1 1   4.458251e+00 -4.077785e-02 -3.092037e+01
357 3.565000e-01 1 1   4.558965e+00 -3.980217e-02 -3.204098e+01
358 3.575000e-01 1 1   4.662549e+00 -3.883117e-02 -3.314938e+01
359 3.585000e-01 1 1   4.768812e+00 -3.788049e-02 -3.424399e+01
360 3.595000e-01 1 1   4.877552e+00 -3.694614e-02 -3.532309e+01
361 3.605000e-01 1 1   4.988571e+00 -3.602007e-02 -3.638529e+01
362 3.615000e-01 1 1   5.101676e+00 -3.513037e-02 -3.742952e+01
363 3.625000e-01 1 1   5.216650e+00 -3.427131e-02 -3.845446e+01
364 3.635000e-01 1 1   5.333218e+00 -3.343865e-02 -3.945812e+01
365 3.645000e-01 1 1   5.451130e+00 -3.263793e-02 -4.043886e+01
366 3.655000e-01 1 1   5.570246e+00 -3.190145e-02 -4.139695e+01
367 3.665000e-01 1 2   5.689452e+00 -3.119831e-02 -4.233103e+01
368 3.675000e-01 1 1   5.810975e+00 -3.062146e-02 -4.323877e+01
369 3.685000e-01 1 1   5.932012e+00 -3.004522e-02 -4.411905e+01
370 3.695000e-01 1 2   6.052443e+00 -2.953820e-02 -4.497209e+01
371 3.705000e-01 1 2   6.173649e+00 -2.912457e-02 -4.579722e+01
372 3.715000e-01 1 3   6.294473e+00 -2.879523e-02 -4.659219e+01
373 3.725000e-01 1 1   6.415280e+00 -2.861584e-02 -4.735647e+01
374 3.735000e-01 1 1   6.534543e+00 -2.851085e-02 -4.808997e+01
375 3.745000e-01 1 2   6.652160e+00 -2.840149e-02 -4.879229e+01
376 3.755000e-01 1 2   6.769095e+00 -2.837645e-02 -4.946246e+01
377 3.765000e-01 1 1   6.884907e+00 -2.852623e-02 -5.009914e+01
378 3.775000e-01 1 1   6.998263e+00 -2.876539e-02 -5.070183e+01
379 3.785000e-01 1 1   7.109611e+00 -2.906622e-02 -5.127132e+01
380 3.795000e-01 1 1   7.218798e+00 -2.946956e-02 -5.180764e+01
381 3.805000e-01 1 1   7.325451e+00 -2.994604e-02 -5.230916e+01
382 3.815000e-01 1 1   7.429353e+00 -3.050840e-02 -5.277555e+01
383 3.825000e-01 1 1   7.530360e+00 -3.117681e-02 -5.320715e+01
384 3.835000e-01 1 1   7.628293e+00 -3.194633e-02 -5.360402e+01
385 3.845000e-01 1 1   7.722960e+00 -3.281097e-02 -5.396603e+01
386 3.855000e-01 1 1   7.814226e+00 -3.379761e-02 -5.429365e+01
387 3.865000e-01 1 1   7.901855e+00 -3.486121e-02 -5.458643e+01
388 3.875000e-01 1 1   7.985720e+00 -3.600616e-02 -5.484460e+01
389 3.885000e-01 1 1   8.065678e+00 -3.721817e-02 -5.506836e+01
390 3.895000e-01 1 1   8.141597e+00 -3.850968e-02 -5.525796e+01
391 3.905000e-01 1 1   8.213365e+00 -3.987617e-02 -5.541376e+01
392 3.915000e-01 1 1   8.280897e+00 -4.131502e-02 -5.553626e+01
393 3.925000e-01 1 1   8.344114e+00 -4.283317e-02 -5.562608e+01
394 3.935000e-01 1 1   8.402837e+00 -4.439055e-02 -5.568302e+01
395 3.945000e-01 1 1   8.457057e+00 -4.601411e-02 -5.570792e+01
396 3.955000e-01 1 1   8.506622e+00 -4.764738e-02 -5.570064e+01
397 3.965000e-01 1 1   8.551611e+00 -4.936410e-02 -5.566267e+01
398 3.975000e-01 1 1   8.591868e+00 -5.110553e-02 -5.559386e+01
399 3.985000e-01 1 1   8.627321e+00 -5.287353e-02 -5.549441e+01
400 3.995000e-01 1 1   8.658048e+00 -5.468185e-02 -5.536566e+01
401 4.005000e-01 1 1   8.683958e+00 -5.651549e-02 -5.520766e+01
402 4.015000e-01 1 1   8.705011e+00 -5.837289e-02 -5.502074e+01
403 4.025000e-01 1 1   8.721215e+00 -6.023816e-02 -5.480550e+01
404 4.035000e-01 1 1   8.732560e+00 -6.211847e-02 -5.456243e+01
405 4.045000e-01 1 1   8.739116e+00 -6.403424e-02 -5.429240e+01
406 4.055000e-01 1 1   8.740709e+00 -6.592530e-02 -5.399475e+01
407 4.065000e-01 1 1   8.737405e+00 -6.781354e-02 -5.367025e+01
408 4.075000e-01 1 1   8.729269e+00 -6.970900e-02 -5.331962e+01
409 4.085000e-01 1 1   8.716258e+00 -7.159447e-02 -5.294286e+01
410 4.095000e-01 1 1   8.698401e+00 -7.347282e-02 -5.254035e+01
411 4.105000e-01 1 1   8.675681e+00 -7.533180e-02 -5.211210e+01
412 4.115000e-01 1 1   8.648063e+00 -7.715346e-02 -5.165786e+01
413 4.125000e-01 1 1   8.615777e+00 -7.899862e-02 -5.117924e+01
414 4.135000e-01 1 1   8.578719e+00 -8.081487e-02 -5.067554e+01
415 4.145000e-01 1 1   8.536875e+00 -8.259337e-02 -5.014649e+01
416 4.155000e-01 1 1   8.490316e+00 -8.434709e-02 -4.959239e+01
417 4.165000e-01 1 1   8.439140e+00 -8.608740e-02 -4.901373e+01
418 4.175000e-01 1 2   8.383271e+00 -8.781958e-02 -4.841044e+01
419 4.185000e-01 1 1   8.323009e+00 -8.949207e-02 -4.778206e+01
420 4.195000e-01 1 1   8.258135e+00 -9.112510e-02 -4.712892e+01
421 4.205000e-01 1 1   8.188769e+00 -9.270913e-02 -4.645071e+01
422 4.215000e-01 1 1   8.114968e+00 -9.425832e-02 -4.574736e+01
423 4.225000e-01 1 1   8.036830e+00 -9.577251e-02 -4.501910e+01
424 4.235000e-01 1 1   7.954443e+00 -9.724602e-02 -4.426600e+01
425 4.245000e-01 1 1   7.867854e+00 -9.867415e-02 -4.348787e+01
426 4.255000e-01 1 1   7.777154e+00 -1.000520e-01 -4.268480e+01
427 4.265000e-01 1 1   7.682410e+00 -1.013815e-01 -4.185666e+01
428 4.275000e-01 1 1   7.583727e+00 -1.026577e-01 -4.100358e+01
429 4.285000e-01 1 1   7.481192e+00 -1.038857e-01 -4.012552e+01
430 4.295000e-01 1 1   7.374907e+00 -1.050603e-01 -3.922255e+01
431 4.305000e-01 1 1   7.265006e+00 -1.061714e-01 -3.829491e+01
432 4.315000e-01 1 1   7.151543e+00 -1.072434e-01 -3.734233e+01
433 4.325000e-01 1 1   7.034725e+00 -1.082356e-01 -3.636549e+01
434 4.335000e-01 1 1   6.914618e+00 -1.092141e-01 -3.536410e+01
435 4.345000e-01 1 1   6.791349e+00 -1.101120e-01 -3.433832e+01
436 4.355000e-01 1 1   6.665031e+00 -1.109309e-01 -3.328807e+01
437 4.365000e-01 1 1   6.535832e+00 -1.116745e-01 -3.221361e+01
438 4.375000e-01 1 1   6.403929e+00 -1.123601e-01 -3.111529e+01
439 4.385000e-01 1 1   6.269481e+00 -1.129721e-01 -2.999330e+01
440 4.395000e-01 1 1   6.132688e+00 -1.135383e-01 -2.884805e+01
441 4.405000e-01 1 1   5.993709e+00 -1.140028e-01 -2.767961e+01
442 4.415000e-01 1 1   5.852747e+00 -1.144169e-01 -2.648837e+01
443 4.425000e-01 1 1   5.710035e+00 -1.147750e-01 -2.527484e+01
444 4.435000e-01 1 1   5.565735e+00 -1.150090e-01 -2.403894e+01
445 4.445000e-01 1 1   5.420222e+00 -1.152499e-01 -2.278217e+01
446 4.455000e-01 1 1   5.273587e+00 -1.153771e-01 -2.150398e+01
447 4.465000e-01 1 1   5.126112e+00 -1.154232e-01 -2.020495e+01
448 4.475000e-01 1 1   4.978048e+00 -1.153772e-01 -1.888554e+01
449 4.485000e-01 1 1   4.829699e+00 -1.152498e-01 -1.754656e+01
450 4.495000e-01 1 1   4.681352e+00 -1.150505e-01 -1.618872e+01
451 4.505000e-01 1 1   4.533280e+00 -1.147955e-01 -1.481255e+01
452 4.515000e-01 1 1   4.385738e+00 -1.144213e-01 -1.341857e+01
453 4.525000e-01 1 1   4.239022e+00 -1.139584e-01 -1.200727e+01
454 4.535000e-01 1 1   4.093577e+00 -1.134715e-01 -1.058091e+01
455 4.545000e-01 1 1   3.949621e+00 -1.128794e-01 -9.139781e+00
456 4.555000e-01 1 1   3.807424e+00 -1.121982e-01 -7.684206e+00
457 4.565000e-01 1 1   3.667219e+00 -1.113615e-01 -6.214523e+00
458 4.575000e-01 1 1   3.529443e+00 -1.105081e-01 -4.732986e+00
459 4.585000e-01 1 1   3.394315e+00 -1.095185e-01 -3.239969e+00
460 4.595000e-01 1 1   3.262144e+00 -1.084633e-01 -1.736677e+00
461 4.605000e-01 1 1   3.133235e+00 -1.073236e-01 -2.243957e-01
462 4.615000e-01 1 1   3.007870e+00 -1.060885e-01  1.295362e+00
463 4.625000e-01 1 1   2.886267e+00 -1.047614e-01  2.822082e+00
464 4.635000e-01 1 1   2.768692e+00 -1.033514e-01  4.354226e+00
465 4.645000e-01 1 1   2.655357e+00 -1.018523e-01  5.890935e+00
466 4.655000e-01 1 1   2.546593e+00 -1.003065e-01  7.429437e+00
467 4.665000e-01 1 1   2.442489e+00 -9.865552e-02  8.969599e+00
468 4.675000e-01 1 1   2.343297e+00 -9.693750e-02  1.050923e+01
469 4.685000e-01 1 1   2.249014e+00 -9.511161e-02  1.204953e+01
470 4.695000e-01 1 1   2.160036e+00 -9.326077e-02  1.358555e+01
471 4.705000e-01 1 1   2.076378e+00 -9.135735e-02  1.511704e+01
472 4.715000e-01 1 1   1.998073e+00 -8.933242e-02  1.664363e+01
473 4.725000e-01 1 1   1.925243e+00 -8.725667e-02  1.816361e+01
474 4.735000e-01 1 1   1.857949e+00 -8.511075e-02  1.967556e+01
475 4.745000e-01 1 2   1.794558e+00 -8.301611e-02  2.117586e+01
476 4.755000e-01 1 1   1.740119e+00 -8.070622e-02  2.266868e+01
477 4.765000e-01 1 1   1.689769e+00 -7.844715e-02  2.414700e+01
478 4.775000e-01 1 2   1.643136e+00 -7.620853e-02  2.560978e+01
479 4.785000e-01 1 2   1.603717e+00 -7.387693e-02  2.705961e+01
480 4.795000e-01 1 2   1.569924e+00 -7.151746e-02  2.849316e+01
481 4.805000e-01 1 2   1.541549e+00 -6.911671e-02  2.990874e+01
482 4.815000e-01 1 2   1.518497e+00 -6.671035e-02  3.130561e+01
483 4.825000e-01 1 2   1.500671e+00 -6.430348e-02  3.268270e+01
484 4.835000e-01 1 2   1.487978e+00 -6.191593e-02  3.403864e+01
485 4.845000e-01 1 2   1.480300e+00 -5.954061e-02  3.537213e+01
486 4.855000e-01 1 2   1.477509e+00 -5.719572e-02  3.668200e+01
487 4.865000e-01 1 2   1.479467e+00 -5.488058e-02  3.796717e+01
488 4.875000e-01 1 2   1.486032e+00 -5.261088e-02  3.922654e+01
489 4.885000e-01 1 2   1.497052e+00 -5.038772e-02  4.045909e+01
490 4.895000e-01 1 2   1.512365e+00 -4.822189e-02  4.166379e+01
491 4.905000e-01 1 1   1.533213e+00 -4.606813e-02  4.284175e+01
492 4.915000e-01 1 1   1.556579e+00 -4.405068e-02  4.398853e+01
493 4.925000e-01 1 1   1.583632e+00 -4.208592e-02  4.510435e+01
494 4.935000e-01 1 1   1.614321e+00 -4.024227e-02  4.618888e+01
495 4.945000e-01 1 1   1.648444e+00 -3.847121e-02  4.724128e+01
496 4.955000e-01 1 1   1.685805e+00 -3.679343e-02  4.826046e+01
497 4.965000e-01 1 1   1.726224e+00 -3.520547e-02  4.924589e+01
498 4.975000e-01 1 1   1.769494e+00 -3.371409e-02  5.019709e+01
499 4.985000e-01 1 1   1.815422e+00 -3.231393e-02  5.111351e+01
500 4.995000e-01 1 1   1.863829e+00 -3.102575e-02  5.199457e+01
501 5.005000e-01 1 1   1.914512e+00 -2.983064e-02  5.283985e+01
502 5.015000e-01 1 1   1.967277e+00 -2.875569e-02  5.364895e+01
503 5.025000e-01 1 1   2.021932e+00 -2.779810e-02  5.442175e+01
504 5.035000e-01 1 1   2.078287e+00 -2.695805e-02  5.515758e+01
505 5.045000e-01 1 1   2.136128e+00 -2.623339e-02  5.585716e+01
506 5.055000e-01 1 1   2.195279e+00 -2.563559e-02  5.651947e+01
507 5.065000e-01 1 1   2.255536e+00 -2.515929e-02  5.714474e+01
508 5.075000e-01 1 1   2.316706e+00 -2.480300e-02  5.773279e+01
509 5.085000e-01 1 2   2.378067e+00 -2.457796e-02  5.828244e+01
510 5.095000e-01 1 1   2.441002e+00 -2.443269e-02  5.879686e+01
511 5.105000e-01 1 2   2.503343e+00 -2.445864e-02  5.927236e+01
512 5.115000e-01 1 2   2.566230e+00 -2.455097e-02  5.971137e+01
513 5.125000e-01 1 1   2.629476e+00 -2.476249e-02  6.011438e+01
514 5.135000e-01 1 1   2.692068e+00 -2.511976e-02  6.047971e+01
515 5.145000e-01 1 1   2.754175e+00 -2.558227e-02  6.080816e+01
516 5.155000e-01 1 1   2.815673e+00 -2.616794e-02  6.110020e+01
517 5.165000e-01 1 1   2.876373e+00 -2.686636e-02  6.135573e+01
518 5.175000e-01 1 2   2.935879e+00 -2.768728e-02  6.157425e+01
519 5.185000e-01 1 2   2.994435e+00 -2.857079e-02  6.175676e+01
520 5.195000e-01 1 2   3.051650e+00 -2.956137e-02  6.190298e+01
521 5.205000e-01 1 2   3.107317e+00 -3.064557e-02  6.201296e+01
522 5.215000e-01 1 2   3.161272e+00 -3.182891e-02  6.208690e+01
523 5.225000e-01 1 2   3.213359e+00 -3.309727e-02  6.212494e+01
524 5.235000e-01 1 2   3.263399e+00 -3.448193e-02  6.212693e+01
525 5.245000e-01 1 2   3.311264e+00 -3.592018e-02  6.209304e+01
526 5.255000e-01 1 2   3.356780e+00 -3.746422e-02  6.202311e+01
527 5.265000e-01 1 1   3.399849e+00 -3.906199e-02  6.191730e+01
528 5.275000e-01 1 1   3.440258e+00 -4.078591e-02  6.177556e+01
529 5.285000e-01 1 1   3.477885e+00 -4.258446e-02  6.159735e+01
530 5.295000e-01 1 1   3.512703e+00 -4.444361e-02  6.138347e+01
531 5.305000e-01 1 1   3.544557e+00 -4.637236e-02  6.113321e+01
532 5.315000e-01 1 1   3.573320e+00 -4.838740e-02  6.084592e+01
533 5.325000e-01 1 1   3.598920e+00 -5.042661e-02  6.052201e+01
534 5.335000e-01 1 1   3.621280e+00 -5.253979e-02  6.016107e+01
535 5.345000e-01 1 2   3.640343e+00 -5.468993e-02  5.976410e+01
536 5.355000e-01 1 1   3.656109e+00 -5.691881e-02  5.932889e+01
537 5.365000e-01 1 2   3.668432e+00 -5.914383e-02  5.885791e+01
538 5.375000e-01 1 2   3.677380e+00 -6.146069e-02  5.834947e+01
539 5.385000e-01 1 1   3.682884e+00 -6.381885e-02  5.780167e+01
540 5.395000e-01 1 2   3.684897e+00 -6.612003e-02  5.721858e+01
541 5.405000e-01 1 2   3.683566e+00 -6.854101e-02  5.659733e+01
542 5.415000e-01 1 2   3.678860e+00 -7.100644e-02  5.593817e+01
543 5.425000e-01 1 1   3.670943e+00 -7.344803e-02  5.523991e+01
544 5.435000e-01 1 2   3.659367e+00 -7.585036e-02  5.450411e+01
545 5.445000e-01 1 2   3.644837e+00 -7.839283e-02  5.373081e+01
546 5.455000e-01 1 2   3.627205e+00 -8.090621e-02  5.291916e+01
547 5.465000e-01 1 2   3.606532e+00 -8.339255e-02  5.206899e+01
548 5.475000e-01 1 2   3.582941e+00 -8.588010e-02  5.118019e+01
549 5.485000e-01 1 1   3.556912e+00 -8.835056e-02  5.025156e+01
550 5.495000e-01 1 2   3.527524e+00 -9.077398e-02  4.928570e+01
551 5.505000e-01 1 1   3.496556e+00 -9.327138e-02  4.828096e+01
552 5.515000e-01 1 1   3.462870e+00 -9.564701e-02  4.723749e+01
553 5.525000e-01 1 1   3.427069e+00 -9.802202e-02  4.615592e+01
554 5.535000e-01 1 1   3.389431e+00 -1.003975e-01  4.503689e+01
555 5.545000e-01 1 1   3.350120e+00 -1.027231e-01  4.387995e+01
556 5.555000e-01 1 1   3.309364e+00 -1.049943e-01  4.268540e+01
557 5.565000e-01 1 1   3.267388e+00 -1.072103e-01  4.145325e+01
558 5.575000e-01 1 1   3.224494e+00 -1.093856e-01  4.018443e+01
559 5.585000e-01 1 1   3.180948e+00 -1.115082e-01  3.887959e+01
560 5.595000e-01 1 1   3.136928e+00 -1.135364e-01  3.753723e+01
561 5.605000e-01 1 2   3.091720e+00 -1.155411e-01  3.616077e+01
562 5.615000e-01 1 2   3.047765e+00 -1.175444e-01  3.475004e+01
563 5.625000e-01 1 2   3.004331e+00 -1.193668e-01  3.330422e+01
564 5.635000e-01 1 2   2.961649e+00 -1.210746e-01  3.182363e+01
565 5.645000e-01 1 1   2.921473e+00 -1.226273e-01  3.030757e+01
566 5.655000e-01 1 1   2.881454e+00 -1.240193e-01  2.875829e+01
567 5.665000e-01 1 1   2.843143e+00 -1.253670e-01  2.717646e+01
568 5.675000e-01 1 2   2.805606e+00 -1.267823e-01  2.557070e+01
569 5.685000e-01 1 1   2.773747e+00 -1.279466e-01  2.393238e+01
570 5.695000e-01 1 1   2.743187e+00 -1.288129e-01  2.226456e+01
571 5.705000e-01 1 1   2.715696e+00 -1.296371e-01  2.056842e+01
572 5.715000e-01 1 1   2.691830e+00 -1.303683e-01  1.884683e+01
573 5.725000e-01 1 1   2.671830e+00 -1.309151e-01  1.709867e+01
574 5.735000e-01 1 2   2.654093e+00 -1.314763e-01  1.533282e+01
575 5.745000e-01 1 1   2.645119e+00 -1.317613e-01  1.354237e+01
576 5.755000e-01 1 1   2.638996e+00 -1.317011e-01  1.172605e+01
577 5.765000e-01 1 1   2.638083e+00 -1.316959e-01  9.893708e+00
578 5.775000e-01 1 1   2.642790e+00 -1.315454e-01  8.044023e+00
579 5.785000e-01 1 1   2.653412e+00 -1.311799e-01  6.177503e+00
580 5.795000e-01 1 1   2.670196e+00 -1.306311e-01  4.294943e+00
581 5.805000e-01 1 1   2.693442e+00 -1.299288e-01  2.398804e+00
582 5.815000e-01 1 1   2.723445e+00 -1.290837e-01  4.913619e-01
583 5.825000e-01 1 1   2.760429e+00 -1.280637e-01 -1.426472e+00
584 5.835000e-01 1 1   2.804601e+00 -1.268686e-01 -3.353543e+00
585 5.845000e-01 1 1   2.856183e+00 -1.255308e-01 -5.288353e+00
586 5.855000e-01 1 1   2.915379e+00 -1.240386e-01 -7.228709e+00
587 5.865000e-01 1 1   2.982357e+00 -1.223853e-01 -9.172981e+00
588 5.875000e-01 1 1   3.057269e+00 -1.205983e-01 -1.111836e+01
589 5.885000e-01 1 2   3.137328e+00 -1.186978e-01 -1.306707e+01
590 5.895000e-01 1 1   3.231410e+00 -1.166272e-01 -1.501474e+01
591 5.905000e-01 1 1   3.331010e+00 -1.143763e-01 -1.696085e+01
592 5.915000e-01 1 2   3.435677e+00 -1.121461e-01 -1.890072e+01
593 5.925000e-01 1 2   3.551738e+00 -1.097372e-01 -2.083702e+01
594 5.935000e-01 1 1   3.679424e+00 -1.071087e-01 -2.276699e+01
595 5.945000e-01 1 1   3.812553e+00 -1.044377e-01 -2.469041e+01
596 5.955000e-01 1 1   3.953929e+00 -1.017371e-01 -2.660540e+01
597 5.965000e-01 1 1   4.103693e+00 -9.889276e-02 -2.850924e+01
598 5.975000e-01 1 1   4.261722e+00 -9.592462e-02 -3.039972e+01
599 5.985000e-01 1 1   4.427972e+00 -9.289606e-02 -3.227663e+01
600 5.995000e-01 1 1   4.602333e+00 -8.981215e-02 -3.413913e+01
601 6.005000e-01 1 1   4.784579e+00 -8.666403e-02 -3.598411e+01
602 6.015000e-01 1 1   4.974670e+00 -8.347061e-02 -3.781170e+01
603 6.025000e-01 1 1   5.172387e+00 -8.025088e-02 -3.962013e+01
604 6.035000e-01 1 1   5.377531e+00 -7.702052e-02 -4.140789e+01
605 6.045000e-01 1 1   5.589983e+00 -7.378992e-02 -4.317508e+01
606 6.055000e-01 1 1   5.809386e+00 -7.055390e-02 -4.491863e+01
607 6.065000e-01 1 1   6.035593e+00 -6.732890e-02 -4.663848e+01
608 6.075000e-01 1 1   6.268295e+00 -6.412447e-02 -4.833308e+01
609 6.085000e-01 1 1   6.507216e+00 -6.092847e-02 -5.000102e+01
610 6.095000e-01 1 1   6.752015e+00 -5.776888e-02 -5.164057e+01
611 6.105000e-01 1 1   7.002532e+00 -5.468632e-02 -5.325250e+01
612 6.115000e-01 1 2   7.256095e+00 -5.161973e-02 -5.483551e+01
613 6.125000e-01 2 2   7.820597e+00 -4.549797e-02 -5.921095e+01
614 6.135000e-01 2 2   8.077782e+00 -4.267165e-02 -6.054998e+01
615 6.145000e-01 1 1   7.863851e+00 -4.481018e-02 -5.775726e+01
616 6.155000e-01 1 2   8.311689e+00 -4.068671e-02 -6.066928e+01
617 6.165000e-01 1 1   8.629629e+00 -3.790478e-02 -6.242768e+01
618 6.175000e-01 1 1   8.902349e+00 -3.547025e-02 -6.375528e+01
619 6.185000e-01 1 1   9.164352e+00 -3.307871e-02 -6.493325e+01
620 6.195000e-01 1 1   9.440786e+00 -3.062066e-02 -6.617447e+01
621 6.205000e-01 1 1   9.730775e+00 -2.837343e-02 -6.747594e+01
622 6.215000e-01 1 1   1.002560e+01 -2.653722e-02 -6.876510e+01
623 6.225000e-01 1 1   1.031825e+01 -2.515223e-02 -6.998553e+01
624 6.235000e-01 1 1   1.060627e+01 -2.391562e-02 -7.112386e+01
625 6.245000e-01 1 1   1.089241e+01 -2.248791e-02 -7.220835e+01
626 6.255000e-01 1 1   1.118066e+01 -2.081072e-02 -7.327298e+01
627 6.265000e-01 1 2   1.147027e+01 -1.900477e-02 -7.432225e+01
628 6.275000e-01 1 2   1.176017e+01 -1.757515e-02 -7.533210e+01
629 6.285000e-01 1 2   1.204519e+01 -1.673477e-02 -7.627744e+01
630 6.295000e-01 1 2   1.232514e+01 -1.656004e-02 -7.716110e+01
631 6.305000e-01 1 2   1.260283e+01 -1.671104e-02 -7.800478e+01
632 6.315000e-01 1 2   1.288026e+01 -1.684340e-02 -7.882419e+01
633 6.325000e-01 1 2   1.315608e+01 -1.683100e-02 -7.961359e+01
634 6.335000e-01 1 2   1.342650e+01 -1.669525e-02 -8.035272e+01
635 6.345000e-01 1 2   1.368904e+01 -1.677246e-02 -8.102960e+01
636 6.355000e-01 1 2   1.394393e+01 -1.713343e-02 -8.164856e+01
637 6.365000e-01 1 2   1.419345e+01 -1.789964e-02 -8.222519e+01
638 6.375000e-01 1 2   1.443895e+01 -1.903845e-02 -8.276933e+01
639 6.385000e-01 1 2   1.467916e+01 -2.038537e-02 -8.327638e+01
640 6.395000e-01 1 2   1.491124e+01 -2.180189e-02 -8.373370e+01
641 6.405000e-01 1 2   1.513303e+01 -2.322321e-02 -8.413288e+01
642 6.415000e-01 1 2   1.534437e+01 -2.469663e-02 -8.447595e+01
643 6.425000e-01 1 2   1.554633e+01 -2.636369e-02 -8.477092e+01
644 6.435000e-01 1 2   1.573954e+01 -2.832828e-02 -8.502302e+01
645 6.445000e-01 1 1   1.592371e+01 -3.065879e-02 -8.523169e+01
646 6.455000e-01 1 2   1.609667e+01 -3.318549e-02 -8.539153e+01
647 6.465000e-01 1 2   1.625829e+01 -3.563305e-02 -8.550109e+01
648 6.475000e-01 1 2   1.640772e+01 -3.798412e-02 -8.555960e+01
649 6.485000e-01 1 1   1.654493e+01 -4.035922e-02 -8.556849e+01
650 6.495000e-01 1 1   1.666907e+01 -4.302839e-02 -8.552715e+01
651 6.505000e-01 1 1   1.677942e+01 -4.599473e-02 -8.543335e+01
652 6.515000e-01 1 1   1.687556e+01 -4.921966e-02 -8.528666e+01
653 6.525000e-01 1 1   1.695795e+01 -5.263345e-02 -8.509071e+01
654 6.535000e-01 1 1   1.702714e+01 -5.601494e-02 -8.484935e+01
655 6.545000e-01 1 1   1.708284e+01 -5.922972e-02 -8.456281e+01
656 6.555000e-01 1 1   1.712358e+01 -6.214468e-02 -8.422577e+01
657 6.565000e-01 1 1   1.714803e+01 -6.505604e-02 -8.383356e+01
658 6.575000e-01 1 1   1.715562e+01 -6.811880e-02 -8.338479e+01
659 6.585000e-01 1 1   1.714714e+01 -7.160032e-02 -8.288399e+01
660 6.595000e-01 1 1   1.712364e+01 -7.542505e-02 -8.233639e+01
661 6.605000e-01 1 1   1.708549e+01 -7.932791e-02 -8.174411e+01
662 6.615000e-01 1 1   1.703207e+01 -8.305560e-02 -8.110469e+01
663 6.625000e-01 1 1   1.696228e+01 -8.646336e-02 -8.041373e+01
664 6.635000e-01 1 1   1.687559e+01 -8.959272e-02 -7.966921e+01
665 6.645000e-01 1 1   1.677235e+01 -9.265035e-02 -7.887279e+01
666 6.655000e-01 1 1   1.665329e+01 -9.587164e-02 -7.802756e+01
667 6.665000e-01 1 1   1.651926e+01 -9.930458e-02 -7.713680e+01
668 6.675000e-01 1 1   1.637007e+01 -1.029068e-01 -7.619893e+01
669 6.685000e-01 1 1   1.620532e+01 -1.064833e-01 -7.521160e+01
670 6.695000e-01 1 1   1.602479e+01 -1.099058e-01 -7.417302e+01
671 6.705000e-01 1 1   1.582927e+01 -1.129746e-01 -7.308590e+01
672 6.715000e-01 1 1   1.561919e+01 -1.158271e-01 -7.195098e+01
673 6.725000e-01 1 1   1.539561e+01 -1.185204e-01 -7.077165e+01
674 6.735000e-01 1 1   1.515854e+01 -1.212060e-01 -6.954638e+01
675 6.745000e-01 1 2   1.490724e+01 -1.240296e-01 -6.827259e+01
676 6.755000e-01 1 1   1.464437e+01 -1.268390e-01 -6.695325e+01
677 6.765000e-01 1 1   1.436839e+01 -1.294689e-01 -6.558683e+01
678 6.775000e-01 1 1   1.408074e+01 -1.318089e-01 -6.417558e+01
679 6.785000e-01 1 1   1.378263e+01 -1.339089e-01 -6.272274e+01
680 6.795000e-01 1 1   1.347437e+01 -1.358124e-01 -6.122755e+01
681 6.805000e-01 1 1   1.315624e+01 -1.375492e-01 -5.968885e+01
682 6.815000e-01 1 1   1.282890e+01 -1.391751e-01 -5.810723e+01
683 6.825000e-01 1 1   1.249291e+01 -1.406921e-01 -5.648279e+01
684 6.835000e-01 1 1   1.214957e+01 -1.420837e-01 -5.481888e+01
685 6.845000e-01 1 1   1.179937e+01 -1.432127e-01 -5.311531e+01
686 6.855000e-01 1 1   1.144426e+01 -1.442244e-01 -5.137869e+01
687 6.865000e-01 1 1   1.108395e+01 -1.449299e-01 -4.960526e+01
688 6.875000e-01 1 1   1.071896e+01 -1.453674e-01 -4.779480e+01
689 6.885000e-01 1 1   1.034931e+01 -1.454394e-01 -4.594449e+01
690 6.895000e-01 1 1   9.977149e+00 -1.455241e-01 -4.406199e+01
691 6.905000e-01 1 1   9.603342e+00 -1.455086e-01 -4.214921e+01
692 6.915000e-01 1 1   9.228462e+00 -1.452292e-01 -4.020648e+01
693 6.925000e-01 1 1   8.853059e+00 -1.446418e-01 -3.823401e+01
694 6.935000e-01 1 1   8.477786e+00 -1.437318e-01 -3.623254e+01
695 6.945000e-01 1 1   8.103324e+00 -1.425534e-01 -3.420320e+01
696 6.955000e-01 1 1   7.730383e+00 -1.411298e-01 -3.214730e+01
697 6.965000e-01 1 1   7.359885e+00 -1.395518e-01 -3.006756e+01
698 6.975000e-01 1 1   6.992240e+00 -1.377616e-01 -2.796394e+01
699 6.985000e-01 1 1   6.628517e+00 -1.358203e-01 -2.584002e+01
700 6.995000e-01 1 1   6.268849e+00 -1.335487e-01 -2.369455e+01
701 7.005000e-01 1 1   5.914321e+00 -1.311889e-01 -2.153144e+01
702 7.015000e-01 1 1   5.565242e+00 -1.284151e-01 -1.935109e+01
703 7.025000e-01 1 1   5.222153e+00 -1.253429e-01 -1.715449e+01
704 7.035000e-01 1 1   4.885577e+00 -1.220652e-01 -1.494315e+01
705 7.045000e-01 1 1   4.556159e+00 -1.185827e-01 -1.271923e+01
706 7.055000e-01 1 1   4.234355e+00 -1.149084e-01 -1.048404e+01
707 7.065000e-01 1 1   3.920582e+00 -1.110075e-01 -8.238776e+00
708 7.075000e-01 1 1   3.615006e+00 -1.068232e-01 -5.983006e+00
709 7.085000e-01 1 2   3.315280e+00 -1.026501e-01 -3.723266e+00
710 7.095000e-01 1 1   3.031367e+00 -9.790102e-02 -1.455222e+00
711 7.105000e-01 1 1   2.754213e+00 -9.297573e-02  8.150366e-01
712 7.115000e-01 1 1   2.486572e+00 -8.775370e-02  3.089623e+00
713 7.125000e-01 1 1   2.229532e+00 -8.242754e-02  5.363575e+00
714 7.135000e-01 1 2   1.979572e+00 -7.711970e-02  7.635106e+00
715 7.145000e-01 1 1   1.747388e+00 -7.124392e-02  9.910540e+00
716 7.155000e-01 1 2   1.519615e+00 -6.543868e-02  1.217733e+01
717 7.165000e-01 1 1   1.310094e+00 -5.908889e-02  1.444492e+01
718 7.175000e-01 1 1   1.108919e+00 -5.271804e-02  1.670401e+01
719 7.185000e-01 1 1   9.193527e-01 -4.615015e-02  1.895455e+01
720 7.195000e-01 1 1   7.417098e-01 -3.938113e-02  2.119691e+01
721 7.205000e-01 1 1   5.761355e-01 -3.250714e-02  2.342943e+01
722 7.215000e-01 1 1   4.227435e-01 -2.547800e-02  2.565033e+01
723 7.225000e-01 1 1   2.816645e-01 -1.832830e-02  2.785787e+01
724 7.235000e-01 1 1   1.529404e-01 -1.102202e-02  3.005089e+01
725 7.245000e-01 1 1   3.673512e-02 -3.595273e-03  3.222707e+01
726 7.255000e-01 1 1  -6.711247e-02  3.891388e-03  3.438655e+01
727 7.265000e-01 1 1  -1.584737e-01  1.151317e-02  3.652636e+01
728 7.275000e-01 1 1  -2.375350e-01  1.918971e-02  3.864698e+01
729 7.285000e-01 1 1  -3.043428e-01  2.696618e-02  4.074677e+01
730 7.295000e-01 1 2  -3.627056e-01  3.466035e-02  4.281937e+01
731 7.305000e-01 1 2  -4.052474e-01  4.252590e-02  4.487170e+01
732 7.315000e-01 1 2  -4.355992e-01  5.046847e-02  4.689947e+01
733 7.325000e-01 1 1  -4.504948e-01  5.857086e-02  4.890618e+01
734 7.335000e-01 1 2  -4.611183e-01  6.640125e-02  5.087638e+01
735 7.345000e-01 1 2  -4.569474e-01  7.436117e-02  5.282180e+01
736 7.355000e-01 1 2  -4.412663e-01  8.224517e-02  5.473835e+01
737 7.365000e-01 1 2  -4.146146e-01  9.010964e-02  5.662329e+01
738 7.375000e-01 1 3  -3.772711e-01  9.796364e-02  5.847584e+01
739 7.385000e-01 1 2  -3.294694e-01  1.056940e-01  6.029507e+01
740 7.395000e-01 1 1  -2.680729e-01  1.134212e-01  6.208441e+01
741 7.405000e-01 1 2  -2.036450e-01  1.208801e-01  6.382975e+01
742 7.415000e-01 1 2  -1.266102e-01  1.283432e-01  6.554063e+01
743 7.425000e-01 1 1  -3.682778e-02  1.356737e-01  6.721772e+01
744 7.435000e-01 1 2   5.531182e-02  1.427919e-01  6.884816e+01
745 7.445000e-01 1 1   1.618376e-01  1.499157e-01  7.044286e+01
746 7.455000e-01 1 2   2.705740e-01  1.567237e-01  7.199260e+01
747 7.465000e-01 1 2   3.895968e-01  1.635069e-01  7.350025e+01
748 7.475000e-01 1 2   5.160174e-01  1.700730e-01  7.496411e+01
749 7.485000e-01 1 2   6.490849e-01  1.764610e-01  7.638227e+01
750 7.495000e-01 1 1   7.909973e-01  1.826501e-01  7.775773e+01
751 7.505000e-01 1 1   9.359535e-01  1.886184e-01  7.907961e+01
752 7.515000e-01 1 1   1.085977e+00  1.943725e-01  8.035563e+01
753 7.525000e-01 1 1   1.240792e+00  1.998641e-01  8.158262e+01
754 7.535000e-01 1 1   1.399765e+00  2.051358e-01  8.275831e+01
755 7.545000e-01 1 1   1.562377e+00  2.101505e-01  8.388136e+01
756 7.555000e-01 1 1   1.728073e+00  2.149339e-01  8.495121e+01
757 7.565000e-01 1 2   1.894468e+00  2.195410e-01  8.596411e+01
758 7.575000e-01 1 2   2.064663e+00  2.239046e-01  8.692468e+01
759 7.585000e-01 1 1   2.238046e+00  2.279162e-01  8.783289e+01
760 7.595000e-01 1 2   2.408972e+00  2.316388e-01  8.867996e+01
761 7.605000e-01 1 2   2.581480e+00  2.352656e-01  8.947246e+01
762 7.615000e-01 1 2   2.753724e+00  2.384305e-01  9.020769e+01
763 7.625000e-01 1 2   2.924958e+00  2.414228e-01  9.088439e+01
764 7.635000e-01 1 1   3.095561e+00  2.440072e-01  9.150396e+01
765 7.645000e-01 1 1   3.262920e+00  2.462468e-01  9.206310e+01
766 7.655000e-01 1 2   3.426603e+00  2.482699e-01  9.256057e+01
767 7.665000e-01 1 1   3.588512e+00  2.500237e-01  9.299966e+01
768 7.675000e-01 1 2   3.745256e+00  2.514029e-01  9.337580e+01
769 7.685000e-01 1 1   3.898673e+00  2.524960e-01  9.369218e+01
770 7.695000e-01 1 1   4.046535e+00  2.532655e-01  9.394654e+01
771 7.705000e-01 1 1   4.188845e+00  2.537134e-01  9.413973e+01
772 7.715000e-01 1 1   4.325157e+00  2.538410e-01  9.427141e+01
773 7.725000e-01 2 2   4.966090e+00  2.692062e-01  9.890557e+01
774 7.735000e-01 2 2   5.049734e+00  2.677799e-01  9.852435e+01
775 7.745000e-01 2 2   5.161112e+00  2.659863e-01  9.830560e+01
776 7.755000e-01 2 2   5.287969e+00  2.645937e-01  9.819623e+01
777 7.765000e-01 2 2   5.409949e+00  2.628015e-01  9.806028e+01
778 7.775000e-01 2 2   5.516084e+00  2.605203e-01  9.781712e+01
779 7.785000e-01 2 2   5.602217e+00  2.581507e-01  9.743246e+01
780 7.795000e-01 2 2   5.672117e+00  2.561387e-01  9.693638e+01
781 7.805000e-01 2 2   5.732999e+00  2.543564e-01  9.638587e+01
782 7.815000e-01 2 2   5.789340e+00  2.520315e-01  9.581726e+01
783 7.825000e-01 2 2   5.838832e+00  2.483055e-01  9.521629e+01
784 7.835000e-01 2 2   5.875162e+00  2.429685e-01  9.453781e+01
785 7.845000e-01 2 2   5.895017e+00  2.367893e-01  9.375625e+01
786 7.855000e-01 2 2   5.901598e+00  2.310886e-01  9.289245e+01
787 7.865000e-01 2 2   5.900668e+00  2.267845e-01  9.198796e+01
788 7.875000e-01 2 2   5.893734e+00  2.236706e-01  9.105691e+01
789 7.885000e-01 2 2   5.876022e+00  2.204312e-01  9.006872e+01
790 7.895000e-01 2 2   5.842825e+00  2.156160e-01  8.898904e+01
791 7.905000e-01 2 2   5.793790e+00  2.086670e-01  8.781000e+01
792 7.915000e-01 2 2   5.734940e+00  2.003211e-01  8.656784e+01
793 7.925000e-01 2 2   5.672655e+00  1.920704e-01  8.530534e+01
794 7.935000e-01 2 2   5.607274e+00  1.849966e-01  8.402786e+01
795 7.945000e-01 2 2   5.532162e+00  1.793004e-01  8.269028e+01
796 7.955000e-01 2 2   5.442108e+00  1.741460e-01  8.125383e+01
797 7.965000e-01 2 2   5.337490e+00  1.682579e-01  7.971294e+01
798 7.975000e-01 2 2   5.226134e+00  1.609475e-01  7.811531e+01
799 7.985000e-01 2 2   5.114833e+00  1.522897e-01  7.650597e+01
800 7.995000e-01 2 2   5.004026e+00  1.430859e-01  7.488964e+01
801 8.005000e-01 2 2   4.887614e+00  1.343680e-01  7.322221e+01
802 8.015000e-01 2 2   4.761001e+00  1.267834e-01  7.146657e+01
803 8.025000e-01 2 2   4.624610e+00  1.201113e-01  6.961712e+01
804 8.035000e-01 2 2   4.484444e+00  1.135613e-01  6.770989e+01
805 8.045000e-01 2 2   4.346128e+00  1.061811e-01  6.578285e+01
806 8.055000e-01 2 2   4.210172e+00  9.748806e-02  6.383948e+01
807 8.065000e-01 2 2   4.073329e+00  8.791378e-02  6.185360e+01
808 8.075000e-01 2 2   3.933224e+00  7.858162e-02  5.980130e+01
809 8.085000e-01 2 2   3.791302e+00  7.055517e-02  5.768616e+01
810 8.095000e-01 2 2   3.651314e+00  6.404541e-02  5.553149e+01
811 8.105000e-01 2 2   3.515352e+00  5.818025e-02  5.335021e+01
812 8.115000e-01 2 2   3.382332e+00  5.155570e-02  5.113021e+01
813 8.125000e-01 2 2   3.250428e+00  4.326579e-02  4.885087e+01
814 8.135000e-01 1 1   2.820827e+00  2.317012e-02  4.344142e+01
815 8.145000e-01 1 1   2.815680e+00  1.817827e-02  4.223784e+01
816 8.155000e-01 1 1   2.733696e+00  1.185261e-02  4.018661e+01
817 8.165000e-01 1 1   2.633335e+00  6.712945e-03  3.785734e+01
818 8.175000e-01 1 1   2.533057e+00  2.214833e-03  3.541503e+01
819 8.185000e-01 1 1   2.446447e+00 -2.899060e-03  3.300464e+01
820 8.195000e-01 1 1   2.373025e+00 -9.685776e-03  3.062592e+01
821 8.205000e-01 1 1   2.308813e+00 -1.762320e-02  2.823588e+01
822 8.215000e-01 1 1   2.251821e+00 -2.544341e-02  2.580493e+01
823 8.225000e-01 1 1   2.202721e+00 -3.193882e-02  2.333078e+01
824 8.235000e-01 1 1   2.163280e+00 -3.665101e-02  2.082640e+01
825 8.245000e-01 1 1   2.134629e+00 -4.014928e-02  1.830301e+01
826 8.255000e-01 1 2   2.112051e+00 -4.378110e-02  1.576586e+01
827 8.265000e-01 1 2   2.105228e+00 -4.828356e-02  1.320738e+01
828 8.275000e-01 1 1   2.115451e+00 -5.339493e-02  1.062449e+01
829 8.285000e-01 1 1   2.133200e+00 -5.894954e-02  8.031137e+00
830 8.295000e-01 1 1   2.163587e+00 -6.419680e-02  5.429026e+00
831 8.305000e-01 1 1   2.207097e+00 -6.824641e-02  2.817009e+00
832 8.315000e-01 1 2   2.258129e+00 -7.132116e-02  1.941172e-01
833 8.325000e-01 1 1   2.333669e+00 -7.365887e-02 -2.447751e+00
834 8.335000e-01 1 2   2.412286e+00 -7.611049e-02 -5.094423e+00
835 8.345000e-01 1 1   2.516467e+00 -7.901020e-02 -7.748714e+00
836 8.355000e-01 1 1   2.630311e+00 -8.211563e-02 -1.040069e+01
837 8.365000e-01 1 1   2.758762e+00 -8.518499e-02 -1.305272e+01
838 8.375000e-01 1 1   2.902367e+00 -8.775982e-02 -1.570381e+01
839 8.385000e-01 1 1   3.061279e+00 -8.961836e-02 -1.835267e+01
840 8.395000e-01 1 1   3.235728e+00 -9.097385e-02 -2.099697e+01
841 8.405000e-01 1 1   3.426033e+00 -9.214368e-02 -2.363634e+01
842 8.415000e-01 1 1   3.632463e+00 -9.337125e-02 -2.627160e+01
843 8.425000e-01 1 1   3.855184e+00 -9.469300e-02 -2.890139e+01
844 8.435000e-01 1 1   4.094078e+00 -9.595055e-02 -3.151996e+01
845 8.445000e-01 1 1   4.348898e+00 -9.696617e-02 -3.411961e+01
846 8.455000e-01 1 2   4.613459e+00 -9.768263e-02 -3.669481e+01
847 8.465000e-01 1 1   4.905918e+00 -9.803196e-02 -3.925384e+01
848 8.475000e-01 1 1   5.209171e+00 -9.820326e-02 -4.179745e+01
849 8.485000e-01 1 1   5.528832e+00 -9.843213e-02 -4.433202e+01
850 8.495000e-01 1 1   5.865181e+00 -9.855770e-02 -4.685269e+01
851 8.505000e-01 1 1   6.217315e+00 -9.855645e-02 -4.934751e+01
852 8.515000e-01 1 1   6.584016e+00 -9.838640e-02 -5.180396e+01
853 8.525000e-01 1 2   6.960052e+00 -9.809786e-02 -5.422799e+01
854 8.535000e-01 1 2   7.356181e+00 -9.770247e-02 -5.662055e+01
855 8.545000e-01 1 1   7.773064e+00 -9.728836e-02 -5.898819e+01
856 8.555000e-01 1 1   8.199982e+00 -9.698926e-02 -6.133369e+01
857 8.565000e-01 1 1   8.641034e+00 -9.662739e-02 -6.364960e+01
858 8.575000e-01 1 2   9.090289e+00 -9.590306e-02 -6.592473e+01
859 8.585000e-01 1 2   9.556518e+00 -9.500141e-02 -6.815473e+01
860 8.595000e-01 1 2   1.003440e+01 -9.405404e-02 -7.033836e+01
861 8.605000e-01 1 1   1.052854e+01 -9.339292e-02 -7.248385e+01
862 8.615000e-01 1 1   1.102959e+01 -9.285679e-02 -7.459064e+01
863 8.625000e-01 1 1   1.154118e+01 -9.236280e-02 -7.665679e+01
864 8.635000e-01 1 1   1.206301e+01 -9.201631e-02 -7.868040e+01
865 8.645000e-01 1 2   1.258828e+01 -9.127695e-02 -8.064609e+01
866 8.655000e-01 1 1   1.312860e+01 -9.052336e-02 -8.256034e+01
867 8.665000e-01 1 1   1.367195e+01 -8.981200e-02 -8.442144e+01
868 8.675000e-01 1 1   1.422180e+01 -8.925591e-02 -8.623567e+01
869 8.685000e-01 1 1   1.477697e+01 -8.874208e-02 -8.799711e+01
870 8.695000e-01 1 1   1.533598e+01 -8.847202e-02 -8.970132e+01
871 8.705000e-01 1 1   1.589735e+01 -8.853240e-02 -9.134485e+01
872 8.715000e-01 1 1   1.645999e+01 -8.872697e-02 -9.292647e+01
873 8.725000e-01 1 1   1.702338e+01 -8.890023e-02 -9.444823e+01
874 8.735000e-01 1 1   1.758687e+01 -8.906347e-02 -9.591100e+01
875 8.745000e-01 1 1   1.814904e+01 -8.922489e-02 -9.731213e+01
876 8.755000e-01 1 1   1.870879e+01 -8.978963e-02 -9.865056e+01
877 8.765000e-01 1 1   1.926432e+01 -9.072073e-02 -9.992219e+01
878 8.775000e-01 1 1   1.981418e+01 -9.192189e-02 -1.011250e+02
879 8.785000e-01 1 1   2.035778e+01 -9.334561e-02 -1.022610e+02
880 8.795000e-01 1 1   2.089433e+01 -9.504917e-02 -1.033307e+02
881 8.805000e-01 1 1   2.142310e+01 -9.715258e-02 -1.043357e+02
882 8.815000e-01 1 1   2.194203e+01 -9.919619e-02 -1.052714e+02
883 8.825000e-01 1 1   2.244951e+01 -1.013755e-01 -1.061354e+02
884 8.835000e-01 1 1   2.294434e+01 -1.039740e-01 -1.069270e+02
885 8.845000e-01 1 1   2.342562e+01 -1.070616e-01 -1.076470e+02
886 8.855000e-01 1 1   2.389252e+01 -1.105762e-01 -1.082966e+02
887 8.865000e-01 1 1   2.434402e+01 -1.143856e-01 -1.088758e+02
888 8.875000e-01 1 1   2.477884e+01 -1.184690e-01 -1.093838e+02
889 8.885000e-01 1 1   2.519548e+01 -1.228015e-01 -1.098189e+02
890 8.895000e-01 1 1   2.559247e+01 -1.273616e-01 -1.101797e+02
891 8.905000e-01 1 1   2.596875e+01 -1.323224e-01 -1.104663e+02
892 8.915000e-01 1 1   2.632327e+01 -1.376392e-01 -1.106789e+02
893 8.925000e-01 1 1   2.665557e+01 -1.436261e-01 -1.108196e+02
894 8.935000e-01 1 1   2.696428e+01 -1.499057e-01 -1.108871e+02
895 8.945000e-01 1 1   2.724843e+01 -1.566230e-01 -1.108814e+02
896 8.955000e-01 1 1   2.750660e+01 -1.635871e-01 -1.108013e+02
897 8.965000e-01 1 1   2.773768e+01 -1.707237e-01 -1.106461e+02
898 8.975000e-01 1 1   2.794099e+01 -1.781747e-01 -1.104168e+02
899 8.985000e-01 1 1   2.811583e+01 -1.860087e-01 -1.101142e+02
900 8.995000e-01 1 1   2.826135e+01 -1.942308e-01 -1.097381e+02
901 9.005000e-01 1 1   2.837691e+01 -2.028898e-01 -1.092892e+02
902 9.015000e-01 1 1   2.846149e+01 -2.118576e-01 -1.087667e+02
903 9.025000e-01 1 1   2.851451e+01 -2.210631e-01 -1.081709e+02
904 9.035000e-01 1 1   2.853519e+01 -2.303316e-01 -1.075015e+02
905 9.045000e-01 1 1   2.852327e+01 -2.396981e-01 -1.067595e+02
906 9.055000e-01 1 1   2.847904e+01 -2.492600e-01 -1.059477e+02
907 9.065000e-01 1 1   2.840197e+01 -2.589825e-01 -1.050658e+02
908 9.075000e-01 1 1   2.829145e+01 -2.688304e-01 -1.041130e+02
909 9.085000e-01 1 1   2.814732e+01 -2.787625e-01 -1.030896e+02
910 9.095000e-01 1 1   2.796975e+01 -2.886851e-01 -1.019971e+02
911 9.105000e-01 1 1   2.775891e+01 -2.985019e-01 -1.008364e+02
912 9.115000e-01 1 1   2.751487e+01 -3.081643e-01 -9.960774e+01
913 9.125000e-01 1 1   2.723842e+01 -3.176403e-01 -9.831354e+01
914 9.135000e-01 1 1   2.693017e+01 -3.268718e-01 -9.695515e+01
915 9.145000e-01 1 1   2.659037e+01 -3.359586e-01 -9.553261e+01
916 9.155000e-01 1 1   2.621958e+01 -3.447748e-01 -9.404667e+01
917 9.165000e-01 1 2   2.581815e+01 -3.535188e-01 -9.249958e+01
918 9.175000e-01 1 1   2.538896e+01 -3.619395e-01 -9.089124e+01
919 9.185000e-01 1 1   2.493073e+01 -3.698361e-01 -8.922314e+01
920 9.195000e-01 1 1   2.444580e+01 -3.773915e-01 -8.749806e+01
921 9.205000e-01 1 1   2.393523e+01 -3.846533e-01 -8.571667e+01
922 9.215000e-01 1 1   2.340017e+01 -3.915710e-01 -8.387971e+01
923 9.225000e-01 1 1   2.284212e+01 -3.981498e-01 -8.198880e+01
924 9.235000e-01 1 1   2.226251e+01 -4.044106e-01 -8.004522e+01
925 9.245000e-01 1 1   2.166310e+01 -4.103865e-01 -7.805087e+01
926 9.255000e-01 1 1   2.104582e+01 -4.160623e-01 -7.600821e+01
927 9.265000e-01 1 1   2.041179e+01 -4.214129e-01 -7.391635e+01
928 9.275000e-01 1 1   1.976408e+01 -4.267294e-01 -7.178122e+01
929 9.285000e-01 1 1   1.910429e+01 -4.319908e-01 -6.960342e+01
930 9.295000e-01 1 1   1.843440e+01 -4.372366e-01 -6.738465e+01
931 9.305000e-01 1 1   1.775671e+01 -4.425531e-01 -6.512765e+01
932 9.315000e-01 1 1   1.707333e+01 -4.480728e-01 -6.283434e+01
933 9.325000e-01 1 1   1.638684e+01 -4.537389e-01 -6.050856e+01
934 9.335000e-01 1 2   1.569687e+01 -4.598774e-01 -5.814801e+01
935 9.345000e-01 1 1   1.501467e+01 -4.656771e-01 -5.577473e+01
936 9.355000e-01 1 2   1.432442e+01 -4.708455e-01 -5.334576e+01
937 9.365000e-01 1 2   1.364581e+01 -4.758669e-01 -5.091421e+01
938 9.375000e-01 1 2   1.297094e+01 -4.788548e-01 -4.845503e+01
939 9.385000e-01 1 2   1.230125e+01 -4.799573e-01 -4.597006e+01
940 9.395000e-01 1 2   1.163882e+01 -4.790646e-01 -4.346550e+01
941 9.405000e-01 1 2   1.098427e+01 -4.755595e-01 -4.094251e+01
942 9.415000e-01 1 2   1.033779e+01 -4.688203e-01 -3.840002e+01
943 9.425000e-01 1 2   9.700014e+00 -4.585600e-01 -3.583688e+01
944 9.435000e-01 1 2   9.072143e+00 -4.448039e-01 -3.325195e+01
945 9.445000e-01 1 2   8.455893e+00 -4.280767e-01 -3.064537e+01
946 9.455000e-01 1 2   7.852691e+00 -4.087434e-01 -2.801804e+01
947 9.465000e-01 1 2   7.263379e+00 -3.868814e-01 -2.537112e+01
948 9.475000e-01 1 2   6.688075e+00 -3.618976e-01 -2.270440e+01
949 9.485000e-01 1 2   6.126672e+00 -3.328570e-01 -2.001694e+01
950 9.495000e-01 1 2   5.579708e+00 -2.992132e-01 -1.730915e+01
951 9.505000e-01 1 2   5.048454e+00 -2.607831e-01 -1.458197e+01
952 9.515000e-01 1 2   4.534273e+00 -2.177027e-01 -1.183535e+01
953 9.525000e-01 1 2   4.037845e+00 -1.710993e-01 -9.068786e+00
954 9.535000e-01 1 2   3.559333e+00 -1.232454e-01 -6.282583e+00
955 9.545000e-01 1 2   3.098910e+00 -7.678918e-02 -3.477510e+00
956 9.555000e-01 1 2   2.657160e+00 -3.402839e-02 -6.556001e-01
957 9.565000e-01 1 2   2.234694e+00  3.786772e-03  2.180880e+00
958 9.575000e-01 1 2   1.831660e+00  3.656199e-02  5.029781e+00
959 9.585000e-01 1 2   1.447786e+00  6.503679e-02  7.888361e+00
960 9.595000e-01 1 2   1.082697e+00  9.038016e-02  1.075331e+01
961 9.605000e-01 1 2   7.362587e-01  1.138036e-01  1.362051e+01
962 9.615000e-01 1 2   4.087094e-01  1.365306e-01  1.648600e+01
963 9.625000e-01 1 2   1.004363e-01  1.600800e-01  1.934760e+01
964 9.635000e-01 1 2  -1.883034e-01  1.866611e-01  2.220552e+01
965 9.645000e-01 1 2  -4.572013e-01  2.186025e-01  2.506034e+01
966 9.655000e-01 1 2  -7.058077e-01  2.575132e-01  2.791238e+01
967 9.665000e-01 1 2  -9.334271e-01  3.031458e-01  3.076098e+01
968 9.675000e-01 1 2  -1.139180e+00  3.530087e-01  3.360474e+01
969 9.685000e-01 1 2  -1.322146e+00  4.030931e-01  3.644075e+01
970 9.695000e-01 1 2  -1.481771e+00  4.495984e-01  3.926518e+01
971 9.705000e-01 1 2  -1.618031e+00  4.904018e-01  4.207342e+01
972 9.715000e-01 1 2  -1.731357e+00  5.252487e-01  4.486079e+01
973 9.725000e-01 1 2  -1.822245e+00  5.547148e-01  4.762412e+01
974 9.735000e-01 1 2  -1.890805e+00  5.796168e-01  5.036205e+01
975 9.745000e-01 1 2  -1.937046e+00  6.019452e-01  5.307554e+01
976 9.755000e-01 1 3  -1.960998e+00  6.240917e-01  5.576485e+01
977 9.765000e-01 2 2  -2.097800e+00  6.685135e-01  6.130914e+01
978 9.775000e-01 2 2  -2.055706e+00  6.923117e-01  6.382154e+01
979 9.785000e-01 1 2  -1.841859e+00  6.827934e-01  6.198378e+01
980 9.795000e-01 1 2  -1.827273e+00  7.150046e-01  6.606310e+01
981 9.805000e-01 1 2  -1.744951e+00  7.337619e-01  6.890678e+01
982 9.815000e-01 1 2  -1.635738e+00  7.444538e-01  7.129283e+01
983 9.825000e-01 1 2  -1.507557e+00  7.490056e-01  7.353034e+01
984 9.835000e-01 1 2  -1.360666e+00  7.503846e-01  7.583978e+01
985 9.845000e-01 1 2  -1.193479e+00  7.510352e-01  7.820781e+01
986 9.855000e-01 1 2  -1.007225e+00  7.525668e-01  8.055000e+01
987 9.865000e-01 1 2  -8.048170e-01  7.559079e-01  8.280146e+01
988 9.875000e-01 1 2  -5.882251e-01  7.616122e-01  8.495189e+01
989 9.885000e-01 1 1  -3.508762e-01  7.687726e-01  8.704292e+01
990 9.895000e-01 1 2  -1.104726e-01  7.820108e-01  8.910048e+01
991 9.905000e-01 1 1   1.563451e-01  7.968497e-01  9.114615e+01
992 9.915000e-01 1 1   4.306916e-01  8.133029e-01  9.313168e+01
993 9.925000e-01 1 1   7.143329e-01  8.306930e-01  9.502857e+01
994 9.935000e-01 1 2   1.001335e+00  8.485624e-01  9.682819e+01
995 9.945000e-01 1 2   1.303374e+00  8.668626e-01  9.856700e+01
996 9.955000e-01 1 2   1.616377e+00  8.853936e-01  1.002581e+02
997 9.965000e-01 1 1   1.943242e+00  9.037180e-01  1.019011e+02
998 9.975000e-01 1 1   2.271487e+00  9.214830e-01  1.034631e+02
999 9.985000e-01 1 1   2.602493e+00  9.387059e-01  1.049312e+02
1000 9.995000e-01 1 1   2.936030e+00  9.550721e-01  1.063097e+02
1001 1.000500e+00 1 1   3.272599e+00  9.707222e-01  1.076123e+02
1002 1.001500e+00 1 1   3.612630e+00  9.855951e-01  1.088528e+02
1003 1.002500e+00 2 2   4.540039e+00  1.039976e+00  1.152052e+02
1004 1.003500e+00 2 2   4.853186e+00  1.051935e+00  1.158928e+02
1005 1.004500e+00 2 2   5.204635e+00  1.063937e+00  1.167463e+02
1006 1.005500e+00 2 2   5.578910e+00  1.076716e+00  1.177018e+02
