#TimeIteration Time SubCycles NewtonSteps Drag CrossFlowLift Lift
0 0.000000e+00 0 0   3.746589e+00  9.523649e-02  3.418299e+01
1 5.000000e-04 1 1   3.760041e+00  9.455304e-02  3.454383e+01
2 1.500000e-03 1 2   3.657334e+00  9.525248e-02  3.171670e+01
3 2.500000e-03 1 2   3.684500e+00  9.352368e-02  3.126719e+01
4 3.500000e-03 1 2   3.715307e+00  9.355003e-02  3.138729e+01
5 4.500000e-03 1 2   3.745912e+00  9.413366e-02  3.149229e+01
6 5.500000e-03 1 2   3.755244e+00  9.468385e-02  3.110007e+01
7 6.500000e-03 1 2   3.758301e+00  9.448650e-02  3.057575e+01
8 7.500000e-03 1 2   3.767840e+00  9.332920e-02  3.020031e+01
9 8.500000e-03 1 2   3.785736e+00  9.163819e-02  3.001153e+01
10 9.500000e-03 1 2   3.806533e+00  9.023195e-02  2.989770e+01
11 1.050000e-02 1 2   3.823768e+00  8.982002e-02  2.972952e+01
12 1.150000e-02 1 2   3.834770e+00  9.050963e-02  2.945133e+01
13 1.250000e-02 1 2   3.841687e+00  9.167611e-02  2.910122e+01
14 1.350000e-02 1 2   3.848683e+00  9.235684e-02  2.875985e+01
15 1.450000e-02 1 2   3.858242e+00  9.188390e-02  2.847898e+01
16 1.550000e-02 1 2   3.869725e+00  9.033768e-02  2.824991e+01
17 1.650000e-02 1 2   3.880749e+00  8.847318e-02  2.802733e+01
18 1.750000e-02 1 2   3.889476e+00  8.719931e-02  2.777374e+01
19 1.850000e-02 1 2   3.895703e+00  8.700710e-02  2.748254e+01
20 1.950000e-02 1 2   3.900395e+00  8.766357e-02  2.717025e+01
21 2.050000e-02 1 2   3.904550e+00  8.844030e-02  2.685499e+01
22 2.150000e-02 1 2   3.908529e+00  8.863142e-02  2.654376e+01
23 2.250000e-02 1 2   3.912107e+00  8.799606e-02  2.623303e+01
24 2.350000e-02 1 2   3.914818e+00  8.684777e-02  2.591449e+01
25 2.450000e-02 1 3   3.916154e+00  8.577113e-02  2.557790e+01
26 2.550000e-02 1 1   3.915736e+00  8.512556e-02  2.521270e+01
27 2.650000e-02 1 1   3.913240e+00  8.506697e-02  2.481302e+01
28 2.750000e-02 1 1   3.909078e+00  8.523336e-02  2.438316e+01
29 2.850000e-02 1 2   3.903961e+00  8.526041e-02  2.393709e+01
30 2.950000e-02 1 1   3.898881e+00  8.479883e-02  2.348864e+01
31 3.050000e-02 1 1   3.893588e+00  8.417066e-02  2.303716e+01
32 3.150000e-02 1 1   3.887486e+00  8.365640e-02  2.256977e+01
33 3.250000e-02 1 2   3.879570e+00  8.344034e-02  2.206782e+01
34 3.350000e-02 1 2   3.869700e+00  8.339105e-02  2.152208e+01
35 3.450000e-02 1 2   3.858142e+00  8.333843e-02  2.093644e+01
36 3.550000e-02 1 2   3.845783e+00  8.306670e-02  2.032554e+01
37 3.650000e-02 1 2   3.833412e+00  8.251098e-02  1.970253e+01
38 3.750000e-02 1 2   3.821242e+00  8.182097e-02  1.906998e+01
39 3.850000e-02 1 2   3.808981e+00  8.124611e-02  1.842107e+01
40 3.950000e-02 1 2   3.796232e+00  8.096361e-02  1.774736e+01
41 4.050000e-02 1 1   3.783102e+00  8.096260e-02  1.704549e+01
42 4.150000e-02 1 1   3.769189e+00  8.109899e-02  1.631495e+01
43 4.250000e-02 1 2   3.754646e+00  8.111186e-02  1.555842e+01
44 4.350000e-02 1 2   3.740394e+00  8.084262e-02  1.478105e+01
45 4.450000e-02 1 2   3.726356e+00  8.032200e-02  1.398378e+01
46 4.550000e-02 1 2   3.712711e+00  7.967519e-02  1.317018e+01
47 4.650000e-02 1 2   3.699658e+00  7.912482e-02  1.234585e+01
48 4.750000e-02 1 2   3.687266e+00  7.884260e-02  1.151389e+01
49 4.850000e-02 1 2   3.675440e+00  7.884873e-02  1.067229e+01
50 4.950000e-02 1 2   3.663993e+00  7.903008e-02  9.815321e+00
51 5.050000e-02 1 2   3.652866e+00  7.918583e-02  8.939744e+00
52 5.150000e-02 1 2   3.642219e+00  7.914178e-02  8.048801e+00
53 5.250000e-02 1 2   3.632346e+00  7.885158e-02  7.150976e+00
54 5.350000e-02 1 2   3.623479e+00  7.842212e-02  6.254418e+00
55 5.450000e-02 1 2   3.615641e+00  7.803166e-02  5.361851e+00
56 5.550000e-02 1 2   3.608676e+00  7.783830e-02  4.470342e+00
57 5.650000e-02 1 2   3.602416e+00  7.788613e-02  3.575702e+00
58 5.750000e-02 1 1   3.597390e+00  7.809406e-02  2.676806e+00
59 5.850000e-02 1 1   3.592604e+00  7.825736e-02  1.779452e+00
60 5.950000e-02 1 1   3.588718e+00  7.827759e-02  8.895919e-01
61 6.050000e-02 1 1   3.585821e+00  7.816609e-02  1.165461e-02
62 6.150000e-02 1 1   3.583794e+00  7.798114e-02 -8.554622e-01
63 6.250000e-02 1 1   3.582544e+00  7.782017e-02 -1.714276e+00
64 6.350000e-02 1 1   3.582004e+00  7.777718e-02 -2.566417e+00
65 6.450000e-02 1 1   3.582199e+00  7.782645e-02 -3.409857e+00
66 6.550000e-02 1 1   3.583192e+00  7.789795e-02 -4.239871e+00
67 6.650000e-02 1 1   3.585012e+00  7.792351e-02 -5.052448e+00
68 6.750000e-02 1 1   3.587638e+00  7.787754e-02 -5.846081e+00
69 6.850000e-02 1 1   3.590982e+00  7.779575e-02 -6.622494e+00
70 6.950000e-02 1 1   3.594999e+00  7.771452e-02 -7.383623e+00
71 7.050000e-02 1 1   3.599693e+00  7.766462e-02 -8.129987e+00
72 7.150000e-02 1 1   3.605090e+00  7.763426e-02 -8.860176e+00
73 7.250000e-02 1 1   3.611208e+00  7.759140e-02 -9.572196e+00
74 7.350000e-02 1 1   3.618037e+00  7.751676e-02 -1.026469e+01
75 7.450000e-02 1 1   3.625537e+00  7.740210e-02 -1.093773e+01
76 7.550000e-02 1 1   3.633667e+00  7.725815e-02 -1.159220e+01
77 7.650000e-02 1 1   3.642421e+00  7.710835e-02 -1.222890e+01
78 7.750000e-02 1 1   3.651807e+00  7.695499e-02 -1.284819e+01
79 7.850000e-02 1 1   3.661858e+00  7.678929e-02 -1.345072e+01
80 7.950000e-02 1 1   3.672571e+00  7.660958e-02 -1.403725e+01
81 8.050000e-02 1 1   3.683953e+00  7.640731e-02 -1.460962e+01
82 8.150000e-02 1 1   3.696016e+00  7.617635e-02 -1.516955e+01
83 8.250000e-02 1 1   3.708762e+00  7.592980e-02 -1.571803e+01
84 8.350000e-02 1 1   3.722204e+00  7.566858e-02 -1.625544e+01
85 8.450000e-02 1 1   3.736362e+00  7.539979e-02 -1.678180e+01
86 8.550000e-02 1 1   3.751266e+00  7.512135e-02 -1.729801e+01
87 8.650000e-02 1 1   3.766936e+00  7.484038e-02 -1.780550e+01
88 8.750000e-02 1 1   3.783397e+00  7.456271e-02 -1.830637e+01
89 8.850000e-02 1 1   3.800683e+00  7.428167e-02 -1.880261e+01
90 8.950000e-02 1 1   3.818834e+00  7.398594e-02 -1.929574e+01
91 9.050000e-02 1 1   3.837864e+00  7.367701e-02 -1.978578e+01
92 9.150000e-02 1 1   3.857771e+00  7.336410e-02 -2.027258e+01
93 9.250000e-02 1 1   3.878562e+00  7.303789e-02 -2.075625e+01
94 9.350000e-02 1 1   3.900253e+00  7.269507e-02 -2.123780e+01
95 9.450000e-02 1 1   3.922857e+00  7.234670e-02 -2.171812e+01
96 9.550000e-02 1 1   3.946396e+00  7.198281e-02 -2.219823e+01
97 9.650000e-02 1 1   3.970891e+00  7.160654e-02 -2.267877e+01
98 9.750000e-02 1 1   3.996352e+00  7.122291e-02 -2.315997e+01
99 9.850000e-02 1 1   4.022797e+00  7.083404e-02 -2.364197e+01
100 9.950000e-02 1 1   4.050245e+00  7.044472e-02 -2.412502e+01
101 1.005000e-01 1 1   4.078736e+00  7.003964e-02 -2.460999e+01
102 1.015000e-01 1 1   4.108288e+00  6.963067e-02 -2.509719e+01
103 1.025000e-01 1 1   4.138927e+00  6.921404e-02 -2.558638e+01
104 1.035000e-01 1 1   4.170687e+00  6.878783e-02 -2.607752e+01
105 1.045000e-01 1 2   4.203376e+00  6.840018e-02 -2.657001e+01
106 1.055000e-01 1 1   4.237683e+00  6.794794e-02 -2.706499e+01
107 1.065000e-01 1 1   4.273048e+00  6.753586e-02 -2.756242e+01
108 1.075000e-01 1 1   4.309696e+00  6.713091e-02 -2.806262e+01
109 1.085000e-01 1 1   4.347711e+00  6.672049e-02 -2.856575e+01
110 1.095000e-01 1 1   4.387117e+00  6.632096e-02 -2.907108e+01
111 1.105000e-01 1 1   4.427926e+00  6.592238e-02 -2.957781e+01
112 1.115000e-01 1 1   4.470165e+00  6.552872e-02 -3.008531e+01
113 1.125000e-01 1 1   4.513866e+00  6.514093e-02 -3.059345e+01
114 1.135000e-01 1 1   4.559054e+00  6.475466e-02 -3.110213e+01
115 1.145000e-01 1 1   4.605749e+00  6.437181e-02 -3.161093e+01
116 1.155000e-01 1 1   4.653941e+00  6.399061e-02 -3.211892e+01
117 1.165000e-01 1 1   4.703620e+00  6.359324e-02 -3.262559e+01
118 1.175000e-01 1 1   4.754727e+00  6.321104e-02 -3.312917e+01
119 1.185000e-01 1 1   4.807233e+00  6.281987e-02 -3.362935e+01
120 1.195000e-01 1 1   4.861082e+00  6.243068e-02 -3.412523e+01
121 1.205000e-01 1 1   4.916200e+00  6.203919e-02 -3.461574e+01
122 1.215000e-01 1 2   4.972311e+00  6.169624e-02 -3.509978e+01
123 1.225000e-01 1 1   5.029853e+00  6.126076e-02 -3.557560e+01
124 1.235000e-01 1 2   5.088016e+00  6.087841e-02 -3.604377e+01
125 1.245000e-01 1 1   5.147311e+00  6.041489e-02 -3.650103e+01
126 1.255000e-01 1 1   5.207110e+00  5.994038e-02 -3.694760e+01
127 1.265000e-01 1 1   5.267392e+00  5.947219e-02 -3.738193e+01
128 1.275000e-01 1 2   5.327837e+00  5.905317e-02 -3.780303e+01
129 1.285000e-01 1 2   5.388551e+00  5.861721e-02 -3.820868e+01
130 1.295000e-01 1 2   5.449154e+00  5.814141e-02 -3.859775e+01
131 1.305000e-01 1 2   5.509436e+00  5.762411e-02 -3.896943e+01
132 1.315000e-01 1 2   5.569173e+00  5.708101e-02 -3.932257e+01
133 1.325000e-01 1 2   5.628116e+00  5.651090e-02 -3.965583e+01
134 1.335000e-01 1 1   5.686128e+00  5.590420e-02 -3.996743e+01
135 1.345000e-01 1 1   5.742728e+00  5.524946e-02 -4.025752e+01
136 1.355000e-01 1 1   5.797782e+00  5.461389e-02 -4.052438e+01
137 1.365000e-01 1 2   5.850928e+00  5.399572e-02 -4.076698e+01
138 1.375000e-01 1 2   5.902072e+00  5.339807e-02 -4.098284e+01
139 1.385000e-01 1 1   5.950958e+00  5.273549e-02 -4.117136e+01
140 1.395000e-01 1 1   5.997206e+00  5.197664e-02 -4.133309e+01
141 1.405000e-01 1 1   6.040686e+00  5.119933e-02 -4.146690e+01
142 1.415000e-01 1 1   6.081112e+00  5.042728e-02 -4.157108e+01
143 1.425000e-01 1 1   6.118255e+00  4.963215e-02 -4.164459e+01
144 1.435000e-01 1 1   6.151940e+00  4.880515e-02 -4.168691e+01
145 1.445000e-01 1 1   6.181999e+00  4.797422e-02 -4.169746e+01
146 1.455000e-01 1 1   6.208307e+00  4.709206e-02 -4.167614e+01
147 1.465000e-01 1 1   6.230691e+00  4.616749e-02 -4.162212e+01
148 1.475000e-01 1 1   6.249019e+00  4.522982e-02 -4.153463e+01
149 1.485000e-01 1 1   6.263200e+00  4.428466e-02 -4.141318e+01
150 1.495000e-01 1 1   6.273188e+00  4.329382e-02 -4.125776e+01
151 1.505000e-01 1 1   6.278901e+00  4.226365e-02 -4.106787e+01
152 1.515000e-01 1 1   6.280325e+00  4.121200e-02 -4.084340e+01
153 1.525000e-01 1 1   6.277488e+00  4.014838e-02 -4.058434e+01
154 1.535000e-01 1 1   6.270408e+00  3.905173e-02 -4.029067e+01
155 1.545000e-01 1 1   6.259126e+00  3.794204e-02 -3.996244e+01
156 1.555000e-01 1 1   6.243712e+00  3.682309e-02 -3.959979e+01
157 1.565000e-01 1 1   6.224252e+00  3.568848e-02 -3.920293e+01
158 1.575000e-01 1 1   6.200869e+00  3.452808e-02 -3.877233e+01
159 1.585000e-01 1 1   6.173646e+00  3.336510e-02 -3.830797e+01
160 1.595000e-01 1 1   6.142728e+00  3.219602e-02 -3.781031e+01
161 1.605000e-01 1 1   6.108260e+00  3.102833e-02 -3.727985e+01
162 1.615000e-01 1 1   6.070466e+00  2.983932e-02 -3.671781e+01
163 1.625000e-01 1 1   6.029501e+00  2.864747e-02 -3.612474e+01
164 1.635000e-01 1 1   5.985542e+00  2.746462e-02 -3.550133e+01
165 1.645000e-01 1 1   5.938786e+00  2.628557e-02 -3.484854e+01
166 1.655000e-01 1 1   5.889453e+00  2.510401e-02 -3.416753e+01
167 1.665000e-01 1 1   5.837694e+00  2.395531e-02 -3.345892e+01
168 1.675000e-01 1 1   5.783820e+00  2.278634e-02 -3.272496e+01
169 1.685000e-01 1 1   5.728032e+00  2.161701e-02 -3.196699e+01
170 1.695000e-01 1 1   5.670338e+00  2.053891e-02 -3.118421e+01
171 1.705000e-01 1 1   5.611126e+00  1.945506e-02 -3.037988e+01
172 1.715000e-01 1 1   5.550572e+00  1.837436e-02 -2.955541e+01
173 1.725000e-01 1 1   5.488833e+00  1.732598e-02 -2.871195e+01
174 1.735000e-01 1 1   5.426078e+00  1.631577e-02 -2.785088e+01
175 1.745000e-01 1 1   5.362462e+00  1.535198e-02 -2.697355e+01
176 1.755000e-01 1 1   5.298174e+00  1.442147e-02 -2.608174e+01
177 1.765000e-01 1 1   5.233344e+00  1.353548e-02 -2.517691e+01
178 1.775000e-01 1 1   5.168148e+00  1.266355e-02 -2.426086e+01
179 1.785000e-01 1 1   5.102661e+00  1.185908e-02 -2.333467e+01
180 1.795000e-01 1 1   5.037017e+00  1.108776e-02 -2.239981e+01
181 1.805000e-01 1 1   4.971336e+00  1.036063e-02 -2.145779e+01
182 1.815000e-01 1 1   4.905709e+00  9.672863e-03 -2.050988e+01
183 1.825000e-01 1 1   4.840219e+00  9.030403e-03 -1.955728e+01
184 1.835000e-01 1 1   4.774946e+00  8.435246e-03 -1.860114e+01
185 1.845000e-01 1 1   4.709980e+00  7.876335e-03 -1.764277e+01
186 1.855000e-01 1 1   4.645372e+00  7.364615e-03 -1.668292e+01
187 1.865000e-01 1 1   4.581184e+00  6.892634e-03 -1.572247e+01
188 1.875000e-01 1 1   4.517477e+00  6.457895e-03 -1.476220e+01
189 1.885000e-01 1 1   4.454302e+00  6.060501e-03 -1.380277e+01
190 1.895000e-01 1 1   4.391725e+00  5.696218e-03 -1.284478e+01
191 1.905000e-01 1 2   4.329323e+00  5.296797e-03 -1.188936e+01
192 1.915000e-01 1 2   4.268092e+00  4.969013e-03 -1.093618e+01
193 1.925000e-01 1 1   4.208090e+00  4.750016e-03 -9.984638e+00
194 1.935000e-01 1 2   4.147952e+00  4.454668e-03 -9.036696e+00
195 1.945000e-01 1 1   4.089504e+00  4.318204e-03 -8.089951e+00
196 1.955000e-01 1 1   4.031516e+00  4.098197e-03 -7.146152e+00
197 1.965000e-01 1 1   3.974413e+00  3.919767e-03 -6.204778e+00
198 1.975000e-01 1 1   3.918283e+00  3.734265e-03 -5.265683e+00
199 1.985000e-01 1 1   3.863176e+00  3.547069e-03 -4.328563e+00
200 1.995000e-01 1 1   3.809134e+00  3.362445e-03 -3.393209e+00
201 2.005000e-01 1 1   3.756200e+00  3.192902e-03 -2.459197e+00
202 2.015000e-01 1 1   3.704398e+00  3.045985e-03 -1.525879e+00
203 2.025000e-01 1 1   3.653784e+00  2.880538e-03 -5.932064e-01
204 2.035000e-01 1 1   3.604392e+00  2.732721e-03  3.395172e-01
205 2.045000e-01 1 1   3.556255e+00  2.585828e-03  1.272876e+00
206 2.055000e-01 1 1   3.509397e+00  2.427591e-03  2.207310e+00
207 2.065000e-01 1 1   3.463849e+00  2.304773e-03  3.143691e+00
208 2.075000e-01 1 1   3.419675e+00  2.155083e-03  4.081875e+00
209 2.085000e-01 1 1   3.376896e+00  2.028742e-03  5.022830e+00
210 2.095000e-01 1 1   3.335552e+00  1.863087e-03  5.966776e+00
211 2.105000e-01 1 1   3.295681e+00  1.720545e-03  6.914285e+00
212 2.115000e-01 1 1   3.257334e+00  1.553777e-03  7.865458e+00
213 2.125000e-01 1 1   3.220514e+00  1.396777e-03  8.821207e+00
214 2.135000e-01 1 2   3.184720e+00  1.171952e-03  9.781113e+00
215 2.145000e-01 1 3   3.151074e+00  1.036546e-03  1.074687e+01
216 2.155000e-01 1 2   3.119147e+00  9.045532e-04  1.171800e+01
217 2.165000e-01 1 2   3.088945e+00  7.756389e-04  1.269451e+01
218 2.175000e-01 1 2   3.060515e+00  6.347609e-04  1.367656e+01
219 2.185000e-01 1 2   3.033904e+00  5.279758e-04  1.466462e+01
220 2.195000e-01 1 2   3.009183e+00  4.012013e-04  1.565835e+01
221 2.205000e-01 1 2   2.986415e+00  2.782791e-04  1.665758e+01
222 2.215000e-01 1 1   2.966286e+00  2.226230e-04  1.766301e+01
223 2.225000e-01 1 2   2.946995e+00  2.997976e-05  1.867264e+01
224 2.235000e-01 1 2   2.930446e+00 -9.875783e-05  1.968688e+01
225 2.245000e-01 1 2   2.916181e+00 -2.490014e-04  2.070512e+01
226 2.255000e-01 1 2   2.904211e+00 -3.878422e-04  2.172689e+01
227 2.265000e-01 1 2   2.894603e+00 -5.036841e-04  2.275168e+01
228 2.275000e-01 1 2   2.887440e+00 -6.297322e-04  2.377865e+01
229 2.285000e-01 1 2   2.882787e+00 -7.516362e-04  2.480683e+01
230 2.295000e-01 1 2   2.880718e+00 -8.825655e-04  2.583515e+01
231 2.305000e-01 1 1   2.882002e+00 -9.583042e-04  2.686396e+01
232 2.315000e-01 1 1   2.885308e+00 -1.094042e-03  2.788965e+01
233 2.325000e-01 1 2   2.890592e+00 -1.285257e-03  2.891073e+01
234 2.335000e-01 1 2   2.899398e+00 -1.444921e-03  2.992811e+01
235 2.345000e-01 1 2   2.911092e+00 -1.607250e-03  3.093923e+01
236 2.355000e-01 1 2   2.925632e+00 -1.757746e-03  3.194248e+01
237 2.365000e-01 1 2   2.943024e+00 -1.903062e-03  3.293668e+01
238 2.375000e-01 1 2   2.963272e+00 -2.066318e-03  3.392030e+01
239 2.385000e-01 1 2   2.986348e+00 -2.236105e-03  3.489160e+01
240 2.395000e-01 1 1   3.012952e+00 -2.387740e-03  3.585004e+01
241 2.405000e-01 1 3   3.040855e+00 -2.632531e-03  3.679073e+01
242 2.415000e-01 1 2   3.072099e+00 -2.862860e-03  3.771479e+01
243 2.425000e-01 1 2   3.105997e+00 -3.129402e-03  3.861996e+01
244 2.435000e-01 1 2   3.142371e+00 -3.407039e-03  3.950419e+01
245 2.445000e-01 1 2   3.181089e+00 -3.697707e-03  4.036599e+01
246 2.455000e-01 1 2   3.222014e+00 -4.023315e-03  4.120389e+01
247 2.465000e-01 1 2   3.264989e+00 -4.382238e-03  4.201632e+01
248 2.475000e-01 1 1   3.310436e+00 -4.756089e-03  4.280233e+01
249 2.485000e-01 1 3   3.356363e+00 -5.210024e-03  4.355904e+01
250 2.495000e-01 2 2   3.480307e+00 -4.486686e-03  4.677783e+01
251 2.505000e-01 2 2   3.526589e+00 -5.142505e-03  4.729436e+01
252 2.515000e-01 1 2   3.453867e+00 -7.376282e-03  4.417184e+01
253 2.525000e-01 1 2   3.552101e+00 -7.646193e-03  4.611677e+01
254 2.535000e-01 1 2   3.618240e+00 -8.299064e-03  4.703633e+01
255 2.545000e-01 1 2   3.667230e+00 -8.961879e-03  4.753549e+01
256 2.555000e-01 1 2   3.710374e+00 -9.501198e-03  4.788400e+01
257 2.565000e-01 1 3   3.758088e+00 -1.002856e-02  4.829961e+01
258 2.575000e-01 1 2   3.810785e+00 -1.079522e-02  4.878039e+01
259 2.585000e-01 1 2   3.864445e+00 -1.193964e-02  4.924845e+01
260 2.595000e-01 1 2   3.915288e+00 -1.335241e-02  4.964079e+01
261 2.605000e-01 1 2   3.962257e+00 -1.474169e-02  4.994673e+01
262 2.615000e-01 1 2   4.007001e+00 -1.586240e-02  5.020050e+01
263 2.625000e-01 1 2   4.051490e+00 -1.670417e-02  5.043810e+01
264 2.635000e-01 1 2   4.095757e+00 -1.748692e-02  5.066158e+01
265 2.645000e-01 1 2   4.138009e+00 -1.848931e-02  5.084360e+01
266 2.655000e-01 1 2   4.176641e+00 -1.987481e-02  5.096105e+01
267 2.665000e-01 1 2   4.211791e+00 -2.157759e-02  5.101849e+01
268 2.675000e-01 1 2   4.244852e+00 -2.337382e-02  5.103923e+01
269 2.685000e-01 1 2   4.276718e+00 -2.503657e-02  5.103850e+01
270 2.695000e-01 1 3   4.306737e+00 -2.649358e-02  5.100874e+01
271 2.705000e-01 1 2   4.333394e+00 -2.781702e-02  5.093013e+01
272 2.715000e-01 1 3   4.355814e+00 -2.919727e-02  5.079168e+01
273 2.725000e-01 1 2   4.374533e+00 -3.072669e-02  5.060120e+01
274 2.735000e-01 1 1   4.390706e+00 -3.246746e-02  5.037428e+01
275 2.745000e-01 1 1   4.405077e+00 -3.434641e-02  5.012156e+01
276 2.755000e-01 1 1   4.417137e+00 -3.623243e-02  4.983682e+01
277 2.765000e-01 1 2   4.425907e+00 -3.798745e-02  4.950812e+01
278 2.775000e-01 1 1   4.430967e+00 -3.971558e-02  4.913055e+01
279 2.785000e-01 1 1   4.432475e+00 -4.129517e-02  4.870624e+01
280 2.795000e-01 1 1   4.431209e+00 -4.294600e-02  4.824403e+01
281 2.805000e-01 1 2   4.427524e+00 -4.470870e-02  4.774776e+01
282 2.815000e-01 1 2   4.421660e+00 -4.665048e-02  4.721978e+01
283 2.825000e-01 1 2   4.413237e+00 -4.855198e-02  4.665576e+01
284 2.835000e-01 1 2   4.402178e+00 -5.029212e-02  4.605487e+01
285 2.845000e-01 1 2   4.388692e+00 -5.185928e-02  4.541922e+01
286 2.855000e-01 1 2   4.372954e+00 -5.333166e-02  4.474979e+01
287 2.865000e-01 1 2   4.354957e+00 -5.483008e-02  4.404500e+01
288 2.875000e-01 1 2   4.334696e+00 -5.646110e-02  4.330390e+01
289 2.885000e-01 1 2   4.312412e+00 -5.822270e-02  4.252906e+01
290 2.895000e-01 1 2   4.288564e+00 -6.000015e-02  4.172608e+01
291 2.905000e-01 1 2   4.263538e+00 -6.163279e-02  4.089930e+01
292 2.915000e-01 1 2   4.237363e+00 -6.301696e-02  4.004818e+01
293 2.925000e-01 1 2   4.209757e+00 -6.417834e-02  3.916809e+01
294 2.935000e-01 1 2   4.180495e+00 -6.524231e-02  3.825520e+01
295 2.945000e-01 1 2   4.149727e+00 -6.637513e-02  3.731063e+01
296 2.955000e-01 1 1   4.118336e+00 -6.758834e-02  3.633905e+01
297 2.965000e-01 1 1   4.086008e+00 -6.889227e-02  3.534689e+01
298 2.975000e-01 1 1   4.053314e+00 -7.019772e-02  3.433647e+01
299 2.985000e-01 1 1   4.020094e+00 -7.129963e-02  3.330461e+01
300 2.995000e-01 1 1   3.986115e+00 -7.213066e-02  3.224750e+01
301 3.005000e-01 1 1   3.951439e+00 -7.277450e-02  3.116533e+01
302 3.015000e-01 1 1   3.916332e+00 -7.335440e-02  3.006072e+01
303 3.025000e-01 1 1   3.881111e+00 -7.398355e-02  2.893726e+01
304 3.035000e-01 1 1   3.845932e+00 -7.468964e-02  2.779628e+01
305 3.045000e-01 1 1   3.810818e+00 -7.541924e-02  2.663745e+01
306 3.055000e-01 1 1   3.775693e+00 -7.604998e-02  2.545830e+01
307 3.065000e-01 1 1   3.740600e+00 -7.650609e-02  2.425832e+01
308 3.075000e-01 1 1   3.705806e+00 -7.678258e-02  2.304019e+01
309 3.085000e-01 1 1   3.671503e+00 -7.693095e-02  2.180578e+01
310 3.095000e-01 1 1   3.637901e+00 -7.703118e-02  2.055701e+01
311 3.105000e-01 1 2   3.604013e+00 -7.717086e-02  1.929185e+01
312 3.115000e-01 1 2   3.571745e+00 -7.730360e-02  1.800882e+01
313 3.125000e-01 1 2   3.540373e+00 -7.734151e-02  1.670793e+01
314 3.135000e-01 1 2   3.510060e+00 -7.729446e-02  1.539066e+01
315 3.145000e-01 1 1   3.482087e+00 -7.709658e-02  1.405678e+01
316 3.155000e-01 1 2   3.453556e+00 -7.682213e-02  1.271188e+01
317 3.165000e-01 1 2   3.427597e+00 -7.652180e-02  1.135128e+01
318 3.175000e-01 1 2   3.403409e+00 -7.608441e-02  9.974391e+00
319 3.185000e-01 1 2   3.381100e+00 -7.560798e-02  8.581529e+00
320 3.195000e-01 1 2   3.360921e+00 -7.512061e-02  7.173619e+00
321 3.205000e-01 1 2   3.343128e+00 -7.457035e-02  5.752104e+00
322 3.215000e-01 1 2   3.327943e+00 -7.393668e-02  4.317669e+00
323 3.225000e-01 1 2   3.315565e+00 -7.320335e-02  2.870063e+00
324 3.235000e-01 1 2   3.306166e+00 -7.239573e-02  1.408100e+00
325 3.245000e-01 1 3   3.299970e+00 -7.151894e-02 -6.865966e-02
326 3.255000e-01 1 2   3.297225e+00 -7.060989e-02 -1.559828e+00
327 3.265000e-01 1 2   3.298209e+00 -6.966527e-02 -3.064323e+00
328 3.275000e-01 1 1   3.304637e+00 -6.867605e-02 -4.582497e+00
329 3.285000e-01 1 1   3.313927e+00 -6.759664e-02 -6.111414e+00
330 3.295000e-01 1 1   3.327581e+00 -6.644423e-02 -7.654564e+00
331 3.305000e-01 1 1   3.345975e+00 -6.522164e-02 -9.209225e+00
332 3.315000e-01 1 1   3.369349e+00 -6.392994e-02 -1.077584e+01
333 3.325000e-01 1 1   3.397937e+00 -6.257938e-02 -1.235526e+01
334 3.335000e-01 1 1   3.431985e+00 -6.119774e-02 -1.394634e+01
335 3.345000e-01 1 1   3.471735e+00 -5.979264e-02 -1.554788e+01
336 3.355000e-01 1 1   3.517416e+00 -5.834490e-02 -1.715992e+01
337 3.365000e-01 1 1   3.569262e+00 -5.684948e-02 -1.878096e+01
338 3.375000e-01 1 1   3.627501e+00 -5.527327e-02 -2.041343e+01
339 3.385000e-01 1 1   3.692321e+00 -5.364195e-02 -2.205504e+01
340 3.395000e-01 1 1   3.763919e+00 -5.196078e-02 -2.370398e+01
341 3.405000e-01 1 1   3.842463e+00 -5.023609e-02 -2.535957e+01
342 3.415000e-01 1 1   3.928134e+00 -4.846740e-02 -2.702111e+01
343 3.425000e-01 1 1   4.021078e+00 -4.665645e-02 -2.868836e+01
344 3.435000e-01 1 1   4.121437e+00 -4.480147e-02 -3.036029e+01
345 3.445000e-01 1 1   4.229308e+00 -4.289152e-02 -3.203505e+01
346 3.455000e-01 1 1   4.344772e+00 -4.094305e-02 -3.371140e+01
347 3.465000e-01 1 1   4.467886e+00 -3.896156e-02 -3.538812e+01
348 3.475000e-01 1 1   4.598658e+00 -3.694191e-02 -3.706280e+01
349 3.485000e-01 1 1   4.737145e+00 -3.489533e-02 -3.873537e+01
350 3.495000e-01 1 1   4.883308e+00 -3.282307e-02 -4.040387e+01
351 3.505000e-01 1 1   5.037088e+00 -3.073885e-02 -4.206620e+01
352 3.515000e-01 1 1   5.198407e+00 -2.863981e-02 -4.372073e+01
353 3.525000e-01 1 1   5.367168e+00 -2.653831e-02 -4.536592e+01
354 3.535000e-01 1 1   5.543216e+00 -2.444616e-02 -4.699948e+01
355 3.545000e-01 1 1   5.726351e+00 -2.235955e-02 -4.861929e+01
356 3.555000e-01 1 1   5.916399e+00 -2.028953e-02 -5.022420e+01
357 3.565000e-01 1 1   6.113083e+00 -1.823117e-02 -5.181118e+01
358 3.575000e-01 1 1   6.316190e+00 -1.620918e-02 -5.337917e+01
359 3.585000e-01 1 1   6.525381e+00 -1.422735e-02 -5.492539e+01
360 3.595000e-01 1 2   6.738716e+00 -1.229669e-02 -5.645086e+01
361 3.605000e-01 1 1   6.960881e+00 -1.048291e-02 -5.794854e+01
362 3.615000e-01 1 1   7.186349e+00 -8.736929e-03 -5.941877e+01
363 3.625000e-01 1 1   7.416482e+00 -7.186323e-03 -6.086205e+01
364 3.635000e-01 1 1   7.650766e+00 -5.579785e-03 -6.227415e+01
365 3.645000e-01 1 2   7.887204e+00 -3.993907e-03 -6.365301e+01
366 3.655000e-01 1 1   8.130093e+00 -2.676786e-03 -6.499712e+01
367 3.665000e-01 1 2   8.372643e+00 -1.423934e-03 -6.630414e+01
368 3.675000e-01 1 1   8.620396e+00 -4.275621e-04 -6.757428e+01
369 3.685000e-01 1 1   8.868371e+00  4.645935e-04 -6.880407e+01
370 3.695000e-01 1 1   9.117520e+00  1.162942e-03 -6.999388e+01
371 3.705000e-01 1 1   9.367364e+00  1.740559e-03 -7.114159e+01
372 3.715000e-01 1 2   9.616031e+00  2.269562e-03 -7.224471e+01
373 3.725000e-01 1 2   9.865441e+00  2.566117e-03 -7.330267e+01
374 3.735000e-01 1 2   1.011368e+01  2.619791e-03 -7.431313e+01
375 3.745000e-01 1 2   1.036016e+01  2.406262e-03 -7.527582e+01
376 3.755000e-01 1 2   1.060440e+01  1.991157e-03 -7.619032e+01
377 3.765000e-01 1 1   1.084672e+01  1.246767e-03 -7.705616e+01
378 3.775000e-01 1 2   1.108369e+01  4.428975e-04 -7.787001e+01
379 3.785000e-01 1 2   1.131762e+01 -5.834362e-04 -7.863390e+01
380 3.795000e-01 1 2   1.154691e+01 -1.812539e-03 -7.934493e+01
381 3.805000e-01 1 1   1.177158e+01 -3.406263e-03 -8.000327e+01
382 3.815000e-01 1 2   1.198908e+01 -5.044299e-03 -8.060662e+01
383 3.825000e-01 1 1   1.220169e+01 -7.007372e-03 -8.115851e+01
384 3.835000e-01 1 1   1.240689e+01 -9.180207e-03 -8.165568e+01
385 3.845000e-01 1 2   1.260425e+01 -1.144758e-02 -8.209769e+01
386 3.855000e-01 1 2   1.279427e+01 -1.388702e-02 -8.248515e+01
387 3.865000e-01 1 1   1.297626e+01 -1.662686e-02 -8.281737e+01
388 3.875000e-01 1 1   1.314908e+01 -1.960985e-02 -8.309415e+01
389 3.885000e-01 1 2   1.331254e+01 -2.267669e-02 -8.331633e+01
390 3.895000e-01 1 2   1.346677e+01 -2.583946e-02 -8.348413e+01
391 3.905000e-01 1 2   1.361095e+01 -2.918902e-02 -8.359653e+01
392 3.915000e-01 1 2   1.374479e+01 -3.274980e-02 -8.365423e+01
393 3.925000e-01 1 2   1.386806e+01 -3.643743e-02 -8.365793e+01
394 3.935000e-01 1 2   1.398047e+01 -4.023764e-02 -8.360817e+01
395 3.945000e-01 1 2   1.408177e+01 -4.414504e-02 -8.350524e+01
396 3.955000e-01 1 2   1.417171e+01 -4.813866e-02 -8.334955e+01
397 3.965000e-01 1 2   1.425008e+01 -5.219206e-02 -8.314146e+01
398 3.975000e-01 1 2   1.431676e+01 -5.631599e-02 -8.288178e+01
399 3.985000e-01 1 2   1.437159e+01 -6.046276e-02 -8.257095e+01
400 3.995000e-01 1 2   1.441454e+01 -6.467003e-02 -8.221003e+01
401 4.005000e-01 1 2   1.444544e+01 -6.886493e-02 -8.179921e+01
402 4.015000e-01 1 2   1.446425e+01 -7.306541e-02 -8.133921e+01
403 4.025000e-01 1 2   1.447101e+01 -7.727652e-02 -8.083094e+01
404 4.035000e-01 1 1   1.446579e+01 -8.152940e-02 -8.027524e+01
405 4.045000e-01 1 2   1.444807e+01 -8.548918e-02 -7.967080e+01
406 4.055000e-01 1 1   1.441887e+01 -8.970155e-02 -7.902205e+01
407 4.065000e-01 1 2   1.437739e+01 -9.364477e-02 -7.832660e+01
408 4.075000e-01 1 2   1.432435e+01 -9.768980e-02 -7.758724e+01
409 4.085000e-01 1 2   1.425957e+01 -1.016443e-01 -7.680358e+01
410 4.095000e-01 1 2   1.418314e+01 -1.054714e-01 -7.597595e+01
411 4.105000e-01 1 1   1.409536e+01 -1.091242e-01 -7.510495e+01
412 4.115000e-01 1 1   1.399595e+01 -1.126166e-01 -7.419025e+01
413 4.125000e-01 1 1   1.388552e+01 -1.160654e-01 -7.323383e+01
414 4.135000e-01 1 1   1.376432e+01 -1.194230e-01 -7.223659e+01
415 4.145000e-01 1 1   1.363250e+01 -1.226762e-01 -7.119868e+01
416 4.155000e-01 1 1   1.349019e+01 -1.257877e-01 -7.012016e+01
417 4.165000e-01 1 1   1.333770e+01 -1.287053e-01 -6.900171e+01
418 4.175000e-01 1 1   1.317536e+01 -1.315679e-01 -6.784417e+01
419 4.185000e-01 1 1   1.300343e+01 -1.342855e-01 -6.664793e+01
420 4.195000e-01 1 1   1.282208e+01 -1.368091e-01 -6.541278e+01
421 4.205000e-01 1 1   1.263161e+01 -1.391410e-01 -6.413896e+01
422 4.215000e-01 1 2   1.243203e+01 -1.414701e-01 -6.282843e+01
423 4.225000e-01 1 1   1.222510e+01 -1.434086e-01 -6.148013e+01
424 4.235000e-01 1 1   1.200946e+01 -1.452155e-01 -6.009410e+01
425 4.245000e-01 1 1   1.178591e+01 -1.468362e-01 -5.867057e+01
426 4.255000e-01 1 1   1.155533e+01 -1.483227e-01 -5.721262e+01
427 4.265000e-01 1 1   1.131746e+01 -1.496314e-01 -5.571725e+01
428 4.275000e-01 1 1   1.107315e+01 -1.507631e-01 -5.418739e+01
429 4.285000e-01 1 1   1.082245e+01 -1.516927e-01 -5.262167e+01
430 4.295000e-01 1 1   1.056581e+01 -1.524304e-01 -5.102077e+01
431 4.305000e-01 1 1   1.030372e+01 -1.529906e-01 -4.938561e+01
432 4.315000e-01 1 1   1.003649e+01 -1.533498e-01 -4.771617e+01
433 4.325000e-01 1 1   9.764570e+00 -1.535143e-01 -4.601301e+01
434 4.335000e-01 1 1   9.488323e+00 -1.534867e-01 -4.427630e+01
435 4.345000e-01 1 1   9.208147e+00 -1.532756e-01 -4.250618e+01
436 4.355000e-01 1 1   8.924702e+00 -1.529170e-01 -4.070467e+01
437 4.365000e-01 1 1   8.638132e+00 -1.523256e-01 -3.887044e+01
438 4.375000e-01 1 1   8.348866e+00 -1.514987e-01 -3.700375e+01
439 4.385000e-01 1 1   8.057499e+00 -1.504755e-01 -3.510592e+01
440 4.395000e-01 1 1   7.764623e+00 -1.492613e-01 -3.317823e+01
441 4.405000e-01 1 1   7.470319e+00 -1.478155e-01 -3.121873e+01
442 4.415000e-01 1 1   7.175245e+00 -1.461656e-01 -2.922892e+01
443 4.425000e-01 1 1   6.879863e+00 -1.443128e-01 -2.720915e+01
444 4.435000e-01 1 1   6.584880e+00 -1.422803e-01 -2.516127e+01
445 4.445000e-01 1 1   6.290557e+00 -1.400245e-01 -2.308426e+01
446 4.455000e-01 1 1   5.997529e+00 -1.375669e-01 -2.097923e+01
447 4.465000e-01 1 1   5.706334e+00 -1.349016e-01 -1.884700e+01
448 4.475000e-01 1 1   5.417555e+00 -1.320295e-01 -1.668826e+01
449 4.485000e-01 1 1   5.131491e+00 -1.289374e-01 -1.450183e+01
450 4.495000e-01 1 1   4.849359e+00 -1.257481e-01 -1.229335e+01
451 4.505000e-01 1 1   4.571354e+00 -1.223375e-01 -1.006104e+01
452 4.515000e-01 1 1   4.297942e+00 -1.186394e-01 -7.804834e+00
453 4.525000e-01 1 1   4.029740e+00 -1.147124e-01 -5.525562e+00
454 4.535000e-01 1 1   3.767414e+00 -1.105812e-01 -3.224994e+00
455 4.545000e-01 1 1   3.511583e+00 -1.062624e-01 -9.043094e-01
456 4.555000e-01 1 1   3.262758e+00 -1.017355e-01  1.436152e+00
457 4.565000e-01 1 2   3.018944e+00 -9.730224e-02  3.789311e+00
458 4.575000e-01 1 1   2.789168e+00 -9.222312e-02  6.163905e+00
459 4.585000e-01 1 1   2.565298e+00 -8.699770e-02  8.554132e+00
460 4.595000e-01 1 1   2.350899e+00 -8.169198e-02  1.095508e+01
461 4.605000e-01 1 1   2.146523e+00 -7.621413e-02  1.336737e+01
462 4.615000e-01 1 1   1.952589e+00 -7.053954e-02  1.579067e+01
463 4.625000e-01 1 1   1.769649e+00 -6.464460e-02  1.822286e+01
464 4.635000e-01 1 1   1.598258e+00 -5.857434e-02  2.066148e+01
465 4.645000e-01 1 1   1.438842e+00 -5.233760e-02  2.310488e+01
466 4.655000e-01 1 1   1.291824e+00 -4.595479e-02  2.555102e+01
467 4.665000e-01 1 1   1.157592e+00 -3.938639e-02  2.799809e+01
468 4.675000e-01 1 1   1.036478e+00 -3.265544e-02  3.044444e+01
469 4.685000e-01 1 1   9.288753e-01 -2.579106e-02  3.288762e+01
470 4.695000e-01 1 1   8.350321e-01 -1.885273e-02  3.532501e+01
471 4.705000e-01 1 1   7.552287e-01 -1.177088e-02  3.775399e+01
472 4.715000e-01 1 2   6.856073e-01 -4.767688e-03  4.016878e+01
473 4.725000e-01 1 2   6.340599e-01  2.526350e-03  4.257592e+01
474 4.735000e-01 1 2   5.971251e-01  9.921124e-03  4.496931e+01
475 4.745000e-01 1 1   5.785562e-01  1.764747e-02  4.735138e+01
476 4.755000e-01 1 2   5.663355e-01  2.506822e-02  4.970621e+01
477 4.765000e-01 1 2   5.721473e-01  3.264209e-02  5.204372e+01
478 4.775000e-01 1 2   5.925050e-01  4.021884e-02  5.435918e+01
479 4.785000e-01 1 2   6.269284e-01  4.784951e-02  5.664898e+01
480 4.795000e-01 1 2   6.752213e-01  5.544515e-02  5.891132e+01
481 4.805000e-01 1 2   7.371442e-01  6.302595e-02  6.114431e+01
482 4.815000e-01 1 2   8.124662e-01  7.053927e-02  6.334559e+01
483 4.825000e-01 1 4   9.008528e-01  7.797999e-02  6.551280e+01
484 4.835000e-01 2 2   1.015625e+00  9.571582e-02  7.139306e+01
485 4.845000e-01 2 2   1.140914e+00  1.022042e-01  7.324301e+01
486 4.855000e-01 1 2   1.211869e+00  9.367002e-02  6.955792e+01
487 4.865000e-01 1 2   1.380082e+00  1.054975e-01  7.356985e+01
488 4.875000e-01 1 2   1.542450e+00  1.134311e-01  7.601256e+01
489 4.885000e-01 1 2   1.697833e+00  1.199066e-01  7.783831e+01
490 4.895000e-01 1 2   1.856334e+00  1.261200e-01  7.946245e+01
491 4.905000e-01 1 1   2.032780e+00  1.326177e-01  8.119454e+01
492 4.915000e-01 1 1   2.220871e+00  1.388389e-01  8.301290e+01
493 4.925000e-01 1 1   2.419213e+00  1.443724e-01  8.480596e+01
494 4.935000e-01 1 1   2.623419e+00  1.489983e-01  8.649828e+01
495 4.945000e-01 1 1   2.831385e+00  1.532734e-01  8.807597e+01
496 4.955000e-01 1 2   3.041504e+00  1.578381e-01  8.957841e+01
497 4.965000e-01 1 2   3.262036e+00  1.629150e-01  9.105619e+01
498 4.975000e-01 1 2   3.490198e+00  1.680753e-01  9.250835e+01
499 4.985000e-01 1 1   3.725329e+00  1.726237e-01  9.390204e+01
500 4.995000e-01 1 1   3.959365e+00  1.760576e-01  9.520012e+01
501 5.005000e-01 1 1   4.194382e+00  1.784858e-01  9.641130e+01
502 5.015000e-01 1 1   4.432554e+00  1.803488e-01  9.756564e+01
503 5.025000e-01 1 1   4.674980e+00  1.822502e-01  9.868162e+01
504 5.035000e-01 1 2   4.918117e+00  1.844583e-01  9.974460e+01
505 5.045000e-01 1 2   5.162447e+00  1.866126e-01  1.007343e+02
506 5.055000e-01 1 2   5.404128e+00  1.885058e-01  1.016348e+02
507 5.065000e-01 1 1   5.644689e+00  1.896454e-01  1.024574e+02
508 5.075000e-01 1 1   5.882993e+00  1.900218e-01  1.032181e+02
509 5.085000e-01 1 2   6.119884e+00  1.898886e-01  1.039269e+02
510 5.095000e-01 1 2   6.356444e+00  1.893581e-01  1.045806e+02
511 5.105000e-01 1 2   6.588792e+00  1.885971e-01  1.051610e+02
512 5.115000e-01 1 2   6.814855e+00  1.877284e-01  1.056597e+02
513 5.125000e-01 1 2   7.034616e+00  1.866658e-01  1.060818e+02
514 5.135000e-01 1 2   7.248976e+00  1.851965e-01  1.064378e+02
515 5.145000e-01 1 1   7.458757e+00  1.831801e-01  1.067345e+02
516 5.155000e-01 1 1   7.662181e+00  1.804111e-01  1.069690e+02
517 5.165000e-01 1 1   7.858346e+00  1.773083e-01  1.071369e+02
518 5.175000e-01 2 2   8.832566e+00  1.894881e-01  1.131061e+02
519 5.185000e-01 2 2   8.947955e+00  1.853112e-01  1.126084e+02
520 5.195000e-01 2 2   9.111267e+00  1.805395e-01  1.123623e+02
521 5.205000e-01 2 2   9.298960e+00  1.764865e-01  1.122648e+02
522 5.215000e-01 2 2   9.481393e+00  1.713855e-01  1.121425e+02
523 5.225000e-01 2 2   9.642488e+00  1.653125e-01  1.118932e+02
524 5.235000e-01 2 2   9.776304e+00  1.593054e-01  1.114791e+02
525 5.245000e-01 2 2   9.888479e+00  1.542764e-01  1.109405e+02
526 5.255000e-01 2 2   9.989724e+00  1.504713e-01  1.103482e+02
527 5.265000e-01 2 2   1.008693e+01  1.466312e-01  1.097486e+02
528 5.275000e-01 2 2   1.017587e+01  1.411014e-01  1.091188e+02
529 5.285000e-01 2 2   1.024616e+01  1.330292e-01  1.083972e+02
530 5.295000e-01 2 2   1.029296e+01  1.231889e-01  1.075547e+02
531 5.305000e-01 2 2   1.032231e+01  1.136613e-01  1.066260e+02
532 5.315000e-01 2 2   1.034395e+01  1.063618e-01  1.056699e+02
533 5.325000e-01 2 2   1.035989e+01  1.015624e-01  1.047024e+02
534 5.335000e-01 2 2   1.036077e+01  9.790066e-02  1.036730e+02
535 5.345000e-01 2 2   1.033621e+01  9.292282e-02  1.025225e+02
536 5.355000e-01 2 2   1.028716e+01  8.503679e-02  1.012523e+02
537 5.365000e-01 2 2   1.022443e+01  7.460989e-02  9.991947e+01
538 5.375000e-01 2 2   1.015897e+01  6.345620e-02  9.858512e+01
539 5.385000e-01 2 2   1.008993e+01  5.375406e-02  9.724783e+01
540 5.395000e-01 2 2   1.000533e+01  4.650263e-02  9.584304e+01
541 5.405000e-01 2 2   9.894052e+00  4.124019e-02  9.430576e+01
542 5.415000e-01 2 2   9.758251e+00  3.614916e-02  9.264227e+01
543 5.425000e-01 2 2   9.610407e+00  2.965932e-02  9.091630e+01
544 5.435000e-01 2 2   9.462591e+00  2.096412e-02  8.919420e+01
545 5.445000e-01 2 2   9.314367e+00  1.083451e-02  8.747548e+01
546 5.455000e-01 2 2   9.154203e+00  8.639998e-04  8.569569e+01
547 5.465000e-01 2 2   8.971952e+00 -7.483687e-03  8.379310e+01
548 5.475000e-01 2 2   8.768803e+00 -1.376788e-02  8.176648e+01
549 5.485000e-01 2 2   8.555736e+00 -1.892456e-02  7.967188e+01
550 5.495000e-01 2 2   8.342402e+00 -2.461206e-02  7.756231e+01
551 5.505000e-01 2 2   8.129070e+00 -3.205058e-02  7.543966e+01
552 5.515000e-01 2 2   7.908426e+00 -4.103194e-02  7.325965e+01
553 5.525000e-01 2 3   7.674789e+00 -5.001011e-02  7.098368e+01
554 5.535000e-01 2 2   7.431765e+00 -5.726674e-02  6.862439e+01
555 5.545000e-01 2 2   7.184153e+00 -6.179198e-02  6.620313e+01
556 5.555000e-01 2 2   6.937500e+00 -6.503542e-02  6.375198e+01
557 5.565000e-01 2 2   6.688830e+00 -6.897132e-02  6.124919e+01
558 5.575000e-01 2 2   6.433346e+00 -7.515511e-02  5.865877e+01
559 5.585000e-01 2 2   6.171930e+00 -8.342846e-02  5.597832e+01
560 5.595000e-01 2 2   5.911813e+00 -9.180297e-02  5.324786e+01
561 5.605000e-01 2 2   5.659870e+00 -9.785209e-02  5.050949e+01
562 5.615000e-01 2 2   5.415674e+00 -1.004532e-01  4.775842e+01
563 5.625000e-01 2 2   5.172226e+00 -1.006091e-01  4.494063e+01
564 5.635000e-01 2 2   4.923973e+00 -1.008324e-01  4.200514e+01
565 5.645000e-01 2 2   4.673828e+00 -1.034338e-01  3.895952e+01
566 5.655000e-01 2 2   4.431694e+00 -1.089519e-01  3.586910e+01
567 5.665000e-01 2 2   4.205815e+00 -1.158136e-01  3.279579e+01
568 5.675000e-01 2 2   3.995837e+00 -1.213012e-01  2.973825e+01
569 5.685000e-01 2 2   3.794812e+00 -1.232963e-01  2.663427e+01
570 5.695000e-01 2 2   3.597153e+00 -1.216766e-01  2.342062e+01
571 5.705000e-01 1 2   3.234240e+00 -1.197069e-01  1.862052e+01
572 5.715000e-01 1 1   3.141832e+00 -1.176784e-01  1.597138e+01
573 5.725000e-01 1 1   3.014743e+00 -1.184879e-01  1.293894e+01
574 5.735000e-01 1 1   2.890056e+00 -1.217506e-01  9.757515e+00
575 5.745000e-01 1 2   2.768240e+00 -1.245965e-01  6.471555e+00
576 5.755000e-01 1 1   2.677761e+00 -1.242651e-01  3.159822e+00
577 5.765000e-01 1 1   2.602392e+00 -1.209399e-01 -1.327652e-01
578 5.775000e-01 1 1   2.546808e+00 -1.162562e-01 -3.422800e+00
579 5.785000e-01 1 2   2.502850e+00 -1.120240e-01 -6.733166e+00
580 5.795000e-01 1 1   2.492398e+00 -1.085066e-01 -1.009426e+01
581 5.805000e-01 1 1   2.495675e+00 -1.059822e-01 -1.348848e+01
582 5.815000e-01 1 1   2.520857e+00 -1.038357e-01 -1.689944e+01
583 5.825000e-01 1 2   2.561744e+00 -1.011008e-01 -2.030753e+01
584 5.835000e-01 1 2   2.634474e+00 -9.677343e-02 -2.371510e+01
585 5.845000e-01 1 1   2.740283e+00 -9.086352e-02 -2.712939e+01
586 5.855000e-01 1 1   2.862928e+00 -8.450670e-02 -3.055217e+01
587 5.865000e-01 1 2   3.002321e+00 -7.859604e-02 -3.398502e+01
588 5.875000e-01 1 1   3.184879e+00 -7.272547e-02 -3.742033e+01
589 5.885000e-01 1 1   3.386670e+00 -6.673138e-02 -4.084644e+01
590 5.895000e-01 1 1   3.615043e+00 -6.072091e-02 -4.425403e+01
591 5.905000e-01 1 1   3.870994e+00 -5.408639e-02 -4.764752e+01
592 5.915000e-01 1 1   4.154944e+00 -4.680950e-02 -5.103187e+01
593 5.925000e-01 1 2   4.458616e+00 -3.929858e-02 -5.440417e+01
594 5.935000e-01 1 2   4.799168e+00 -3.160067e-02 -5.776222e+01
595 5.945000e-01 1 1   5.176908e+00 -2.377237e-02 -6.109388e+01
596 5.955000e-01 1 1   5.574333e+00 -1.604925e-02 -6.439552e+01
597 5.965000e-01 1 1   5.999209e+00 -8.360127e-03 -6.766488e+01
598 5.975000e-01 1 1   6.452500e+00 -3.125965e-04 -7.090563e+01
599 5.985000e-01 1 1   6.933801e+00  7.944500e-03 -7.411225e+01
600 5.995000e-01 1 1   7.443112e+00  1.629705e-02 -7.728642e+01
601 6.005000e-01 1 1   7.979875e+00  2.459742e-02 -8.042203e+01
602 6.015000e-01 1 1   8.543179e+00  3.279324e-02 -8.351145e+01
603 6.025000e-01 1 1   9.132144e+00  4.096093e-02 -8.654976e+01
604 6.035000e-01 1 2   9.739138e+00  4.921604e-02 -8.953581e+01
605 6.045000e-01 1 1   1.038553e+01  5.736134e-02 -9.247451e+01
606 6.055000e-01 1 1   1.104976e+01  6.534344e-02 -9.536166e+01
607 6.065000e-01 1 1   1.173736e+01  7.286539e-02 -9.819878e+01
608 6.075000e-01 1 2   1.244062e+01  8.031515e-02 -1.009718e+02
609 6.085000e-01 1 1   1.317753e+01  8.722344e-02 -1.036838e+02
610 6.095000e-01 1 1   1.392692e+01  9.404224e-02 -1.063181e+02
611 6.105000e-01 1 1   1.469505e+01  1.004791e-01 -1.088882e+02
612 6.115000e-01 1 1   1.548166e+01  1.068508e-01 -1.113939e+02
613 6.125000e-01 1 3   1.628100e+01  1.130711e-01 -1.138348e+02
614 6.135000e-01 1 2   1.710132e+01  1.187598e-01 -1.162068e+02
615 6.145000e-01 1 2   1.793443e+01  1.237084e-01 -1.184949e+02
616 6.155000e-01 1 2   1.877879e+01  1.276980e-01 -1.207004e+02
617 6.165000e-01 1 1   1.963822e+01  1.306435e-01 -1.228317e+02
618 6.175000e-01 1 2   2.049724e+01  1.334860e-01 -1.248700e+02
619 6.185000e-01 1 2   2.137021e+01  1.359432e-01 -1.268411e+02
620 6.195000e-01 1 1   2.225371e+01  1.376090e-01 -1.287353e+02
621 6.205000e-01 1 1   2.313599e+01  1.384793e-01 -1.305318e+02
622 6.215000e-01 1 1   2.402126e+01  1.385849e-01 -1.322433e+02
623 6.225000e-01 1 1   2.490846e+01  1.377044e-01 -1.338704e+02
624 6.235000e-01 1 1   2.579470e+01  1.358481e-01 -1.354075e+02
625 6.245000e-01 1 1   2.667815e+01  1.331805e-01 -1.368531e+02
626 6.255000e-01 1 1   2.755749e+01  1.297170e-01 -1.382083e+02
627 6.265000e-01 1 1   2.843109e+01  1.253245e-01 -1.394725e+02
628 6.275000e-01 1 1   2.929693e+01  1.201283e-01 -1.406443e+02
629 6.285000e-01 1 1   3.015337e+01  1.136709e-01 -1.417238e+02
630 6.295000e-01 1 1   3.099847e+01  1.060581e-01 -1.427103e+02
631 6.305000e-01 1 1   3.183057e+01  9.710076e-02 -1.436041e+02
632 6.315000e-01 1 1   3.264763e+01  8.675839e-02 -1.444044e+02
633 6.325000e-01 1 1   3.344738e+01  7.518850e-02 -1.451096e+02
634 6.335000e-01 1 1   3.422764e+01  6.232062e-02 -1.457183e+02
635 6.345000e-01 1 1   3.498652e+01  4.806949e-02 -1.462307e+02
636 6.355000e-01 1 1   3.572210e+01  3.257417e-02 -1.466467e+02
637 6.365000e-01 1 1   3.643275e+01  1.550570e-02 -1.469673e+02
638 6.375000e-01 1 2   3.711267e+01 -2.543806e-03 -1.471790e+02
639 6.385000e-01 1 1   3.777223e+01 -2.356974e-02 -1.473232e+02
640 6.395000e-01 1 1   3.839434e+01 -4.565473e-02 -1.473516e+02
641 6.405000e-01 1 1   3.898283e+01 -6.928738e-02 -1.472806e+02
642 6.415000e-01 1 1   3.953688e+01 -9.443981e-02 -1.471149e+02
643 6.425000e-01 1 2   4.005009e+01 -1.202117e-01 -1.468405e+02
644 6.435000e-01 1 1   4.053108e+01 -1.491184e-01 -1.464915e+02
645 6.445000e-01 1 1   4.096656e+01 -1.793090e-01 -1.460336e+02
646 6.455000e-01 1 1   4.135809e+01 -2.108012e-01 -1.454757e+02
647 6.465000e-01 1 1   4.170596e+01 -2.445945e-01 -1.448260e+02
648 6.475000e-01 1 1   4.200588e+01 -2.798517e-01 -1.440788e+02
649 6.485000e-01 1 1   4.225671e+01 -3.170061e-01 -1.432370e+02
650 6.495000e-01 1 1   4.245749e+01 -3.558686e-01 -1.423047e+02
651 6.505000e-01 1 2   4.260122e+01 -3.957806e-01 -1.412688e+02
652 6.515000e-01 1 2   4.269109e+01 -4.368360e-01 -1.401461e+02
653 6.525000e-01 1 2   4.271950e+01 -4.777351e-01 -1.389238e+02
654 6.535000e-01 1 2   4.268455e+01 -5.178282e-01 -1.376037e+02
655 6.545000e-01 1 2   4.258329e+01 -5.554945e-01 -1.361861e+02
656 6.555000e-01 1 2   4.241166e+01 -5.884891e-01 -1.346671e+02
657 6.565000e-01 1 2   4.216649e+01 -6.148684e-01 -1.330414e+02
658 6.575000e-01 1 2   4.184705e+01 -6.337199e-01 -1.313058e+02
659 6.585000e-01 1 2   4.145523e+01 -6.454254e-01 -1.294593e+02
660 6.595000e-01 1 2   4.099449e+01 -6.514182e-01 -1.275040e+02
661 6.605000e-01 1 2   4.046840e+01 -6.533940e-01 -1.254424e+02
662 6.615000e-01 1 2   3.987974e+01 -6.526812e-01 -1.232765e+02
663 6.625000e-01 1 2   3.923076e+01 -6.501322e-01 -1.210070e+02
664 6.635000e-01 1 2   3.852337e+01 -6.460748e-01 -1.186331e+02
665 6.645000e-01 1 2   3.775990e+01 -6.409336e-01 -1.161559e+02
666 6.655000e-01 1 2   3.694263e+01 -6.349041e-01 -1.135764e+02
667 6.665000e-01 1 2   3.607393e+01 -6.280232e-01 -1.108963e+02
668 6.675000e-01 1 2   3.515574e+01 -6.197767e-01 -1.081155e+02
669 6.685000e-01 1 2   3.419069e+01 -6.098989e-01 -1.052352e+02
670 6.695000e-01 1 2   3.318210e+01 -5.982620e-01 -1.022579e+02
671 6.705000e-01 1 2   3.213390e+01 -5.848853e-01 -9.918757e+01
672 6.715000e-01 1 2   3.104997e+01 -5.692125e-01 -9.602871e+01
673 6.725000e-01 1 2   2.993410e+01 -5.500872e-01 -9.278604e+01
674 6.735000e-01 1 2   2.879014e+01 -5.258477e-01 -8.946461e+01
675 6.745000e-01 1 2   2.762246e+01 -4.948892e-01 -8.607061e+01
676 6.755000e-01 1 2   2.643582e+01 -4.560028e-01 -8.261139e+01
677 6.765000e-01 1 2   2.523529e+01 -4.088244e-01 -7.909506e+01
678 6.775000e-01 1 2   2.402608e+01 -3.538859e-01 -7.553053e+01
679 6.785000e-01 1 2   2.281358e+01 -2.924833e-01 -7.192729e+01
680 6.795000e-01 1 2   2.160325e+01 -2.265059e-01 -6.829530e+01
681 6.805000e-01 1 2   2.040068e+01 -1.582698e-01 -6.464477e+01
682 6.815000e-01 1 2   1.921084e+01 -9.011066e-02 -6.098425e+01
683 6.825000e-01 1 2   1.803738e+01 -2.341313e-02 -5.731827e+01
684 6.835000e-01 1 2   1.688281e+01  4.037990e-02 -5.364888e+01
685 6.845000e-01 1 2   1.574672e+01  1.028568e-01 -4.996891e+01
686 6.855000e-01 1 2   1.462997e+01  1.635587e-01 -4.627586e+01
687 6.865000e-01 1 2   1.353349e+01  2.220774e-01 -4.256784e+01
688 6.875000e-01 1 2   1.245927e+01  2.769337e-01 -3.884612e+01
689 6.885000e-01 1 2   1.141063e+01  3.255699e-01 -3.511652e+01
690 6.895000e-01 1 2   1.039148e+01  3.649265e-01 -3.138719e+01
691 6.905000e-01 1 2   9.405603e+00  3.918624e-01 -2.766659e+01
692 6.915000e-01 1 1   8.459115e+00  4.060377e-01 -2.397747e+01
693 6.925000e-01 1 2   7.537253e+00  4.047886e-01 -2.025401e+01
694 6.935000e-01 1 2   6.670524e+00  3.882210e-01 -1.659975e+01
695 6.945000e-01 1 2   5.835719e+00  3.625738e-01 -1.294205e+01
696 6.955000e-01 1 1   5.043830e+00  3.302206e-01 -9.300277e+00
697 6.965000e-01 1 1   4.269814e+00  3.022207e-01 -5.580673e+00
698 6.975000e-01 1 1   3.529654e+00  2.822593e-01 -1.817142e+00
699 6.985000e-01 1 1   2.819987e+00  2.756350e-01  2.009287e+00
700 6.995000e-01 1 1   2.138465e+00  2.830785e-01  5.922083e+00
701 7.005000e-01 1 1   1.488632e+00  3.012204e-01  9.917014e+00
702 7.015000e-01 1 1   8.748405e-01  3.267407e-01  1.397979e+01
703 7.025000e-01 1 1   3.028156e-01  3.552931e-01  1.808127e+01
704 7.035000e-01 1 2  -2.420980e-01  3.831675e-01  2.225595e+01
705 7.045000e-01 1 2  -7.262175e-01  4.107245e-01  2.641684e+01
706 7.055000e-01 1 1  -1.151269e+00  4.396297e-01  3.057273e+01
707 7.065000e-01 1 2  -1.558336e+00  4.641507e-01  3.478453e+01
708 7.075000e-01 1 2  -1.901011e+00  4.888112e-01  3.895477e+01
709 7.085000e-01 1 1  -2.179897e+00  5.163551e-01  4.308506e+01
710 7.095000e-01 1 2  -2.437236e+00  5.413405e-01  4.722081e+01
711 7.105000e-01 1 2  -2.632577e+00  5.684645e-01  5.131391e+01
712 7.115000e-01 1 1  -2.765984e+00  5.991000e-01  5.537718e+01
713 7.125000e-01 1 2  -2.879634e+00  6.247841e-01  5.944131e+01
714 7.135000e-01 1 2  -2.932805e+00  6.495862e-01  6.347034e+01
715 7.145000e-01 1 2  -2.938220e+00  6.730097e-01  6.747813e+01
716 7.155000e-01 1 2  -2.897381e+00  6.956515e-01  7.146568e+01
717 7.165000e-01 1 2  -2.810412e+00  7.187067e-01  7.542980e+01
718 7.175000e-01 1 2  -2.677592e+00  7.429829e-01  7.936762e+01
719 7.185000e-01 1 2  -2.499296e+00  7.687036e-01  8.327558e+01
720 7.195000e-01 1 2  -2.275921e+00  7.959238e-01  8.714905e+01
721 7.205000e-01 1 3  -2.007854e+00  8.237331e-01  9.098046e+01
722 7.215000e-01 1 2  -1.695510e+00  8.509522e-01  9.476295e+01
723 7.225000e-01 1 2  -1.339405e+00  8.760127e-01  9.849091e+01
724 7.235000e-01 1 2  -9.400550e-01  8.974551e-01  1.021624e+02
725 7.245000e-01 1 2  -4.978168e-01  9.139956e-01  1.057774e+02
726 7.255000e-01 1 2  -1.292111e-02  9.256607e-01  1.093391e+02
727 7.265000e-01 1 2   5.144669e-01  9.346221e-01  1.128495e+02
728 7.275000e-01 1 2   1.083879e+00  9.452234e-01  1.163070e+02
729 7.285000e-01 1 2   1.694179e+00  9.614479e-01  1.197062e+02
730 7.295000e-01 1 1   2.358013e+00  9.825971e-01  1.230571e+02
731 7.305000e-01 1 1   3.047442e+00  1.009145e+00  1.263227e+02
732 7.315000e-01 1 1   3.772986e+00  1.037597e+00  1.295124e+02
733 7.325000e-01 1 2   4.522447e+00  1.066475e+00  1.326143e+02
734 7.335000e-01 1 1   5.333205e+00  1.095385e+00  1.356635e+02
735 7.345000e-01 1 2   6.156654e+00  1.123028e+00  1.386129e+02
736 7.355000e-01 1 1   7.035484e+00  1.150296e+00  1.414954e+02
737 7.365000e-01 1 2   7.924732e+00  1.176699e+00  1.442646e+02
738 7.375000e-01 1 1   8.864530e+00  1.202490e+00  1.469595e+02
739 7.385000e-01 1 2   9.813639e+00  1.226472e+00  1.495383e+02
740 7.395000e-01 2 3   1.210141e+01  1.316152e+00  1.602058e+02
741 7.405000e-01 2 3   1.306640e+01  1.329840e+00  1.619622e+02
