1
 
 
 
 
                      Warning: This computer program is protected by copyright law and international treaties.       
                  Unauthorized use, reproduction or distribution of this computer program, or any portion of it, may 
                                          result in severe civil and criminal penalties.                             
                         Copyright (C) 2015 MSC Software Corporation and its licensors. All rights reserved.         
 
 
                                              * * * * * * * * * * * * * * * * * * * *
                                              * * * * * * * * * * * * * * * * * * * *
                                              * *                                 * *
                                              * *           MSC Software          * *
                                              * *               CORP              * *
                                              * *                                 * *
                                              * *      M S C   N a s t r a n      * *
                                              * *                                 * *
                                              * *                                 * *
                                              * *                                 * *
                                              * *     Version 2014.1.0-CL347922   * *
                                              * *                                 * *
                                              * *                                 * *
                                              * *                                 * *
                                              * *          JUL  3, 2015           * *
                                              * *                                 * *
                                              * *              Intel              * *
                                              * *   MODEL P5-4/2356 (gl-gauss)    * *
                                              * * Windows Server 2008 R2 6.1 7601 * *
                                              * *        Compiled for 8664        * *
                                              * *                                 * *
                                              * * * * * * * * * * * * * * * * * * * *
                                              * * * * * * * * * * * * * * * * * * * *
1 News file -  (April 9, 2015):
  
               Welcome to MSC Nastran 2014.1
  
  
   Details of the new capabilities can be found in the MSC Nastran 2014.1
     Release Guide available online in the installation documentation
     sub-directory.
   Additional information can be found at the MSC Nastran Product Support page:
  
      http://simcompanion.mscsoftware.com
  
  
   The support page provides links to these valuable information:
      * A searchable Knowledge Base containing examples and answers to thousands
        of frequently asked questions written by MSC Software subject-matter
        experts.
      * Peer-to-peer Discussion Forums enabling you to post questions for your
        MSC Software products and receive answers from other users worldwide.
      * A list of known issues with the product and any workarounds.
      * Instructions on how to contact technical support
      * A mechanism for sending us product feedback or enhancement requests.
      * Hardware and software requirements.
      * Examples and Tutorials
      * and much more.
  
   For information on training, please visit our Training web site
  
      http://www.mscsoftware.com/Contents/Services/Training/
  
   MSC Nastran brings powerful new features and enhancements for engineering
   solutions.
  
   The highlights for the MSC Nastran 2014.1 release include:
  
     HPC
     -   MSC Nastran 2014.1 now provides a parallel(SMP)version of the CASI
         iterative solver (SMETHOD=element)
     -   For large SOL 101 or 400 solid element models, users can expect as much
         as a 3x reduction in wall clock time with SMP=8.
  
     Capabilities
     -   Allows one to consider the weight based upon property id or
         material id to be the response. This allows you tomake better design
         decisions. New response type WMPID is given via DRESP1. This design
         response cannot beused with topology optimization at this time.
         One may also obtain the total weight based upon the material id.
  
     Delivery
     -   Win 7 32-bit is no longer available
1    -   The I4 and I8 installers have been split.
  
  
    Documentation
  
     The complete documentation set is provided in a separate installer and when
     installed is available at:
     MSC_DOC_DIR/doc/pdf_nastran directory.
     Where MSC_DOC_DIR is the directory where documentation was installed
     This help set has cross references between documents, links to how-to
     videos, and example files.
  
    Individual MSC Nastran documents are available for download from the
      Simcompanion Website at:
      http://simcompanion.mscsoftware.com/
  
    These documents were updated for the MSC Nastran 2014.1 Release
  
         1.  MSC 2014.1 Installation and Operations Guide
         2.  MSC 2014.1 Quick Reference Guide
         3.  MSC 2014.1 Release Guide
         4.  MSC 2014.1 Demonstration Problems Manual
         5.  MSC 2014.1 Design Sensitivity and Optimization
         6.  MSC 2014.1 DMAP Programmer's Guide
         7.  MSC 2014.1 Nonlinear User's Guide SOL 400
  
  
    Please refer to:
  
    MSC_DOC_DIR/doc/pdf_nastran/nastran_library.pdf
  
  
1                                                                         SEPTEMBER  28, 2016  MSC Nastran  7/ 3/15   PAGE     1
                                                                                                                                    
0        N A S T R A N    F I L E    A N D    S Y S T E M    P A R A M E T E R    E C H O                                           
0                                                                                                                                   
                                                                                                                                    
                                                                                                                                    
     $ SYSFIELD=SCR*(RAW=YES,BUFFIO=YES,WNUM=16,WSIZE=16MB) $(C:/MSC.SOFTWARE/MSC_NAS
     $ SYSFIELD=DBALL(RAW=YES,BUFFIO=YES,WNUM=16,WSIZE=16MB) $(C:/MSC.SOFTWARE/MSC_NA
     NASTRAN BUFFSIZE=8193 $(C:/MSC.SOFTWARE/MSC_NASTRAN/20141/CONF/NAST20141.RCF[5])
     $ NASTRAN INPUT FILE CREATED BY THE PATRAN 2014.1 64-BIT INPUT FILE             
     $ TRANSLATOR ON SEPTEMBER 28, 2016 AT 12:59:27.                                 
     $ DIRECT TEXT INPUT FOR NASTRAN SYSTEM CELL SECTION                             
     $ NORMAL MODES ANALYSIS, DATABASE                                               
1                                                                         SEPTEMBER  28, 2016  MSC Nastran  7/ 3/15   PAGE     2
                                                                                                                                    
0        N A S T R A N    E X E C U T I V E    C O N T R O L    E C H O                                                             
0                                                                                                                                   
                                                                                                                                    
                                                                                                                                    
     SOL 103                                                                                 
     CEND                                                                                    
1    MSC.NASTRAN JOB CREATED ON 20-FEB-15 AT 15:37:03                     SEPTEMBER  28, 2016  MSC Nastran  7/ 3/15   PAGE     3
                                                                                                                                    
0                                                                                                                                   
0                                        C A S E    C O N T R O L    E C H O                                                        
                 COMMAND                                                                                                            
                 COUNT                                                                                                              
                  1      TITLE = MSC.NASTRAN JOB CREATED ON 20-FEB-15 AT 15:37:03                                
                  2      ECHO = NONE                                                                             
                  3      $ USING NASTRAN DEFAULT VALUES FOR RESVEC                                               
                  4      SUBCASE 1                                                                               
                  5         TITLE=MSC.NASTRAN JOB CREATED ON 20-FEB-15 AT 15:37:03                               
                  6         SUBTITLE=DEFAULT                                                                     
                  7         METHOD = 1                                                                           
                  8        $ VECTOR(PUNCH,SORT1,REAL)=ALL                                                        
                  9        $ SPCFORCES(SORT1,REAL)=ALL                                                           
                 10      BEGIN BULK                                                                              
1    MSC.NASTRAN JOB CREATED ON 20-FEB-15 AT 15:37:03                     SEPTEMBER  28, 2016  MSC Nastran  7/ 3/15   PAGE     4
                                                                                                                                    
0                                                                                                                                   
                                              I N P U T   B U L K   D A T A   E C H O                                               
                 ENTRY                                                                                                              
                 COUNT        .   1  ..   2  ..   3  ..   4  ..   5  ..   6  ..   7  ..   8  ..   9  ..  10  .                      
 *** USER INFORMATION MESSAGE 9991 (SDLWIF)
     Messages are being generated at include level 0.
     File: v:/wei_zhao/paaw/model/fem/maewing1/maewing1_fem_v1/updated_maewing1_fems/femupdates_femv5p2/femv5p2_beam/sol103_maewing1_femv5p2_frompatran.bdf
 *** USER WARNING MESSAGE 9994 (BULFUN)
     MAT1 with MID=100 near line 529
     User information:  Material has unreasonable or inconsistent values of E, G or NU.
 *** USER WARNING MESSAGE 9994 (BULFUN)
     MAT1 with MID=905 near line 538
     User information:  Material has unreasonable or inconsistent values of E, G or NU.
 *** USER WARNING MESSAGE 9994 (BULFUN)
     MAT1 with MID=943 near line 544
     User information:  Material has unreasonable or inconsistent values of E, G or NU.
 *** USER WARNING MESSAGE 9994 (BULFUN)
     MAT1 with MID=1903 near line 547
     User information:  Material has unreasonable or inconsistent values of E, G or NU.
1    MSC.NASTRAN JOB CREATED ON 20-FEB-15 AT 15:37:03                     SEPTEMBER  28, 2016  MSC Nastran  7/ 3/15   PAGE     5
                                                                                                                                    
0                                                                                                                                   
                                        M O D E L   S U M M A R Y          BULK = 0
                                   ENTRY NAME        NUMBER OF ENTRIES
                                   ----------        -----------------
                                        CBEAM                      110
                                        CBUSH                        8
                                       CMASS2                       12
                                        CONM2                       67
                                       CORD2R                        4
                                         EIGR                        1
                                         GRID                      159
                                         MAT1                        8
                                        PARAM                        5
                                        PBEAM                       22
                                        PBUSH                        6
                                         RBE2                       70

 ^^^     
 ^^^ >>> IFP OPERATIONS COMPLETE <<< 
 ^^^     
1    MSC.NASTRAN JOB CREATED ON 20-FEB-15 AT 15:37:03                     SEPTEMBER  28, 2016  MSC Nastran  7/ 3/15   PAGE     6
                                                                                                                                    
0                                                                                                                                   
                           O U T P U T   F R O M   G R I D   P O I N T   W E I G H T   G E N E R A T O R
0                                                     REFERENCE POINT =    18888
                                                                M O
                      *  1.380128E+01 -7.094024E-17  0.000000E+00  0.000000E+00  0.000000E+00 -1.582624E-05 *
                      * -7.094024E-17  1.380128E+01  0.000000E+00  0.000000E+00  0.000000E+00  1.189510E-02 *
                      *  0.000000E+00  0.000000E+00  1.380128E+01  1.582624E-05 -1.189510E-02  0.000000E+00 *
                      *  0.000000E+00  0.000000E+00  1.582624E-05  9.034664E+03 -7.418126E-04  0.000000E+00 *
                      *  0.000000E+00  0.000000E+00 -1.189510E-02 -7.418126E-04  1.575078E+03  0.000000E+00 *
                      * -1.582624E-05  1.189510E-02  0.000000E+00  0.000000E+00  0.000000E+00  9.231150E+03 *
                                                                 S
                                           *  1.000000E+00  0.000000E+00  0.000000E+00 *
                                           *  0.000000E+00  1.000000E+00  0.000000E+00 *
                                           *  0.000000E+00  0.000000E+00  1.000000E+00 *
                               DIRECTION
                          MASS AXIS SYSTEM (S)     MASS              X-C.G.        Y-C.G.        Z-C.G.
                                  X            1.380128E+01      0.000000E+00  1.146723E-06  0.000000E+00
                                  Y            1.380128E+01      8.618841E-04  0.000000E+00  0.000000E+00
                                  Z            1.380128E+01      8.618841E-04  1.146723E-06  0.000000E+00
                                                                I(S)
                                           *  9.034664E+03  7.417990E-04  0.000000E+00 *
                                           *  7.417990E-04  1.575078E+03  0.000000E+00 *
                                           *  0.000000E+00  0.000000E+00  9.231150E+03 *
                                                                I(Q)
                                           *  9.034664E+03                             *
                                           *                1.575078E+03               *
                                           *                              9.231150E+03 *
                                                                 Q
                                           *  1.000000E+00  0.000000E+00  0.000000E+00 *
                                           *  0.000000E+00  1.000000E+00  0.000000E+00 *
                                           *  0.000000E+00  0.000000E+00  1.000000E+00 *

1    MSC.NASTRAN JOB CREATED ON 20-FEB-15 AT 15:37:03                     SEPTEMBER  28, 2016  MSC Nastran  7/ 3/15   PAGE     7
                                                                                                                                    
0                                                                                                                                   
1    MSC.NASTRAN JOB CREATED ON 20-FEB-15 AT 15:37:03                     SEPTEMBER  28, 2016  MSC Nastran  7/ 3/15   PAGE     8
                                                                                                                                    
0                                                                                                                                   
0 RESULTANTS ABOUT    18888 IN SUPERELEMENT BASIC SYSTEM COORDINATES.

0                                                  OLOAD    RESULTANT       
  SUBCASE/    LOAD
  DAREA ID    TYPE       T1            T2            T3            R1            R2            R3
0        1     FX    0.000000E+00     ----          ----          ----       0.000000E+00  0.000000E+00                             
               FY       ----       0.000000E+00     ----       0.000000E+00     ----       0.000000E+00                             
               FZ       ----          ----       0.000000E+00  0.000000E+00  0.000000E+00     ----                                  
               MX       ----          ----          ----       0.000000E+00     ----          ----                                  
               MY       ----          ----          ----          ----       0.000000E+00     ----                                  
               MZ       ----          ----          ----          ----          ----       0.000000E+00                             
             TOTALS  0.000000E+00  0.000000E+00  0.000000E+00  0.000000E+00  0.000000E+00  0.000000E+00
1    MSC.NASTRAN JOB CREATED ON 20-FEB-15 AT 15:37:03                     SEPTEMBER  28, 2016  MSC Nastran  7/ 3/15   PAGE     9
                                                                                                                                    
0                                                                                                            SUBCASE 1              
0                                         G R I D   P O I N T   S I N G U L A R I T Y   T A B L E
0                             POINT    TYPE   FAILED      STIFFNESS       OLD USET           NEW USET
                               ID            DIRECTION      RATIO     EXCLUSIVE  UNION   EXCLUSIVE  UNION
                             1000        G      1         0.00E+00          B        F         SB       S    *
                             1000        G      2         0.00E+00          B        F         SB       S    *
                             1000        G      3         0.00E+00          B        F         SB       S    *
                             1000        G      4         0.00E+00          B        F         SB       S    *
                             1000        G      5         0.00E+00          B        F         SB       S    *
                             1000        G      6         0.00E+00          B        F         SB       S    *
                             2000        G      1         0.00E+00          B        F         SB       S    *
                             2000        G      2         0.00E+00          B        F         SB       S    *
                             2000        G      3         0.00E+00          B        F         SB       S    *
                             2000        G      4         0.00E+00          B        F         SB       S    *
                             2000        G      5         0.00E+00          B        F         SB       S    *
                             2000        G      6         0.00E+00          B        F         SB       S    *
                           888011        G      1         0.00E+00          B        F         SB       S    *
                           888011        G      2         0.00E+00          B        F         SB       S    *
                           888011        G      3         0.00E+00          B        F         SB       S    *
                           888011        G      4         0.00E+00          B        F         SB       S    *
                           888011        G      5         0.00E+00          B        F         SB       S    *
                           888011        G      6         0.00E+00          B        F         SB       S    *
                           888012        G      1         0.00E+00          B        F         SB       S    *
                           888012        G      2         0.00E+00          B        F         SB       S    *
                           888012        G      3         0.00E+00          B        F         SB       S    *
                           888012        G      4         0.00E+00          B        F         SB       S    *
                           888012        G      5         0.00E+00          B        F         SB       S    *
                           888012        G      6         0.00E+00          B        F         SB       S    *
                           888013        G      1         0.00E+00          B        F         SB       S    *
                           888013        G      2         0.00E+00          B        F         SB       S    *
                           888013        G      3         0.00E+00          B        F         SB       S    *
                           888013        G      4         0.00E+00          B        F         SB       S    *
                           888013        G      5         0.00E+00          B        F         SB       S    *
                           888013        G      6         0.00E+00          B        F         SB       S    *
                           888014        G      1         0.00E+00          B        F         SB       S    *
                           888014        G      2         0.00E+00          B        F         SB       S    *
                           888014        G      3         0.00E+00          B        F         SB       S    *
                           888014        G      4         0.00E+00          B        F         SB       S    *
                           888014        G      5         0.00E+00          B        F         SB       S    *
                           888014        G      6         0.00E+00          B        F         SB       S    *
                           888015        G      1         0.00E+00          B        F         SB       S    *
                           888015        G      2         0.00E+00          B        F         SB       S    *
                           888015        G      3         0.00E+00          B        F         SB       S    *
                           888015        G      4         0.00E+00          B        F         SB       S    *
                           888015        G      5         0.00E+00          B        F         SB       S    *
                           888015        G      6         0.00E+00          B        F         SB       S    *
                           888016        G      1         0.00E+00          B        F         SB       S    *
                           888016        G      2         0.00E+00          B        F         SB       S    *
                           888016        G      3         0.00E+00          B        F         SB       S    *
                           888016        G      4         0.00E+00          B        F         SB       S    *
                           888016        G      5         0.00E+00          B        F         SB       S    *
                           888016        G      6         0.00E+00          B        F         SB       S    *
                           888017        G      1         0.00E+00          B        F         SB       S    *
                           888017        G      2         0.00E+00          B        F         SB       S    *
1    MSC.NASTRAN JOB CREATED ON 20-FEB-15 AT 15:37:03                     SEPTEMBER  28, 2016  MSC Nastran  7/ 3/15   PAGE    10
                                                                                                                                    
0                                                                                                            SUBCASE 1              
0                                         G R I D   P O I N T   S I N G U L A R I T Y   T A B L E
0                             POINT    TYPE   FAILED      STIFFNESS       OLD USET           NEW USET
                               ID            DIRECTION      RATIO     EXCLUSIVE  UNION   EXCLUSIVE  UNION
                           888017        G      3         0.00E+00          B        F         SB       S    *
                           888017        G      4         0.00E+00          B        F         SB       S    *
                           888017        G      5         0.00E+00          B        F         SB       S    *
                           888017        G      6         0.00E+00          B        F         SB       S    *
                           888021        G      1         0.00E+00          B        F         SB       S    *
                           888021        G      2         0.00E+00          B        F         SB       S    *
                           888021        G      3         0.00E+00          B        F         SB       S    *
                           888021        G      4         0.00E+00          B        F         SB       S    *
                           888021        G      5         0.00E+00          B        F         SB       S    *
                           888021        G      6         0.00E+00          B        F         SB       S    *
                           888022        G      1         0.00E+00          B        F         SB       S    *
                           888022        G      2         0.00E+00          B        F         SB       S    *
                           888022        G      3         0.00E+00          B        F         SB       S    *
                           888022        G      4         0.00E+00          B        F         SB       S    *
                           888022        G      5         0.00E+00          B        F         SB       S    *
                           888022        G      6         0.00E+00          B        F         SB       S    *
                           888023        G      1         0.00E+00          B        F         SB       S    *
                           888023        G      2         0.00E+00          B        F         SB       S    *
                           888023        G      3         0.00E+00          B        F         SB       S    *
                           888023        G      4         0.00E+00          B        F         SB       S    *
                           888023        G      5         0.00E+00          B        F         SB       S    *
                           888023        G      6         0.00E+00          B        F         SB       S    *
                           888024        G      1         0.00E+00          B        F         SB       S    *
                           888024        G      2         0.00E+00          B        F         SB       S    *
                           888024        G      3         0.00E+00          B        F         SB       S    *
                           888024        G      4         0.00E+00          B        F         SB       S    *
                           888024        G      5         0.00E+00          B        F         SB       S    *
                           888024        G      6         0.00E+00          B        F         SB       S    *
                           888025        G      1         0.00E+00          B        F         SB       S    *
                           888025        G      2         0.00E+00          B        F         SB       S    *
                           888025        G      3         0.00E+00          B        F         SB       S    *
                           888025        G      4         0.00E+00          B        F         SB       S    *
                           888025        G      5         0.00E+00          B        F         SB       S    *
                           888025        G      6         0.00E+00          B        F         SB       S    *
                           888026        G      1         0.00E+00          B        F         SB       S    *
                           888026        G      2         0.00E+00          B        F         SB       S    *
                           888026        G      3         0.00E+00          B        F         SB       S    *
                           888026        G      4         0.00E+00          B        F         SB       S    *
                           888026        G      5         0.00E+00          B        F         SB       S    *
                           888026        G      6         0.00E+00          B        F         SB       S    *
                           888027        G      1         0.00E+00          B        F         SB       S    *
                           888027        G      2         0.00E+00          B        F         SB       S    *
                           888027        G      3         0.00E+00          B        F         SB       S    *
                           888027        G      4         0.00E+00          B        F         SB       S    *
                           888027        G      5         0.00E+00          B        F         SB       S    *
                           888027        G      6         0.00E+00          B        F         SB       S    *
 *** USER INFORMATION MESSAGE 5458 (REIG)
     MODIFIED GIVENS METHOD IS FORCED BY USER  .
1    MSC.NASTRAN JOB CREATED ON 20-FEB-15 AT 15:37:03                     SEPTEMBER  28, 2016  MSC Nastran  7/ 3/15   PAGE    11
                                                                                                                                    
0                                                                                                            SUBCASE 1              
 
                                              R E A L   E I G E N V A L U E S
   MODE    EXTRACTION      EIGENVALUE            RADIANS             CYCLES            GENERALIZED         GENERALIZED
    NO.       ORDER                                                                       MASS              STIFFNESS
        1       214       -4.962285E-07        7.044349E-04        1.121143E-04        1.000000E+00       -4.962285E-07
        2         3        7.679319E-07        8.763172E-04        1.394702E-04        1.000000E+00        7.679319E-07
        3       216        8.177858E-07        9.043151E-04        1.439262E-04        1.000000E+00        8.177858E-07
        4         2       -6.006661E-06        2.450849E-03        3.900648E-04        1.000000E+00       -6.006661E-06
        5       215       -1.317195E-05        3.629318E-03        5.776238E-04        1.000000E+00       -1.317195E-05
        6         1       -1.443514E-05        3.799360E-03        6.046869E-04        1.000000E+00       -1.443514E-05
        7       217        2.417058E+03        4.916359E+01        7.824628E+00        1.000000E+00        2.417058E+03
        8       218        3.984848E+03        6.312565E+01        1.004676E+01        1.000000E+00        3.984848E+03
        9       219        8.595412E+03        9.271145E+01        1.475548E+01        1.000000E+00        8.595412E+03
       10       220        1.541363E+04        1.241516E+02        1.975935E+01        1.000000E+00        1.541363E+04
       11       221        3.420474E+04        1.849452E+02        2.943495E+01        1.000000E+00        3.420474E+04
       12       222        4.166816E+04        2.041278E+02        3.248795E+01        1.000000E+00        4.166816E+04
       13         4        5.957921E+04        2.440885E+02        3.884789E+01        1.000000E+00        5.957921E+04
       14       223        7.226853E+04        2.688281E+02        4.278531E+01        1.000000E+00        7.226853E+04
       15       224        8.290163E+04        2.879264E+02        4.582491E+01        1.000000E+00        8.290163E+04
       16       225        9.802420E+04        3.130882E+02        4.982953E+01        1.000000E+00        9.802420E+04
       17       226        1.808538E+05        4.252691E+02        6.768367E+01        1.000000E+00        1.808538E+05
       18       227        1.950711E+05        4.416686E+02        7.029374E+01        1.000000E+00        1.950711E+05
       19       228        2.323274E+05        4.820035E+02        7.671323E+01        1.000000E+00        2.323274E+05
       20       229        2.530710E+05        5.030616E+02        8.006474E+01        1.000000E+00        2.530710E+05
       21       230        2.951491E+05        5.432762E+02        8.646510E+01        0.0                 0.0
       22       231        3.891110E+05        6.237876E+02        9.927888E+01        0.0                 0.0
       23         5        3.935882E+05        6.273661E+02        9.984842E+01        0.0                 0.0
       24       232        4.221925E+05        6.497634E+02        1.034131E+02        0.0                 0.0
       25       233        4.403928E+05        6.636210E+02        1.056186E+02        0.0                 0.0
       26       234        5.285646E+05        7.270245E+02        1.157095E+02        0.0                 0.0
       27       235        5.576472E+05        7.467578E+02        1.188502E+02        0.0                 0.0
       28       236        5.953615E+05        7.715967E+02        1.228034E+02        0.0                 0.0
       29       237        6.030767E+05        7.765801E+02        1.235966E+02        0.0                 0.0
       30       238        7.259828E+05        8.520463E+02        1.356074E+02        0.0                 0.0
       31       239        8.626456E+05        9.287872E+02        1.478211E+02        0.0                 0.0
       32       240        8.748776E+05        9.353489E+02        1.488654E+02        0.0                 0.0
       33       241        8.999239E+05        9.486432E+02        1.509812E+02        0.0                 0.0
       34       242        9.125471E+05        9.552733E+02        1.520365E+02        0.0                 0.0
       35       243        1.113326E+06        1.055143E+03        1.679312E+02        0.0                 0.0
       36       244        1.196614E+06        1.093898E+03        1.740993E+02        0.0                 0.0
       37       245        1.242687E+06        1.114759E+03        1.774194E+02        0.0                 0.0
       38       247        1.312688E+06        1.145726E+03        1.823480E+02        0.0                 0.0
       39       246        1.335805E+06        1.155771E+03        1.839466E+02        0.0                 0.0
       40       248        1.405007E+06        1.185330E+03        1.886511E+02        0.0                 0.0
       41       249        1.605813E+06        1.267207E+03        2.016822E+02        0.0                 0.0
       42       250        1.675329E+06        1.294345E+03        2.060014E+02        0.0                 0.0
       43       251        1.710495E+06        1.307859E+03        2.081522E+02        0.0                 0.0
       44       253        1.823438E+06        1.350347E+03        2.149145E+02        0.0                 0.0
       45       252        1.826883E+06        1.351622E+03        2.151173E+02        0.0                 0.0
       46         6        1.915014E+06        1.383840E+03        2.202450E+02        0.0                 0.0
       47       254        2.004974E+06        1.415971E+03        2.253588E+02        0.0                 0.0
       48       255        2.313336E+06        1.520965E+03        2.420692E+02        0.0                 0.0
       49       256        2.358695E+06        1.535804E+03        2.444308E+02        0.0                 0.0
       50       257        2.387646E+06        1.545201E+03        2.459264E+02        0.0                 0.0
1    MSC.NASTRAN JOB CREATED ON 20-FEB-15 AT 15:37:03                     SEPTEMBER  28, 2016  MSC Nastran  7/ 3/15   PAGE    12
                                                                                                                                    
0                                                                                                            SUBCASE 1              
 
                                              R E A L   E I G E N V A L U E S
   MODE    EXTRACTION      EIGENVALUE            RADIANS             CYCLES            GENERALIZED         GENERALIZED
    NO.       ORDER                                                                       MASS              STIFFNESS
       51         7        2.860472E+06        1.691293E+03        2.691776E+02        0.0                 0.0
       52       258        2.882642E+06        1.697835E+03        2.702188E+02        0.0                 0.0
       53       260        2.904565E+06        1.704279E+03        2.712444E+02        0.0                 0.0
       54       259        2.978940E+06        1.725961E+03        2.746952E+02        0.0                 0.0
       55       262        3.275301E+06        1.809779E+03        2.880353E+02        0.0                 0.0
       56       261        3.285664E+06        1.812640E+03        2.884906E+02        0.0                 0.0
       57       263        3.696784E+06        1.922702E+03        3.060076E+02        0.0                 0.0
       58       264        3.735988E+06        1.932870E+03        3.076259E+02        0.0                 0.0
       59       265        3.831096E+06        1.957318E+03        3.115169E+02        0.0                 0.0
       60       266        4.192146E+06        2.047473E+03        3.258654E+02        0.0                 0.0
       61       267        4.255901E+06        2.062983E+03        3.283340E+02        0.0                 0.0
       62       268        4.298824E+06        2.073361E+03        3.299856E+02        0.0                 0.0
       63       269        4.444756E+06        2.108259E+03        3.355398E+02        0.0                 0.0
       64       270        4.484128E+06        2.117576E+03        3.370227E+02        0.0                 0.0
       65       271        4.895722E+06        2.212628E+03        3.521506E+02        0.0                 0.0
       66       272        5.046284E+06        2.246394E+03        3.575246E+02        0.0                 0.0
       67       273        5.092398E+06        2.256634E+03        3.591545E+02        0.0                 0.0
       68       274        5.441908E+06        2.332790E+03        3.712750E+02        0.0                 0.0
       69       276        5.629908E+06        2.372743E+03        3.776338E+02        0.0                 0.0
       70       278        5.679363E+06        2.383141E+03        3.792887E+02        0.0                 0.0
       71       277        5.716220E+06        2.390862E+03        3.805174E+02        0.0                 0.0
       72       275        6.036104E+06        2.456848E+03        3.910196E+02        0.0                 0.0
       73       279        6.442184E+06        2.538146E+03        4.039584E+02        0.0                 0.0
       74         8        1.089078E+07        3.300119E+03        5.252302E+02        0.0                 0.0
       75       280        1.167264E+07        3.416524E+03        5.437567E+02        0.0                 0.0
       76         9        1.316225E+07        3.627982E+03        5.774113E+02        0.0                 0.0
       77       281        1.768069E+07        4.204841E+03        6.692212E+02        0.0                 0.0
       78        10        2.202199E+07        4.692759E+03        7.468758E+02        0.0                 0.0
       79       282        2.409566E+07        4.908733E+03        7.812491E+02        0.0                 0.0
       80       283        2.567986E+07        5.067530E+03        8.065224E+02        0.0                 0.0
       81       284        2.801022E+07        5.292468E+03        8.423224E+02        0.0                 0.0
       82        11        3.058294E+07        5.530185E+03        8.801562E+02        0.0                 0.0
       83       285        3.101780E+07        5.569363E+03        8.863916E+02        0.0                 0.0
       84       286        3.382270E+07        5.815729E+03        9.256019E+02        0.0                 0.0
       85        12        3.455656E+07        5.878483E+03        9.355896E+02        0.0                 0.0
       86       287        3.722167E+07        6.100957E+03        9.709974E+02        0.0                 0.0
       87        13        4.029405E+07        6.347759E+03        1.010277E+03        0.0                 0.0
       88       288        4.254199E+07        6.522422E+03        1.038076E+03        0.0                 0.0
       89       289        5.338214E+07        7.306308E+03        1.162835E+03        0.0                 0.0
       90       290        5.458325E+07        7.388048E+03        1.175844E+03        0.0                 0.0
       91        14        5.935576E+07        7.704269E+03        1.226172E+03        0.0                 0.0
       92       291        6.388923E+07        7.993074E+03        1.272137E+03        0.0                 0.0
       93        15        7.038486E+07        8.389568E+03        1.335241E+03        0.0                 0.0
       94       292        7.509241E+07        8.665588E+03        1.379171E+03        0.0                 0.0
       95       293        8.189157E+07        9.049396E+03        1.440256E+03        0.0                 0.0
       96        16        8.583106E+07        9.264505E+03        1.474492E+03        0.0                 0.0
       97       294        9.200786E+07        9.592072E+03        1.526626E+03        0.0                 0.0
       98       295        9.310919E+07        9.649311E+03        1.535735E+03        0.0                 0.0
       99       296        1.089965E+08        1.044014E+04        1.661600E+03        0.0                 0.0
      100       297        1.135651E+08        1.065669E+04        1.696065E+03        0.0                 0.0
1    MSC.NASTRAN JOB CREATED ON 20-FEB-15 AT 15:37:03                     SEPTEMBER  28, 2016  MSC Nastran  7/ 3/15   PAGE    13
                                                                                                                                    
0                                                                                                            SUBCASE 1              
 
                                              R E A L   E I G E N V A L U E S
   MODE    EXTRACTION      EIGENVALUE            RADIANS             CYCLES            GENERALIZED         GENERALIZED
    NO.       ORDER                                                                       MASS              STIFFNESS
      101       298        1.221138E+08        1.105051E+04        1.758744E+03        0.0                 0.0
      102       299        1.260098E+08        1.122541E+04        1.786579E+03        0.0                 0.0
      103       300        1.392861E+08        1.180195E+04        1.878339E+03        0.0                 0.0
      104       301        1.438978E+08        1.199574E+04        1.909181E+03        0.0                 0.0
      105        17        1.452188E+08        1.205067E+04        1.917924E+03        0.0                 0.0
      106       302        1.709699E+08        1.307555E+04        2.081038E+03        0.0                 0.0
      107        18        1.737310E+08        1.318071E+04        2.097774E+03        0.0                 0.0
      108       303        1.799558E+08        1.341476E+04        2.135025E+03        0.0                 0.0
      109       304        1.986126E+08        1.409300E+04        2.242970E+03        0.0                 0.0
      110        19        2.030028E+08        1.424790E+04        2.267624E+03        0.0                 0.0
      111        20        2.108519E+08        1.452074E+04        2.311047E+03        0.0                 0.0
      112       305        2.370646E+08        1.539690E+04        2.450493E+03        0.0                 0.0
      113       307        2.450777E+08        1.565496E+04        2.491564E+03        0.0                 0.0
      114       306        2.481829E+08        1.575382E+04        2.507298E+03        0.0                 0.0
      115        21        2.506214E+08        1.583103E+04        2.519586E+03        0.0                 0.0
      116       308        2.622421E+08        1.619389E+04        2.577338E+03        0.0                 0.0
      117        22        2.658118E+08        1.630373E+04        2.594820E+03        0.0                 0.0
      118       309        3.195678E+08        1.787646E+04        2.845127E+03        0.0                 0.0
      119        23        3.219615E+08        1.794329E+04        2.855763E+03        0.0                 0.0
      120        24        3.339727E+08        1.827492E+04        2.908544E+03        0.0                 0.0
      121       310        3.343367E+08        1.828488E+04        2.910128E+03        0.0                 0.0
      122       311        3.422648E+08        1.850040E+04        2.944430E+03        0.0                 0.0
      123        25        3.619035E+08        1.902376E+04        3.027725E+03        0.0                 0.0
      124       314        3.695886E+08        1.922469E+04        3.059704E+03        0.0                 0.0
      125       313        3.700219E+08        1.923595E+04        3.061497E+03        0.0                 0.0
      126        26        3.796039E+08        1.948343E+04        3.100884E+03        0.0                 0.0
      127       315        3.820143E+08        1.954519E+04        3.110713E+03        0.0                 0.0
      128       312        3.858291E+08        1.964253E+04        3.126206E+03        0.0                 0.0
      129        27        4.181286E+08        2.044819E+04        3.254431E+03        0.0                 0.0
      130       316        4.184948E+08        2.045714E+04        3.255855E+03        0.0                 0.0
      131       317        4.406753E+08        2.099227E+04        3.341023E+03        0.0                 0.0
      132       318        4.811116E+08        2.193426E+04        3.490945E+03        0.0                 0.0
      133        28        4.812247E+08        2.193683E+04        3.491355E+03        0.0                 0.0
      134        29        5.003275E+08        2.236800E+04        3.559978E+03        0.0                 0.0
      135       319        5.446412E+08        2.333755E+04        3.714286E+03        0.0                 0.0
      136        30        5.452778E+08        2.335118E+04        3.716456E+03        0.0                 0.0
      137        31        5.537119E+08        2.353108E+04        3.745088E+03        0.0                 0.0
      138       320        6.025083E+08        2.454604E+04        3.906624E+03        0.0                 0.0
      139       321        6.064767E+08        2.462675E+04        3.919469E+03        0.0                 0.0
      140        32        6.303800E+08        2.510737E+04        3.995962E+03        0.0                 0.0
      141        33        6.478892E+08        2.545367E+04        4.051077E+03        0.0                 0.0
      142       322        6.827898E+08        2.613025E+04        4.158758E+03        0.0                 0.0
      143        34        7.006868E+08        2.647049E+04        4.212909E+03        0.0                 0.0
      144        35        7.429603E+08        2.725730E+04        4.338133E+03        0.0                 0.0
      145       323        7.681453E+08        2.771544E+04        4.411048E+03        0.0                 0.0
      146       324        8.255003E+08        2.873152E+04        4.572764E+03        0.0                 0.0
      147        36        8.339523E+08        2.887823E+04        4.596113E+03        0.0                 0.0
      148        37        8.518796E+08        2.918698E+04        4.645251E+03        0.0                 0.0
      149        38        8.788950E+08        2.964616E+04        4.718333E+03        0.0                 0.0
      150        39        8.874852E+08        2.979069E+04        4.741335E+03        0.0                 0.0
1    MSC.NASTRAN JOB CREATED ON 20-FEB-15 AT 15:37:03                     SEPTEMBER  28, 2016  MSC Nastran  7/ 3/15   PAGE    14
                                                                                                                                    
0                                                                                                            SUBCASE 1              
 
                                              R E A L   E I G E N V A L U E S
   MODE    EXTRACTION      EIGENVALUE            RADIANS             CYCLES            GENERALIZED         GENERALIZED
    NO.       ORDER                                                                       MASS              STIFFNESS
      151        40        1.046768E+09        3.235379E+04        5.149266E+03        0.0                 0.0
      152       325        1.112038E+09        3.334724E+04        5.307377E+03        0.0                 0.0
      153       326        1.121293E+09        3.348572E+04        5.329417E+03        0.0                 0.0
      154       327        1.140399E+09        3.376980E+04        5.374630E+03        0.0                 0.0
      155        41        1.149100E+09        3.389837E+04        5.395093E+03        0.0                 0.0
      156       328        1.168434E+09        3.418236E+04        5.440292E+03        0.0                 0.0
      157        42        1.253941E+09        3.541102E+04        5.635839E+03        0.0                 0.0
      158       329        1.364777E+09        3.694289E+04        5.879644E+03        0.0                 0.0
      159        43        1.398990E+09        3.740307E+04        5.952884E+03        0.0                 0.0
      160       330        1.426173E+09        3.776470E+04        6.010439E+03        0.0                 0.0
      161        44        1.496242E+09        3.868129E+04        6.156319E+03        0.0                 0.0
      162       331        1.525597E+09        3.905889E+04        6.216415E+03        0.0                 0.0
      163       332        1.562094E+09        3.952333E+04        6.290333E+03        0.0                 0.0
      164       333        1.592944E+09        3.991170E+04        6.352144E+03        0.0                 0.0
      165       334        1.598530E+09        3.998162E+04        6.363272E+03        0.0                 0.0
      166        45        1.622590E+09        4.028138E+04        6.410980E+03        0.0                 0.0
      167       341        1.625522E+09        4.031776E+04        6.416771E+03        0.0                 0.0
      168       342        1.626171E+09        4.032582E+04        6.418053E+03        0.0                 0.0
      169        46        1.653243E+09        4.066009E+04        6.471254E+03        0.0                 0.0
      170       335        1.805882E+09        4.249567E+04        6.763396E+03        0.0                 0.0
      171        47        1.895447E+09        4.353673E+04        6.929085E+03        0.0                 0.0
      172       338        1.931031E+09        4.394349E+04        6.993824E+03        0.0                 0.0
      173        48        1.934645E+09        4.398461E+04        7.000367E+03        0.0                 0.0
      174       339        1.995335E+09        4.466918E+04        7.109320E+03        0.0                 0.0
      175       337        2.029925E+09        4.505469E+04        7.170677E+03        0.0                 0.0
      176        49        2.068367E+09        4.547930E+04        7.238255E+03        0.0                 0.0
      177       340        2.125421E+09        4.610229E+04        7.337408E+03        0.0                 0.0
      178        50        2.130344E+09        4.615565E+04        7.345899E+03        0.0                 0.0
      179        51        2.218942E+09        4.710564E+04        7.497096E+03        0.0                 0.0
      180        52        2.328229E+09        4.825173E+04        7.679501E+03        0.0                 0.0
      181        53        2.371667E+09        4.869976E+04        7.750808E+03        0.0                 0.0
      182       336        2.397960E+09        4.896896E+04        7.793653E+03        0.0                 0.0
      183       343        2.595588E+09        5.094691E+04        8.108452E+03        0.0                 0.0
      184        54        2.631647E+09        5.129958E+04        8.164582E+03        0.0                 0.0
      185        55        2.664155E+09        5.161546E+04        8.214854E+03        0.0                 0.0
      186        56        2.777381E+09        5.270086E+04        8.387603E+03        0.0                 0.0
      187       344        2.929307E+09        5.412308E+04        8.613955E+03        0.0                 0.0
      188        57        3.042038E+09        5.515467E+04        8.778138E+03        0.0                 0.0
      189        58        3.186796E+09        5.645171E+04        8.984568E+03        0.0                 0.0
      190        59        3.376279E+09        5.810575E+04        9.247817E+03        0.0                 0.0
      191        60        3.653733E+09        6.044612E+04        9.620298E+03        0.0                 0.0
      192        61        3.868664E+09        6.219859E+04        9.899212E+03        0.0                 0.0
      193        62        4.144116E+09        6.437481E+04        1.024557E+04        0.0                 0.0
      194        63        4.370186E+09        6.610738E+04        1.052132E+04        0.0                 0.0
      195        64        4.406364E+09        6.638045E+04        1.056478E+04        0.0                 0.0
      196       345        4.449258E+09        6.670277E+04        1.061607E+04        0.0                 0.0
      197       346        4.518805E+09        6.722205E+04        1.069872E+04        0.0                 0.0
      198        65        4.552160E+09        6.746970E+04        1.073813E+04        0.0                 0.0
      199        66        4.862609E+09        6.973241E+04        1.109826E+04        0.0                 0.0
      200        67        4.890372E+09        6.993120E+04        1.112990E+04        0.0                 0.0
1    MSC.NASTRAN JOB CREATED ON 20-FEB-15 AT 15:37:03                     SEPTEMBER  28, 2016  MSC Nastran  7/ 3/15   PAGE    15
                                                                                                                                    
0                                                                                                            SUBCASE 1              
 
                                              R E A L   E I G E N V A L U E S
   MODE    EXTRACTION      EIGENVALUE            RADIANS             CYCLES            GENERALIZED         GENERALIZED
    NO.       ORDER                                                                       MASS              STIFFNESS
      201        68        5.123495E+09        7.157859E+04        1.139209E+04        0.0                 0.0
      202       348        5.159277E+09        7.182810E+04        1.143180E+04        0.0                 0.0
      203       347        5.221337E+09        7.225882E+04        1.150035E+04        0.0                 0.0
      204       349        5.943734E+09        7.709562E+04        1.227015E+04        0.0                 0.0
      205        69        6.247999E+09        7.904428E+04        1.258029E+04        0.0                 0.0
      206        70        6.731685E+09        8.204685E+04        1.305816E+04        0.0                 0.0
      207        71        7.206221E+09        8.488947E+04        1.351058E+04        0.0                 0.0
      208        72        7.646580E+09        8.744473E+04        1.391726E+04        0.0                 0.0
      209        73        8.065866E+09        8.981016E+04        1.429373E+04        0.0                 0.0
      210        74        8.116632E+09        9.009235E+04        1.433864E+04        0.0                 0.0
      211       350        8.124344E+09        9.013514E+04        1.434545E+04        0.0                 0.0
      212        77        8.188654E+09        9.049118E+04        1.440212E+04        0.0                 0.0
      213        76        8.350368E+09        9.138035E+04        1.454363E+04        0.0                 0.0
      214        75        8.525072E+09        9.233131E+04        1.469498E+04        0.0                 0.0
      215        78        8.640324E+09        9.295334E+04        1.479398E+04        0.0                 0.0
      216        79        9.002352E+09        9.488073E+04        1.510074E+04        0.0                 0.0
      217        80        9.137236E+09        9.558889E+04        1.521344E+04        0.0                 0.0
      218       351        9.184850E+09        9.583762E+04        1.525303E+04        0.0                 0.0
      219        81        9.749331E+09        9.873870E+04        1.571475E+04        0.0                 0.0
      220        82        1.021687E+10        1.010785E+05        1.608715E+04        0.0                 0.0
      221       353        1.037487E+10        1.018571E+05        1.621106E+04        0.0                 0.0
      222        83        1.046039E+10        1.022760E+05        1.627774E+04        0.0                 0.0
      223       354        1.098174E+10        1.047938E+05        1.667845E+04        0.0                 0.0
      224        84        1.110701E+10        1.053898E+05        1.677330E+04        0.0                 0.0
      225        85        1.165851E+10        1.079746E+05        1.718469E+04        0.0                 0.0
      226        86        1.212449E+10        1.101113E+05        1.752475E+04        0.0                 0.0
      227        87        1.267906E+10        1.126013E+05        1.792106E+04        0.0                 0.0
      228        89        1.287906E+10        1.134859E+05        1.806185E+04        0.0                 0.0
      229       355        1.341948E+10        1.158425E+05        1.843690E+04        0.0                 0.0
      230        88        1.372568E+10        1.171566E+05        1.864606E+04        0.0                 0.0
      231       352        1.382519E+10        1.175806E+05        1.871353E+04        0.0                 0.0
      232        90        1.497088E+10        1.223556E+05        1.947349E+04        0.0                 0.0
      233       356        1.499376E+10        1.224490E+05        1.948837E+04        0.0                 0.0
      234        91        1.542647E+10        1.242033E+05        1.976757E+04        0.0                 0.0
      235        92        1.584010E+10        1.258575E+05        2.003084E+04        0.0                 0.0
      236        93        1.586482E+10        1.259556E+05        2.004646E+04        0.0                 0.0
      237       357        1.639002E+10        1.280235E+05        2.037557E+04        0.0                 0.0
      238        94        1.655322E+10        1.286593E+05        2.047677E+04        0.0                 0.0
      239        96        1.753804E+10        1.324313E+05        2.107709E+04        0.0                 0.0
      240        95        1.816178E+10        1.347657E+05        2.144862E+04        0.0                 0.0
      241       358        1.840289E+10        1.356572E+05        2.159052E+04        0.0                 0.0
      242        97        2.030481E+10        1.424950E+05        2.267878E+04        0.0                 0.0
      243       360        2.076993E+10        1.441178E+05        2.293705E+04        0.0                 0.0
      244        98        2.212003E+10        1.487280E+05        2.367080E+04        0.0                 0.0
      245        99        2.279602E+10        1.509835E+05        2.402977E+04        0.0                 0.0
      246       100        2.513101E+10        1.585276E+05        2.523046E+04        0.0                 0.0
      247       101        2.581692E+10        1.606765E+05        2.557245E+04        0.0                 0.0
      248       102        2.848485E+10        1.687746E+05        2.686130E+04        0.0                 0.0
      249       103        2.984131E+10        1.727464E+05        2.749344E+04        0.0                 0.0
      250       359        2.985242E+10        1.727785E+05        2.749856E+04        0.0                 0.0
1    MSC.NASTRAN JOB CREATED ON 20-FEB-15 AT 15:37:03                     SEPTEMBER  28, 2016  MSC Nastran  7/ 3/15   PAGE    16
                                                                                                                                    
0                                                                                                            SUBCASE 1              
 
                                              R E A L   E I G E N V A L U E S
   MODE    EXTRACTION      EIGENVALUE            RADIANS             CYCLES            GENERALIZED         GENERALIZED
    NO.       ORDER                                                                       MASS              STIFFNESS
      251       105        3.096816E+10        1.759777E+05        2.800772E+04        0.0                 0.0
      252       106        3.110077E+10        1.763541E+05        2.806763E+04        0.0                 0.0
      253       104        3.132974E+10        1.770021E+05        2.817076E+04        0.0                 0.0
      254       107        3.229167E+10        1.796988E+05        2.859996E+04        0.0                 0.0
      255       108        3.378637E+10        1.838107E+05        2.925438E+04        0.0                 0.0
      256       109        3.498682E+10        1.870477E+05        2.976956E+04        0.0                 0.0
      257       110        3.729207E+10        1.931116E+05        3.073466E+04        0.0                 0.0
      258       361        3.923291E+10        1.980730E+05        3.152430E+04        0.0                 0.0
      259       111        4.267271E+10        2.065737E+05        3.287723E+04        0.0                 0.0
      260       112        4.464106E+10        2.112843E+05        3.362694E+04        0.0                 0.0
      261       113        4.800104E+10        2.190914E+05        3.486948E+04        0.0                 0.0
      262       114        5.052688E+10        2.247818E+05        3.577514E+04        0.0                 0.0
      263       116        5.531437E+10        2.351901E+05        3.743166E+04        0.0                 0.0
      264       362        5.635236E+10        2.373865E+05        3.778124E+04        0.0                 0.0
      265       115        5.659047E+10        2.378875E+05        3.786097E+04        0.0                 0.0
      266       117        5.790056E+10        2.406253E+05        3.829671E+04        0.0                 0.0
      267       363        5.808592E+10        2.410102E+05        3.835796E+04        0.0                 0.0
      268       119        6.170223E+10        2.483993E+05        3.953398E+04        0.0                 0.0
      269       121        6.215595E+10        2.493110E+05        3.967907E+04        0.0                 0.0
      270       120        6.243241E+10        2.498648E+05        3.976721E+04        0.0                 0.0
      271       118        6.744638E+10        2.597044E+05        4.133324E+04        0.0                 0.0
      272       123        7.071036E+10        2.659142E+05        4.232155E+04        0.0                 0.0
      273       122        7.264362E+10        2.695248E+05        4.289620E+04        0.0                 0.0
      274       124        8.943732E+10        2.990608E+05        4.759700E+04        0.0                 0.0
      275       364        9.011220E+10        3.001869E+05        4.777623E+04        0.0                 0.0
      276       125        9.215001E+10        3.035622E+05        4.831342E+04        0.0                 0.0
      277       126        9.240886E+10        3.039882E+05        4.838123E+04        0.0                 0.0
      278       366        9.321991E+10        3.053193E+05        4.859308E+04        0.0                 0.0
      279       365        1.008538E+11        3.175748E+05        5.054360E+04        0.0                 0.0
      280       127        1.024168E+11        3.200262E+05        5.093375E+04        0.0                 0.0
      281       367        1.041919E+11        3.227877E+05        5.137325E+04        0.0                 0.0
      282       368        1.048244E+11        3.237660E+05        5.152895E+04        0.0                 0.0
      283       369        1.048921E+11        3.238705E+05        5.154559E+04        0.0                 0.0
      284       128        1.066624E+11        3.265922E+05        5.197875E+04        0.0                 0.0
      285       129        1.152695E+11        3.395136E+05        5.403527E+04        0.0                 0.0
      286       130        1.171376E+11        3.422537E+05        5.447136E+04        0.0                 0.0
      287       131        1.194723E+11        3.456476E+05        5.501152E+04        0.0                 0.0
      288       132        1.217181E+11        3.488812E+05        5.552617E+04        0.0                 0.0
      289       133        1.259955E+11        3.549584E+05        5.649339E+04        0.0                 0.0
      290       137        1.276760E+11        3.573177E+05        5.686888E+04        0.0                 0.0
      291       135        1.292682E+11        3.595389E+05        5.722239E+04        0.0                 0.0
      292       136        1.300425E+11        3.606141E+05        5.739351E+04        0.0                 0.0
      293       134        1.353364E+11        3.678809E+05        5.855006E+04        0.0                 0.0
      294       138        1.422813E+11        3.772020E+05        6.003356E+04        0.0                 0.0
      295       139        1.494500E+11        3.865877E+05        6.152734E+04        0.0                 0.0
      296       141        1.559727E+11        3.949338E+05        6.285566E+04        0.0                 0.0
      297       140        1.580461E+11        3.975501E+05        6.327205E+04        0.0                 0.0
      298       146        1.686935E+11        4.107232E+05        6.536862E+04        0.0                 0.0
      299       370        1.687756E+11        4.108231E+05        6.538453E+04        0.0                 0.0
      300       144        1.710883E+11        4.136282E+05        6.583098E+04        0.0                 0.0
1    MSC.NASTRAN JOB CREATED ON 20-FEB-15 AT 15:37:03                     SEPTEMBER  28, 2016  MSC Nastran  7/ 3/15   PAGE    17
                                                                                                                                    
0                                                                                                            SUBCASE 1              
 
                                              R E A L   E I G E N V A L U E S
   MODE    EXTRACTION      EIGENVALUE            RADIANS             CYCLES            GENERALIZED         GENERALIZED
    NO.       ORDER                                                                       MASS              STIFFNESS
      301       142        1.795593E+11        4.237444E+05        6.744102E+04        0.0                 0.0
      302       372        1.837145E+11        4.286193E+05        6.821688E+04        0.0                 0.0
      303       143        1.849195E+11        4.300227E+05        6.844023E+04        0.0                 0.0
      304       373        1.902996E+11        4.362334E+05        6.942870E+04        0.0                 0.0
      305       374        1.917639E+11        4.379085E+05        6.969530E+04        0.0                 0.0
      306       145        1.938035E+11        4.402312E+05        7.006497E+04        0.0                 0.0
      307       148        2.182225E+11        4.671430E+05        7.434811E+04        0.0                 0.0
      308       147        2.195499E+11        4.685616E+05        7.457389E+04        0.0                 0.0
      309       149        2.392911E+11        4.891738E+05        7.785443E+04        0.0                 0.0
      310       151        2.506766E+11        5.006762E+05        7.968509E+04        0.0                 0.0
      311       150        2.634779E+11        5.133009E+05        8.169438E+04        0.0                 0.0
      312       153        2.708699E+11        5.204517E+05        8.283245E+04        0.0                 0.0
      313       155        2.991660E+11        5.469607E+05        8.705149E+04        0.0                 0.0
      314       152        3.312914E+11        5.755792E+05        9.160627E+04        0.0                 0.0
      315       375        3.370214E+11        5.805355E+05        9.239509E+04        0.0                 0.0
      316       154        3.392623E+11        5.824623E+05        9.270175E+04        0.0                 0.0
      317       371        3.520919E+11        5.933734E+05        9.443830E+04        0.0                 0.0
      318       158        3.641501E+11        6.034485E+05        9.604181E+04        0.0                 0.0
      319       156        3.682333E+11        6.068223E+05        9.657877E+04        0.0                 0.0
      320       157        3.795392E+11        6.160675E+05        9.805019E+04        0.0                 0.0
      321       162        4.281278E+11        6.543148E+05        1.041374E+05        0.0                 0.0
      322       159        4.294224E+11        6.553033E+05        1.042948E+05        0.0                 0.0
      323       161        4.574462E+11        6.763477E+05        1.076441E+05        0.0                 0.0
      324       160        4.846631E+11        6.961774E+05        1.108001E+05        0.0                 0.0
      325       165        6.185980E+11        7.865100E+05        1.251770E+05        0.0                 0.0
      326       166        6.245840E+11        7.903062E+05        1.257811E+05        0.0                 0.0
      327       164        6.369108E+11        7.980669E+05        1.270163E+05        0.0                 0.0
      328       163        6.384727E+11        7.990449E+05        1.271719E+05        0.0                 0.0
      329       376        6.620371E+11        8.136566E+05        1.294975E+05        0.0                 0.0
      330       383        7.210322E+11        8.491361E+05        1.351442E+05        0.0                 0.0
      331       386        7.319895E+11        8.555638E+05        1.361672E+05        0.0                 0.0
      332       379        7.903654E+11        8.890250E+05        1.414927E+05        0.0                 0.0
      333       167        7.954613E+11        8.918864E+05        1.419481E+05        0.0                 0.0
      334       387        8.130043E+11        9.016675E+05        1.435048E+05        0.0                 0.0
      335       396        8.223318E+11        9.068251E+05        1.443257E+05        0.0                 0.0
      336       172        8.771545E+11        9.365652E+05        1.490590E+05        0.0                 0.0
      337       168        8.940662E+11        9.455508E+05        1.504891E+05        0.0                 0.0
      338       179        9.215768E+11        9.599879E+05        1.527868E+05        0.0                 0.0
      339       377        9.233598E+11        9.609161E+05        1.529345E+05        0.0                 0.0
      340       178        9.973985E+11        9.986984E+05        1.589478E+05        0.0                 0.0
      341       173        1.056611E+12        1.027916E+06        1.635979E+05        0.0                 0.0
      342       174        1.082809E+12        1.040581E+06        1.656137E+05        0.0                 0.0
      343       176        1.134879E+12        1.065307E+06        1.695489E+05        0.0                 0.0
      344       177        1.148230E+12        1.071555E+06        1.705433E+05        0.0                 0.0
      345       175        1.176463E+12        1.084649E+06        1.726272E+05        0.0                 0.0
      346       385        1.197357E+12        1.094238E+06        1.741534E+05        0.0                 0.0
      347       171        1.299812E+12        1.140093E+06        1.814514E+05        0.0                 0.0
      348       180        1.341051E+12        1.158038E+06        1.843074E+05        0.0                 0.0
      349       170        1.660979E+12        1.288790E+06        2.051173E+05        0.0                 0.0
      350       169        1.732325E+12        1.316178E+06        2.094762E+05        0.0                 0.0
1    MSC.NASTRAN JOB CREATED ON 20-FEB-15 AT 15:37:03                     SEPTEMBER  28, 2016  MSC Nastran  7/ 3/15   PAGE    18
                                                                                                                                    
0                                                                                                            SUBCASE 1              
 
                                              R E A L   E I G E N V A L U E S
   MODE    EXTRACTION      EIGENVALUE            RADIANS             CYCLES            GENERALIZED         GENERALIZED
    NO.       ORDER                                                                       MASS              STIFFNESS
      351       388        1.942349E+12        1.393682E+06        2.218114E+05        0.0                 0.0
      352       384        2.115192E+12        1.454370E+06        2.314702E+05        0.0                 0.0
      353       181        3.036682E+12        1.742608E+06        2.773446E+05        0.0                 0.0
      354       183        3.240155E+12        1.800043E+06        2.864858E+05        0.0                 0.0
      355       182        3.303220E+12        1.817476E+06        2.892603E+05        0.0                 0.0
      356       378        3.410643E+12        1.846793E+06        2.939262E+05        0.0                 0.0
      357       184        3.940644E+12        1.985106E+06        3.159393E+05        0.0                 0.0
      358       185        3.946943E+12        1.986691E+06        3.161918E+05        0.0                 0.0
      359       186        4.220959E+12        2.054497E+06        3.269834E+05        0.0                 0.0
      360       397        4.452955E+12        2.110203E+06        3.358492E+05        0.0                 0.0
      361       380        4.595884E+12        2.143801E+06        3.411966E+05        0.0                 0.0
      362       398        4.605375E+12        2.146014E+06        3.415487E+05        0.0                 0.0
      363       188        5.000045E+12        2.236078E+06        3.558828E+05        0.0                 0.0
      364       187        5.019021E+12        2.240317E+06        3.565575E+05        0.0                 0.0
      365       382        5.257365E+12        2.292894E+06        3.649255E+05        0.0                 0.0
      366       399        8.017457E+12        2.831512E+06        4.506490E+05        0.0                 0.0
      367       381        1.083415E+13        3.291527E+06        5.238628E+05        0.0                 0.0
      368       191        1.183440E+13        3.440116E+06        5.475114E+05        0.0                 0.0
      369       190        1.262447E+13        3.553092E+06        5.654922E+05        0.0                 0.0
      370       192        1.341870E+13        3.663154E+06        5.830091E+05        0.0                 0.0
      371       201        1.390049E+13        3.728336E+06        5.933831E+05        0.0                 0.0
      372       189        1.520712E+13        3.899631E+06        6.206456E+05        0.0                 0.0
      373       401        1.715446E+13        4.141794E+06        6.591871E+05        0.0                 0.0
      374       389        2.053125E+13        4.531142E+06        7.211537E+05        0.0                 0.0
      375       400        2.625541E+13        5.124004E+06        8.155104E+05        0.0                 0.0
      376       193        2.835524E+13        5.324964E+06        8.474943E+05        0.0                 0.0
      377       194        3.312412E+13        5.755356E+06        9.159932E+05        0.0                 0.0
      378       402        3.453295E+13        5.876474E+06        9.352699E+05        0.0                 0.0
      379       390        4.115334E+13        6.415088E+06        1.020993E+06        0.0                 0.0
      380       202        4.342142E+13        6.589493E+06        1.048750E+06        0.0                 0.0
      381       195        4.496199E+13        6.705370E+06        1.067193E+06        0.0                 0.0
      382       196        6.161494E+13        7.849518E+06        1.249290E+06        0.0                 0.0
      383       203        6.283506E+13        7.926856E+06        1.261598E+06        0.0                 0.0
      384       403        6.833147E+13        8.266285E+06        1.315620E+06        0.0                 0.0
      385       404        7.195606E+13        8.482692E+06        1.350062E+06        0.0                 0.0
      386       395        7.745684E+13        8.800957E+06        1.400716E+06        0.0                 0.0
      387       394        9.910437E+13        9.955118E+06        1.584406E+06        0.0                 0.0
      388       199        1.109983E+14        1.053557E+07        1.676788E+06        0.0                 0.0
      389       393        1.267490E+14        1.125828E+07        1.791812E+06        0.0                 0.0
      390       407        1.415131E+14        1.189593E+07        1.893296E+06        0.0                 0.0
      391       200        1.432301E+14        1.196788E+07        1.904747E+06        0.0                 0.0
      392       198        2.341223E+14        1.530106E+07        2.435239E+06        0.0                 0.0
      393       405        2.535749E+14        1.592404E+07        2.534389E+06        0.0                 0.0
      394       205        2.843395E+14        1.686237E+07        2.683729E+06        0.0                 0.0
      395       204        3.017063E+14        1.736970E+07        2.764473E+06        0.0                 0.0
      396       406        4.574163E+14        2.138729E+07        3.403893E+06        0.0                 0.0
      397       392        4.769823E+14        2.183992E+07        3.475932E+06        0.0                 0.0
      398       411        5.262610E+14        2.294038E+07        3.651075E+06        0.0                 0.0
      399       391        6.506559E+14        2.550796E+07        4.059718E+06        0.0                 0.0
      400       197        1.138186E+15        3.373701E+07        5.369412E+06        0.0                 0.0
1    MSC.NASTRAN JOB CREATED ON 20-FEB-15 AT 15:37:03                     SEPTEMBER  28, 2016  MSC Nastran  7/ 3/15   PAGE    19
                                                                                                                                    
0                                                                                                            SUBCASE 1              
 
                                              R E A L   E I G E N V A L U E S
   MODE    EXTRACTION      EIGENVALUE            RADIANS             CYCLES            GENERALIZED         GENERALIZED
    NO.       ORDER                                                                       MASS              STIFFNESS
      401       409        1.914995E+15        4.376066E+07        6.964724E+06        0.0                 0.0
      402       410        6.136251E+15        7.833423E+07        1.246728E+07        0.0                 0.0
      403       408        7.737674E+17        8.796404E+08        1.399991E+08        0.0                 0.0
      404       412       -2.398648E+19        4.897599E+09        7.794771E+08        0.0                 0.0
      405       413       -8.262033E+19        9.089573E+09        1.446650E+09        0.0                 0.0
      406       414       -5.765869E+20        2.401222E+10        3.821664E+09        0.0                 0.0
      407       424        3.848187E+21        6.203375E+10        9.872978E+09        0.0                 0.0
      408       415       -4.985203E+21        7.060597E+10        1.123729E+10        0.0                 0.0
      409       416        5.396692E+21        7.346218E+10        1.169187E+10        0.0                 0.0
      410       426        6.206751E+21        7.878293E+10        1.253869E+10        0.0                 0.0
      411       422        1.396813E+22        1.181868E+11        1.881002E+10        0.0                 0.0
      412       419        1.420769E+22        1.191960E+11        1.897064E+10        0.0                 0.0
      413       417        2.042788E+22        1.429262E+11        2.274740E+10        0.0                 0.0
      414       420        2.266443E+22        1.505471E+11        2.396031E+10        0.0                 0.0
      415       421       -2.405045E+22        1.550821E+11        2.468208E+10        0.0                 0.0
      416       425       -4.491628E+22        2.119346E+11        3.373044E+10        0.0                 0.0
      417       418       -1.154367E+23        3.397597E+11        5.407443E+10        0.0                 0.0
      418       206        3.280052E+23        5.727174E+11        9.115080E+10        0.0                 0.0
      419       423        3.364624E+23        5.800538E+11        9.231843E+10        0.0                 0.0
      420       213        8.097990E+23        8.998883E+11        1.432217E+11        0.0                 0.0
      421       207       -1.007590E+24        1.003788E+12        1.597578E+11        0.0                 0.0
      422       210        1.559304E+24        1.248721E+12        1.987401E+11        0.0                 0.0
      423       208        1.650164E+24        1.284587E+12        2.044484E+11        0.0                 0.0
      424       212        1.936444E+24        1.391562E+12        2.214739E+11        0.0                 0.0
      425       209        3.230700E+24        1.797415E+12        2.860675E+11        0.0                 0.0
      426       211        4.168247E+24        2.041629E+12        3.249353E+11        0.0                 0.0
1    MSC.NASTRAN JOB CREATED ON 20-FEB-15 AT 15:37:03                     SEPTEMBER  28, 2016  MSC Nastran  7/ 3/15   PAGE    20
                                                                                                                                    
0                                                                                                            SUBCASE 1              
 * * * *  D B D I C T   P R I N T  * * * *      SUBDMAP = PRTSUM  ,  DMAP STATEMENT NO.     41



0                                   * * * *  A N A L Y S I S  S U M M A R Y  T A B L E  * * * *
0 SEID  PEID PROJ VERS APRCH      SEMG SEMR SEKR SELG SELR MODES DYNRED SOLLIN PVALID SOLNL LOOPID DESIGN CYCLE SENSITIVITY
 --------------------------------------------------------------------------------------------------------------------------
     0     0    1    4 '        '    T    T    T    T    T     T      F      T      0     F     -1            0           F
0SEID = SUPERELEMENT ID.
 PEID = PRIMARY SUPERELEMENT ID OF IMAGE SUPERELEMENT.
 PROJ = PROJECT ID NUMBER.
 VERS = VERSION ID.
 APRCH = BLANK FOR STRUCTURAL ANALYSIS.  HEAT FOR HEAT TRANSFER ANALYSIS.
 SEMG = STIFFNESS AND MASS MATRIX GENERATION STEP.
 SEMR = MASS MATRIX REDUCTION STEP (INCLUDES EIGENVALUE SOLUTION FOR MODES).
 SEKR = STIFFNESS MATRIX REDUCTION STEP.
 SELG = LOAD MATRIX GENERATION STEP.
 SELR = LOAD MATRIX REDUCTION STEP. 
 MODES = T (TRUE) IF NORMAL MODES OR BUCKLING MODES CALCULATED.
 DYNRED = T (TRUE) MEANS GENERALIZED DYNAMIC AND/OR COMPONENT MODE REDUCTION PERFORMED.
 SOLLIN = T (TRUE) IF LINEAR SOLUTION EXISTS IN DATABASE.
 PVALID = P-DISTRIBUTION ID OF P-VALUE FOR P-ELEMENTS
 LOOPID = THE LAST LOOPID VALUE USED IN THE NONLINEAR ANALYSIS.  USEFUL FOR RESTARTS.
 SOLNL = T (TRUE) IF NONLINEAR SOLUTION EXISTS IN DATABASE.
 DESIGN CYCLE = THE LAST DESIGN CYCLE (ONLY VALID IN OPTIMIZATION).
 SENSITIVITY = SENSITIVITY MATRIX GENERATION FLAG.
 
 No PARAM values were set in the Control File.
 
1                                        * * * END OF JOB * * *
 
 
 No Symbolic Replacement variables or values were specified.

